
===========================================================================
 report_power
============================================================================
======================= Fastest Corner ===================================

Group                  Internal  Switching    Leakage      Total
                          Power      Power      Power      Power (Watts)
----------------------------------------------------------------
Sequential             2.38e-03   6.06e-04   2.14e-06   2.99e-03  32.1%
Combinational          2.54e-03   3.79e-03   2.73e-08   6.33e-03  67.9%
Macro                  0.00e+00   0.00e+00   0.00e+00   0.00e+00   0.0%
Pad                    0.00e+00   0.00e+00   0.00e+00   0.00e+00   0.0%
----------------------------------------------------------------
Total                  4.92e-03   4.39e-03   2.16e-06   9.32e-03 100.0%
                          52.8%      47.2%       0.0%

======================= Slowest Corner ===================================

Group                  Internal  Switching    Leakage      Total
                          Power      Power      Power      Power (Watts)
----------------------------------------------------------------
Sequential             1.59e-03   4.00e-04   9.13e-06   2.00e-03  31.4%
Combinational          1.87e-03   2.50e-03   1.47e-05   4.38e-03  68.6%
Macro                  0.00e+00   0.00e+00   0.00e+00   0.00e+00   0.0%
Pad                    0.00e+00   0.00e+00   0.00e+00   0.00e+00   0.0%
----------------------------------------------------------------
Total                  3.46e-03   2.90e-03   2.38e-05   6.38e-03 100.0%
                          54.2%      45.4%       0.4%

======================= Typical Corner ===================================

Group                  Internal  Switching    Leakage      Total
                          Power      Power      Power      Power (Watts)
----------------------------------------------------------------
Sequential             2.05e-03   5.10e-04   2.14e-06   2.57e-03  31.9%
Combinational          2.29e-03   3.20e-03   1.56e-08   5.48e-03  68.1%
Macro                  0.00e+00   0.00e+00   0.00e+00   0.00e+00   0.0%
Pad                    0.00e+00   0.00e+00   0.00e+00   0.00e+00   0.0%
----------------------------------------------------------------
Total                  4.34e-03   3.71e-03   2.15e-06   8.05e-03 100.0%
                          53.9%      46.1%       0.0%

