OpenROAD 7f6c37aa57467242807155c654deb350022d75c1 
This program is licensed under the BSD-3 license. See the LICENSE file for details.
Components of this program may be licensed under more restrictive licenses which must be honored.
[INFO]: Reading ODB at '/openlane/designs/sv_core/runs/RUN_2023.05.12_23.31.10/tmp/placement/9-resizer.odb'…
define_corners Typical
read_liberty -corner Typical /home/ubuntu/.volare/sky130A/libs.ref/sky130_fd_sc_hd/lib/sky130_fd_sc_hd__tt_025C_1v80.lib
Placement Analysis
---------------------------------
total displacement          0.0 u
average displacement        0.0 u
max displacement            0.0 u
original HPWL          127954.3 u
legalized HPWL         130756.8 u
delta HPWL                    2 %

[INFO DPL-0020] Mirrored 1405 instances
[INFO DPL-0021] HPWL before          130756.8 u
[INFO DPL-0022] HPWL after           127954.3 u
[INFO DPL-0023] HPWL delta               -2.1 %
Setting global connections for newly added cells…
Writing OpenROAD database to '/openlane/designs/sv_core/runs/RUN_2023.05.12_23.31.10/results/placement/core.odb'…
Writing netlist to '/openlane/designs/sv_core/runs/RUN_2023.05.12_23.31.10/results/placement/core.nl.v'…
Writing powered netlist to '/openlane/designs/sv_core/runs/RUN_2023.05.12_23.31.10/results/placement/core.pnl.v'…
Writing layout to '/openlane/designs/sv_core/runs/RUN_2023.05.12_23.31.10/results/placement/core.def'…
