OpenROAD 7f6c37aa57467242807155c654deb350022d75c1 
This program is licensed under the BSD-3 license. See the LICENSE file for details.
Components of this program may be licensed under more restrictive licenses which must be honored.
[INFO ODB-0222] Reading LEF file: /openlane/designs/sv_core/runs/RUN_2023.05.14_22.42.33/tmp/merged.nom.lef
[WARNING ODB-0220] WARNING (LEFPARS-2036): SOURCE statement is obsolete in version 5.6 and later.
The LEF parser will ignore this statement.
To avoid this warning in the future, remove this statement from the LEF file with version 5.6 or later. See file /openlane/designs/sv_core/runs/RUN_2023.05.14_22.42.33/tmp/merged.nom.lef at line 68353.

[INFO ODB-0223]     Created 13 technology layers
[INFO ODB-0224]     Created 25 technology vias
[INFO ODB-0225]     Created 441 library cells
[INFO ODB-0226] Finished LEF file:  /openlane/designs/sv_core/runs/RUN_2023.05.14_22.42.33/tmp/merged.nom.lef
[INFO ODB-0127] Reading DEF file: /openlane/designs/sv_core/runs/RUN_2023.05.14_22.42.33/results/routing/core.def
[INFO ODB-0128] Design: core
[INFO ODB-0130]     Created 324 pins.
[INFO ODB-0131]     Created 8557 components and 44535 component-terminals.
[INFO ODB-0132]     Created 2 special nets and 32356 connections.
[INFO ODB-0133]     Created 3570 nets and 12139 connections.
[INFO ODB-0134] Finished DEF file: /openlane/designs/sv_core/runs/RUN_2023.05.14_22.42.33/results/routing/core.def
define_corners Typical
read_liberty -corner Typical /root/.volare/sky130A/libs.ref/sky130_fd_sc_hd/lib/sky130_fd_sc_hd__tt_025C_1v80.lib
Using RCX ruleset '/root/.volare/sky130A/libs.tech/openlane/rules.openrcx.sky130A.nom.calibre'...
[INFO RCX-0431] Defined process_corner X with ext_model_index 0
[INFO RCX-0029] Defined extraction corner X
[INFO RCX-0008] extracting parasitics of core ...
[INFO RCX-0435] Reading extraction model file /root/.volare/sky130A/libs.tech/openlane/rules.openrcx.sky130A.nom.calibre ...
[INFO RCX-0436] RC segment generation core (max_merge_res 50.0) ...
[INFO RCX-0040] Final 15153 rc segments
[INFO RCX-0439] Coupling Cap extraction core ...
[INFO RCX-0440] Coupling threshhold is 0.1000 fF, coupling capacitance less than 0.1000 fF will be grounded.
[INFO RCX-0043] 30856 wires to be extracted
[INFO RCX-0442] 50% completion -- 15735 wires have been extracted
[INFO RCX-0442] 100% completion -- 30856 wires have been extracted
[INFO RCX-0045] Extract 3570 nets, 18711 rsegs, 18711 caps, 39928 ccs
[INFO RCX-0015] Finished extracting core.
Writing result to /openlane/designs/sv_core/runs/RUN_2023.05.14_22.42.33/results/routing/mca/process_corner_nom/core.spef...
Setting global connections for newly added cells…
[WARNING] Did not save OpenROAD database!
Writing extracted parasitics to '/openlane/designs/sv_core/runs/RUN_2023.05.14_22.42.33/results/routing/mca/process_corner_nom/core.spef'…
[INFO RCX-0016] Writing SPEF ...
[INFO RCX-0443] 3570 nets finished
[INFO RCX-0017] Finished writing SPEF ...
