OpenROAD 7f6c37aa57467242807155c654deb350022d75c1 
This program is licensed under the BSD-3 license. See the LICENSE file for details.
Components of this program may be licensed under more restrictive licenses which must be honored.
[INFO]: Reading ODB at '/openlane/designs/sv_core/runs/RUN_2023.05.14_22.42.33/results/routing/core.odb'…
define_corners Typical
read_liberty -corner Typical /root/.volare/sky130A/libs.ref/sky130_fd_sc_hd/lib/sky130_fd_sc_hd__tt_025C_1v80.lib
Net: _0969_
  Pin: _4026_/B1 (sky130_fd_sc_hd__a22o_1)
    Layer: met4
      Partial area ratio:   31.27
      Required ratio:    0.00 (Gate area) 
      Partial area ratio:  170.67
      Required ratio: 3193.60 (Side area) 
      Cumulative area ratio:  166.17
      Required ratio:    0.00 (Cumulative area) 
      Cumulative area ratio:  896.04
      Required ratio:    0.00 (Cumulative side area) 

    Layer: met3
      Partial area ratio:    1.90
      Required ratio:    0.00 (Gate area) 
      Partial area ratio:   12.06
      Required ratio:  400.00 (Side area) 
      Cumulative area ratio:    5.09
      Required ratio:    0.00 (Cumulative area) 
      Cumulative area ratio:   29.20
      Required ratio:    0.00 (Cumulative side area) 

    Layer: met2
      Partial area ratio:    2.85
      Required ratio:    0.00 (Gate area) 
      Partial area ratio:   15.05
      Required ratio:  400.00 (Side area) 
      Cumulative area ratio:    3.19
      Required ratio:    0.00 (Cumulative area) 
      Cumulative area ratio:   17.14
      Required ratio:    0.00 (Cumulative side area) 

    Layer: met1
      Partial area ratio:    0.34
      Required ratio:    0.00 (Gate area) 
      Partial area ratio:    2.09
      Required ratio:  400.00 (Side area) 
      Cumulative area ratio:    0.34
      Required ratio:    0.00 (Cumulative area) 
      Cumulative area ratio:    2.09
      Required ratio:    0.00 (Cumulative side area) 

    Layer: li1
      Partial area ratio:    0.00
      Required ratio:    0.00 (Gate area) 
      Partial area ratio:    0.00
      Required ratio:   75.00 (Side area) 
      Cumulative area ratio:    0.00
      Required ratio:    0.00 (Cumulative area) 
      Cumulative area ratio:    0.00
      Required ratio:    0.00 (Cumulative side area) 

    Via: M3M4_PR
      Partial area ratio:    0.08
      Required ratio:    6.00 (Gate area) 
      Cumulative area ratio:    0.61
      Required ratio:    0.00 (Cumulative area) 

    Via: M2M3_PR
      Partial area ratio:    0.32
      Required ratio:    6.00 (Gate area) 
      Cumulative area ratio:    0.53
      Required ratio:    0.00 (Cumulative area) 

    Via: M1M2_PR
      Partial area ratio:    0.09
      Required ratio:    6.00 (Gate area) 
      Cumulative area ratio:    0.21
      Required ratio:    0.00 (Cumulative area) 

    Via: L1M1_PR
      Partial area ratio:    0.12
      Required ratio:    3.00 (Gate area) 
      Cumulative area ratio:    0.12
      Required ratio:    0.00 (Cumulative area) 

  Pin: _4031_/B (sky130_fd_sc_hd__nor2_1)
    Layer: met4
      Partial area ratio:   31.27
      Required ratio:    0.00 (Gate area) 
      Partial area ratio:  170.67
      Required ratio: 3193.60 (Side area) 
      Cumulative area ratio:  167.11
      Required ratio:    0.00 (Cumulative area) 
      Cumulative area ratio:  901.16
      Required ratio:    0.00 (Cumulative side area) 

    Layer: met3
      Partial area ratio:    1.90
      Required ratio:    0.00 (Gate area) 
      Partial area ratio:   12.06
      Required ratio:  400.00 (Side area) 
      Cumulative area ratio:    6.03
      Required ratio:    0.00 (Cumulative area) 
      Cumulative area ratio:   34.32
      Required ratio:    0.00 (Cumulative side area) 

    Layer: met2
      Partial area ratio:    0.94
      Required ratio:    0.00 (Gate area) 
      Partial area ratio:    5.12
      Required ratio:  400.00 (Side area) 
      Cumulative area ratio:    1.28
      Required ratio:    0.00 (Cumulative area) 
      Cumulative area ratio:    7.21
      Required ratio:    0.00 (Cumulative side area) 

    Layer: met1
      Partial area ratio:    0.34
      Required ratio:    0.00 (Gate area) 
      Partial area ratio:    2.09
      Required ratio:  400.00 (Side area) 
      Cumulative area ratio:    0.34
      Required ratio:    0.00 (Cumulative area) 
      Cumulative area ratio:    2.09
      Required ratio:    0.00 (Cumulative side area) 

    Layer: li1
      Partial area ratio:    0.00
      Required ratio:    0.00 (Gate area) 
      Partial area ratio:    0.00
      Required ratio:   75.00 (Side area) 
      Cumulative area ratio:    0.00
      Required ratio:    0.00 (Cumulative area) 
      Cumulative area ratio:    0.00
      Required ratio:    0.00 (Cumulative side area) 

    Via: M3M4_PR
      Partial area ratio:    0.08
      Required ratio:    6.00 (Gate area) 
      Cumulative area ratio:    0.77
      Required ratio:    0.00 (Cumulative area) 

    Via: M2M3_PR
      Partial area ratio:    0.16
      Required ratio:    6.00 (Gate area) 
      Cumulative area ratio:    0.37
      Required ratio:    0.00 (Cumulative area) 

    Via: M1M2_PR
      Partial area ratio:    0.09
      Required ratio:    6.00 (Gate area) 
      Cumulative area ratio:    0.21
      Required ratio:    0.00 (Cumulative area) 

    Via: L1M1_PR
      Partial area ratio:    0.12
      Required ratio:    3.00 (Gate area) 
      Cumulative area ratio:    0.12
      Required ratio:    0.00 (Cumulative area) 

  Pin: _3059_/A2 (sky130_fd_sc_hd__a21o_1)
    Layer: met4
      Partial area ratio:   31.27
      Required ratio:    0.00 (Gate area) 
      Partial area ratio:  170.67
      Required ratio: 3193.60 (Side area) 
      Cumulative area ratio:  162.03
      Required ratio:    0.00 (Cumulative area) 
      Cumulative area ratio:  871.96
      Required ratio:    0.00 (Cumulative side area) 

    Layer: met3
      Partial area ratio:  129.81
      Required ratio:    0.00 (Gate area) 
      Partial area ratio:  696.18
      Required ratio:  400.00 (Side area) (VIOLATED)
      Cumulative area ratio:  130.75
      Required ratio:    0.00 (Cumulative area) 
      Cumulative area ratio:  701.30
      Required ratio:    0.00 (Cumulative side area) 

    Layer: met2
      Partial area ratio:    0.94
      Required ratio:    0.00 (Gate area) 
      Partial area ratio:    5.12
      Required ratio:  400.00 (Side area) 
      Cumulative area ratio:    0.94
      Required ratio:    0.00 (Cumulative area) 
      Cumulative area ratio:    5.12
      Required ratio:    0.00 (Cumulative side area) 

    Layer: met1
      Partial area ratio:    0.00
      Required ratio:    0.00 (Gate area) 
      Partial area ratio:    0.00
      Required ratio:  400.00 (Side area) 
      Cumulative area ratio:    0.00
      Required ratio:    0.00 (Cumulative area) 
      Cumulative area ratio:    0.00
      Required ratio:    0.00 (Cumulative side area) 

    Layer: li1
      Partial area ratio:    0.00
      Required ratio:    0.00 (Gate area) 
      Partial area ratio:    0.00
      Required ratio:   75.00 (Side area) 
      Cumulative area ratio:    0.00
      Required ratio:    0.00 (Cumulative area) 
      Cumulative area ratio:    0.00
      Required ratio:    0.00 (Cumulative side area) 

    Via: M3M4_PR
      Partial area ratio:    0.32
      Required ratio:    6.00 (Gate area) 
      Cumulative area ratio:    0.69
      Required ratio:    0.00 (Cumulative area) 

    Via: M2M3_PR
      Partial area ratio:    0.16
      Required ratio:    6.00 (Gate area) 
      Cumulative area ratio:    0.37
      Required ratio:    0.00 (Cumulative area) 

    Via: M1M2_PR
      Partial area ratio:    0.09
      Required ratio:    6.00 (Gate area) 
      Cumulative area ratio:    0.21
      Required ratio:    0.00 (Cumulative area) 

    Via: L1M1_PR
      Partial area ratio:    0.12
      Required ratio:    3.00 (Gate area) 
      Cumulative area ratio:    0.12
      Required ratio:    0.00 (Cumulative area) 

  Pin: _3921_/A1 (sky130_fd_sc_hd__mux2_1)
    Layer: met4
      Partial area ratio:   31.27
      Required ratio:    0.00 (Gate area) 
      Partial area ratio:  170.67
      Required ratio: 3193.60 (Side area) 
      Cumulative area ratio:   37.64
      Required ratio:    0.00 (Cumulative area) 
      Cumulative area ratio:  208.96
      Required ratio:    0.00 (Cumulative side area) 

    Layer: met3
      Partial area ratio:    5.64
      Required ratio:    0.00 (Gate area) 
      Partial area ratio:   33.90
      Required ratio:  400.00 (Side area) 
      Cumulative area ratio:    6.37
      Required ratio:    0.00 (Cumulative area) 
      Cumulative area ratio:   38.29
      Required ratio:    0.00 (Cumulative side area) 

    Layer: met2
      Partial area ratio:    0.72
      Required ratio:    0.00 (Gate area) 
      Partial area ratio:    4.39
      Required ratio:  400.00 (Side area) 
      Cumulative area ratio:    0.72
      Required ratio:    0.00 (Cumulative area) 
      Cumulative area ratio:    4.39
      Required ratio:    0.00 (Cumulative side area) 

    Layer: met1
      Partial area ratio:    0.00
      Required ratio:    0.00 (Gate area) 
      Partial area ratio:    0.00
      Required ratio:  400.00 (Side area) 
      Cumulative area ratio:    0.00
      Required ratio:    0.00 (Cumulative area) 
      Cumulative area ratio:    0.00
      Required ratio:    0.00 (Cumulative side area) 

    Layer: li1
      Partial area ratio:    0.00
      Required ratio:    0.00 (Gate area) 
      Partial area ratio:    0.00
      Required ratio:   75.00 (Side area) 
      Cumulative area ratio:    0.00
      Required ratio:    0.00 (Cumulative area) 
      Cumulative area ratio:    0.00
      Required ratio:    0.00 (Cumulative side area) 

    Via: M3M4_PR
      Partial area ratio:    0.32
      Required ratio:    6.00 (Gate area) 
      Cumulative area ratio:    1.04
      Required ratio:    0.00 (Cumulative area) 

    Via: M2M3_PR
      Partial area ratio:    0.32
      Required ratio:    6.00 (Gate area) 
      Cumulative area ratio:    0.73
      Required ratio:    0.00 (Cumulative area) 

    Via: M1M2_PR
      Partial area ratio:    0.18
      Required ratio:    6.00 (Gate area) 
      Cumulative area ratio:    0.41
      Required ratio:    0.00 (Cumulative area) 

    Via: L1M1_PR
      Partial area ratio:    0.23
      Required ratio:    3.00 (Gate area) 
      Cumulative area ratio:    0.23
      Required ratio:    0.00 (Cumulative area) 


Net: net37
  Pin: _4310_/B2 (sky130_fd_sc_hd__a22o_1)
    Layer: met4
      Partial area ratio:   22.99
      Required ratio:    0.00 (Gate area) 
      Partial area ratio:  123.73
      Required ratio: 2918.08 (Side area) 
      Cumulative area ratio:   48.44
      Required ratio:    0.00 (Cumulative area) 
      Cumulative area ratio:  260.05
      Required ratio:    0.00 (Cumulative side area) 

    Layer: met3
      Partial area ratio:   17.93
      Required ratio:    0.00 (Gate area) 
      Partial area ratio:   97.55
      Required ratio:  400.00 (Side area) 
      Cumulative area ratio:   25.44
      Required ratio:    0.00 (Cumulative area) 
      Cumulative area ratio:  136.33
      Required ratio:    0.00 (Cumulative side area) 

    Layer: met2
      Partial area ratio:    7.52
      Required ratio:    0.00 (Gate area) 
      Partial area ratio:   38.78
      Required ratio:  400.00 (Side area) 
      Cumulative area ratio:    7.52
      Required ratio:    0.00 (Cumulative area) 
      Cumulative area ratio:   38.78
      Required ratio:    0.00 (Cumulative side area) 

    Layer: met1
      Partial area ratio:    0.00
      Required ratio:    0.00 (Gate area) 
      Partial area ratio:    0.00
      Required ratio:  400.00 (Side area) 
      Cumulative area ratio:    0.00
      Required ratio:    0.00 (Cumulative area) 
      Cumulative area ratio:    0.00
      Required ratio:    0.00 (Cumulative side area) 

    Layer: li1
      Partial area ratio:    0.00
      Required ratio:    0.00 (Gate area) 
      Partial area ratio:    0.00
      Required ratio:   75.00 (Side area) 
      Cumulative area ratio:    0.00
      Required ratio:    0.00 (Cumulative area) 
      Cumulative area ratio:    0.00
      Required ratio:    0.00 (Cumulative side area) 

    Via: M3M4_PR
      Partial area ratio:    0.16
      Required ratio:    6.00 (Gate area) 
      Cumulative area ratio:    0.53
      Required ratio:    0.00 (Cumulative area) 

    Via: M2M3_PR
      Partial area ratio:    0.16
      Required ratio:    6.00 (Gate area) 
      Cumulative area ratio:    0.37
      Required ratio:    0.00 (Cumulative area) 

    Via: M1M2_PR
      Partial area ratio:    0.09
      Required ratio:    6.00 (Gate area) 
      Cumulative area ratio:    0.21
      Required ratio:    0.00 (Cumulative area) 

    Via: L1M1_PR
      Partial area ratio:    0.12
      Required ratio:    3.00 (Gate area) 
      Cumulative area ratio:    0.12
      Required ratio:    0.00 (Cumulative area) 

  Pin: _4258_/A0 (sky130_fd_sc_hd__mux2_1)
    Layer: met4
      Partial area ratio:   22.99
      Required ratio:    0.00 (Gate area) 
      Partial area ratio:  123.73
      Required ratio: 2918.08 (Side area) 
      Cumulative area ratio:  171.39
      Required ratio:    0.00 (Cumulative area) 
      Cumulative area ratio:  941.89
      Required ratio:    0.00 (Cumulative side area) 

    Layer: met3
      Partial area ratio:  146.17
      Required ratio:    0.00 (Gate area) 
      Partial area ratio:  806.22
      Required ratio:  400.00 (Side area) (VIOLATED)
      Cumulative area ratio:  148.40
      Required ratio:    0.00 (Cumulative area) 
      Cumulative area ratio:  818.17
      Required ratio:    0.00 (Cumulative side area) 

    Layer: met2
      Partial area ratio:    2.23
      Required ratio:    0.00 (Gate area) 
      Partial area ratio:   11.94
      Required ratio:  400.00 (Side area) 
      Cumulative area ratio:    2.23
      Required ratio:    0.00 (Cumulative area) 
      Cumulative area ratio:   11.94
      Required ratio:    0.00 (Cumulative side area) 

    Layer: met1
      Partial area ratio:    0.00
      Required ratio:    0.00 (Gate area) 
      Partial area ratio:    0.00
      Required ratio:  400.00 (Side area) 
      Cumulative area ratio:    0.00
      Required ratio:    0.00 (Cumulative area) 
      Cumulative area ratio:    0.00
      Required ratio:    0.00 (Cumulative side area) 

    Layer: li1
      Partial area ratio:    0.00
      Required ratio:    0.00 (Gate area) 
      Partial area ratio:    0.00
      Required ratio:   75.00 (Side area) 
      Cumulative area ratio:    0.00
      Required ratio:    0.00 (Cumulative area) 
      Cumulative area ratio:    0.00
      Required ratio:    0.00 (Cumulative side area) 

    Via: M3M4_PR
      Partial area ratio:    0.32
      Required ratio:    6.00 (Gate area) 
      Cumulative area ratio:    1.04
      Required ratio:    0.00 (Cumulative area) 

    Via: M2M3_PR
      Partial area ratio:    0.32
      Required ratio:    6.00 (Gate area) 
      Cumulative area ratio:    0.73
      Required ratio:    0.00 (Cumulative area) 

    Via: M1M2_PR
      Partial area ratio:    0.18
      Required ratio:    6.00 (Gate area) 
      Cumulative area ratio:    0.41
      Required ratio:    0.00 (Cumulative area) 

    Via: L1M1_PR
      Partial area ratio:    0.23
      Required ratio:    3.00 (Gate area) 
      Cumulative area ratio:    0.23
      Required ratio:    0.00 (Cumulative area) 

  Pin: _4305_/A1 (sky130_fd_sc_hd__a31o_1)
    Layer: met3
      Partial area ratio:   54.15
      Required ratio:    0.00 (Gate area) 
      Partial area ratio:  293.66
      Required ratio: 2918.08 (Side area) 
      Cumulative area ratio:   59.36
      Required ratio:    0.00 (Cumulative area) 
      Cumulative area ratio:  320.88
      Required ratio:    0.00 (Cumulative side area) 

    Layer: met4
      Partial area ratio:   22.99
      Required ratio:    0.00 (Gate area) 
      Partial area ratio:  123.73
      Required ratio: 2918.08 (Side area) 
      Cumulative area ratio:   82.35
      Required ratio:    0.00 (Cumulative area) 
      Cumulative area ratio:  444.60
      Required ratio:    0.00 (Cumulative side area) 

    Layer: met2
      Partial area ratio:    1.47
      Required ratio:    0.00 (Gate area) 
      Partial area ratio:    7.76
      Required ratio:  400.00 (Side area) 
      Cumulative area ratio:    5.21
      Required ratio:    0.00 (Cumulative area) 
      Cumulative area ratio:   27.22
      Required ratio:    0.00 (Cumulative side area) 

    Layer: met1
      Partial area ratio:    3.73
      Required ratio:    0.00 (Gate area) 
      Partial area ratio:   19.46
      Required ratio:  400.00 (Side area) 
      Cumulative area ratio:    3.73
      Required ratio:    0.00 (Cumulative area) 
      Cumulative area ratio:   19.46
      Required ratio:    0.00 (Cumulative side area) 

    Layer: li1
      Partial area ratio:    0.00
      Required ratio:    0.00 (Gate area) 
      Partial area ratio:    0.00
      Required ratio:   75.00 (Side area) 
      Cumulative area ratio:    0.00
      Required ratio:    0.00 (Cumulative area) 
      Cumulative area ratio:    0.00
      Required ratio:    0.00 (Cumulative side area) 

    Via: M3M4_PR
      Partial area ratio:    0.08
      Required ratio:    6.00 (Gate area) 
      Cumulative area ratio:    0.37
      Required ratio:    0.00 (Cumulative area) 

    Via: M2M3_PR
      Partial area ratio:    0.08
      Required ratio:    6.00 (Gate area) 
      Cumulative area ratio:    0.29
      Required ratio:    0.00 (Cumulative area) 

    Via: M1M2_PR
      Partial area ratio:    0.09
      Required ratio:    6.00 (Gate area) 
      Cumulative area ratio:    0.21
      Required ratio:    0.00 (Cumulative area) 

    Via: L1M1_PR
      Partial area ratio:    0.12
      Required ratio:    3.00 (Gate area) 
      Cumulative area ratio:    0.12
      Required ratio:    0.00 (Cumulative area) 

  Pin: _4298_/A1 (sky130_fd_sc_hd__a211o_1)
    Layer: met3
      Partial area ratio:   54.15
      Required ratio:    0.00 (Gate area) 
      Partial area ratio:  293.66
      Required ratio: 2918.08 (Side area) 
      Cumulative area ratio:   55.63
      Required ratio:    0.00 (Cumulative area) 
      Cumulative area ratio:  301.42
      Required ratio:    0.00 (Cumulative side area) 

    Layer: met4
      Partial area ratio:   22.99
      Required ratio:    0.00 (Gate area) 
      Partial area ratio:  123.73
      Required ratio: 2918.08 (Side area) 
      Cumulative area ratio:   78.62
      Required ratio:    0.00 (Cumulative area) 
      Cumulative area ratio:  425.15
      Required ratio:    0.00 (Cumulative side area) 

    Layer: met2
      Partial area ratio:    1.47
      Required ratio:    0.00 (Gate area) 
      Partial area ratio:    7.76
      Required ratio:  400.00 (Side area) 
      Cumulative area ratio:    1.47
      Required ratio:    0.00 (Cumulative area) 
      Cumulative area ratio:    7.76
      Required ratio:    0.00 (Cumulative side area) 

    Layer: met1
      Partial area ratio:    0.00
      Required ratio:    0.00 (Gate area) 
      Partial area ratio:    0.00
      Required ratio:  400.00 (Side area) 
      Cumulative area ratio:    0.00
      Required ratio:    0.00 (Cumulative area) 
      Cumulative area ratio:    0.00
      Required ratio:    0.00 (Cumulative side area) 

    Layer: li1
      Partial area ratio:    0.00
      Required ratio:    0.00 (Gate area) 
      Partial area ratio:    0.00
      Required ratio:   75.00 (Side area) 
      Cumulative area ratio:    0.00
      Required ratio:    0.00 (Cumulative area) 
      Cumulative area ratio:    0.00
      Required ratio:    0.00 (Cumulative side area) 

    Via: M3M4_PR
      Partial area ratio:    0.08
      Required ratio:    6.00 (Gate area) 
      Cumulative area ratio:    0.37
      Required ratio:    0.00 (Cumulative area) 

    Via: M2M3_PR
      Partial area ratio:    0.08
      Required ratio:    6.00 (Gate area) 
      Cumulative area ratio:    0.29
      Required ratio:    0.00 (Cumulative area) 

    Via: M1M2_PR
      Partial area ratio:    0.09
      Required ratio:    6.00 (Gate area) 
      Cumulative area ratio:    0.21
      Required ratio:    0.00 (Cumulative area) 

    Via: L1M1_PR
      Partial area ratio:    0.12
      Required ratio:    3.00 (Gate area) 
      Cumulative area ratio:    0.12
      Required ratio:    0.00 (Cumulative area) 


[INFO ANT-0002] Found 2 net violations.
[INFO ANT-0001] Found 2 pin violations.
