
===========================================================================
report_checks -unconstrained
===========================================================================
======================= Fastest Corner ===================================

Startpoint: rst_ni (input port clocked by clk_i)
Endpoint: _5033_ (recovery check against rising-edge clock clk_i)
Path Group: asynchronous
Path Type: max
Corner: Fastest

Fanout     Cap    Slew   Delay    Time   Description
-----------------------------------------------------------------------------
                          0.00    0.00   clock clk_i (rise edge)
                          0.00    0.00   clock network delay (propagated)
                          2.40    2.40 ^ input external delay
                  0.04    0.03    2.43 ^ rst_ni (in)
     1    0.01                           rst_ni (net)
                  0.04    0.00    2.43 ^ input131/A (sky130_fd_sc_hd__buf_12)
                  0.17    0.16    2.59 ^ input131/X (sky130_fd_sc_hd__buf_12)
    13    0.19                           net131 (net)
                  0.17    0.01    2.60 ^ fanout297/A (sky130_fd_sc_hd__buf_6)
                  0.15    0.17    2.77 ^ fanout297/X (sky130_fd_sc_hd__buf_6)
    15    0.10                           net297 (net)
                  0.15    0.00    2.77 ^ fanout296/A (sky130_fd_sc_hd__buf_8)
                  0.13    0.15    2.92 ^ fanout296/X (sky130_fd_sc_hd__buf_8)
    18    0.11                           net296 (net)
                  0.14    0.01    2.94 ^ fanout294/A (sky130_fd_sc_hd__buf_12)
                  0.14    0.16    3.10 ^ fanout294/X (sky130_fd_sc_hd__buf_12)
    29    0.15                           net294 (net)
                  0.14    0.00    3.10 ^ fanout293/A (sky130_fd_sc_hd__buf_12)
                  0.14    0.16    3.26 ^ fanout293/X (sky130_fd_sc_hd__buf_12)
    30    0.15                           net293 (net)
                  0.14    0.01    3.27 ^ _5033_/RESET_B (sky130_fd_sc_hd__dfrtp_4)
                                  3.27   data arrival time

                         12.00   12.00   clock clk_i (rise edge)
                          0.00   12.00   clock source latency
                  0.22    0.15   12.15 ^ clk_i (in)
     1    0.06                           clk_i (net)
                  0.22    0.00   12.15 ^ clkbuf_0_clk_i/A (sky130_fd_sc_hd__clkbuf_16)
                  0.09    0.16   12.31 ^ clkbuf_0_clk_i/X (sky130_fd_sc_hd__clkbuf_16)
     4    0.10                           clknet_0_clk_i (net)
                  0.09    0.00   12.31 ^ clkbuf_2_2__f_clk_i/A (sky130_fd_sc_hd__clkbuf_16)
                  0.08    0.13   12.44 ^ clkbuf_2_2__f_clk_i/X (sky130_fd_sc_hd__clkbuf_16)
     7    0.09                           clknet_2_2__leaf_clk_i (net)
                  0.08    0.00   12.45 ^ clkbuf_leaf_7_clk_i/A (sky130_fd_sc_hd__clkbuf_16)
                  0.05    0.11   12.56 ^ clkbuf_leaf_7_clk_i/X (sky130_fd_sc_hd__clkbuf_16)
    17    0.05                           clknet_leaf_7_clk_i (net)
                  0.05    0.00   12.56 ^ _5033_/CLK (sky130_fd_sc_hd__dfrtp_4)
                         -0.25   12.31   clock uncertainty
                          0.00   12.31   clock reconvergence pessimism
                          0.10   12.41   library recovery time
                                 12.41   data required time
-----------------------------------------------------------------------------
                                 12.41   data required time
                                 -3.27   data arrival time
-----------------------------------------------------------------------------
                                  9.14   slack (MET)


Startpoint: _5200_ (rising edge-triggered flip-flop clocked by clk_i)
Endpoint: dmem_be_o[2] (output port clocked by clk_i)
Path Group: clk_i
Path Type: max
Corner: Fastest

Fanout     Cap    Slew   Delay    Time   Description
-----------------------------------------------------------------------------
                          0.00    0.00   clock clk_i (rise edge)
                          0.00    0.00   clock source latency
                  0.22    0.16    0.16 ^ clk_i (in)
     1    0.06                           clk_i (net)
                  0.22    0.00    0.16 ^ clkbuf_0_clk_i/A (sky130_fd_sc_hd__clkbuf_16)
                  0.09    0.17    0.34 ^ clkbuf_0_clk_i/X (sky130_fd_sc_hd__clkbuf_16)
     4    0.10                           clknet_0_clk_i (net)
                  0.09    0.01    0.34 ^ clkbuf_2_0__f_clk_i/A (sky130_fd_sc_hd__clkbuf_16)
                  0.12    0.18    0.52 ^ clkbuf_2_0__f_clk_i/X (sky130_fd_sc_hd__clkbuf_16)
    10    0.14                           clknet_2_0__leaf_clk_i (net)
                  0.12    0.00    0.53 ^ clkbuf_leaf_26_clk_i/A (sky130_fd_sc_hd__clkbuf_16)
                  0.06    0.14    0.67 ^ clkbuf_leaf_26_clk_i/X (sky130_fd_sc_hd__clkbuf_16)
    20    0.07                           clknet_leaf_26_clk_i (net)
                  0.06    0.00    0.67 ^ _5200_/CLK (sky130_fd_sc_hd__dfrtp_4)
                  0.08    0.37    1.04 v _5200_/Q (sky130_fd_sc_hd__dfrtp_4)
     4    0.05                           net279 (net)
                  0.08    0.00    1.04 v _2347_/B (sky130_fd_sc_hd__xor2_2)
                  0.06    0.13    1.17 v _2347_/X (sky130_fd_sc_hd__xor2_2)
     2    0.01                           _2337_ (net)
                  0.06    0.00    1.17 v _2351_/A (sky130_fd_sc_hd__nor4b_4)
                  0.94    0.81    1.98 ^ _2351_/Y (sky130_fd_sc_hd__nor4b_4)
    28    0.10                           _2341_ (net)
                  0.94    0.01    1.99 ^ _2575_/A2 (sky130_fd_sc_hd__a21o_1)
                  0.08    0.10    2.09 ^ _2575_/X (sky130_fd_sc_hd__a21o_1)
     1    0.01                           _0515_ (net)
                  0.08    0.00    2.09 ^ _2580_/A2 (sky130_fd_sc_hd__a31oi_4)
                  0.15    0.14    2.23 v _2580_/Y (sky130_fd_sc_hd__a31oi_4)
     8    0.06                           _0519_ (net)
                  0.15    0.01    2.23 v _2586_/A2 (sky130_fd_sc_hd__a21oi_4)
                  0.62    0.54    2.77 ^ _2586_/Y (sky130_fd_sc_hd__a21oi_4)
    25    0.12                           _0525_ (net)
                  0.62    0.00    2.78 ^ _2978_/A (sky130_fd_sc_hd__and2_1)
                  0.06    0.12    2.89 ^ _2978_/X (sky130_fd_sc_hd__and2_1)
     1    0.01                           _0890_ (net)
                  0.06    0.00    2.89 ^ _2980_/A (sky130_fd_sc_hd__nor2_2)
                  0.06    0.04    2.94 v _2980_/Y (sky130_fd_sc_hd__nor2_2)
     5    0.02                           _0892_ (net)
                  0.06    0.00    2.94 v _2984_/A3 (sky130_fd_sc_hd__o311a_1)
                  0.06    0.22    3.16 v _2984_/X (sky130_fd_sc_hd__o311a_1)
     3    0.01                           _0896_ (net)
                  0.06    0.00    3.16 v _2985_/D (sky130_fd_sc_hd__or4_1)
                  0.09    0.29    3.44 v _2985_/X (sky130_fd_sc_hd__or4_1)
     3    0.01                           _0897_ (net)
                  0.09    0.00    3.44 v _3026_/A1 (sky130_fd_sc_hd__a21oi_1)
                  0.22    0.22    3.66 ^ _3026_/Y (sky130_fd_sc_hd__a21oi_1)
     2    0.01                           _0938_ (net)
                  0.22    0.00    3.66 ^ _3046_/A2 (sky130_fd_sc_hd__a21oi_2)
                  0.09    0.10    3.77 v _3046_/Y (sky130_fd_sc_hd__a21oi_2)
     5    0.03                           _0958_ (net)
                  0.09    0.00    3.77 v _3091_/A1 (sky130_fd_sc_hd__o21ai_2)
                  0.15    0.17    3.94 ^ _3091_/Y (sky130_fd_sc_hd__o21ai_2)
     4    0.01                           _1003_ (net)
                  0.15    0.00    3.94 ^ _3092_/D_N (sky130_fd_sc_hd__or4bb_2)
                  0.10    0.36    4.30 v _3092_/X (sky130_fd_sc_hd__or4bb_2)
     3    0.02                           _1004_ (net)
                  0.10    0.00    4.31 v _3105_/A1 (sky130_fd_sc_hd__a211o_1)
                  0.06    0.21    4.52 v _3105_/X (sky130_fd_sc_hd__a211o_1)
     3    0.01                           _1017_ (net)
                  0.06    0.00    4.52 v _3114_/A2 (sky130_fd_sc_hd__a21o_1)
                  0.05    0.15    4.67 v _3114_/X (sky130_fd_sc_hd__a21o_1)
     3    0.01                           _1026_ (net)
                  0.05    0.00    4.67 v _3124_/A1 (sky130_fd_sc_hd__a21o_1)
                  0.04    0.12    4.79 v _3124_/X (sky130_fd_sc_hd__a21o_1)
     2    0.01                           _1036_ (net)
                  0.04    0.00    4.79 v _3192_/A2 (sky130_fd_sc_hd__a31o_1)
                  0.03    0.14    4.93 v _3192_/X (sky130_fd_sc_hd__a31o_1)
     1    0.00                           _1104_ (net)
                  0.03    0.00    4.93 v _3193_/A (sky130_fd_sc_hd__buf_4)
                  0.09    0.16    5.08 v _3193_/X (sky130_fd_sc_hd__buf_4)
    10    0.09                           i_exec_stage.alu_out[0] (net)
                  0.09    0.00    5.09 v _3202_/D (sky130_fd_sc_hd__or4_1)
                  0.06    0.26    5.35 v _3202_/X (sky130_fd_sc_hd__or4_1)
     2    0.01                           _1111_ (net)
                  0.06    0.00    5.35 v _3203_/A2 (sky130_fd_sc_hd__a21oi_1)
                  0.10    0.13    5.48 ^ _3203_/Y (sky130_fd_sc_hd__a21oi_1)
     1    0.00                           net164 (net)
                  0.10    0.00    5.48 ^ output164/A (sky130_fd_sc_hd__clkbuf_4)
                  0.09    0.16    5.63 ^ output164/X (sky130_fd_sc_hd__clkbuf_4)
     1    0.04                           dmem_be_o[2] (net)
                  0.09    0.00    5.63 ^ dmem_be_o[2] (out)
                                  5.63   data arrival time

                         12.00   12.00   clock clk_i (rise edge)
                          0.00   12.00   clock network delay (propagated)
                         -0.25   11.75   clock uncertainty
                          0.00   11.75   clock reconvergence pessimism
                         -2.40    9.35   output external delay
                                  9.35   data required time
-----------------------------------------------------------------------------
                                  9.35   data required time
                                 -5.63   data arrival time
-----------------------------------------------------------------------------
                                  3.72   slack (MET)



======================= Slowest Corner ===================================

Startpoint: rst_ni (input port clocked by clk_i)
Endpoint: _5033_ (recovery check against rising-edge clock clk_i)
Path Group: asynchronous
Path Type: max
Corner: Slowest

Fanout     Cap    Slew   Delay    Time   Description
-----------------------------------------------------------------------------
                          0.00    0.00   clock clk_i (rise edge)
                          0.00    0.00   clock network delay (propagated)
                          2.40    2.40 ^ input external delay
                  0.08    0.06    2.46 ^ rst_ni (in)
     1    0.01                           rst_ni (net)
                  0.08    0.00    2.46 ^ input131/A (sky130_fd_sc_hd__buf_12)
                  0.34    0.39    2.85 ^ input131/X (sky130_fd_sc_hd__buf_12)
    13    0.19                           net131 (net)
                  0.34    0.01    2.86 ^ fanout297/A (sky130_fd_sc_hd__buf_6)
                  0.31    0.48    3.34 ^ fanout297/X (sky130_fd_sc_hd__buf_6)
    15    0.10                           net297 (net)
                  0.31    0.00    3.34 ^ fanout296/A (sky130_fd_sc_hd__buf_8)
                  0.26    0.43    3.77 ^ fanout296/X (sky130_fd_sc_hd__buf_8)
    18    0.10                           net296 (net)
                  0.26    0.01    3.79 ^ fanout294/A (sky130_fd_sc_hd__buf_12)
                  0.26    0.42    4.21 ^ fanout294/X (sky130_fd_sc_hd__buf_12)
    29    0.14                           net294 (net)
                  0.26    0.00    4.21 ^ fanout293/A (sky130_fd_sc_hd__buf_12)
                  0.26    0.42    4.64 ^ fanout293/X (sky130_fd_sc_hd__buf_12)
    30    0.14                           net293 (net)
                  0.26    0.01    4.65 ^ _5033_/RESET_B (sky130_fd_sc_hd__dfrtp_4)
                                  4.65   data arrival time

                         12.00   12.00   clock clk_i (rise edge)
                          0.00   12.00   clock source latency
                  0.46    0.31   12.31 ^ clk_i (in)
     1    0.06                           clk_i (net)
                  0.46    0.00   12.31 ^ clkbuf_0_clk_i/A (sky130_fd_sc_hd__clkbuf_16)
                  0.18    0.46   12.77 ^ clkbuf_0_clk_i/X (sky130_fd_sc_hd__clkbuf_16)
     4    0.10                           clknet_0_clk_i (net)
                  0.18    0.00   12.77 ^ clkbuf_2_2__f_clk_i/A (sky130_fd_sc_hd__clkbuf_16)
                  0.16    0.33   13.11 ^ clkbuf_2_2__f_clk_i/X (sky130_fd_sc_hd__clkbuf_16)
     7    0.09                           clknet_2_2__leaf_clk_i (net)
                  0.16    0.00   13.11 ^ clkbuf_leaf_7_clk_i/A (sky130_fd_sc_hd__clkbuf_16)
                  0.11    0.29   13.39 ^ clkbuf_leaf_7_clk_i/X (sky130_fd_sc_hd__clkbuf_16)
    17    0.05                           clknet_leaf_7_clk_i (net)
                  0.11    0.00   13.40 ^ _5033_/CLK (sky130_fd_sc_hd__dfrtp_4)
                         -0.25   13.15   clock uncertainty
                          0.00   13.15   clock reconvergence pessimism
                          0.37   13.51   library recovery time
                                 13.51   data required time
-----------------------------------------------------------------------------
                                 13.51   data required time
                                 -4.65   data arrival time
-----------------------------------------------------------------------------
                                  8.86   slack (MET)


Startpoint: _5200_ (rising edge-triggered flip-flop clocked by clk_i)
Endpoint: dmem_be_o[2] (output port clocked by clk_i)
Path Group: clk_i
Path Type: max
Corner: Slowest

Fanout     Cap    Slew   Delay    Time   Description
-----------------------------------------------------------------------------
                          0.00    0.00   clock clk_i (rise edge)
                          0.00    0.00   clock source latency
                  0.46    0.34    0.34 ^ clk_i (in)
     1    0.06                           clk_i (net)
                  0.46    0.00    0.34 ^ clkbuf_0_clk_i/A (sky130_fd_sc_hd__clkbuf_16)
                  0.18    0.51    0.85 ^ clkbuf_0_clk_i/X (sky130_fd_sc_hd__clkbuf_16)
     4    0.10                           clknet_0_clk_i (net)
                  0.18    0.01    0.85 ^ clkbuf_2_0__f_clk_i/A (sky130_fd_sc_hd__clkbuf_16)
                  0.24    0.43    1.29 ^ clkbuf_2_0__f_clk_i/X (sky130_fd_sc_hd__clkbuf_16)
    10    0.14                           clknet_2_0__leaf_clk_i (net)
                  0.24    0.00    1.29 ^ clkbuf_leaf_26_clk_i/A (sky130_fd_sc_hd__clkbuf_16)
                  0.12    0.37    1.66 ^ clkbuf_leaf_26_clk_i/X (sky130_fd_sc_hd__clkbuf_16)
    20    0.06                           clknet_leaf_26_clk_i (net)
                  0.12    0.00    1.66 ^ _5200_/CLK (sky130_fd_sc_hd__dfrtp_4)
                  0.21    1.20    2.86 v _5200_/Q (sky130_fd_sc_hd__dfrtp_4)
     4    0.05                           net279 (net)
                  0.21    0.00    2.87 v _2347_/B (sky130_fd_sc_hd__xor2_2)
                  0.15    0.37    3.24 v _2347_/X (sky130_fd_sc_hd__xor2_2)
     2    0.01                           _2337_ (net)
                  0.15    0.00    3.24 v _2371_/A (sky130_fd_sc_hd__or4b_1)
                  0.25    1.41    4.65 v _2371_/X (sky130_fd_sc_hd__or4b_1)
     1    0.01                           _0325_ (net)
                  0.25    0.00    4.65 v _2372_/A (sky130_fd_sc_hd__buf_4)
                  0.14    0.44    5.09 v _2372_/X (sky130_fd_sc_hd__buf_4)
    15    0.06                           _0326_ (net)
                  0.14    0.00    5.09 v _2438_/A2 (sky130_fd_sc_hd__o21a_1)
                  0.12    0.42    5.51 v _2438_/X (sky130_fd_sc_hd__o21a_1)
     1    0.01                           _0389_ (net)
                  0.12    0.00    5.51 v _2440_/A3 (sky130_fd_sc_hd__o31ai_4)
                  0.59    0.59    6.10 ^ _2440_/Y (sky130_fd_sc_hd__o31ai_4)
     4    0.03                           _0391_ (net)
                  0.59    0.00    6.10 ^ _2441_/A (sky130_fd_sc_hd__inv_2)
                  0.26    0.44    6.54 v _2441_/Y (sky130_fd_sc_hd__inv_2)
     4    0.05                           net178 (net)
                  0.26    0.00    6.55 v _2587_/A2 (sky130_fd_sc_hd__mux4_2)
                  0.24    1.31    7.86 v _2587_/X (sky130_fd_sc_hd__mux4_2)
     1    0.02                           _0526_ (net)
                  0.24    0.00    7.86 v _2588_/A (sky130_fd_sc_hd__buf_2)
                  0.17    0.45    8.30 v _2588_/X (sky130_fd_sc_hd__buf_2)
     6    0.03                           _0527_ (net)
                  0.17    0.00    8.31 v _2976_/A (sky130_fd_sc_hd__nor2_1)
                  0.23    0.27    8.58 ^ _2976_/Y (sky130_fd_sc_hd__nor2_1)
     1    0.01                           _0888_ (net)
                  0.23    0.00    8.58 ^ _2977_/B1 (sky130_fd_sc_hd__a21oi_2)
                  0.16    0.17    8.75 v _2977_/Y (sky130_fd_sc_hd__a21oi_2)
     5    0.01                           _0889_ (net)
                  0.16    0.00    8.75 v _2984_/A2 (sky130_fd_sc_hd__o311a_1)
                  0.14    0.75    9.50 v _2984_/X (sky130_fd_sc_hd__o311a_1)
     3    0.01                           _0896_ (net)
                  0.14    0.00    9.50 v _2985_/D (sky130_fd_sc_hd__or4_1)
                  0.29    1.20   10.70 v _2985_/X (sky130_fd_sc_hd__or4_1)
     3    0.01                           _0897_ (net)
                  0.29    0.00   10.70 v _3026_/A1 (sky130_fd_sc_hd__a21oi_1)
                  0.49    0.57   11.27 ^ _3026_/Y (sky130_fd_sc_hd__a21oi_1)
     2    0.01                           _0938_ (net)
                  0.49    0.00   11.27 ^ _3046_/A2 (sky130_fd_sc_hd__a21oi_2)
                  0.24    0.40   11.67 v _3046_/Y (sky130_fd_sc_hd__a21oi_2)
     5    0.03                           _0958_ (net)
                  0.24    0.00   11.67 v _3091_/A1 (sky130_fd_sc_hd__o21ai_2)
                  0.33    0.45   12.12 ^ _3091_/Y (sky130_fd_sc_hd__o21ai_2)
     4    0.01                           _1003_ (net)
                  0.33    0.00   12.12 ^ _3092_/D_N (sky130_fd_sc_hd__or4bb_2)
                  0.32    1.59   13.72 v _3092_/X (sky130_fd_sc_hd__or4bb_2)
     3    0.02                           _1004_ (net)
                  0.32    0.00   13.72 v _3105_/A1 (sky130_fd_sc_hd__a211o_1)
                  0.14    0.68   14.40 v _3105_/X (sky130_fd_sc_hd__a211o_1)
     3    0.01                           _1017_ (net)
                  0.14    0.00   14.40 v _3114_/A2 (sky130_fd_sc_hd__a21o_1)
                  0.12    0.43   14.83 v _3114_/X (sky130_fd_sc_hd__a21o_1)
     3    0.01                           _1026_ (net)
                  0.12    0.00   14.83 v _3124_/A1 (sky130_fd_sc_hd__a21o_1)
                  0.10    0.36   15.19 v _3124_/X (sky130_fd_sc_hd__a21o_1)
     2    0.01                           _1036_ (net)
                  0.10    0.00   15.19 v _3192_/A2 (sky130_fd_sc_hd__a31o_1)
                  0.07    0.40   15.59 v _3192_/X (sky130_fd_sc_hd__a31o_1)
     1    0.00                           _1104_ (net)
                  0.07    0.00   15.59 v _3193_/A (sky130_fd_sc_hd__buf_4)
                  0.21    0.42   16.01 v _3193_/X (sky130_fd_sc_hd__buf_4)
    10    0.09                           i_exec_stage.alu_out[0] (net)
                  0.21    0.00   16.01 v _3202_/D (sky130_fd_sc_hd__or4_1)
                  0.21    1.11   17.12 v _3202_/X (sky130_fd_sc_hd__or4_1)
     2    0.01                           _1111_ (net)
                  0.21    0.00   17.12 v _3203_/A2 (sky130_fd_sc_hd__a21oi_1)
                  0.21    0.34   17.46 ^ _3203_/Y (sky130_fd_sc_hd__a21oi_1)
     1    0.00                           net164 (net)
                  0.21    0.00   17.46 ^ output164/A (sky130_fd_sc_hd__clkbuf_4)
                  0.20    0.43   17.89 ^ output164/X (sky130_fd_sc_hd__clkbuf_4)
     1    0.04                           dmem_be_o[2] (net)
                  0.20    0.00   17.89 ^ dmem_be_o[2] (out)
                                 17.89   data arrival time

                         12.00   12.00   clock clk_i (rise edge)
                          0.00   12.00   clock network delay (propagated)
                         -0.25   11.75   clock uncertainty
                          0.00   11.75   clock reconvergence pessimism
                         -2.40    9.35   output external delay
                                  9.35   data required time
-----------------------------------------------------------------------------
                                  9.35   data required time
                                -17.89   data arrival time
-----------------------------------------------------------------------------
                                 -8.54   slack (VIOLATED)



======================= Typical Corner ===================================

Startpoint: rst_ni (input port clocked by clk_i)
Endpoint: _5033_ (recovery check against rising-edge clock clk_i)
Path Group: asynchronous
Path Type: max
Corner: Typical

Fanout     Cap    Slew   Delay    Time   Description
-----------------------------------------------------------------------------
                          0.00    0.00   clock clk_i (rise edge)
                          0.00    0.00   clock network delay (propagated)
                          2.40    2.40 ^ input external delay
                  0.05    0.04    2.44 ^ rst_ni (in)
     1    0.01                           rst_ni (net)
                  0.05    0.00    2.44 ^ input131/A (sky130_fd_sc_hd__buf_12)
                  0.22    0.23    2.67 ^ input131/X (sky130_fd_sc_hd__buf_12)
    13    0.19                           net131 (net)
                  0.22    0.01    2.68 ^ fanout297/A (sky130_fd_sc_hd__buf_6)
                  0.20    0.27    2.94 ^ fanout297/X (sky130_fd_sc_hd__buf_6)
    15    0.10                           net297 (net)
                  0.20    0.00    2.95 ^ fanout296/A (sky130_fd_sc_hd__buf_8)
                  0.18    0.24    3.19 ^ fanout296/X (sky130_fd_sc_hd__buf_8)
    18    0.11                           net296 (net)
                  0.18    0.01    3.20 ^ fanout294/A (sky130_fd_sc_hd__buf_12)
                  0.18    0.24    3.45 ^ fanout294/X (sky130_fd_sc_hd__buf_12)
    29    0.15                           net294 (net)
                  0.18    0.00    3.45 ^ fanout293/A (sky130_fd_sc_hd__buf_12)
                  0.18    0.24    3.69 ^ fanout293/X (sky130_fd_sc_hd__buf_12)
    30    0.15                           net293 (net)
                  0.18    0.01    3.71 ^ _5033_/RESET_B (sky130_fd_sc_hd__dfrtp_4)
                                  3.71   data arrival time

                         12.00   12.00   clock clk_i (rise edge)
                          0.00   12.00   clock source latency
                  0.29    0.20   12.20 ^ clk_i (in)
     1    0.06                           clk_i (net)
                  0.29    0.00   12.20 ^ clkbuf_0_clk_i/A (sky130_fd_sc_hd__clkbuf_16)
                  0.12    0.25   12.45 ^ clkbuf_0_clk_i/X (sky130_fd_sc_hd__clkbuf_16)
     4    0.10                           clknet_0_clk_i (net)
                  0.12    0.00   12.45 ^ clkbuf_2_2__f_clk_i/A (sky130_fd_sc_hd__clkbuf_16)
                  0.11    0.19   12.65 ^ clkbuf_2_2__f_clk_i/X (sky130_fd_sc_hd__clkbuf_16)
     7    0.09                           clknet_2_2__leaf_clk_i (net)
                  0.11    0.00   12.65 ^ clkbuf_leaf_7_clk_i/A (sky130_fd_sc_hd__clkbuf_16)
                  0.07    0.16   12.81 ^ clkbuf_leaf_7_clk_i/X (sky130_fd_sc_hd__clkbuf_16)
    17    0.05                           clknet_leaf_7_clk_i (net)
                  0.07    0.00   12.81 ^ _5033_/CLK (sky130_fd_sc_hd__dfrtp_4)
                         -0.25   12.56   clock uncertainty
                          0.00   12.56   clock reconvergence pessimism
                          0.18   12.74   library recovery time
                                 12.74   data required time
-----------------------------------------------------------------------------
                                 12.74   data required time
                                 -3.71   data arrival time
-----------------------------------------------------------------------------
                                  9.03   slack (MET)


Startpoint: _5200_ (rising edge-triggered flip-flop clocked by clk_i)
Endpoint: dmem_be_o[2] (output port clocked by clk_i)
Path Group: clk_i
Path Type: max
Corner: Typical

Fanout     Cap    Slew   Delay    Time   Description
-----------------------------------------------------------------------------
                          0.00    0.00   clock clk_i (rise edge)
                          0.00    0.00   clock source latency
                  0.29    0.22    0.22 ^ clk_i (in)
     1    0.06                           clk_i (net)
                  0.29    0.00    0.22 ^ clkbuf_0_clk_i/A (sky130_fd_sc_hd__clkbuf_16)
                  0.12    0.28    0.49 ^ clkbuf_0_clk_i/X (sky130_fd_sc_hd__clkbuf_16)
     4    0.10                           clknet_0_clk_i (net)
                  0.12    0.01    0.50 ^ clkbuf_2_0__f_clk_i/A (sky130_fd_sc_hd__clkbuf_16)
                  0.16    0.25    0.75 ^ clkbuf_2_0__f_clk_i/X (sky130_fd_sc_hd__clkbuf_16)
    10    0.14                           clknet_2_0__leaf_clk_i (net)
                  0.16    0.00    0.76 ^ clkbuf_leaf_26_clk_i/A (sky130_fd_sc_hd__clkbuf_16)
                  0.08    0.21    0.97 ^ clkbuf_leaf_26_clk_i/X (sky130_fd_sc_hd__clkbuf_16)
    20    0.06                           clknet_leaf_26_clk_i (net)
                  0.08    0.00    0.97 ^ _5200_/CLK (sky130_fd_sc_hd__dfrtp_4)
                  0.12    0.58    1.55 v _5200_/Q (sky130_fd_sc_hd__dfrtp_4)
     4    0.05                           net279 (net)
                  0.12    0.00    1.55 v _2347_/B (sky130_fd_sc_hd__xor2_2)
                  0.08    0.20    1.75 v _2347_/X (sky130_fd_sc_hd__xor2_2)
     2    0.01                           _2337_ (net)
                  0.08    0.00    1.75 v _2351_/A (sky130_fd_sc_hd__nor4b_4)
                  1.28    1.15    2.90 ^ _2351_/Y (sky130_fd_sc_hd__nor4b_4)
    28    0.10                           _2341_ (net)
                  1.28    0.01    2.91 ^ _2575_/A2 (sky130_fd_sc_hd__a21o_1)
                  0.10    0.30    3.21 ^ _2575_/X (sky130_fd_sc_hd__a21o_1)
     1    0.01                           _0515_ (net)
                  0.10    0.00    3.21 ^ _2580_/A2 (sky130_fd_sc_hd__a31oi_4)
                  0.23    0.22    3.43 v _2580_/Y (sky130_fd_sc_hd__a31oi_4)
     8    0.06                           _0519_ (net)
                  0.23    0.01    3.44 v _2586_/A2 (sky130_fd_sc_hd__a21oi_4)
                  0.81    0.76    4.20 ^ _2586_/Y (sky130_fd_sc_hd__a21oi_4)
    25    0.12                           _0525_ (net)
                  0.81    0.00    4.20 ^ _2978_/A (sky130_fd_sc_hd__and2_1)
                  0.08    0.26    4.46 ^ _2978_/X (sky130_fd_sc_hd__and2_1)
     1    0.01                           _0890_ (net)
                  0.08    0.00    4.46 ^ _2980_/A (sky130_fd_sc_hd__nor2_2)
                  0.08    0.07    4.53 v _2980_/Y (sky130_fd_sc_hd__nor2_2)
     5    0.02                           _0892_ (net)
                  0.08    0.00    4.53 v _2984_/A3 (sky130_fd_sc_hd__o311a_1)
                  0.08    0.35    4.88 v _2984_/X (sky130_fd_sc_hd__o311a_1)
     3    0.01                           _0896_ (net)
                  0.08    0.00    4.88 v _2985_/D (sky130_fd_sc_hd__or4_1)
                  0.14    0.50    5.38 v _2985_/X (sky130_fd_sc_hd__or4_1)
     3    0.01                           _0897_ (net)
                  0.14    0.00    5.38 v _3026_/A1 (sky130_fd_sc_hd__a21oi_1)
                  0.31    0.32    5.70 ^ _3026_/Y (sky130_fd_sc_hd__a21oi_1)
     2    0.01                           _0938_ (net)
                  0.31    0.00    5.70 ^ _3046_/A2 (sky130_fd_sc_hd__a21oi_2)
                  0.12    0.18    5.88 v _3046_/Y (sky130_fd_sc_hd__a21oi_2)
     5    0.03                           _0958_ (net)
                  0.12    0.00    5.89 v _3091_/A1 (sky130_fd_sc_hd__o21ai_2)
                  0.20    0.25    6.14 ^ _3091_/Y (sky130_fd_sc_hd__o21ai_2)
     4    0.01                           _1003_ (net)
                  0.20    0.00    6.14 ^ _3092_/D_N (sky130_fd_sc_hd__or4bb_2)
                  0.15    0.66    6.80 v _3092_/X (sky130_fd_sc_hd__or4bb_2)
     3    0.02                           _1004_ (net)
                  0.15    0.00    6.80 v _3105_/A1 (sky130_fd_sc_hd__a211o_1)
                  0.08    0.34    7.14 v _3105_/X (sky130_fd_sc_hd__a211o_1)
     3    0.01                           _1017_ (net)
                  0.08    0.00    7.14 v _3114_/A2 (sky130_fd_sc_hd__a21o_1)
                  0.06    0.23    7.37 v _3114_/X (sky130_fd_sc_hd__a21o_1)
     3    0.01                           _1026_ (net)
                  0.06    0.00    7.37 v _3124_/A1 (sky130_fd_sc_hd__a21o_1)
                  0.05    0.19    7.56 v _3124_/X (sky130_fd_sc_hd__a21o_1)
     2    0.01                           _1036_ (net)
                  0.05    0.00    7.56 v _3192_/A2 (sky130_fd_sc_hd__a31o_1)
                  0.04    0.21    7.77 v _3192_/X (sky130_fd_sc_hd__a31o_1)
     1    0.00                           _1104_ (net)
                  0.04    0.00    7.77 v _3193_/A (sky130_fd_sc_hd__buf_4)
                  0.12    0.23    8.00 v _3193_/X (sky130_fd_sc_hd__buf_4)
    10    0.09                           i_exec_stage.alu_out[0] (net)
                  0.12    0.00    8.01 v _3202_/D (sky130_fd_sc_hd__or4_1)
                  0.10    0.46    8.47 v _3202_/X (sky130_fd_sc_hd__or4_1)
     2    0.01                           _1111_ (net)
                  0.10    0.00    8.47 v _3203_/A2 (sky130_fd_sc_hd__a21oi_1)
                  0.13    0.19    8.66 ^ _3203_/Y (sky130_fd_sc_hd__a21oi_1)
     1    0.00                           net164 (net)
                  0.13    0.00    8.66 ^ output164/A (sky130_fd_sc_hd__clkbuf_4)
                  0.12    0.24    8.89 ^ output164/X (sky130_fd_sc_hd__clkbuf_4)
     1    0.04                           dmem_be_o[2] (net)
                  0.12    0.00    8.89 ^ dmem_be_o[2] (out)
                                  8.89   data arrival time

                         12.00   12.00   clock clk_i (rise edge)
                          0.00   12.00   clock network delay (propagated)
                         -0.25   11.75   clock uncertainty
                          0.00   11.75   clock reconvergence pessimism
                         -2.40    9.35   output external delay
                                  9.35   data required time
-----------------------------------------------------------------------------
                                  9.35   data required time
                                 -8.89   data arrival time
-----------------------------------------------------------------------------
                                  0.46   slack (MET)




===========================================================================
report_checks --slack_max -0.01
============================================================================
======================= Fastest Corner ===================================

No paths found.

======================= Slowest Corner ===================================

Startpoint: _5200_ (rising edge-triggered flip-flop clocked by clk_i)
Endpoint: dmem_be_o[2] (output port clocked by clk_i)
Path Group: clk_i
Path Type: max
Corner: Slowest

Fanout     Cap    Slew   Delay    Time   Description
-----------------------------------------------------------------------------
                          0.00    0.00   clock clk_i (rise edge)
                          0.00    0.00   clock source latency
                  0.46    0.34    0.34 ^ clk_i (in)
     1    0.06                           clk_i (net)
                  0.46    0.00    0.34 ^ clkbuf_0_clk_i/A (sky130_fd_sc_hd__clkbuf_16)
                  0.18    0.51    0.85 ^ clkbuf_0_clk_i/X (sky130_fd_sc_hd__clkbuf_16)
     4    0.10                           clknet_0_clk_i (net)
                  0.18    0.01    0.85 ^ clkbuf_2_0__f_clk_i/A (sky130_fd_sc_hd__clkbuf_16)
                  0.24    0.43    1.29 ^ clkbuf_2_0__f_clk_i/X (sky130_fd_sc_hd__clkbuf_16)
    10    0.14                           clknet_2_0__leaf_clk_i (net)
                  0.24    0.00    1.29 ^ clkbuf_leaf_26_clk_i/A (sky130_fd_sc_hd__clkbuf_16)
                  0.12    0.37    1.66 ^ clkbuf_leaf_26_clk_i/X (sky130_fd_sc_hd__clkbuf_16)
    20    0.06                           clknet_leaf_26_clk_i (net)
                  0.12    0.00    1.66 ^ _5200_/CLK (sky130_fd_sc_hd__dfrtp_4)
                  0.21    1.20    2.86 v _5200_/Q (sky130_fd_sc_hd__dfrtp_4)
     4    0.05                           net279 (net)
                  0.21    0.00    2.87 v _2347_/B (sky130_fd_sc_hd__xor2_2)
                  0.15    0.37    3.24 v _2347_/X (sky130_fd_sc_hd__xor2_2)
     2    0.01                           _2337_ (net)
                  0.15    0.00    3.24 v _2371_/A (sky130_fd_sc_hd__or4b_1)
                  0.25    1.41    4.65 v _2371_/X (sky130_fd_sc_hd__or4b_1)
     1    0.01                           _0325_ (net)
                  0.25    0.00    4.65 v _2372_/A (sky130_fd_sc_hd__buf_4)
                  0.14    0.44    5.09 v _2372_/X (sky130_fd_sc_hd__buf_4)
    15    0.06                           _0326_ (net)
                  0.14    0.00    5.09 v _2438_/A2 (sky130_fd_sc_hd__o21a_1)
                  0.12    0.42    5.51 v _2438_/X (sky130_fd_sc_hd__o21a_1)
     1    0.01                           _0389_ (net)
                  0.12    0.00    5.51 v _2440_/A3 (sky130_fd_sc_hd__o31ai_4)
                  0.59    0.59    6.10 ^ _2440_/Y (sky130_fd_sc_hd__o31ai_4)
     4    0.03                           _0391_ (net)
                  0.59    0.00    6.10 ^ _2441_/A (sky130_fd_sc_hd__inv_2)
                  0.26    0.44    6.54 v _2441_/Y (sky130_fd_sc_hd__inv_2)
     4    0.05                           net178 (net)
                  0.26    0.00    6.55 v _2587_/A2 (sky130_fd_sc_hd__mux4_2)
                  0.24    1.31    7.86 v _2587_/X (sky130_fd_sc_hd__mux4_2)
     1    0.02                           _0526_ (net)
                  0.24    0.00    7.86 v _2588_/A (sky130_fd_sc_hd__buf_2)
                  0.17    0.45    8.30 v _2588_/X (sky130_fd_sc_hd__buf_2)
     6    0.03                           _0527_ (net)
                  0.17    0.00    8.31 v _2976_/A (sky130_fd_sc_hd__nor2_1)
                  0.23    0.27    8.58 ^ _2976_/Y (sky130_fd_sc_hd__nor2_1)
     1    0.01                           _0888_ (net)
                  0.23    0.00    8.58 ^ _2977_/B1 (sky130_fd_sc_hd__a21oi_2)
                  0.16    0.17    8.75 v _2977_/Y (sky130_fd_sc_hd__a21oi_2)
     5    0.01                           _0889_ (net)
                  0.16    0.00    8.75 v _2984_/A2 (sky130_fd_sc_hd__o311a_1)
                  0.14    0.75    9.50 v _2984_/X (sky130_fd_sc_hd__o311a_1)
     3    0.01                           _0896_ (net)
                  0.14    0.00    9.50 v _2985_/D (sky130_fd_sc_hd__or4_1)
                  0.29    1.20   10.70 v _2985_/X (sky130_fd_sc_hd__or4_1)
     3    0.01                           _0897_ (net)
                  0.29    0.00   10.70 v _3026_/A1 (sky130_fd_sc_hd__a21oi_1)
                  0.49    0.57   11.27 ^ _3026_/Y (sky130_fd_sc_hd__a21oi_1)
     2    0.01                           _0938_ (net)
                  0.49    0.00   11.27 ^ _3046_/A2 (sky130_fd_sc_hd__a21oi_2)
                  0.24    0.40   11.67 v _3046_/Y (sky130_fd_sc_hd__a21oi_2)
     5    0.03                           _0958_ (net)
                  0.24    0.00   11.67 v _3091_/A1 (sky130_fd_sc_hd__o21ai_2)
                  0.33    0.45   12.12 ^ _3091_/Y (sky130_fd_sc_hd__o21ai_2)
     4    0.01                           _1003_ (net)
                  0.33    0.00   12.12 ^ _3092_/D_N (sky130_fd_sc_hd__or4bb_2)
                  0.32    1.59   13.72 v _3092_/X (sky130_fd_sc_hd__or4bb_2)
     3    0.02                           _1004_ (net)
                  0.32    0.00   13.72 v _3105_/A1 (sky130_fd_sc_hd__a211o_1)
                  0.14    0.68   14.40 v _3105_/X (sky130_fd_sc_hd__a211o_1)
     3    0.01                           _1017_ (net)
                  0.14    0.00   14.40 v _3114_/A2 (sky130_fd_sc_hd__a21o_1)
                  0.12    0.43   14.83 v _3114_/X (sky130_fd_sc_hd__a21o_1)
     3    0.01                           _1026_ (net)
                  0.12    0.00   14.83 v _3124_/A1 (sky130_fd_sc_hd__a21o_1)
                  0.10    0.36   15.19 v _3124_/X (sky130_fd_sc_hd__a21o_1)
     2    0.01                           _1036_ (net)
                  0.10    0.00   15.19 v _3192_/A2 (sky130_fd_sc_hd__a31o_1)
                  0.07    0.40   15.59 v _3192_/X (sky130_fd_sc_hd__a31o_1)
     1    0.00                           _1104_ (net)
                  0.07    0.00   15.59 v _3193_/A (sky130_fd_sc_hd__buf_4)
                  0.21    0.42   16.01 v _3193_/X (sky130_fd_sc_hd__buf_4)
    10    0.09                           i_exec_stage.alu_out[0] (net)
                  0.21    0.00   16.01 v _3202_/D (sky130_fd_sc_hd__or4_1)
                  0.21    1.11   17.12 v _3202_/X (sky130_fd_sc_hd__or4_1)
     2    0.01                           _1111_ (net)
                  0.21    0.00   17.12 v _3203_/A2 (sky130_fd_sc_hd__a21oi_1)
                  0.21    0.34   17.46 ^ _3203_/Y (sky130_fd_sc_hd__a21oi_1)
     1    0.00                           net164 (net)
                  0.21    0.00   17.46 ^ output164/A (sky130_fd_sc_hd__clkbuf_4)
                  0.20    0.43   17.89 ^ output164/X (sky130_fd_sc_hd__clkbuf_4)
     1    0.04                           dmem_be_o[2] (net)
                  0.20    0.00   17.89 ^ dmem_be_o[2] (out)
                                 17.89   data arrival time

                         12.00   12.00   clock clk_i (rise edge)
                          0.00   12.00   clock network delay (propagated)
                         -0.25   11.75   clock uncertainty
                          0.00   11.75   clock reconvergence pessimism
                         -2.40    9.35   output external delay
                                  9.35   data required time
-----------------------------------------------------------------------------
                                  9.35   data required time
                                -17.89   data arrival time
-----------------------------------------------------------------------------
                                 -8.54   slack (VIOLATED)



======================= Typical Corner ===================================

No paths found.


===========================================================================
 report_check_types -max_slew -max_cap -max_fanout -violators
============================================================================
======================= Fastest Corner ===================================


======================= Slowest Corner ===================================

max slew

Pin                                    Limit    Slew   Slack
------------------------------------------------------------
_2351_/Y                                1.49    2.06   -0.57 (VIOLATED)
_2812_/B                                1.50    2.06   -0.56 (VIOLATED)
_2859_/B                                1.50    2.06   -0.56 (VIOLATED)
_3106_/B                                1.50    2.06   -0.56 (VIOLATED)
_3116_/B                                1.50    2.06   -0.56 (VIOLATED)
_2842_/B                                1.50    2.06   -0.56 (VIOLATED)
_2832_/B                                1.50    2.06   -0.56 (VIOLATED)
_2869_/B                                1.50    2.06   -0.56 (VIOLATED)
_2938_/B                                1.50    2.06   -0.56 (VIOLATED)
_3047_/B                                1.50    2.06   -0.56 (VIOLATED)
_3064_/B                                1.50    2.06   -0.56 (VIOLATED)
_2877_/B                                1.50    2.06   -0.56 (VIOLATED)
_2886_/B                                1.50    2.06   -0.56 (VIOLATED)
_3055_/B                                1.50    2.06   -0.56 (VIOLATED)
_2824_/B                                1.50    2.06   -0.56 (VIOLATED)
_3072_/B                                1.50    2.06   -0.56 (VIOLATED)
_2895_/B                                1.50    2.06   -0.56 (VIOLATED)
_2813_/B                                1.50    2.06   -0.56 (VIOLATED)
_2851_/B                                1.50    2.06   -0.56 (VIOLATED)
_2352_/A2                               1.50    2.06   -0.56 (VIOLATED)
_2642_/A2                               1.50    2.06   -0.56 (VIOLATED)
_2911_/B                                1.50    2.06   -0.56 (VIOLATED)
_2929_/B                                1.50    2.06   -0.56 (VIOLATED)
_2946_/B                                1.50    2.06   -0.56 (VIOLATED)
_2575_/A2                               1.50    2.06   -0.56 (VIOLATED)
_2437_/B                                1.50    2.06   -0.56 (VIOLATED)
_2993_/B                                1.50    2.06   -0.56 (VIOLATED)
_3010_/B                                1.50    2.06   -0.56 (VIOLATED)
_3017_/B                                1.50    2.06   -0.56 (VIOLATED)

max capacitance

Pin                                    Limit     Cap   Slack
------------------------------------------------------------
_2351_/Y                                0.07    0.10   -0.03 (VIOLATED)


======================= Typical Corner ===================================



===========================================================================
report_parasitic_annotation -report_unannotated
============================================================================
Found 42 unannotated drivers.
 dmem_gnt_i
 dmem_rvalid_i
 core_298/HI
 core_299/HI
 core_300/HI
 core_301/HI
 core_302/HI
 core_303/HI
 core_304/HI
 core_305/HI
 core_306/HI
 core_307/HI
 core_308/HI
 core_309/HI
 core_310/HI
 core_311/HI
 core_312/HI
 core_313/HI
 core_314/HI
 core_315/HI
 core_316/HI
 core_317/HI
 core_318/HI
 core_319/HI
 core_320/HI
 core_321/HI
 core_322/HI
 core_323/HI
 core_324/HI
 core_325/HI
 core_326/HI
 core_327/HI
 core_328/HI
 core_329/HI
 core_330/HI
 core_331/HI
 core_332/HI
 core_333/HI
 core_334/HI
 core_335/HI
 core_336/HI
 core_337/LO
Found 0 partially unannotated drivers.

===========================================================================
max slew violation count 29
max fanout violation count 0
max cap violation count 1
============================================================================

===========================================================================
check_setup -verbose -unconstrained_endpoints -multiple_clock -no_clock -no_input_delay -loops -generated_clocks
===========================================================================
Warning: There are 40 unconstrained endpoints.
  dmem_addr_o[0]
  dmem_addr_o[1]
  imem_be_o[0]
  imem_be_o[1]
  imem_be_o[2]
  imem_be_o[3]
  imem_req_o
  imem_wdata_o[0]
  imem_wdata_o[10]
  imem_wdata_o[11]
  imem_wdata_o[12]
  imem_wdata_o[13]
  imem_wdata_o[14]
  imem_wdata_o[15]
  imem_wdata_o[16]
  imem_wdata_o[17]
  imem_wdata_o[18]
  imem_wdata_o[19]
  imem_wdata_o[1]
  imem_wdata_o[20]
  imem_wdata_o[21]
  imem_wdata_o[22]
  imem_wdata_o[23]
  imem_wdata_o[24]
  imem_wdata_o[25]
  imem_wdata_o[26]
  imem_wdata_o[27]
  imem_wdata_o[28]
  imem_wdata_o[29]
  imem_wdata_o[2]
  imem_wdata_o[30]
  imem_wdata_o[31]
  imem_wdata_o[3]
  imem_wdata_o[4]
  imem_wdata_o[5]
  imem_wdata_o[6]
  imem_wdata_o[7]
  imem_wdata_o[8]
  imem_wdata_o[9]
  imem_we_o
