
===========================================================================
report_checks -unconstrained
===========================================================================
======================= Typical Corner ===================================

Startpoint: EN (input port clocked by CLK)
Endpoint: OUT (output port clocked by CLK)
Path Group: CLK
Path Type: max

Fanout     Cap    Slew   Delay    Time   Description
-----------------------------------------------------------------------------
                          0.00    0.00   clock CLK (rise edge)
                          0.00    0.00   clock network delay (propagated)
                          2.00    2.00 ^ input external delay
                  0.02    0.01    2.01 ^ EN (in)
     1    0.00                           EN (net)
                  0.02    0.00    2.01 ^ input1/A (sky130_fd_sc_hd__buf_2)
                  0.20    0.22    2.23 ^ input1/X (sky130_fd_sc_hd__buf_2)
     5    0.04                           net1 (net)
                  0.20    0.00    2.23 ^ _09_/A (sky130_fd_sc_hd__inv_2)
                  0.04    0.05    2.28 v _09_/Y (sky130_fd_sc_hd__inv_2)
     1    0.00                           _00_ (net)
                  0.04    0.00    2.28 v _10_/TE_B (sky130_fd_sc_hd__ebufn_1)
                  0.09    0.11    2.39 ^ _10_/Z (sky130_fd_sc_hd__ebufn_1)
     1    0.00                           buff1.Z (net)
                  0.09    0.00    2.39 ^ _11_/A (sky130_fd_sc_hd__ebufn_1)
                  0.09    0.15    2.55 ^ _11_/Z (sky130_fd_sc_hd__ebufn_1)
     1    0.00                           buff2.Z (net)
                  0.09    0.00    2.55 ^ _12_/A (sky130_fd_sc_hd__ebufn_1)
                  0.10    0.16    2.71 ^ _12_/Z (sky130_fd_sc_hd__ebufn_1)
     1    0.00                           buff3.Z (net)
                  0.10    0.00    2.71 ^ _13_/A (sky130_fd_sc_hd__ebufn_1)
                  0.15    0.20    2.91 ^ _13_/Z (sky130_fd_sc_hd__ebufn_1)
     1    0.01                           buff4.Z (net)
                  0.15    0.00    2.91 ^ _14_/A (sky130_fd_sc_hd__ebufn_8)
                  0.23    0.29    3.20 ^ _14_/Z (sky130_fd_sc_hd__ebufn_8)
     1    0.06                           OUT (net)
                  0.23    0.01    3.20 ^ OUT (out)
                                  3.20   data arrival time

                         10.00   10.00   clock CLK (rise edge)
                          0.00   10.00   clock network delay (propagated)
                         -0.25    9.75   clock uncertainty
                          0.00    9.75   clock reconvergence pessimism
                         -2.00    7.75   output external delay
                                  7.75   data required time
-----------------------------------------------------------------------------
                                  7.75   data required time
                                 -3.20   data arrival time
-----------------------------------------------------------------------------
                                  4.55   slack (MET)




===========================================================================
report_checks --slack_max -0.01
============================================================================
======================= Typical Corner ===================================

No paths found.


===========================================================================
 report_check_types -max_slew -max_cap -max_fanout -violators
============================================================================
======================= Typical Corner ===================================



===========================================================================
report_parasitic_annotation -report_unannotated
============================================================================
Found 1 unannotated drivers.
 CLK
Found 0 partially unannotated drivers.

===========================================================================
max slew violation count 0
max fanout violation count 0
max cap violation count 0
============================================================================

===========================================================================
check_setup -verbose -unconstrained_endpoints -multiple_clock -no_clock -no_input_delay -loops -generated_clocks
===========================================================================
