Instance name,  X location,  Y location,  Voltage 
FILLER_0_100_357, 175.44, 285.6, 1.8
FILLER_0_101_361, 175.44, 285.6, 1.8
FILLER_0_98_357, 175.44, 280.16, 1.8
FILLER_0_96_357, 175.44, 274.72, 1.8
FILLER_0_94_357, 175.44, 269.28, 1.8
FILLER_0_92_357, 175.44, 263.84, 1.8
FILLER_0_90_357, 175.44, 258.4, 1.8
FILLER_0_88_357, 175.44, 252.96, 1.8
FILLER_0_86_357, 175.44, 247.52, 1.8
FILLER_0_84_357, 175.44, 242.08, 1.8
FILLER_0_82_357, 175.44, 236.64, 1.8
FILLER_0_80_357, 175.44, 231.2, 1.8
FILLER_0_78_357, 175.44, 225.76, 1.8
FILLER_0_76_357, 175.44, 220.32, 1.8
FILLER_0_74_357, 175.44, 214.88, 1.8
FILLER_0_72_357, 175.44, 209.44, 1.8
FILLER_0_70_357, 175.44, 204, 1.8
FILLER_0_68_357, 175.44, 198.56, 1.8
FILLER_0_66_357, 175.44, 193.12, 1.8
FILLER_0_64_357, 175.44, 187.68, 1.8
FILLER_0_62_357, 175.44, 182.24, 1.8
FILLER_0_60_357, 175.44, 176.8, 1.8
FILLER_0_58_357, 175.44, 171.36, 1.8
FILLER_0_56_357, 175.44, 165.92, 1.8
FILLER_0_54_357, 175.44, 160.48, 1.8
FILLER_0_52_357, 175.44, 155.04, 1.8
FILLER_0_50_357, 175.44, 149.6, 1.8
FILLER_0_48_357, 175.44, 144.16, 1.8
FILLER_0_46_357, 175.44, 138.72, 1.8
FILLER_0_44_357, 175.44, 133.28, 1.8
FILLER_0_42_357, 175.44, 127.84, 1.8
FILLER_0_40_357, 175.44, 122.4, 1.8
FILLER_0_38_357, 175.44, 116.96, 1.8
FILLER_0_36_357, 175.44, 111.52, 1.8
FILLER_0_34_357, 175.44, 106.08, 1.8
FILLER_0_32_357, 175.44, 100.64, 1.8
FILLER_0_30_357, 175.44, 95.2, 1.8
FILLER_0_28_357, 175.44, 89.76, 1.8
FILLER_0_26_357, 175.44, 84.32, 1.8
FILLER_0_24_357, 175.44, 78.88, 1.8
FILLER_0_22_357, 175.44, 73.44, 1.8
FILLER_0_20_357, 175.44, 68, 1.8
FILLER_0_18_357, 175.44, 62.56, 1.8
FILLER_0_16_357, 175.44, 57.12, 1.8
FILLER_0_14_357, 175.44, 51.68, 1.8
FILLER_0_12_357, 175.44, 46.24, 1.8
FILLER_0_10_357, 175.44, 40.8, 1.8
FILLER_0_8_357, 175.44, 35.36, 1.8
FILLER_0_6_357, 175.44, 29.92, 1.8
FILLER_0_4_357, 175.44, 24.48, 1.8
FILLER_0_2_357, 175.44, 19.04, 1.8
FILLER_0_0_361, 175.44, 13.6, 1.8
PHY_200, 5.52, 285.6, 1.8
PHY_202, 5.52, 285.6, 1.8
FILLER_0_100_513, 244.26, 285.6, 1.8
FILLER_0_101_513, 244.26, 285.6, 1.8
PHY_201, 244.26, 285.6, 1.8
PHY_203, 244.26, 285.6, 1.8
FILLER_0_101_53, 34.64, 285.6, 1.8
FILLER_0_101_81, 47.44, 285.6, 1.8
FILLER_0_101_109, 60.24, 285.6, 1.8
FILLER_0_100_133, 73.04, 285.6, 1.8
FILLER_0_101_137, 73.04, 285.6, 1.8
FILLER_0_101_165, 85.84, 285.6, 1.8
FILLER_0_100_189, 98.64, 285.6, 1.8
FILLER_0_101_193, 98.64, 285.6, 1.8
FILLER_0_101_221, 111.44, 285.6, 1.8
FILLER_0_100_245, 124.24, 285.6, 1.8
FILLER_0_101_249, 124.24, 285.6, 1.8
FILLER_0_101_253, 124.24, 285.6, 1.8
input2, 124.24, 285.6, 1.8
FILLER_0_101_275, 137.04, 285.6, 1.8
FILLER_0_100_301, 149.84, 285.6, 1.8
FILLER_0_101_305, 149.84, 285.6, 1.8
FILLER_0_101_333, 162.64, 285.6, 1.8
FILLER_0_101_389, 186.91, 285.6, 1.8
FILLER_0_100_413, 198.38, 285.6, 1.8
FILLER_0_101_417, 198.38, 285.6, 1.8
FILLER_0_101_445, 209.85, 285.6, 1.8
FILLER_0_100_469, 221.32, 285.6, 1.8
FILLER_0_101_473, 221.32, 285.6, 1.8
FILLER_0_101_501, 232.79, 285.6, 1.8
FILLER_0_101_505, 232.79, 285.6, 1.8
PHY_196, 5.52, 280.16, 1.8
PHY_198, 5.52, 280.16, 1.8
FILLER_0_98_513, 244.26, 280.16, 1.8
FILLER_0_99_513, 244.26, 280.16, 1.8
PHY_197, 244.26, 280.16, 1.8
PHY_199, 244.26, 280.16, 1.8
FILLER_0_100_77, 34.64, 280.16, 1.8
FILLER_0_99_51, 34.64, 280.16, 1.8
FILLER_0_99_105, 47.44, 280.16, 1.8
FILLER_0_98_133, 73.04, 280.16, 1.8
FILLER_0_99_161, 85.84, 280.16, 1.8
FILLER_0_98_189, 98.64, 280.16, 1.8
FILLER_0_99_217, 111.44, 280.16, 1.8
FILLER_0_98_245, 124.24, 280.16, 1.8
FILLER_0_99_273, 137.04, 280.16, 1.8
FILLER_0_98_301, 149.84, 280.16, 1.8
FILLER_0_99_329, 162.64, 280.16, 1.8
FILLER_0_99_385, 186.91, 280.16, 1.8
FILLER_0_98_413, 198.38, 280.16, 1.8
FILLER_0_99_441, 209.85, 280.16, 1.8
FILLER_0_98_469, 221.32, 280.16, 1.8
FILLER_0_99_497, 232.79, 280.16, 1.8
FILLER_0_99_505, 232.79, 280.16, 1.8
PHY_192, 5.52, 274.72, 1.8
PHY_194, 5.52, 274.72, 1.8
FILLER_0_96_513, 244.26, 274.72, 1.8
FILLER_0_97_513, 244.26, 274.72, 1.8
PHY_193, 244.26, 274.72, 1.8
PHY_195, 244.26, 274.72, 1.8
FILLER_0_97_51, 34.64, 274.72, 1.8
FILLER_0_98_77, 34.64, 274.72, 1.8
FILLER_0_97_105, 47.44, 274.72, 1.8
FILLER_0_96_133, 73.04, 274.72, 1.8
FILLER_0_97_161, 85.84, 274.72, 1.8
FILLER_0_96_189, 98.64, 274.72, 1.8
FILLER_0_97_217, 111.44, 274.72, 1.8
FILLER_0_96_245, 124.24, 274.72, 1.8
FILLER_0_97_273, 137.04, 274.72, 1.8
FILLER_0_96_301, 149.84, 274.72, 1.8
FILLER_0_97_329, 162.64, 274.72, 1.8
FILLER_0_97_385, 186.91, 274.72, 1.8
FILLER_0_96_413, 198.38, 274.72, 1.8
FILLER_0_97_441, 209.85, 274.72, 1.8
FILLER_0_96_469, 221.32, 274.72, 1.8
FILLER_0_97_497, 232.79, 274.72, 1.8
FILLER_0_97_505, 232.79, 274.72, 1.8
PHY_188, 5.52, 269.28, 1.8
PHY_190, 5.52, 269.28, 1.8
FILLER_0_94_513, 244.26, 269.28, 1.8
FILLER_0_95_513, 244.26, 269.28, 1.8
PHY_189, 244.26, 269.28, 1.8
PHY_191, 244.26, 269.28, 1.8
FILLER_0_95_51, 34.64, 269.28, 1.8
FILLER_0_96_77, 34.64, 269.28, 1.8
FILLER_0_95_105, 47.44, 269.28, 1.8
FILLER_0_94_133, 73.04, 269.28, 1.8
FILLER_0_95_161, 85.84, 269.28, 1.8
FILLER_0_94_189, 98.64, 269.28, 1.8
FILLER_0_95_217, 111.44, 269.28, 1.8
FILLER_0_94_245, 124.24, 269.28, 1.8
FILLER_0_95_273, 137.04, 269.28, 1.8
FILLER_0_94_301, 149.84, 269.28, 1.8
FILLER_0_95_329, 162.64, 269.28, 1.8
FILLER_0_95_385, 186.91, 269.28, 1.8
FILLER_0_94_413, 198.38, 269.28, 1.8
FILLER_0_95_441, 209.85, 269.28, 1.8
FILLER_0_94_469, 221.32, 269.28, 1.8
FILLER_0_95_497, 232.79, 269.28, 1.8
FILLER_0_95_505, 232.79, 269.28, 1.8
PHY_184, 5.52, 263.84, 1.8
PHY_186, 5.52, 263.84, 1.8
FILLER_0_92_513, 244.26, 263.84, 1.8
FILLER_0_93_513, 244.26, 263.84, 1.8
PHY_185, 244.26, 263.84, 1.8
PHY_187, 244.26, 263.84, 1.8
FILLER_0_93_51, 34.64, 263.84, 1.8
FILLER_0_94_77, 34.64, 263.84, 1.8
FILLER_0_93_105, 47.44, 263.84, 1.8
FILLER_0_92_133, 73.04, 263.84, 1.8
FILLER_0_93_161, 85.84, 263.84, 1.8
FILLER_0_92_189, 98.64, 263.84, 1.8
FILLER_0_93_217, 111.44, 263.84, 1.8
FILLER_0_92_245, 124.24, 263.84, 1.8
FILLER_0_93_273, 137.04, 263.84, 1.8
FILLER_0_92_301, 149.84, 263.84, 1.8
FILLER_0_93_329, 162.64, 263.84, 1.8
FILLER_0_93_385, 186.91, 263.84, 1.8
FILLER_0_92_413, 198.38, 263.84, 1.8
FILLER_0_93_441, 209.85, 263.84, 1.8
FILLER_0_92_469, 221.32, 263.84, 1.8
FILLER_0_93_497, 232.79, 263.84, 1.8
FILLER_0_93_505, 232.79, 263.84, 1.8
PHY_180, 5.52, 258.4, 1.8
PHY_182, 5.52, 258.4, 1.8
FILLER_0_90_513, 244.26, 258.4, 1.8
FILLER_0_91_513, 244.26, 258.4, 1.8
PHY_181, 244.26, 258.4, 1.8
PHY_183, 244.26, 258.4, 1.8
FILLER_0_91_51, 34.64, 258.4, 1.8
FILLER_0_92_77, 34.64, 258.4, 1.8
FILLER_0_91_105, 47.44, 258.4, 1.8
FILLER_0_90_133, 73.04, 258.4, 1.8
FILLER_0_91_161, 85.84, 258.4, 1.8
FILLER_0_90_189, 98.64, 258.4, 1.8
FILLER_0_91_217, 111.44, 258.4, 1.8
FILLER_0_90_245, 124.24, 258.4, 1.8
FILLER_0_91_273, 137.04, 258.4, 1.8
FILLER_0_90_301, 149.84, 258.4, 1.8
FILLER_0_91_329, 162.64, 258.4, 1.8
FILLER_0_91_385, 186.91, 258.4, 1.8
FILLER_0_90_413, 198.38, 258.4, 1.8
FILLER_0_91_441, 209.85, 258.4, 1.8
FILLER_0_90_469, 221.32, 258.4, 1.8
FILLER_0_91_497, 232.79, 258.4, 1.8
FILLER_0_91_505, 232.79, 258.4, 1.8
PHY_176, 5.52, 252.96, 1.8
PHY_178, 5.52, 252.96, 1.8
FILLER_0_88_513, 244.26, 252.96, 1.8
FILLER_0_89_513, 244.26, 252.96, 1.8
PHY_177, 244.26, 252.96, 1.8
PHY_179, 244.26, 252.96, 1.8
FILLER_0_89_51, 34.64, 252.96, 1.8
FILLER_0_90_77, 34.64, 252.96, 1.8
FILLER_0_89_105, 47.44, 252.96, 1.8
FILLER_0_88_133, 73.04, 252.96, 1.8
FILLER_0_89_161, 85.84, 252.96, 1.8
FILLER_0_88_189, 98.64, 252.96, 1.8
FILLER_0_89_217, 111.44, 252.96, 1.8
FILLER_0_88_245, 124.24, 252.96, 1.8
FILLER_0_89_273, 137.04, 252.96, 1.8
FILLER_0_88_301, 149.84, 252.96, 1.8
FILLER_0_89_329, 162.64, 252.96, 1.8
FILLER_0_89_385, 186.91, 252.96, 1.8
FILLER_0_88_413, 198.38, 252.96, 1.8
FILLER_0_89_441, 209.85, 252.96, 1.8
FILLER_0_88_469, 221.32, 252.96, 1.8
FILLER_0_89_497, 232.79, 252.96, 1.8
FILLER_0_89_505, 232.79, 252.96, 1.8
PHY_172, 5.52, 247.52, 1.8
PHY_174, 5.52, 247.52, 1.8
FILLER_0_86_513, 244.26, 247.52, 1.8
FILLER_0_87_513, 244.26, 247.52, 1.8
PHY_173, 244.26, 247.52, 1.8
PHY_175, 244.26, 247.52, 1.8
FILLER_0_87_51, 34.64, 247.52, 1.8
FILLER_0_88_77, 34.64, 247.52, 1.8
FILLER_0_87_105, 47.44, 247.52, 1.8
FILLER_0_86_133, 73.04, 247.52, 1.8
FILLER_0_87_161, 85.84, 247.52, 1.8
FILLER_0_86_189, 98.64, 247.52, 1.8
FILLER_0_87_217, 111.44, 247.52, 1.8
FILLER_0_86_245, 124.24, 247.52, 1.8
FILLER_0_87_273, 137.04, 247.52, 1.8
FILLER_0_86_301, 149.84, 247.52, 1.8
FILLER_0_87_329, 162.64, 247.52, 1.8
FILLER_0_87_385, 186.91, 247.52, 1.8
FILLER_0_86_413, 198.38, 247.52, 1.8
FILLER_0_87_441, 209.85, 247.52, 1.8
FILLER_0_86_469, 221.32, 247.52, 1.8
FILLER_0_87_497, 232.79, 247.52, 1.8
FILLER_0_87_505, 232.79, 247.52, 1.8
PHY_168, 5.52, 242.08, 1.8
PHY_170, 5.52, 242.08, 1.8
FILLER_0_84_513, 244.26, 242.08, 1.8
FILLER_0_85_513, 244.26, 242.08, 1.8
PHY_169, 244.26, 242.08, 1.8
PHY_171, 244.26, 242.08, 1.8
FILLER_0_85_51, 34.64, 242.08, 1.8
FILLER_0_86_77, 34.64, 242.08, 1.8
FILLER_0_85_105, 47.44, 242.08, 1.8
FILLER_0_84_133, 73.04, 242.08, 1.8
FILLER_0_85_161, 85.84, 242.08, 1.8
FILLER_0_84_189, 98.64, 242.08, 1.8
FILLER_0_85_217, 111.44, 242.08, 1.8
FILLER_0_84_245, 124.24, 242.08, 1.8
FILLER_0_85_273, 137.04, 242.08, 1.8
FILLER_0_84_301, 149.84, 242.08, 1.8
FILLER_0_85_329, 162.64, 242.08, 1.8
FILLER_0_85_385, 186.91, 242.08, 1.8
FILLER_0_84_413, 198.38, 242.08, 1.8
FILLER_0_85_441, 209.85, 242.08, 1.8
FILLER_0_84_469, 221.32, 242.08, 1.8
FILLER_0_85_497, 232.79, 242.08, 1.8
FILLER_0_85_505, 232.79, 242.08, 1.8
PHY_164, 5.52, 236.64, 1.8
PHY_166, 5.52, 236.64, 1.8
FILLER_0_82_513, 244.26, 236.64, 1.8
FILLER_0_83_513, 244.26, 236.64, 1.8
PHY_165, 244.26, 236.64, 1.8
PHY_167, 244.26, 236.64, 1.8
FILLER_0_83_51, 34.64, 236.64, 1.8
FILLER_0_84_77, 34.64, 236.64, 1.8
FILLER_0_83_105, 47.44, 236.64, 1.8
FILLER_0_82_133, 73.04, 236.64, 1.8
FILLER_0_83_161, 85.84, 236.64, 1.8
FILLER_0_82_189, 98.64, 236.64, 1.8
FILLER_0_83_217, 111.44, 236.64, 1.8
FILLER_0_82_245, 124.24, 236.64, 1.8
FILLER_0_83_273, 137.04, 236.64, 1.8
FILLER_0_82_301, 149.84, 236.64, 1.8
FILLER_0_83_329, 162.64, 236.64, 1.8
FILLER_0_83_385, 186.91, 236.64, 1.8
FILLER_0_82_413, 198.38, 236.64, 1.8
FILLER_0_83_441, 209.85, 236.64, 1.8
FILLER_0_82_469, 221.32, 236.64, 1.8
FILLER_0_83_497, 232.79, 236.64, 1.8
FILLER_0_83_505, 232.79, 236.64, 1.8
PHY_160, 5.52, 231.2, 1.8
PHY_162, 5.52, 231.2, 1.8
FILLER_0_80_513, 244.26, 231.2, 1.8
FILLER_0_81_513, 244.26, 231.2, 1.8
PHY_161, 244.26, 231.2, 1.8
PHY_163, 244.26, 231.2, 1.8
FILLER_0_81_51, 34.64, 231.2, 1.8
FILLER_0_82_77, 34.64, 231.2, 1.8
FILLER_0_81_105, 47.44, 231.2, 1.8
FILLER_0_80_133, 73.04, 231.2, 1.8
FILLER_0_81_161, 85.84, 231.2, 1.8
FILLER_0_80_189, 98.64, 231.2, 1.8
FILLER_0_81_217, 111.44, 231.2, 1.8
FILLER_0_80_245, 124.24, 231.2, 1.8
FILLER_0_81_273, 137.04, 231.2, 1.8
FILLER_0_80_301, 149.84, 231.2, 1.8
FILLER_0_81_329, 162.64, 231.2, 1.8
FILLER_0_81_385, 186.91, 231.2, 1.8
FILLER_0_80_413, 198.38, 231.2, 1.8
FILLER_0_81_441, 209.85, 231.2, 1.8
FILLER_0_80_469, 221.32, 231.2, 1.8
FILLER_0_81_497, 232.79, 231.2, 1.8
FILLER_0_81_505, 232.79, 231.2, 1.8
PHY_156, 5.52, 225.76, 1.8
PHY_158, 5.52, 225.76, 1.8
FILLER_0_78_513, 244.26, 225.76, 1.8
FILLER_0_79_513, 244.26, 225.76, 1.8
PHY_157, 244.26, 225.76, 1.8
PHY_159, 244.26, 225.76, 1.8
FILLER_0_79_51, 34.64, 225.76, 1.8
FILLER_0_80_77, 34.64, 225.76, 1.8
FILLER_0_79_105, 47.44, 225.76, 1.8
FILLER_0_78_133, 73.04, 225.76, 1.8
FILLER_0_79_161, 85.84, 225.76, 1.8
FILLER_0_78_189, 98.64, 225.76, 1.8
FILLER_0_79_217, 111.44, 225.76, 1.8
FILLER_0_78_245, 124.24, 225.76, 1.8
FILLER_0_79_273, 137.04, 225.76, 1.8
FILLER_0_78_301, 149.84, 225.76, 1.8
FILLER_0_79_329, 162.64, 225.76, 1.8
FILLER_0_79_385, 186.91, 225.76, 1.8
FILLER_0_78_413, 198.38, 225.76, 1.8
FILLER_0_79_441, 209.85, 225.76, 1.8
FILLER_0_78_469, 221.32, 225.76, 1.8
FILLER_0_79_497, 232.79, 225.76, 1.8
FILLER_0_79_505, 232.79, 225.76, 1.8
PHY_152, 5.52, 220.32, 1.8
PHY_154, 5.52, 220.32, 1.8
FILLER_0_76_513, 244.26, 220.32, 1.8
FILLER_0_77_513, 244.26, 220.32, 1.8
PHY_153, 244.26, 220.32, 1.8
PHY_155, 244.26, 220.32, 1.8
FILLER_0_77_51, 34.64, 220.32, 1.8
FILLER_0_78_77, 34.64, 220.32, 1.8
FILLER_0_77_105, 47.44, 220.32, 1.8
FILLER_0_76_133, 73.04, 220.32, 1.8
FILLER_0_77_161, 85.84, 220.32, 1.8
FILLER_0_76_189, 98.64, 220.32, 1.8
FILLER_0_77_217, 111.44, 220.32, 1.8
FILLER_0_76_245, 124.24, 220.32, 1.8
FILLER_0_77_273, 137.04, 220.32, 1.8
FILLER_0_76_301, 149.84, 220.32, 1.8
FILLER_0_77_329, 162.64, 220.32, 1.8
FILLER_0_77_385, 186.91, 220.32, 1.8
FILLER_0_76_413, 198.38, 220.32, 1.8
FILLER_0_77_441, 209.85, 220.32, 1.8
FILLER_0_76_469, 221.32, 220.32, 1.8
FILLER_0_77_497, 232.79, 220.32, 1.8
FILLER_0_77_505, 232.79, 220.32, 1.8
PHY_148, 5.52, 214.88, 1.8
PHY_150, 5.52, 214.88, 1.8
FILLER_0_74_513, 244.26, 214.88, 1.8
FILLER_0_75_513, 244.26, 214.88, 1.8
PHY_149, 244.26, 214.88, 1.8
PHY_151, 244.26, 214.88, 1.8
FILLER_0_75_51, 34.64, 214.88, 1.8
FILLER_0_76_77, 34.64, 214.88, 1.8
FILLER_0_75_105, 47.44, 214.88, 1.8
FILLER_0_74_133, 73.04, 214.88, 1.8
FILLER_0_75_161, 85.84, 214.88, 1.8
FILLER_0_74_189, 98.64, 214.88, 1.8
FILLER_0_75_217, 111.44, 214.88, 1.8
FILLER_0_74_245, 124.24, 214.88, 1.8
FILLER_0_75_273, 137.04, 214.88, 1.8
FILLER_0_74_301, 149.84, 214.88, 1.8
FILLER_0_75_329, 162.64, 214.88, 1.8
FILLER_0_75_385, 186.91, 214.88, 1.8
FILLER_0_74_413, 198.38, 214.88, 1.8
FILLER_0_75_441, 209.85, 214.88, 1.8
FILLER_0_74_469, 221.32, 214.88, 1.8
FILLER_0_75_497, 232.79, 214.88, 1.8
FILLER_0_75_505, 232.79, 214.88, 1.8
PHY_144, 5.52, 209.44, 1.8
PHY_146, 5.52, 209.44, 1.8
FILLER_0_72_513, 244.26, 209.44, 1.8
FILLER_0_73_513, 244.26, 209.44, 1.8
PHY_145, 244.26, 209.44, 1.8
PHY_147, 244.26, 209.44, 1.8
FILLER_0_73_51, 34.64, 209.44, 1.8
FILLER_0_74_77, 34.64, 209.44, 1.8
FILLER_0_73_105, 47.44, 209.44, 1.8
FILLER_0_72_133, 73.04, 209.44, 1.8
FILLER_0_73_161, 85.84, 209.44, 1.8
FILLER_0_72_189, 98.64, 209.44, 1.8
FILLER_0_73_217, 111.44, 209.44, 1.8
FILLER_0_72_245, 124.24, 209.44, 1.8
FILLER_0_73_273, 137.04, 209.44, 1.8
FILLER_0_72_301, 149.84, 209.44, 1.8
FILLER_0_73_329, 162.64, 209.44, 1.8
FILLER_0_73_385, 186.91, 209.44, 1.8
FILLER_0_72_413, 198.38, 209.44, 1.8
FILLER_0_73_441, 209.85, 209.44, 1.8
FILLER_0_72_469, 221.32, 209.44, 1.8
FILLER_0_73_497, 232.79, 209.44, 1.8
FILLER_0_73_505, 232.79, 209.44, 1.8
PHY_140, 5.52, 204, 1.8
PHY_142, 5.52, 204, 1.8
FILLER_0_70_513, 244.26, 204, 1.8
FILLER_0_71_513, 244.26, 204, 1.8
PHY_141, 244.26, 204, 1.8
PHY_143, 244.26, 204, 1.8
FILLER_0_71_51, 34.64, 204, 1.8
FILLER_0_72_77, 34.64, 204, 1.8
FILLER_0_71_105, 47.44, 204, 1.8
FILLER_0_70_133, 73.04, 204, 1.8
FILLER_0_71_161, 85.84, 204, 1.8
FILLER_0_70_189, 98.64, 204, 1.8
FILLER_0_71_217, 111.44, 204, 1.8
FILLER_0_70_245, 124.24, 204, 1.8
FILLER_0_71_273, 137.04, 204, 1.8
FILLER_0_70_301, 149.84, 204, 1.8
FILLER_0_71_329, 162.64, 204, 1.8
FILLER_0_71_385, 186.91, 204, 1.8
FILLER_0_70_413, 198.38, 204, 1.8
FILLER_0_71_441, 209.85, 204, 1.8
FILLER_0_70_469, 221.32, 204, 1.8
FILLER_0_71_497, 232.79, 204, 1.8
FILLER_0_71_505, 232.79, 204, 1.8
PHY_136, 5.52, 198.56, 1.8
PHY_138, 5.52, 198.56, 1.8
FILLER_0_68_513, 244.26, 198.56, 1.8
FILLER_0_69_513, 244.26, 198.56, 1.8
PHY_137, 244.26, 198.56, 1.8
PHY_139, 244.26, 198.56, 1.8
FILLER_0_69_51, 34.64, 198.56, 1.8
FILLER_0_70_77, 34.64, 198.56, 1.8
FILLER_0_69_105, 47.44, 198.56, 1.8
FILLER_0_68_133, 73.04, 198.56, 1.8
FILLER_0_69_161, 85.84, 198.56, 1.8
FILLER_0_68_189, 98.64, 198.56, 1.8
FILLER_0_69_217, 111.44, 198.56, 1.8
FILLER_0_68_245, 124.24, 198.56, 1.8
FILLER_0_69_273, 137.04, 198.56, 1.8
FILLER_0_68_301, 149.84, 198.56, 1.8
FILLER_0_69_329, 162.64, 198.56, 1.8
FILLER_0_69_385, 186.91, 198.56, 1.8
FILLER_0_68_413, 198.38, 198.56, 1.8
FILLER_0_69_441, 209.85, 198.56, 1.8
FILLER_0_68_469, 221.32, 198.56, 1.8
FILLER_0_69_497, 232.79, 198.56, 1.8
FILLER_0_69_505, 232.79, 198.56, 1.8
PHY_132, 5.52, 193.12, 1.8
PHY_134, 5.52, 193.12, 1.8
FILLER_0_66_513, 244.26, 193.12, 1.8
FILLER_0_67_513, 244.26, 193.12, 1.8
PHY_133, 244.26, 193.12, 1.8
PHY_135, 244.26, 193.12, 1.8
FILLER_0_67_51, 34.64, 193.12, 1.8
FILLER_0_68_77, 34.64, 193.12, 1.8
FILLER_0_67_105, 47.44, 193.12, 1.8
FILLER_0_66_133, 73.04, 193.12, 1.8
FILLER_0_67_161, 85.84, 193.12, 1.8
FILLER_0_66_189, 98.64, 193.12, 1.8
FILLER_0_67_217, 111.44, 193.12, 1.8
FILLER_0_66_245, 124.24, 193.12, 1.8
FILLER_0_67_273, 137.04, 193.12, 1.8
FILLER_0_66_301, 149.84, 193.12, 1.8
FILLER_0_67_329, 162.64, 193.12, 1.8
FILLER_0_67_385, 186.91, 193.12, 1.8
FILLER_0_66_413, 198.38, 193.12, 1.8
FILLER_0_67_441, 209.85, 193.12, 1.8
FILLER_0_66_469, 221.32, 193.12, 1.8
FILLER_0_67_497, 232.79, 193.12, 1.8
FILLER_0_67_505, 232.79, 193.12, 1.8
PHY_128, 5.52, 187.68, 1.8
PHY_130, 5.52, 187.68, 1.8
FILLER_0_64_513, 244.26, 187.68, 1.8
FILLER_0_65_513, 244.26, 187.68, 1.8
PHY_129, 244.26, 187.68, 1.8
PHY_131, 244.26, 187.68, 1.8
FILLER_0_65_51, 34.64, 187.68, 1.8
FILLER_0_66_77, 34.64, 187.68, 1.8
FILLER_0_65_105, 47.44, 187.68, 1.8
FILLER_0_64_133, 73.04, 187.68, 1.8
FILLER_0_65_161, 85.84, 187.68, 1.8
FILLER_0_64_189, 98.64, 187.68, 1.8
FILLER_0_65_217, 111.44, 187.68, 1.8
FILLER_0_64_245, 124.24, 187.68, 1.8
FILLER_0_65_273, 137.04, 187.68, 1.8
FILLER_0_64_301, 149.84, 187.68, 1.8
FILLER_0_65_329, 162.64, 187.68, 1.8
FILLER_0_65_385, 186.91, 187.68, 1.8
FILLER_0_64_413, 198.38, 187.68, 1.8
FILLER_0_65_441, 209.85, 187.68, 1.8
FILLER_0_64_469, 221.32, 187.68, 1.8
FILLER_0_65_497, 232.79, 187.68, 1.8
FILLER_0_65_505, 232.79, 187.68, 1.8
PHY_124, 5.52, 182.24, 1.8
PHY_126, 5.52, 182.24, 1.8
FILLER_0_62_513, 244.26, 182.24, 1.8
FILLER_0_63_513, 244.26, 182.24, 1.8
PHY_125, 244.26, 182.24, 1.8
PHY_127, 244.26, 182.24, 1.8
FILLER_0_63_51, 34.64, 182.24, 1.8
FILLER_0_64_77, 34.64, 182.24, 1.8
FILLER_0_63_105, 47.44, 182.24, 1.8
FILLER_0_62_133, 73.04, 182.24, 1.8
FILLER_0_63_161, 85.84, 182.24, 1.8
FILLER_0_62_189, 98.64, 182.24, 1.8
FILLER_0_63_217, 111.44, 182.24, 1.8
FILLER_0_62_245, 124.24, 182.24, 1.8
FILLER_0_63_273, 137.04, 182.24, 1.8
FILLER_0_62_301, 149.84, 182.24, 1.8
FILLER_0_63_329, 162.64, 182.24, 1.8
FILLER_0_63_385, 186.91, 182.24, 1.8
FILLER_0_62_413, 198.38, 182.24, 1.8
FILLER_0_63_441, 209.85, 182.24, 1.8
FILLER_0_62_469, 221.32, 182.24, 1.8
FILLER_0_63_497, 232.79, 182.24, 1.8
FILLER_0_63_505, 232.79, 182.24, 1.8
PHY_120, 5.52, 176.8, 1.8
PHY_122, 5.52, 176.8, 1.8
FILLER_0_60_513, 244.26, 176.8, 1.8
FILLER_0_61_513, 244.26, 176.8, 1.8
PHY_121, 244.26, 176.8, 1.8
PHY_123, 244.26, 176.8, 1.8
FILLER_0_61_51, 34.64, 176.8, 1.8
FILLER_0_62_77, 34.64, 176.8, 1.8
FILLER_0_61_105, 47.44, 176.8, 1.8
FILLER_0_60_133, 73.04, 176.8, 1.8
FILLER_0_61_161, 85.84, 176.8, 1.8
FILLER_0_60_189, 98.64, 176.8, 1.8
FILLER_0_61_217, 111.44, 176.8, 1.8
FILLER_0_60_245, 124.24, 176.8, 1.8
FILLER_0_61_273, 137.04, 176.8, 1.8
FILLER_0_60_301, 149.84, 176.8, 1.8
FILLER_0_61_329, 162.64, 176.8, 1.8
FILLER_0_61_385, 186.91, 176.8, 1.8
FILLER_0_60_413, 198.38, 176.8, 1.8
FILLER_0_61_441, 209.85, 176.8, 1.8
FILLER_0_60_469, 221.32, 176.8, 1.8
FILLER_0_61_497, 232.79, 176.8, 1.8
FILLER_0_61_505, 232.79, 176.8, 1.8
PHY_116, 5.52, 171.36, 1.8
PHY_118, 5.52, 171.36, 1.8
FILLER_0_58_513, 244.26, 171.36, 1.8
FILLER_0_59_513, 244.26, 171.36, 1.8
PHY_117, 244.26, 171.36, 1.8
PHY_119, 244.26, 171.36, 1.8
FILLER_0_59_51, 34.64, 171.36, 1.8
FILLER_0_60_77, 34.64, 171.36, 1.8
FILLER_0_59_105, 47.44, 171.36, 1.8
FILLER_0_58_133, 73.04, 171.36, 1.8
FILLER_0_59_161, 85.84, 171.36, 1.8
FILLER_0_58_189, 98.64, 171.36, 1.8
FILLER_0_59_217, 111.44, 171.36, 1.8
FILLER_0_58_245, 124.24, 171.36, 1.8
FILLER_0_59_273, 137.04, 171.36, 1.8
FILLER_0_58_301, 149.84, 171.36, 1.8
FILLER_0_59_329, 162.64, 171.36, 1.8
FILLER_0_59_385, 186.91, 171.36, 1.8
FILLER_0_58_413, 198.38, 171.36, 1.8
FILLER_0_59_441, 209.85, 171.36, 1.8
FILLER_0_58_469, 221.32, 171.36, 1.8
FILLER_0_59_497, 232.79, 171.36, 1.8
FILLER_0_59_505, 232.79, 171.36, 1.8
PHY_112, 5.52, 165.92, 1.8
PHY_114, 5.52, 165.92, 1.8
FILLER_0_56_513, 244.26, 165.92, 1.8
FILLER_0_57_513, 244.26, 165.92, 1.8
PHY_113, 244.26, 165.92, 1.8
PHY_115, 244.26, 165.92, 1.8
FILLER_0_57_51, 34.64, 165.92, 1.8
FILLER_0_58_77, 34.64, 165.92, 1.8
FILLER_0_57_105, 47.44, 165.92, 1.8
FILLER_0_56_133, 73.04, 165.92, 1.8
FILLER_0_57_161, 85.84, 165.92, 1.8
FILLER_0_56_189, 98.64, 165.92, 1.8
FILLER_0_57_217, 111.44, 165.92, 1.8
FILLER_0_56_245, 124.24, 165.92, 1.8
FILLER_0_57_273, 137.04, 165.92, 1.8
FILLER_0_56_301, 149.84, 165.92, 1.8
FILLER_0_57_329, 162.64, 165.92, 1.8
FILLER_0_57_385, 186.91, 165.92, 1.8
FILLER_0_56_413, 198.38, 165.92, 1.8
FILLER_0_57_441, 209.85, 165.92, 1.8
FILLER_0_56_469, 221.32, 165.92, 1.8
FILLER_0_57_497, 232.79, 165.92, 1.8
FILLER_0_57_505, 232.79, 165.92, 1.8
PHY_108, 5.52, 160.48, 1.8
PHY_110, 5.52, 160.48, 1.8
FILLER_0_54_513, 244.26, 160.48, 1.8
FILLER_0_55_513, 244.26, 160.48, 1.8
PHY_109, 244.26, 160.48, 1.8
PHY_111, 244.26, 160.48, 1.8
FILLER_0_55_51, 34.64, 160.48, 1.8
FILLER_0_56_77, 34.64, 160.48, 1.8
FILLER_0_55_105, 47.44, 160.48, 1.8
FILLER_0_54_133, 73.04, 160.48, 1.8
FILLER_0_55_161, 85.84, 160.48, 1.8
FILLER_0_54_189, 98.64, 160.48, 1.8
FILLER_0_55_217, 111.44, 160.48, 1.8
FILLER_0_54_245, 124.24, 160.48, 1.8
FILLER_0_55_273, 137.04, 160.48, 1.8
FILLER_0_54_301, 149.84, 160.48, 1.8
FILLER_0_55_329, 162.64, 160.48, 1.8
FILLER_0_55_385, 186.91, 160.48, 1.8
FILLER_0_54_413, 198.38, 160.48, 1.8
FILLER_0_55_441, 209.85, 160.48, 1.8
FILLER_0_54_469, 221.32, 160.48, 1.8
FILLER_0_55_497, 232.79, 160.48, 1.8
FILLER_0_55_505, 232.79, 160.48, 1.8
PHY_104, 5.52, 155.04, 1.8
PHY_106, 5.52, 155.04, 1.8
FILLER_0_52_513, 244.26, 155.04, 1.8
FILLER_0_53_513, 244.26, 155.04, 1.8
PHY_105, 244.26, 155.04, 1.8
PHY_107, 244.26, 155.04, 1.8
FILLER_0_53_51, 34.64, 155.04, 1.8
FILLER_0_54_77, 34.64, 155.04, 1.8
FILLER_0_53_105, 47.44, 155.04, 1.8
FILLER_0_52_133, 73.04, 155.04, 1.8
FILLER_0_53_161, 85.84, 155.04, 1.8
FILLER_0_52_189, 98.64, 155.04, 1.8
FILLER_0_53_217, 111.44, 155.04, 1.8
FILLER_0_52_245, 124.24, 155.04, 1.8
FILLER_0_53_249, 124.24, 155.04, 1.8
_08_, 124.24, 155.04, 1.8
_10_, 124.24, 155.04, 1.8
FILLER_0_53_272, 137.04, 155.04, 1.8
FILLER_0_52_304, 149.84, 155.04, 1.8
FILLER_0_53_329, 162.64, 155.04, 1.8
FILLER_0_53_385, 186.91, 155.04, 1.8
FILLER_0_52_413, 198.38, 155.04, 1.8
FILLER_0_53_441, 209.85, 155.04, 1.8
FILLER_0_52_469, 221.32, 155.04, 1.8
FILLER_0_53_497, 232.79, 155.04, 1.8
FILLER_0_53_505, 232.79, 155.04, 1.8
PHY_100, 5.52, 149.6, 1.8
PHY_102, 5.52, 149.6, 1.8
input1, 5.52, 149.6, 1.8
FILLER_0_50_513, 244.26, 149.6, 1.8
FILLER_0_51_513, 244.26, 149.6, 1.8
PHY_101, 244.26, 149.6, 1.8
PHY_103, 244.26, 149.6, 1.8
FILLER_0_52_77, 34.64, 149.6, 1.8
FILLER_0_51_105, 47.44, 149.6, 1.8
FILLER_0_50_133, 73.04, 149.6, 1.8
FILLER_0_51_161, 85.84, 149.6, 1.8
FILLER_0_50_189, 98.64, 149.6, 1.8
FILLER_0_51_217, 111.44, 149.6, 1.8
FILLER_0_51_237, 111.44, 149.6, 1.8
_09_, 111.44, 149.6, 1.8
FILLER_0_50_248, 124.24, 149.6, 1.8
_06_, 124.24, 149.6, 1.8
_07_, 124.24, 149.6, 1.8
_11_, 124.24, 149.6, 1.8
_12_, 124.24, 149.6, 1.8
FILLER_0_51_273, 137.04, 149.6, 1.8
FILLER_0_50_304, 149.84, 149.6, 1.8
FILLER_0_51_329, 162.64, 149.6, 1.8
FILLER_0_51_385, 186.91, 149.6, 1.8
FILLER_0_50_413, 198.38, 149.6, 1.8
FILLER_0_51_441, 209.85, 149.6, 1.8
FILLER_0_50_469, 221.32, 149.6, 1.8
FILLER_0_51_497, 232.79, 149.6, 1.8
FILLER_0_51_505, 232.79, 149.6, 1.8
PHY_96, 5.52, 144.16, 1.8
PHY_98, 5.52, 144.16, 1.8
FILLER_0_48_513, 244.26, 144.16, 1.8
FILLER_0_49_513, 244.26, 144.16, 1.8
PHY_97, 244.26, 144.16, 1.8
PHY_99, 244.26, 144.16, 1.8
FILLER_0_49_51, 34.64, 144.16, 1.8
FILLER_0_50_77, 34.64, 144.16, 1.8
FILLER_0_49_105, 47.44, 144.16, 1.8
FILLER_0_48_133, 73.04, 144.16, 1.8
FILLER_0_49_161, 85.84, 144.16, 1.8
FILLER_0_48_189, 98.64, 144.16, 1.8
FILLER_0_49_217, 111.44, 144.16, 1.8
FILLER_0_49_237, 111.44, 144.16, 1.8
_05_, 111.44, 144.16, 1.8
FILLER_0_48_245, 124.24, 144.16, 1.8
_13_, 124.24, 144.16, 1.8
_14_, 124.24, 144.16, 1.8
FILLER_0_48_301, 149.84, 144.16, 1.8
FILLER_0_49_329, 162.64, 144.16, 1.8
FILLER_0_49_385, 186.91, 144.16, 1.8
FILLER_0_48_413, 198.38, 144.16, 1.8
FILLER_0_49_441, 209.85, 144.16, 1.8
FILLER_0_48_469, 221.32, 144.16, 1.8
FILLER_0_49_497, 232.79, 144.16, 1.8
FILLER_0_49_505, 232.79, 144.16, 1.8
PHY_92, 5.52, 138.72, 1.8
PHY_94, 5.52, 138.72, 1.8
FILLER_0_46_513, 244.26, 138.72, 1.8
FILLER_0_47_513, 244.26, 138.72, 1.8
PHY_93, 244.26, 138.72, 1.8
PHY_95, 244.26, 138.72, 1.8
FILLER_0_47_51, 34.64, 138.72, 1.8
FILLER_0_48_77, 34.64, 138.72, 1.8
FILLER_0_47_105, 47.44, 138.72, 1.8
FILLER_0_46_133, 73.04, 138.72, 1.8
FILLER_0_47_161, 85.84, 138.72, 1.8
FILLER_0_46_189, 98.64, 138.72, 1.8
FILLER_0_47_217, 111.44, 138.72, 1.8
FILLER_0_46_245, 124.24, 138.72, 1.8
FILLER_0_47_273, 137.04, 138.72, 1.8
FILLER_0_46_301, 149.84, 138.72, 1.8
FILLER_0_47_329, 162.64, 138.72, 1.8
FILLER_0_47_385, 186.91, 138.72, 1.8
FILLER_0_46_413, 198.38, 138.72, 1.8
FILLER_0_47_441, 209.85, 138.72, 1.8
FILLER_0_46_469, 221.32, 138.72, 1.8
FILLER_0_47_497, 232.79, 138.72, 1.8
FILLER_0_47_505, 232.79, 138.72, 1.8
PHY_88, 5.52, 133.28, 1.8
PHY_90, 5.52, 133.28, 1.8
FILLER_0_44_513, 244.26, 133.28, 1.8
FILLER_0_45_513, 244.26, 133.28, 1.8
PHY_89, 244.26, 133.28, 1.8
PHY_91, 244.26, 133.28, 1.8
FILLER_0_45_51, 34.64, 133.28, 1.8
FILLER_0_46_77, 34.64, 133.28, 1.8
FILLER_0_45_105, 47.44, 133.28, 1.8
FILLER_0_44_133, 73.04, 133.28, 1.8
FILLER_0_45_161, 85.84, 133.28, 1.8
FILLER_0_44_189, 98.64, 133.28, 1.8
FILLER_0_45_217, 111.44, 133.28, 1.8
FILLER_0_44_245, 124.24, 133.28, 1.8
FILLER_0_45_273, 137.04, 133.28, 1.8
FILLER_0_44_301, 149.84, 133.28, 1.8
FILLER_0_45_329, 162.64, 133.28, 1.8
FILLER_0_45_385, 186.91, 133.28, 1.8
FILLER_0_44_413, 198.38, 133.28, 1.8
FILLER_0_45_441, 209.85, 133.28, 1.8
FILLER_0_44_469, 221.32, 133.28, 1.8
FILLER_0_45_497, 232.79, 133.28, 1.8
FILLER_0_45_505, 232.79, 133.28, 1.8
PHY_84, 5.52, 127.84, 1.8
PHY_86, 5.52, 127.84, 1.8
FILLER_0_42_513, 244.26, 127.84, 1.8
FILLER_0_43_513, 244.26, 127.84, 1.8
PHY_85, 244.26, 127.84, 1.8
PHY_87, 244.26, 127.84, 1.8
FILLER_0_43_51, 34.64, 127.84, 1.8
FILLER_0_44_77, 34.64, 127.84, 1.8
FILLER_0_43_105, 47.44, 127.84, 1.8
FILLER_0_42_133, 73.04, 127.84, 1.8
FILLER_0_43_161, 85.84, 127.84, 1.8
FILLER_0_42_189, 98.64, 127.84, 1.8
FILLER_0_43_217, 111.44, 127.84, 1.8
FILLER_0_42_245, 124.24, 127.84, 1.8
FILLER_0_43_273, 137.04, 127.84, 1.8
FILLER_0_42_301, 149.84, 127.84, 1.8
FILLER_0_43_329, 162.64, 127.84, 1.8
FILLER_0_43_385, 186.91, 127.84, 1.8
FILLER_0_42_413, 198.38, 127.84, 1.8
FILLER_0_43_441, 209.85, 127.84, 1.8
FILLER_0_42_469, 221.32, 127.84, 1.8
FILLER_0_43_497, 232.79, 127.84, 1.8
FILLER_0_43_505, 232.79, 127.84, 1.8
PHY_80, 5.52, 122.4, 1.8
PHY_82, 5.52, 122.4, 1.8
FILLER_0_40_513, 244.26, 122.4, 1.8
FILLER_0_41_513, 244.26, 122.4, 1.8
PHY_81, 244.26, 122.4, 1.8
PHY_83, 244.26, 122.4, 1.8
FILLER_0_41_51, 34.64, 122.4, 1.8
FILLER_0_42_77, 34.64, 122.4, 1.8
FILLER_0_41_105, 47.44, 122.4, 1.8
FILLER_0_40_133, 73.04, 122.4, 1.8
FILLER_0_41_161, 85.84, 122.4, 1.8
FILLER_0_40_189, 98.64, 122.4, 1.8
FILLER_0_41_217, 111.44, 122.4, 1.8
FILLER_0_40_245, 124.24, 122.4, 1.8
FILLER_0_41_273, 137.04, 122.4, 1.8
FILLER_0_40_301, 149.84, 122.4, 1.8
FILLER_0_41_329, 162.64, 122.4, 1.8
FILLER_0_41_385, 186.91, 122.4, 1.8
FILLER_0_40_413, 198.38, 122.4, 1.8
FILLER_0_41_441, 209.85, 122.4, 1.8
FILLER_0_40_469, 221.32, 122.4, 1.8
FILLER_0_41_497, 232.79, 122.4, 1.8
FILLER_0_41_505, 232.79, 122.4, 1.8
PHY_76, 5.52, 116.96, 1.8
PHY_78, 5.52, 116.96, 1.8
FILLER_0_38_513, 244.26, 116.96, 1.8
FILLER_0_39_513, 244.26, 116.96, 1.8
PHY_77, 244.26, 116.96, 1.8
PHY_79, 244.26, 116.96, 1.8
FILLER_0_39_51, 34.64, 116.96, 1.8
FILLER_0_40_77, 34.64, 116.96, 1.8
FILLER_0_39_105, 47.44, 116.96, 1.8
FILLER_0_38_133, 73.04, 116.96, 1.8
FILLER_0_39_161, 85.84, 116.96, 1.8
FILLER_0_38_189, 98.64, 116.96, 1.8
FILLER_0_39_217, 111.44, 116.96, 1.8
FILLER_0_38_245, 124.24, 116.96, 1.8
FILLER_0_39_273, 137.04, 116.96, 1.8
FILLER_0_38_301, 149.84, 116.96, 1.8
FILLER_0_39_329, 162.64, 116.96, 1.8
FILLER_0_39_385, 186.91, 116.96, 1.8
FILLER_0_38_413, 198.38, 116.96, 1.8
FILLER_0_39_441, 209.85, 116.96, 1.8
FILLER_0_38_469, 221.32, 116.96, 1.8
FILLER_0_39_497, 232.79, 116.96, 1.8
FILLER_0_39_505, 232.79, 116.96, 1.8
PHY_72, 5.52, 111.52, 1.8
PHY_74, 5.52, 111.52, 1.8
FILLER_0_36_513, 244.26, 111.52, 1.8
FILLER_0_37_513, 244.26, 111.52, 1.8
PHY_73, 244.26, 111.52, 1.8
PHY_75, 244.26, 111.52, 1.8
FILLER_0_37_51, 34.64, 111.52, 1.8
FILLER_0_38_77, 34.64, 111.52, 1.8
FILLER_0_37_105, 47.44, 111.52, 1.8
FILLER_0_36_133, 73.04, 111.52, 1.8
FILLER_0_37_161, 85.84, 111.52, 1.8
FILLER_0_36_189, 98.64, 111.52, 1.8
FILLER_0_37_217, 111.44, 111.52, 1.8
FILLER_0_36_245, 124.24, 111.52, 1.8
FILLER_0_37_273, 137.04, 111.52, 1.8
FILLER_0_36_301, 149.84, 111.52, 1.8
FILLER_0_37_329, 162.64, 111.52, 1.8
FILLER_0_37_385, 186.91, 111.52, 1.8
FILLER_0_36_413, 198.38, 111.52, 1.8
FILLER_0_37_441, 209.85, 111.52, 1.8
FILLER_0_36_469, 221.32, 111.52, 1.8
FILLER_0_37_497, 232.79, 111.52, 1.8
FILLER_0_37_505, 232.79, 111.52, 1.8
PHY_68, 5.52, 106.08, 1.8
PHY_70, 5.52, 106.08, 1.8
FILLER_0_34_513, 244.26, 106.08, 1.8
FILLER_0_35_513, 244.26, 106.08, 1.8
PHY_69, 244.26, 106.08, 1.8
PHY_71, 244.26, 106.08, 1.8
FILLER_0_35_51, 34.64, 106.08, 1.8
FILLER_0_36_77, 34.64, 106.08, 1.8
FILLER_0_35_105, 47.44, 106.08, 1.8
FILLER_0_34_133, 73.04, 106.08, 1.8
FILLER_0_35_161, 85.84, 106.08, 1.8
FILLER_0_34_189, 98.64, 106.08, 1.8
FILLER_0_35_217, 111.44, 106.08, 1.8
FILLER_0_34_245, 124.24, 106.08, 1.8
FILLER_0_35_273, 137.04, 106.08, 1.8
FILLER_0_34_301, 149.84, 106.08, 1.8
FILLER_0_35_329, 162.64, 106.08, 1.8
FILLER_0_35_385, 186.91, 106.08, 1.8
FILLER_0_34_413, 198.38, 106.08, 1.8
FILLER_0_35_441, 209.85, 106.08, 1.8
FILLER_0_34_469, 221.32, 106.08, 1.8
FILLER_0_35_497, 232.79, 106.08, 1.8
FILLER_0_35_505, 232.79, 106.08, 1.8
PHY_64, 5.52, 100.64, 1.8
PHY_66, 5.52, 100.64, 1.8
FILLER_0_32_513, 244.26, 100.64, 1.8
FILLER_0_33_513, 244.26, 100.64, 1.8
PHY_65, 244.26, 100.64, 1.8
PHY_67, 244.26, 100.64, 1.8
FILLER_0_33_51, 34.64, 100.64, 1.8
FILLER_0_34_77, 34.64, 100.64, 1.8
FILLER_0_33_105, 47.44, 100.64, 1.8
FILLER_0_32_133, 73.04, 100.64, 1.8
FILLER_0_33_161, 85.84, 100.64, 1.8
FILLER_0_32_189, 98.64, 100.64, 1.8
FILLER_0_33_217, 111.44, 100.64, 1.8
FILLER_0_32_245, 124.24, 100.64, 1.8
FILLER_0_33_273, 137.04, 100.64, 1.8
FILLER_0_32_301, 149.84, 100.64, 1.8
FILLER_0_33_329, 162.64, 100.64, 1.8
FILLER_0_33_385, 186.91, 100.64, 1.8
FILLER_0_32_413, 198.38, 100.64, 1.8
FILLER_0_33_441, 209.85, 100.64, 1.8
FILLER_0_32_469, 221.32, 100.64, 1.8
FILLER_0_33_497, 232.79, 100.64, 1.8
FILLER_0_33_505, 232.79, 100.64, 1.8
PHY_60, 5.52, 95.2, 1.8
PHY_62, 5.52, 95.2, 1.8
FILLER_0_30_513, 244.26, 95.2, 1.8
FILLER_0_31_513, 244.26, 95.2, 1.8
PHY_61, 244.26, 95.2, 1.8
PHY_63, 244.26, 95.2, 1.8
FILLER_0_31_51, 34.64, 95.2, 1.8
FILLER_0_32_77, 34.64, 95.2, 1.8
FILLER_0_31_105, 47.44, 95.2, 1.8
FILLER_0_30_133, 73.04, 95.2, 1.8
FILLER_0_31_161, 85.84, 95.2, 1.8
FILLER_0_30_189, 98.64, 95.2, 1.8
FILLER_0_31_217, 111.44, 95.2, 1.8
FILLER_0_30_245, 124.24, 95.2, 1.8
FILLER_0_31_273, 137.04, 95.2, 1.8
FILLER_0_30_301, 149.84, 95.2, 1.8
FILLER_0_31_329, 162.64, 95.2, 1.8
FILLER_0_31_385, 186.91, 95.2, 1.8
FILLER_0_30_413, 198.38, 95.2, 1.8
FILLER_0_31_441, 209.85, 95.2, 1.8
FILLER_0_30_469, 221.32, 95.2, 1.8
FILLER_0_31_497, 232.79, 95.2, 1.8
FILLER_0_31_505, 232.79, 95.2, 1.8
PHY_56, 5.52, 89.76, 1.8
PHY_58, 5.52, 89.76, 1.8
FILLER_0_28_513, 244.26, 89.76, 1.8
FILLER_0_29_513, 244.26, 89.76, 1.8
PHY_57, 244.26, 89.76, 1.8
PHY_59, 244.26, 89.76, 1.8
FILLER_0_29_51, 34.64, 89.76, 1.8
FILLER_0_30_77, 34.64, 89.76, 1.8
FILLER_0_29_105, 47.44, 89.76, 1.8
FILLER_0_28_133, 73.04, 89.76, 1.8
FILLER_0_29_161, 85.84, 89.76, 1.8
FILLER_0_28_189, 98.64, 89.76, 1.8
FILLER_0_29_217, 111.44, 89.76, 1.8
FILLER_0_28_245, 124.24, 89.76, 1.8
FILLER_0_29_273, 137.04, 89.76, 1.8
FILLER_0_28_301, 149.84, 89.76, 1.8
FILLER_0_29_329, 162.64, 89.76, 1.8
FILLER_0_29_385, 186.91, 89.76, 1.8
FILLER_0_28_413, 198.38, 89.76, 1.8
FILLER_0_29_441, 209.85, 89.76, 1.8
FILLER_0_28_469, 221.32, 89.76, 1.8
FILLER_0_29_497, 232.79, 89.76, 1.8
FILLER_0_29_505, 232.79, 89.76, 1.8
PHY_52, 5.52, 84.32, 1.8
PHY_54, 5.52, 84.32, 1.8
FILLER_0_26_513, 244.26, 84.32, 1.8
FILLER_0_27_513, 244.26, 84.32, 1.8
PHY_53, 244.26, 84.32, 1.8
PHY_55, 244.26, 84.32, 1.8
FILLER_0_27_51, 34.64, 84.32, 1.8
FILLER_0_28_77, 34.64, 84.32, 1.8
FILLER_0_27_105, 47.44, 84.32, 1.8
FILLER_0_26_133, 73.04, 84.32, 1.8
FILLER_0_27_161, 85.84, 84.32, 1.8
FILLER_0_26_189, 98.64, 84.32, 1.8
FILLER_0_27_217, 111.44, 84.32, 1.8
FILLER_0_26_245, 124.24, 84.32, 1.8
FILLER_0_27_273, 137.04, 84.32, 1.8
FILLER_0_26_301, 149.84, 84.32, 1.8
FILLER_0_27_329, 162.64, 84.32, 1.8
FILLER_0_27_385, 186.91, 84.32, 1.8
FILLER_0_26_413, 198.38, 84.32, 1.8
FILLER_0_27_441, 209.85, 84.32, 1.8
FILLER_0_26_469, 221.32, 84.32, 1.8
FILLER_0_27_497, 232.79, 84.32, 1.8
FILLER_0_27_505, 232.79, 84.32, 1.8
PHY_48, 5.52, 78.88, 1.8
PHY_50, 5.52, 78.88, 1.8
FILLER_0_24_513, 244.26, 78.88, 1.8
FILLER_0_25_513, 244.26, 78.88, 1.8
PHY_49, 244.26, 78.88, 1.8
PHY_51, 244.26, 78.88, 1.8
FILLER_0_25_51, 34.64, 78.88, 1.8
FILLER_0_26_77, 34.64, 78.88, 1.8
FILLER_0_25_105, 47.44, 78.88, 1.8
FILLER_0_24_133, 73.04, 78.88, 1.8
FILLER_0_25_161, 85.84, 78.88, 1.8
FILLER_0_24_189, 98.64, 78.88, 1.8
FILLER_0_25_217, 111.44, 78.88, 1.8
FILLER_0_24_245, 124.24, 78.88, 1.8
FILLER_0_25_273, 137.04, 78.88, 1.8
FILLER_0_24_301, 149.84, 78.88, 1.8
FILLER_0_25_329, 162.64, 78.88, 1.8
FILLER_0_25_385, 186.91, 78.88, 1.8
FILLER_0_24_413, 198.38, 78.88, 1.8
FILLER_0_25_441, 209.85, 78.88, 1.8
FILLER_0_24_469, 221.32, 78.88, 1.8
FILLER_0_25_497, 232.79, 78.88, 1.8
FILLER_0_25_505, 232.79, 78.88, 1.8
PHY_44, 5.52, 73.44, 1.8
PHY_46, 5.52, 73.44, 1.8
FILLER_0_22_513, 244.26, 73.44, 1.8
FILLER_0_23_513, 244.26, 73.44, 1.8
PHY_45, 244.26, 73.44, 1.8
PHY_47, 244.26, 73.44, 1.8
FILLER_0_23_51, 34.64, 73.44, 1.8
FILLER_0_24_77, 34.64, 73.44, 1.8
FILLER_0_23_105, 47.44, 73.44, 1.8
FILLER_0_22_133, 73.04, 73.44, 1.8
FILLER_0_23_161, 85.84, 73.44, 1.8
FILLER_0_22_189, 98.64, 73.44, 1.8
FILLER_0_23_217, 111.44, 73.44, 1.8
FILLER_0_22_245, 124.24, 73.44, 1.8
FILLER_0_23_273, 137.04, 73.44, 1.8
FILLER_0_22_301, 149.84, 73.44, 1.8
FILLER_0_23_329, 162.64, 73.44, 1.8
FILLER_0_23_385, 186.91, 73.44, 1.8
FILLER_0_22_413, 198.38, 73.44, 1.8
FILLER_0_23_441, 209.85, 73.44, 1.8
FILLER_0_22_469, 221.32, 73.44, 1.8
FILLER_0_23_497, 232.79, 73.44, 1.8
FILLER_0_23_505, 232.79, 73.44, 1.8
PHY_40, 5.52, 68, 1.8
PHY_42, 5.52, 68, 1.8
FILLER_0_20_513, 244.26, 68, 1.8
FILLER_0_21_513, 244.26, 68, 1.8
PHY_41, 244.26, 68, 1.8
PHY_43, 244.26, 68, 1.8
FILLER_0_21_51, 34.64, 68, 1.8
FILLER_0_22_77, 34.64, 68, 1.8
FILLER_0_21_105, 47.44, 68, 1.8
FILLER_0_20_133, 73.04, 68, 1.8
FILLER_0_21_161, 85.84, 68, 1.8
FILLER_0_20_189, 98.64, 68, 1.8
FILLER_0_21_217, 111.44, 68, 1.8
FILLER_0_20_245, 124.24, 68, 1.8
FILLER_0_21_273, 137.04, 68, 1.8
FILLER_0_20_301, 149.84, 68, 1.8
FILLER_0_21_329, 162.64, 68, 1.8
FILLER_0_21_385, 186.91, 68, 1.8
FILLER_0_20_413, 198.38, 68, 1.8
FILLER_0_21_441, 209.85, 68, 1.8
FILLER_0_20_469, 221.32, 68, 1.8
FILLER_0_21_497, 232.79, 68, 1.8
FILLER_0_21_505, 232.79, 68, 1.8
PHY_36, 5.52, 62.56, 1.8
PHY_38, 5.52, 62.56, 1.8
FILLER_0_18_513, 244.26, 62.56, 1.8
FILLER_0_19_513, 244.26, 62.56, 1.8
PHY_37, 244.26, 62.56, 1.8
PHY_39, 244.26, 62.56, 1.8
FILLER_0_19_51, 34.64, 62.56, 1.8
FILLER_0_20_77, 34.64, 62.56, 1.8
FILLER_0_19_105, 47.44, 62.56, 1.8
FILLER_0_18_133, 73.04, 62.56, 1.8
FILLER_0_19_161, 85.84, 62.56, 1.8
FILLER_0_18_189, 98.64, 62.56, 1.8
FILLER_0_19_217, 111.44, 62.56, 1.8
FILLER_0_18_245, 124.24, 62.56, 1.8
FILLER_0_19_273, 137.04, 62.56, 1.8
FILLER_0_18_301, 149.84, 62.56, 1.8
FILLER_0_19_329, 162.64, 62.56, 1.8
FILLER_0_19_385, 186.91, 62.56, 1.8
FILLER_0_18_413, 198.38, 62.56, 1.8
FILLER_0_19_441, 209.85, 62.56, 1.8
FILLER_0_18_469, 221.32, 62.56, 1.8
FILLER_0_19_497, 232.79, 62.56, 1.8
FILLER_0_19_505, 232.79, 62.56, 1.8
PHY_32, 5.52, 57.12, 1.8
PHY_34, 5.52, 57.12, 1.8
FILLER_0_16_513, 244.26, 57.12, 1.8
FILLER_0_17_513, 244.26, 57.12, 1.8
PHY_33, 244.26, 57.12, 1.8
PHY_35, 244.26, 57.12, 1.8
FILLER_0_17_51, 34.64, 57.12, 1.8
FILLER_0_18_77, 34.64, 57.12, 1.8
FILLER_0_17_105, 47.44, 57.12, 1.8
FILLER_0_16_133, 73.04, 57.12, 1.8
FILLER_0_17_161, 85.84, 57.12, 1.8
FILLER_0_16_189, 98.64, 57.12, 1.8
FILLER_0_17_217, 111.44, 57.12, 1.8
FILLER_0_16_245, 124.24, 57.12, 1.8
FILLER_0_17_273, 137.04, 57.12, 1.8
FILLER_0_16_301, 149.84, 57.12, 1.8
FILLER_0_17_329, 162.64, 57.12, 1.8
FILLER_0_17_385, 186.91, 57.12, 1.8
FILLER_0_16_413, 198.38, 57.12, 1.8
FILLER_0_17_441, 209.85, 57.12, 1.8
FILLER_0_16_469, 221.32, 57.12, 1.8
FILLER_0_17_497, 232.79, 57.12, 1.8
FILLER_0_17_505, 232.79, 57.12, 1.8
PHY_28, 5.52, 51.68, 1.8
PHY_30, 5.52, 51.68, 1.8
FILLER_0_14_513, 244.26, 51.68, 1.8
FILLER_0_15_513, 244.26, 51.68, 1.8
PHY_29, 244.26, 51.68, 1.8
PHY_31, 244.26, 51.68, 1.8
FILLER_0_15_51, 34.64, 51.68, 1.8
FILLER_0_16_77, 34.64, 51.68, 1.8
FILLER_0_15_105, 47.44, 51.68, 1.8
FILLER_0_14_133, 73.04, 51.68, 1.8
FILLER_0_15_161, 85.84, 51.68, 1.8
FILLER_0_14_189, 98.64, 51.68, 1.8
FILLER_0_15_217, 111.44, 51.68, 1.8
FILLER_0_14_245, 124.24, 51.68, 1.8
FILLER_0_15_273, 137.04, 51.68, 1.8
FILLER_0_14_301, 149.84, 51.68, 1.8
FILLER_0_15_329, 162.64, 51.68, 1.8
FILLER_0_15_385, 186.91, 51.68, 1.8
FILLER_0_14_413, 198.38, 51.68, 1.8
FILLER_0_15_441, 209.85, 51.68, 1.8
FILLER_0_14_469, 221.32, 51.68, 1.8
FILLER_0_15_497, 232.79, 51.68, 1.8
FILLER_0_15_505, 232.79, 51.68, 1.8
PHY_24, 5.52, 46.24, 1.8
PHY_26, 5.52, 46.24, 1.8
FILLER_0_12_513, 244.26, 46.24, 1.8
FILLER_0_13_513, 244.26, 46.24, 1.8
PHY_25, 244.26, 46.24, 1.8
PHY_27, 244.26, 46.24, 1.8
FILLER_0_13_51, 34.64, 46.24, 1.8
FILLER_0_14_77, 34.64, 46.24, 1.8
FILLER_0_13_105, 47.44, 46.24, 1.8
FILLER_0_12_133, 73.04, 46.24, 1.8
FILLER_0_13_161, 85.84, 46.24, 1.8
FILLER_0_12_189, 98.64, 46.24, 1.8
FILLER_0_13_217, 111.44, 46.24, 1.8
FILLER_0_12_245, 124.24, 46.24, 1.8
FILLER_0_13_273, 137.04, 46.24, 1.8
FILLER_0_12_301, 149.84, 46.24, 1.8
FILLER_0_13_329, 162.64, 46.24, 1.8
FILLER_0_13_385, 186.91, 46.24, 1.8
FILLER_0_12_413, 198.38, 46.24, 1.8
FILLER_0_13_441, 209.85, 46.24, 1.8
FILLER_0_12_469, 221.32, 46.24, 1.8
FILLER_0_13_497, 232.79, 46.24, 1.8
FILLER_0_13_505, 232.79, 46.24, 1.8
PHY_20, 5.52, 40.8, 1.8
PHY_22, 5.52, 40.8, 1.8
FILLER_0_10_513, 244.26, 40.8, 1.8
FILLER_0_11_513, 244.26, 40.8, 1.8
PHY_21, 244.26, 40.8, 1.8
PHY_23, 244.26, 40.8, 1.8
FILLER_0_11_51, 34.64, 40.8, 1.8
FILLER_0_12_77, 34.64, 40.8, 1.8
FILLER_0_11_105, 47.44, 40.8, 1.8
FILLER_0_10_133, 73.04, 40.8, 1.8
FILLER_0_11_161, 85.84, 40.8, 1.8
FILLER_0_10_189, 98.64, 40.8, 1.8
FILLER_0_11_217, 111.44, 40.8, 1.8
FILLER_0_10_245, 124.24, 40.8, 1.8
FILLER_0_11_273, 137.04, 40.8, 1.8
FILLER_0_10_301, 149.84, 40.8, 1.8
FILLER_0_11_329, 162.64, 40.8, 1.8
FILLER_0_11_385, 186.91, 40.8, 1.8
FILLER_0_10_413, 198.38, 40.8, 1.8
FILLER_0_11_441, 209.85, 40.8, 1.8
FILLER_0_10_469, 221.32, 40.8, 1.8
FILLER_0_11_497, 232.79, 40.8, 1.8
FILLER_0_11_505, 232.79, 40.8, 1.8
PHY_16, 5.52, 35.36, 1.8
PHY_18, 5.52, 35.36, 1.8
FILLER_0_8_513, 244.26, 35.36, 1.8
FILLER_0_9_513, 244.26, 35.36, 1.8
PHY_17, 244.26, 35.36, 1.8
PHY_19, 244.26, 35.36, 1.8
FILLER_0_10_77, 34.64, 35.36, 1.8
FILLER_0_9_51, 34.64, 35.36, 1.8
FILLER_0_9_105, 47.44, 35.36, 1.8
FILLER_0_8_133, 73.04, 35.36, 1.8
FILLER_0_9_161, 85.84, 35.36, 1.8
FILLER_0_8_189, 98.64, 35.36, 1.8
FILLER_0_9_217, 111.44, 35.36, 1.8
FILLER_0_8_245, 124.24, 35.36, 1.8
FILLER_0_9_273, 137.04, 35.36, 1.8
FILLER_0_8_301, 149.84, 35.36, 1.8
FILLER_0_9_329, 162.64, 35.36, 1.8
FILLER_0_9_385, 186.91, 35.36, 1.8
FILLER_0_8_413, 198.38, 35.36, 1.8
FILLER_0_9_441, 209.85, 35.36, 1.8
FILLER_0_8_469, 221.32, 35.36, 1.8
FILLER_0_9_497, 232.79, 35.36, 1.8
FILLER_0_9_505, 232.79, 35.36, 1.8
PHY_12, 5.52, 29.92, 1.8
PHY_14, 5.52, 29.92, 1.8
FILLER_0_6_513, 244.26, 29.92, 1.8
FILLER_0_7_513, 244.26, 29.92, 1.8
PHY_13, 244.26, 29.92, 1.8
PHY_15, 244.26, 29.92, 1.8
FILLER_0_7_51, 34.64, 29.92, 1.8
FILLER_0_8_77, 34.64, 29.92, 1.8
FILLER_0_7_105, 47.44, 29.92, 1.8
FILLER_0_6_133, 73.04, 29.92, 1.8
FILLER_0_7_161, 85.84, 29.92, 1.8
FILLER_0_6_189, 98.64, 29.92, 1.8
FILLER_0_7_217, 111.44, 29.92, 1.8
FILLER_0_6_245, 124.24, 29.92, 1.8
FILLER_0_7_273, 137.04, 29.92, 1.8
FILLER_0_6_301, 149.84, 29.92, 1.8
FILLER_0_7_329, 162.64, 29.92, 1.8
FILLER_0_7_385, 186.91, 29.92, 1.8
FILLER_0_6_413, 198.38, 29.92, 1.8
FILLER_0_7_441, 209.85, 29.92, 1.8
FILLER_0_6_469, 221.32, 29.92, 1.8
FILLER_0_7_497, 232.79, 29.92, 1.8
FILLER_0_7_505, 232.79, 29.92, 1.8
PHY_10, 5.52, 24.48, 1.8
PHY_8, 5.52, 24.48, 1.8
FILLER_0_4_513, 244.26, 24.48, 1.8
FILLER_0_5_513, 244.26, 24.48, 1.8
PHY_11, 244.26, 24.48, 1.8
PHY_9, 244.26, 24.48, 1.8
FILLER_0_5_51, 34.64, 24.48, 1.8
FILLER_0_6_77, 34.64, 24.48, 1.8
FILLER_0_5_105, 47.44, 24.48, 1.8
FILLER_0_4_133, 73.04, 24.48, 1.8
FILLER_0_5_161, 85.84, 24.48, 1.8
FILLER_0_4_189, 98.64, 24.48, 1.8
FILLER_0_5_217, 111.44, 24.48, 1.8
FILLER_0_4_245, 124.24, 24.48, 1.8
FILLER_0_5_273, 137.04, 24.48, 1.8
FILLER_0_4_301, 149.84, 24.48, 1.8
FILLER_0_5_329, 162.64, 24.48, 1.8
FILLER_0_5_385, 186.91, 24.48, 1.8
FILLER_0_4_413, 198.38, 24.48, 1.8
FILLER_0_5_441, 209.85, 24.48, 1.8
FILLER_0_4_469, 221.32, 24.48, 1.8
FILLER_0_5_497, 232.79, 24.48, 1.8
FILLER_0_5_505, 232.79, 24.48, 1.8
PHY_4, 5.52, 19.04, 1.8
PHY_6, 5.52, 19.04, 1.8
FILLER_0_2_513, 244.26, 19.04, 1.8
FILLER_0_3_513, 244.26, 19.04, 1.8
PHY_5, 244.26, 19.04, 1.8
PHY_7, 244.26, 19.04, 1.8
FILLER_0_3_51, 34.64, 19.04, 1.8
FILLER_0_4_77, 34.64, 19.04, 1.8
FILLER_0_3_105, 47.44, 19.04, 1.8
FILLER_0_2_133, 73.04, 19.04, 1.8
FILLER_0_3_161, 85.84, 19.04, 1.8
FILLER_0_2_189, 98.64, 19.04, 1.8
FILLER_0_3_217, 111.44, 19.04, 1.8
FILLER_0_2_245, 124.24, 19.04, 1.8
FILLER_0_3_273, 137.04, 19.04, 1.8
FILLER_0_2_301, 149.84, 19.04, 1.8
FILLER_0_3_329, 162.64, 19.04, 1.8
FILLER_0_3_385, 186.91, 19.04, 1.8
FILLER_0_2_413, 198.38, 19.04, 1.8
FILLER_0_3_441, 209.85, 19.04, 1.8
FILLER_0_2_469, 221.32, 19.04, 1.8
FILLER_0_3_497, 232.79, 19.04, 1.8
FILLER_0_3_505, 232.79, 19.04, 1.8
PHY_0, 5.52, 13.6, 1.8
PHY_2, 5.52, 13.6, 1.8
FILLER_0_0_513, 244.26, 13.6, 1.8
FILLER_0_1_513, 244.26, 13.6, 1.8
PHY_1, 244.26, 13.6, 1.8
PHY_3, 244.26, 13.6, 1.8
FILLER_0_0_53, 34.64, 13.6, 1.8
FILLER_0_1_51, 34.64, 13.6, 1.8
FILLER_0_2_77, 34.64, 13.6, 1.8
FILLER_0_0_81, 47.44, 13.6, 1.8
FILLER_0_1_105, 47.44, 13.6, 1.8
FILLER_0_0_109, 60.24, 13.6, 1.8
FILLER_0_0_137, 73.04, 13.6, 1.8
FILLER_0_0_165, 85.84, 13.6, 1.8
FILLER_0_1_161, 85.84, 13.6, 1.8
FILLER_0_0_193, 98.64, 13.6, 1.8
FILLER_0_0_221, 111.44, 13.6, 1.8
FILLER_0_1_217, 111.44, 13.6, 1.8
FILLER_0_0_249, 124.24, 13.6, 1.8
FILLER_0_0_277, 137.04, 13.6, 1.8
FILLER_0_1_273, 137.04, 13.6, 1.8
FILLER_0_0_305, 149.84, 13.6, 1.8
FILLER_0_0_333, 162.64, 13.6, 1.8
FILLER_0_1_329, 162.64, 13.6, 1.8
FILLER_0_0_389, 186.91, 13.6, 1.8
FILLER_0_1_385, 186.91, 13.6, 1.8
FILLER_0_0_417, 198.38, 13.6, 1.8
FILLER_0_0_445, 209.85, 13.6, 1.8
FILLER_0_1_441, 209.85, 13.6, 1.8
FILLER_0_0_473, 221.32, 13.6, 1.8
FILLER_0_0_501, 232.79, 13.6, 1.8
FILLER_0_0_505, 232.79, 13.6, 1.8
FILLER_0_1_497, 232.79, 13.6, 1.8
FILLER_0_1_505, 232.79, 13.6, 1.8

