
===========================================================================
report_checks -path_delay min (Hold)
============================================================================
======================= Fastest Corner ===================================

Startpoint: EN (input port clocked by CLK)
Endpoint: OUT (output port clocked by CLK)
Path Group: CLK
Path Type: min
Corner: Fastest

Fanout     Cap    Slew   Delay    Time   Description
-----------------------------------------------------------------------------
                          0.00    0.00   clock CLK (rise edge)
                          0.00    0.00   clock network delay (propagated)
                          2.00    2.00 v input external delay
                  0.00    0.00    2.00 v EN (in)
     1    0.00                           EN (net)
                  0.00    0.00    2.00 v input1/A (sky130_fd_sc_hd__buf_2)
                  0.07    0.11    2.11 v input1/X (sky130_fd_sc_hd__buf_2)
     5    0.04                           net1 (net)
                  0.07    0.00    2.11 v _05_/A (sky130_fd_sc_hd__inv_2)
                  0.05    0.06    2.17 ^ _05_/Y (sky130_fd_sc_hd__inv_2)
     1    0.01                           _04_ (net)
                  0.05    0.00    2.17 ^ _14_/TE_B (sky130_fd_sc_hd__ebufn_8)
                  0.00    0.04    2.21 v _14_/Z (sky130_fd_sc_hd__ebufn_8)
     1    0.06                           OUT (net)
                  0.00    0.00    2.21 v OUT (out)
                                  2.21   data arrival time

                          0.00    0.00   clock CLK (rise edge)
                          0.00    0.00   clock network delay (propagated)
                          0.25    0.25   clock uncertainty
                          0.00    0.25   clock reconvergence pessimism
                         -2.00   -1.75   output external delay
                                 -1.75   data required time
-----------------------------------------------------------------------------
                                 -1.75   data required time
                                 -2.21   data arrival time
-----------------------------------------------------------------------------
                                  3.96   slack (MET)



======================= Slowest Corner ===================================

Startpoint: EN (input port clocked by CLK)
Endpoint: OUT (output port clocked by CLK)
Path Group: CLK
Path Type: min
Corner: Slowest

Fanout     Cap    Slew   Delay    Time   Description
-----------------------------------------------------------------------------
                          0.00    0.00   clock CLK (rise edge)
                          0.00    0.00   clock network delay (propagated)
                          2.00    2.00 v input external delay
                  0.02    0.01    2.01 v EN (in)
     1    0.00                           EN (net)
                  0.02    0.00    2.01 v input1/A (sky130_fd_sc_hd__buf_2)
                  0.18    0.31    2.32 v input1/X (sky130_fd_sc_hd__buf_2)
     5    0.04                           net1 (net)
                  0.18    0.00    2.32 v _05_/A (sky130_fd_sc_hd__inv_2)
                  0.11    0.16    2.48 ^ _05_/Y (sky130_fd_sc_hd__inv_2)
     1    0.01                           _04_ (net)
                  0.11    0.00    2.48 ^ _14_/TE_B (sky130_fd_sc_hd__ebufn_8)
                  0.00    0.07    2.55 v _14_/Z (sky130_fd_sc_hd__ebufn_8)
     1    0.06                           OUT (net)
                  0.00    0.00    2.56 v OUT (out)
                                  2.56   data arrival time

                          0.00    0.00   clock CLK (rise edge)
                          0.00    0.00   clock network delay (propagated)
                          0.25    0.25   clock uncertainty
                          0.00    0.25   clock reconvergence pessimism
                         -2.00   -1.75   output external delay
                                 -1.75   data required time
-----------------------------------------------------------------------------
                                 -1.75   data required time
                                 -2.56   data arrival time
-----------------------------------------------------------------------------
                                  4.31   slack (MET)



======================= Typical Corner ===================================

Startpoint: EN (input port clocked by CLK)
Endpoint: OUT (output port clocked by CLK)
Path Group: CLK
Path Type: min
Corner: Typical

Fanout     Cap    Slew   Delay    Time   Description
-----------------------------------------------------------------------------
                          0.00    0.00   clock CLK (rise edge)
                          0.00    0.00   clock network delay (propagated)
                          2.00    2.00 v input external delay
                  0.01    0.00    2.00 v EN (in)
     1    0.00                           EN (net)
                  0.01    0.00    2.00 v input1/A (sky130_fd_sc_hd__buf_2)
                  0.09    0.16    2.16 v input1/X (sky130_fd_sc_hd__buf_2)
     5    0.04                           net1 (net)
                  0.09    0.00    2.17 v _05_/A (sky130_fd_sc_hd__inv_2)
                  0.07    0.09    2.25 ^ _05_/Y (sky130_fd_sc_hd__inv_2)
     1    0.01                           _04_ (net)
                  0.07    0.00    2.25 ^ _14_/TE_B (sky130_fd_sc_hd__ebufn_8)
                  0.00    0.05    2.30 v _14_/Z (sky130_fd_sc_hd__ebufn_8)
     1    0.06                           OUT (net)
                  0.00    0.00    2.31 v OUT (out)
                                  2.31   data arrival time

                          0.00    0.00   clock CLK (rise edge)
                          0.00    0.00   clock network delay (propagated)
                          0.25    0.25   clock uncertainty
                          0.00    0.25   clock reconvergence pessimism
                         -2.00   -1.75   output external delay
                                 -1.75   data required time
-----------------------------------------------------------------------------
                                 -1.75   data required time
                                 -2.31   data arrival time
-----------------------------------------------------------------------------
                                  4.06   slack (MET)



