OpenROAD 7f6c37aa57467242807155c654deb350022d75c1 
This program is licensed under the BSD-3 license. See the LICENSE file for details.
Components of this program may be licensed under more restrictive licenses which must be honored.
[INFO]: Reading ODB at '/openlane/designs/peripheral_unit_4/runs/RUN_2023.06.13_18.49.51/results/cts/peripheral_unit.odb'…
define_corners Typical
read_liberty -corner Typical /openlane/designs/peripheral_unit_4/runs/RUN_2023.06.13_18.49.51/tmp/synthesis/resizer_sky130_fd_sc_hd__tt_025C_1v80.lib
[INFO]: Setting RC values...
[INFO RSZ-0046] Found 120 endpoints with hold violations.
[INFO RSZ-0032] Inserted 121 hold buffers.
Placement Analysis
---------------------------------
total displacement        749.9 u
average displacement        0.0 u
max displacement            9.0 u
original HPWL          984617.6 u
legalized HPWL        1019341.5 u
delta HPWL                    4 %

[INFO DPL-0020] Mirrored 16580 instances
[INFO DPL-0021] HPWL before          1019341.5 u
[INFO DPL-0022] HPWL after           985040.1 u
[INFO DPL-0023] HPWL delta               -3.4 %
Setting global connections for newly added cells…
Writing OpenROAD database to '/openlane/designs/peripheral_unit_4/runs/RUN_2023.06.13_18.49.51/tmp/cts/14-peripheral_unit.resized.odb'…
Writing netlist to '/openlane/designs/peripheral_unit_4/runs/RUN_2023.06.13_18.49.51/tmp/cts/14-peripheral_unit.resized.nl.v'…
Writing powered netlist to '/openlane/designs/peripheral_unit_4/runs/RUN_2023.06.13_18.49.51/tmp/cts/14-peripheral_unit.resized.pnl.v'…
Writing layout to '/openlane/designs/peripheral_unit_4/runs/RUN_2023.06.13_18.49.51/tmp/cts/14-peripheral_unit.resized.def'…
Writing timing constraints to '/openlane/designs/peripheral_unit_4/runs/RUN_2023.06.13_18.49.51/tmp/cts/14-peripheral_unit.resized.sdc'…
area_report

===========================================================================
report_design_area
============================================================================
Design area 363190 u^2 51% utilization.
area_report_end
