OpenSTA 2.4.0 7f6c37aa57 Copyright (c) 2021, Parallax Software, Inc.
License GPLv3: GNU GPL version 3 <http://gnu.org/licenses/gpl.html>

This is free software, and you are free to change and redistribute it
under certain conditions; type `show_copying' for details. 
This program comes with ABSOLUTELY NO WARRANTY; for details type `show_warranty'.
define_corners Typical
read_liberty -corner Typical /root/.volare/sky130A/libs.ref/sky130_fd_sc_hd/lib/sky130_fd_sc_hd__tt_025C_1v80.lib
Reading netlist '/openlane/designs/buffer_chain/runs/RUN_2023.05.14_23.26.21/results/routing/buff_chain.nl.v'…
Warning: /openlane/designs/buffer_chain/runs/RUN_2023.05.14_23.26.21/results/routing/buff_chain.nl.v line 251, module sky130_fd_sc_hd__tapvpwrvgnd_1 not found. Creating black box for TAP_204.
Warning: /openlane/designs/buffer_chain/runs/RUN_2023.05.14_23.26.21/results/routing/buff_chain.nl.v line 1191, module sky130_ef_sc_hd__decap_12 not found. Creating black box for FILLER_0_0_3.
Warning: /openlane/designs/buffer_chain/runs/RUN_2023.05.14_23.26.21/results/routing/buff_chain.nl.v line 1193, module sky130_fd_sc_hd__fill_1 not found. Creating black box for FILLER_0_0_27.
Warning: /openlane/designs/buffer_chain/runs/RUN_2023.05.14_23.26.21/results/routing/buff_chain.nl.v line 3938, module sky130_fd_sc_hd__fill_2 not found. Creating black box for FILLER_0_49_255.
min_report

===========================================================================
report_checks -path_delay min (Hold)
============================================================================
======================= Typical Corner ===================================

Startpoint: EN (input port clocked by CLK)
Endpoint: OUT (output port clocked by CLK)
Path Group: CLK
Path Type: min

Fanout     Cap    Slew   Delay    Time   Description
-----------------------------------------------------------------------------
                          0.00    0.00   clock CLK (rise edge)
                          0.00    0.00   clock network delay (propagated)
                          2.00    2.00 v input external delay
                  0.01    0.00    2.00 v EN (in)
     1    0.00                           EN (net)
                  0.01    0.00    2.00 v input1/A (sky130_fd_sc_hd__buf_2)
                  0.10    0.16    2.17 v input1/X (sky130_fd_sc_hd__buf_2)
     5    0.04                           net1 (net)
                  0.10    0.00    2.17 v _05_/A (sky130_fd_sc_hd__inv_2)
                  0.07    0.09    2.26 ^ _05_/Y (sky130_fd_sc_hd__inv_2)
     1    0.01                           _04_ (net)
                  0.07    0.00    2.26 ^ _14_/TE_B (sky130_fd_sc_hd__ebufn_8)
                  0.00    0.05    2.31 v _14_/Z (sky130_fd_sc_hd__ebufn_8)
     1    0.06                           OUT (net)
                  0.00    0.01    2.31 v OUT (out)
                                  2.31   data arrival time

                          0.00    0.00   clock CLK (rise edge)
                          0.00    0.00   clock network delay (propagated)
                          0.25    0.25   clock uncertainty
                          0.00    0.25   clock reconvergence pessimism
                         -2.00   -1.75   output external delay
                                 -1.75   data required time
-----------------------------------------------------------------------------
                                 -1.75   data required time
                                 -2.31   data arrival time
-----------------------------------------------------------------------------
                                  4.06   slack (MET)



min_report_end
max_report

===========================================================================
report_checks -path_delay max (Setup)
============================================================================
======================= Typical Corner ===================================

Startpoint: EN (input port clocked by CLK)
Endpoint: OUT (output port clocked by CLK)
Path Group: CLK
Path Type: max

Fanout     Cap    Slew   Delay    Time   Description
-----------------------------------------------------------------------------
                          0.00    0.00   clock CLK (rise edge)
                          0.00    0.00   clock network delay (propagated)
                          2.00    2.00 ^ input external delay
                  0.02    0.01    2.01 ^ EN (in)
     1    0.00                           EN (net)
                  0.02    0.00    2.01 ^ input1/A (sky130_fd_sc_hd__buf_2)
                  0.20    0.22    2.23 ^ input1/X (sky130_fd_sc_hd__buf_2)
     5    0.04                           net1 (net)
                  0.20    0.00    2.23 ^ _09_/A (sky130_fd_sc_hd__inv_2)
                  0.04    0.05    2.28 v _09_/Y (sky130_fd_sc_hd__inv_2)
     1    0.00                           _00_ (net)
                  0.04    0.00    2.28 v _10_/TE_B (sky130_fd_sc_hd__ebufn_1)
                  0.09    0.11    2.39 ^ _10_/Z (sky130_fd_sc_hd__ebufn_1)
     1    0.00                           buff1.Z (net)
                  0.09    0.00    2.39 ^ _11_/A (sky130_fd_sc_hd__ebufn_1)
                  0.09    0.15    2.55 ^ _11_/Z (sky130_fd_sc_hd__ebufn_1)
     1    0.00                           buff2.Z (net)
                  0.09    0.00    2.55 ^ _12_/A (sky130_fd_sc_hd__ebufn_1)
                  0.10    0.16    2.71 ^ _12_/Z (sky130_fd_sc_hd__ebufn_1)
     1    0.00                           buff3.Z (net)
                  0.10    0.00    2.71 ^ _13_/A (sky130_fd_sc_hd__ebufn_1)
                  0.15    0.20    2.91 ^ _13_/Z (sky130_fd_sc_hd__ebufn_1)
     1    0.01                           buff4.Z (net)
                  0.15    0.00    2.91 ^ _14_/A (sky130_fd_sc_hd__ebufn_8)
                  0.23    0.29    3.20 ^ _14_/Z (sky130_fd_sc_hd__ebufn_8)
     1    0.06                           OUT (net)
                  0.23    0.01    3.20 ^ OUT (out)
                                  3.20   data arrival time

                         10.00   10.00   clock CLK (rise edge)
                          0.00   10.00   clock network delay (propagated)
                         -0.25    9.75   clock uncertainty
                          0.00    9.75   clock reconvergence pessimism
                         -2.00    7.75   output external delay
                                  7.75   data required time
-----------------------------------------------------------------------------
                                  7.75   data required time
                                 -3.20   data arrival time
-----------------------------------------------------------------------------
                                  4.55   slack (MET)



max_report_end
checks_report

===========================================================================
report_checks -unconstrained
===========================================================================
======================= Typical Corner ===================================

Startpoint: EN (input port clocked by CLK)
Endpoint: OUT (output port clocked by CLK)
Path Group: CLK
Path Type: max

Fanout     Cap    Slew   Delay    Time   Description
-----------------------------------------------------------------------------
                          0.00    0.00   clock CLK (rise edge)
                          0.00    0.00   clock network delay (propagated)
                          2.00    2.00 ^ input external delay
                  0.02    0.01    2.01 ^ EN (in)
     1    0.00                           EN (net)
                  0.02    0.00    2.01 ^ input1/A (sky130_fd_sc_hd__buf_2)
                  0.20    0.22    2.23 ^ input1/X (sky130_fd_sc_hd__buf_2)
     5    0.04                           net1 (net)
                  0.20    0.00    2.23 ^ _09_/A (sky130_fd_sc_hd__inv_2)
                  0.04    0.05    2.28 v _09_/Y (sky130_fd_sc_hd__inv_2)
     1    0.00                           _00_ (net)
                  0.04    0.00    2.28 v _10_/TE_B (sky130_fd_sc_hd__ebufn_1)
                  0.09    0.11    2.39 ^ _10_/Z (sky130_fd_sc_hd__ebufn_1)
     1    0.00                           buff1.Z (net)
                  0.09    0.00    2.39 ^ _11_/A (sky130_fd_sc_hd__ebufn_1)
                  0.09    0.15    2.55 ^ _11_/Z (sky130_fd_sc_hd__ebufn_1)
     1    0.00                           buff2.Z (net)
                  0.09    0.00    2.55 ^ _12_/A (sky130_fd_sc_hd__ebufn_1)
                  0.10    0.16    2.71 ^ _12_/Z (sky130_fd_sc_hd__ebufn_1)
     1    0.00                           buff3.Z (net)
                  0.10    0.00    2.71 ^ _13_/A (sky130_fd_sc_hd__ebufn_1)
                  0.15    0.20    2.91 ^ _13_/Z (sky130_fd_sc_hd__ebufn_1)
     1    0.01                           buff4.Z (net)
                  0.15    0.00    2.91 ^ _14_/A (sky130_fd_sc_hd__ebufn_8)
                  0.23    0.29    3.20 ^ _14_/Z (sky130_fd_sc_hd__ebufn_8)
     1    0.06                           OUT (net)
                  0.23    0.01    3.20 ^ OUT (out)
                                  3.20   data arrival time

                         10.00   10.00   clock CLK (rise edge)
                          0.00   10.00   clock network delay (propagated)
                         -0.25    9.75   clock uncertainty
                          0.00    9.75   clock reconvergence pessimism
                         -2.00    7.75   output external delay
                                  7.75   data required time
-----------------------------------------------------------------------------
                                  7.75   data required time
                                 -3.20   data arrival time
-----------------------------------------------------------------------------
                                  4.55   slack (MET)




===========================================================================
report_checks --slack_max -0.01
============================================================================
======================= Typical Corner ===================================

No paths found.


===========================================================================
 report_check_types -max_slew -max_cap -max_fanout -violators
============================================================================
======================= Typical Corner ===================================



===========================================================================
report_parasitic_annotation -report_unannotated
============================================================================
Found 1 unannotated drivers.
 CLK
Found 0 partially unannotated drivers.

===========================================================================
max slew violation count 0
max fanout violation count 0
max cap violation count 0
============================================================================

===========================================================================
check_setup -verbose -unconstrained_endpoints -multiple_clock -no_clock -no_input_delay -loops -generated_clocks
===========================================================================
checks_report_end
power_report

===========================================================================
 report_power
============================================================================
======================= Typical Corner ===================================

Group                  Internal  Switching    Leakage      Total
                          Power      Power      Power      Power (Watts)
----------------------------------------------------------------
Sequential             0.00e+00   0.00e+00   0.00e+00   0.00e+00   0.0%
Combinational          1.52e-06   2.65e-06   4.08e-09   4.17e-06 100.0%
Macro                  0.00e+00   0.00e+00   0.00e+00   0.00e+00   0.0%
Pad                    0.00e+00   0.00e+00   0.00e+00   0.00e+00   0.0%
----------------------------------------------------------------
Total                  1.52e-06   2.65e-06   4.08e-09   4.17e-06 100.0%
                          36.4%      63.5%       0.1%

power_report_end
skew_report

===========================================================================
report_clock_skew
============================================================================
Clock CLK
No launch/capture paths found.

skew_report_end
summary_report

===========================================================================
report_tns
============================================================================
tns 0.00

===========================================================================
report_wns
============================================================================
wns 0.00

===========================================================================
report_worst_slack -max (Setup)
============================================================================
worst slack 4.55

===========================================================================
report_worst_slack -min (Hold)
============================================================================
worst slack 4.06
summary_report_end
[WARNING] Did not save OpenROAD database!
Writing SDF to '/openlane/designs/buffer_chain/runs/RUN_2023.05.14_23.26.21/results/routing/mca/process_corner_nom/buff_chain.sdf'…
Writing timing model to '/openlane/designs/buffer_chain/runs/RUN_2023.05.14_23.26.21/results/routing/mca/process_corner_nom/buff_chain.lib'…
