OpenROAD 7f6c37aa57467242807155c654deb350022d75c1 
This program is licensed under the BSD-3 license. See the LICENSE file for details.
Components of this program may be licensed under more restrictive licenses which must be honored.
[INFO ODB-0222] Reading LEF file: /openlane/designs/buffer_chain/runs/RUN_2023.05.14_23.26.21/tmp/merged.nom.lef
[WARNING ODB-0220] WARNING (LEFPARS-2036): SOURCE statement is obsolete in version 5.6 and later.
The LEF parser will ignore this statement.
To avoid this warning in the future, remove this statement from the LEF file with version 5.6 or later. See file /openlane/designs/buffer_chain/runs/RUN_2023.05.14_23.26.21/tmp/merged.nom.lef at line 68353.

[INFO ODB-0223]     Created 13 technology layers
[INFO ODB-0224]     Created 25 technology vias
[INFO ODB-0225]     Created 441 library cells
[INFO ODB-0226] Finished LEF file:  /openlane/designs/buffer_chain/runs/RUN_2023.05.14_23.26.21/tmp/merged.nom.lef
[INFO ODB-0127] Reading DEF file: /openlane/designs/buffer_chain/runs/RUN_2023.05.14_23.26.21/results/routing/buff_chain.def
[INFO ODB-0128] Design: buff_chain
[INFO ODB-0130]     Created 6 pins.
[INFO ODB-0131]     Created 6810 components and 25397 component-terminals.
[INFO ODB-0132]     Created 2 special nets and 25368 connections.
[INFO ODB-0133]     Created 15 nets and 29 connections.
[INFO ODB-0134] Finished DEF file: /openlane/designs/buffer_chain/runs/RUN_2023.05.14_23.26.21/results/routing/buff_chain.def
Top-level design name: buff_chain
Found default power net 'VPWR'
Found default ground net 'VGND'
Found 1 power ports.
Found 1 ground ports.
Modified power connections of 6810/6810 cells.
