OpenSTA 2.4.0 7f6c37aa57 Copyright (c) 2021, Parallax Software, Inc.
License GPLv3: GNU GPL version 3 <http://gnu.org/licenses/gpl.html>

This is free software, and you are free to change and redistribute it
under certain conditions; type `show_copying' for details. 
This program comes with ABSOLUTELY NO WARRANTY; for details type `show_warranty'.
define_corners Typical
read_liberty -corner Typical /root/.volare/sky130A/libs.ref/sky130_fd_sc_hd/lib/sky130_fd_sc_hd__tt_025C_1v80.lib
Reading netlist '/openlane/designs/buffer_chain/runs/RUN_2023.05.14_23.26.21/results/synthesis/buff_chain.v'…
[INFO]: Setting output delay to: 2.0
[INFO]: Setting input delay to: 2.0
[INFO]: Setting load to: 0.033442
[INFO]: Setting clock uncertainty to: 0.25
[INFO]: Setting clock transition to: 0.15
[INFO]: Setting timing derate to: 0.5 %
min_report

===========================================================================
report_checks -path_delay min (Hold)
============================================================================
======================= Typical Corner ===================================

Startpoint: EN (input port clocked by CLK)
Endpoint: OUT (output port clocked by CLK)
Path Group: CLK
Path Type: min

Fanout     Cap    Slew   Delay    Time   Description
-----------------------------------------------------------------------------
                  0.15    0.00    0.00   clock CLK (rise edge)
                          0.00    0.00   clock network delay (ideal)
                          2.00    2.00 v input external delay
                  0.05    0.03    2.03 v EN (in)
     5    0.02                           EN (net)
                  0.05    0.00    2.03 v _05_/A (sky130_fd_sc_hd__inv_2)
                  0.03    0.05    2.08 ^ _05_/Y (sky130_fd_sc_hd__inv_2)
     1    0.00                           _04_ (net)
                  0.03    0.00    2.08 ^ _14_/TE_B (sky130_fd_sc_hd__ebufn_2)
                  0.00    0.04    2.11 v _14_/Z (sky130_fd_sc_hd__ebufn_2)
     1    0.04                           OUT (net)
                  0.00    0.00    2.11 v OUT (out)
                                  2.11   data arrival time

                  0.15    0.00    0.00   clock CLK (rise edge)
                          0.00    0.00   clock network delay (ideal)
                          0.25    0.25   clock uncertainty
                          0.00    0.25   clock reconvergence pessimism
                         -2.00   -1.75   output external delay
                                 -1.75   data required time
-----------------------------------------------------------------------------
                                 -1.75   data required time
                                 -2.11   data arrival time
-----------------------------------------------------------------------------
                                  3.86   slack (MET)



min_report_end
max_report

===========================================================================
report_checks -path_delay max (Setup)
============================================================================
======================= Typical Corner ===================================

Startpoint: EN (input port clocked by CLK)
Endpoint: OUT (output port clocked by CLK)
Path Group: CLK
Path Type: max

Fanout     Cap    Slew   Delay    Time   Description
-----------------------------------------------------------------------------
                  0.15    0.00    0.00   clock CLK (rise edge)
                          0.00    0.00   clock network delay (ideal)
                          2.00    2.00 ^ input external delay
                  0.11    0.08    2.08 ^ EN (in)
     5    0.02                           EN (net)
                  0.11    0.00    2.08 ^ _09_/A (sky130_fd_sc_hd__inv_2)
                  0.03    0.04    2.12 v _09_/Y (sky130_fd_sc_hd__inv_2)
     1    0.00                           _00_ (net)
                  0.03    0.00    2.12 v _10_/TE_B (sky130_fd_sc_hd__ebufn_2)
                  0.06    0.08    2.20 ^ _10_/Z (sky130_fd_sc_hd__ebufn_2)
     1    0.00                           buff1.Z (net)
                  0.06    0.00    2.20 ^ _11_/A (sky130_fd_sc_hd__ebufn_2)
                  0.06    0.12    2.33 ^ _11_/Z (sky130_fd_sc_hd__ebufn_2)
     1    0.00                           buff2.Z (net)
                  0.06    0.00    2.33 ^ _12_/A (sky130_fd_sc_hd__ebufn_2)
                  0.06    0.12    2.45 ^ _12_/Z (sky130_fd_sc_hd__ebufn_2)
     1    0.00                           buff3.Z (net)
                  0.06    0.00    2.45 ^ _13_/A (sky130_fd_sc_hd__ebufn_2)
                  0.06    0.12    2.58 ^ _13_/Z (sky130_fd_sc_hd__ebufn_2)
     1    0.00                           buff4.Z (net)
                  0.06    0.00    2.58 ^ _14_/A (sky130_fd_sc_hd__ebufn_2)
                  0.43    0.42    2.99 ^ _14_/Z (sky130_fd_sc_hd__ebufn_2)
     1    0.04                           OUT (net)
                  0.43    0.00    2.99 ^ OUT (out)
                                  2.99   data arrival time

                  0.15   10.00   10.00   clock CLK (rise edge)
                          0.00   10.00   clock network delay (ideal)
                         -0.25    9.75   clock uncertainty
                          0.00    9.75   clock reconvergence pessimism
                         -2.00    7.75   output external delay
                                  7.75   data required time
-----------------------------------------------------------------------------
                                  7.75   data required time
                                 -2.99   data arrival time
-----------------------------------------------------------------------------
                                  4.76   slack (MET)



max_report_end
checks_report

===========================================================================
report_checks -unconstrained
===========================================================================
======================= Typical Corner ===================================

Startpoint: EN (input port clocked by CLK)
Endpoint: OUT (output port clocked by CLK)
Path Group: CLK
Path Type: max

Fanout     Cap    Slew   Delay    Time   Description
-----------------------------------------------------------------------------
                  0.15    0.00    0.00   clock CLK (rise edge)
                          0.00    0.00   clock network delay (ideal)
                          2.00    2.00 ^ input external delay
                  0.11    0.08    2.08 ^ EN (in)
     5    0.02                           EN (net)
                  0.11    0.00    2.08 ^ _09_/A (sky130_fd_sc_hd__inv_2)
                  0.03    0.04    2.12 v _09_/Y (sky130_fd_sc_hd__inv_2)
     1    0.00                           _00_ (net)
                  0.03    0.00    2.12 v _10_/TE_B (sky130_fd_sc_hd__ebufn_2)
                  0.06    0.08    2.20 ^ _10_/Z (sky130_fd_sc_hd__ebufn_2)
     1    0.00                           buff1.Z (net)
                  0.06    0.00    2.20 ^ _11_/A (sky130_fd_sc_hd__ebufn_2)
                  0.06    0.12    2.33 ^ _11_/Z (sky130_fd_sc_hd__ebufn_2)
     1    0.00                           buff2.Z (net)
                  0.06    0.00    2.33 ^ _12_/A (sky130_fd_sc_hd__ebufn_2)
                  0.06    0.12    2.45 ^ _12_/Z (sky130_fd_sc_hd__ebufn_2)
     1    0.00                           buff3.Z (net)
                  0.06    0.00    2.45 ^ _13_/A (sky130_fd_sc_hd__ebufn_2)
                  0.06    0.12    2.58 ^ _13_/Z (sky130_fd_sc_hd__ebufn_2)
     1    0.00                           buff4.Z (net)
                  0.06    0.00    2.58 ^ _14_/A (sky130_fd_sc_hd__ebufn_2)
                  0.43    0.42    2.99 ^ _14_/Z (sky130_fd_sc_hd__ebufn_2)
     1    0.04                           OUT (net)
                  0.43    0.00    2.99 ^ OUT (out)
                                  2.99   data arrival time

                  0.15   10.00   10.00   clock CLK (rise edge)
                          0.00   10.00   clock network delay (ideal)
                         -0.25    9.75   clock uncertainty
                          0.00    9.75   clock reconvergence pessimism
                         -2.00    7.75   output external delay
                                  7.75   data required time
-----------------------------------------------------------------------------
                                  7.75   data required time
                                 -2.99   data arrival time
-----------------------------------------------------------------------------
                                  4.76   slack (MET)




===========================================================================
report_checks --slack_max -0.01
============================================================================
======================= Typical Corner ===================================

No paths found.


===========================================================================
 report_check_types -max_slew -max_cap -max_fanout -violators
============================================================================
======================= Typical Corner ===================================



===========================================================================
report_parasitic_annotation -report_unannotated
============================================================================
Found 13 unannotated drivers.
 CLK
 EN
 IN
 _05_/Y
 _06_/Y
 _07_/Y
 _08_/Y
 _09_/Y
 _10_/Z
 _11_/Z
 _12_/Z
 _13_/Z
 _14_/Z
Found 0 partially unannotated drivers.

===========================================================================
max slew violation count 0
max fanout violation count 0
max cap violation count 0
============================================================================

===========================================================================
check_setup -verbose -unconstrained_endpoints -multiple_clock -no_clock -no_input_delay -loops -generated_clocks
===========================================================================
checks_report_end
power_report

===========================================================================
 report_power
============================================================================
======================= Typical Corner ===================================

Group                  Internal  Switching    Leakage      Total
                          Power      Power      Power      Power (Watts)
----------------------------------------------------------------
Sequential             0.00e+00   0.00e+00   0.00e+00   0.00e+00   0.0%
Combinational          1.08e-06   1.24e-06   3.80e-11   2.32e-06 100.0%
Macro                  0.00e+00   0.00e+00   0.00e+00   0.00e+00   0.0%
Pad                    0.00e+00   0.00e+00   0.00e+00   0.00e+00   0.0%
----------------------------------------------------------------
Total                  1.08e-06   1.24e-06   3.80e-11   2.32e-06 100.0%
                          46.4%      53.6%       0.0%

power_report_end
skew_report

===========================================================================
report_clock_skew
============================================================================
Clock CLK
No launch/capture paths found.

skew_report_end
summary_report

===========================================================================
report_tns
============================================================================
tns 0.00

===========================================================================
report_wns
============================================================================
wns 0.00

===========================================================================
report_worst_slack -max (Setup)
============================================================================
worst slack 4.76

===========================================================================
report_worst_slack -min (Hold)
============================================================================
worst slack 3.86
summary_report_end
[WARNING] Did not save OpenROAD database!
Writing SDF to '/openlane/designs/buffer_chain/runs/RUN_2023.05.14_23.26.21/results/synthesis/buff_chain.sdf'…
