2023-05-14 00:40 | START  | sv_core    | matrix_config_0
2023-05-14 00:40 | START  | sv_core    | matrix_config_1
2023-05-14 00:49 | SUCCESS| sv_core    | 
2023-05-14 00:49 | DONE   | sv_core    | matrix_config_1: Writing report...
2023-05-14 00:49 | SUCCESS| sv_core    | 
2023-05-14 00:49 | DONE   | sv_core    | matrix_config_0: Writing report...
2023-05-14 00:49 | DONE   | sv_core    | Deleting run directory...
2023-05-14 00:49 | DONE   | sv_core    | Deleted run directory.
2023-05-14 00:49 | START  | sv_core    | matrix_config_2
2023-05-14 00:49 | DONE   | sv_core    | Deleting run directory...
2023-05-14 00:49 | DONE   | sv_core    | Deleted run directory.
2023-05-14 00:49 | START  | sv_core    | matrix_config_3
2023-05-14 00:58 | SUCCESS| sv_core    | 
2023-05-14 00:58 | DONE   | sv_core    | matrix_config_3: Writing report...
2023-05-14 00:58 | SUCCESS| sv_core    | 
2023-05-14 00:58 | DONE   | sv_core    | matrix_config_2: Writing report...
2023-05-14 00:58 | DONE   | sv_core    | Deleting run directory...
2023-05-14 00:58 | DONE   | sv_core    | Deleted run directory.
2023-05-14 00:58 | Exiting thread 0...
2023-05-14 00:58 | DONE   | sv_core    | Deleting run directory...
2023-05-14 00:58 | DONE   | sv_core    | Deleted run directory.
2023-05-14 00:58 | Exiting thread 1...
2023-05-14 00:58 | Getting top results...
2023-05-14 00:58 | Done.
