OpenROAD 7f6c37aa57467242807155c654deb350022d75c1 
This program is licensed under the BSD-3 license. See the LICENSE file for details.
Components of this program may be licensed under more restrictive licenses which must be honored.
[INFO]: Reading ODB at '/openlane/designs/buffer_chain/runs/RUN_2023.05.14_23.26.21/tmp/routing/22-fill.odb'…
define_corners Typical
read_liberty -corner Typical /root/.volare/sky130A/libs.ref/sky130_fd_sc_hd/lib/sky130_fd_sc_hd__tt_025C_1v80.lib
[INFO ORD-0030] Using 2 thread(s).
[INFO DRT-0149] Reading tech and libs.

Units:                1000
Number of layers:     13
Number of macros:     441
Number of vias:       25
Number of viarulegen: 25

[INFO DRT-0150] Reading design.

Design:                   buff_chain
Die area:                 ( 0 0 ) ( 250000 300000 )
Number of track patterns: 12
Number of DEF vias:       0
Number of components:     6810
Number of terminals:      6
Number of snets:          2
Number of nets:           15

[INFO DRT-0167] List of default vias:
  Layer mcon
    default via: L1M1_PR
  Layer via
    default via: M1M2_PR
  Layer via2
    default via: M2M3_PR
  Layer via3
    default via: M3M4_PR
  Layer via4
    default via: M4M5_PR
[INFO DRT-0162] Library cell analysis.
[INFO DRT-0163] Instance analysis.
[INFO DRT-0164] Number of unique instances = 24.
[INFO DRT-0168] Init region query.
[INFO DRT-0024]   Complete FR_MASTERSLICE.
[INFO DRT-0024]   Complete Fr_VIA.
[INFO DRT-0024]   Complete li1.
[INFO DRT-0024]   Complete mcon.
[INFO DRT-0024]   Complete met1.
[INFO DRT-0024]   Complete via.
[INFO DRT-0024]   Complete met2.
[INFO DRT-0024]   Complete via2.
[INFO DRT-0024]   Complete met3.
[INFO DRT-0024]   Complete via3.
[INFO DRT-0024]   Complete met4.
[INFO DRT-0024]   Complete via4.
[INFO DRT-0024]   Complete met5.
[INFO DRT-0033] FR_MASTERSLICE shape region query size = 0.
[INFO DRT-0033] FR_VIA shape region query size = 0.
[INFO DRT-0033] li1 shape region query size = 35541.
[INFO DRT-0033] mcon shape region query size = 98448.
[INFO DRT-0033] met1 shape region query size = 13934.
[INFO DRT-0033] via shape region query size = 1030.
[INFO DRT-0033] met2 shape region query size = 620.
[INFO DRT-0033] via2 shape region query size = 824.
[INFO DRT-0033] met3 shape region query size = 620.
[INFO DRT-0033] via3 shape region query size = 824.
[INFO DRT-0033] met4 shape region query size = 222.
[INFO DRT-0033] via4 shape region query size = 8.
[INFO DRT-0033] met5 shape region query size = 16.
[INFO DRT-0165] Start pin access.
[INFO DRT-0078]   Complete 17 pins.
[INFO DRT-0081]   Complete 7 unique inst patterns.
[INFO DRT-0084]   Complete 9 groups.
#scanned instances     = 6810
#unique  instances     = 24
#stdCellGenAp          = 214
#stdCellValidPlanarAp  = 0
#stdCellValidViaAp     = 152
#stdCellPinNoAp        = 0
#stdCellPinCnt         = 29
#instTermValidViaApCnt = 0
#macroGenAp            = 0
#macroValidPlanarAp    = 0
#macroValidViaAp       = 0
#macroNoAp             = 0
[INFO DRT-0166] Complete pin access.
[INFO DRT-0267] cpu time = 00:00:00, elapsed time = 00:00:00, memory = 130.88 (MB), peak = 132.87 (MB)

Number of guides:     57

[INFO DRT-0169] Post process guides.
[INFO DRT-0176] GCELLGRID X 0 DO 36 STEP 6900 ;
[INFO DRT-0177] GCELLGRID Y 0 DO 43 STEP 6900 ;
[INFO DRT-0028]   Complete FR_MASTERSLICE.
[INFO DRT-0028]   Complete Fr_VIA.
[INFO DRT-0028]   Complete li1.
[INFO DRT-0028]   Complete mcon.
[INFO DRT-0028]   Complete met1.
[INFO DRT-0028]   Complete via.
[INFO DRT-0028]   Complete met2.
[INFO DRT-0028]   Complete via2.
[INFO DRT-0028]   Complete met3.
[INFO DRT-0028]   Complete via3.
[INFO DRT-0028]   Complete met4.
[INFO DRT-0028]   Complete via4.
[INFO DRT-0028]   Complete met5.
[INFO DRT-0178] Init guide query.
[INFO DRT-0035]   Complete FR_MASTERSLICE (guide).
[INFO DRT-0035]   Complete Fr_VIA (guide).
[INFO DRT-0035]   Complete li1 (guide).
[INFO DRT-0035]   Complete mcon (guide).
[INFO DRT-0035]   Complete met1 (guide).
[INFO DRT-0035]   Complete via (guide).
[INFO DRT-0035]   Complete met2 (guide).
[INFO DRT-0035]   Complete via2 (guide).
[INFO DRT-0035]   Complete met3 (guide).
[INFO DRT-0035]   Complete via3 (guide).
[INFO DRT-0035]   Complete met4 (guide).
[INFO DRT-0035]   Complete via4 (guide).
[INFO DRT-0035]   Complete met5 (guide).
[INFO DRT-0036] FR_MASTERSLICE guide region query size = 0.
[INFO DRT-0036] FR_VIA guide region query size = 0.
[INFO DRT-0036] li1 guide region query size = 21.
[INFO DRT-0036] mcon guide region query size = 0.
[INFO DRT-0036] met1 guide region query size = 13.
[INFO DRT-0036] via guide region query size = 0.
[INFO DRT-0036] met2 guide region query size = 7.
[INFO DRT-0036] via2 guide region query size = 0.
[INFO DRT-0036] met3 guide region query size = 1.
[INFO DRT-0036] via3 guide region query size = 0.
[INFO DRT-0036] met4 guide region query size = 0.
[INFO DRT-0036] via4 guide region query size = 0.
[INFO DRT-0036] met5 guide region query size = 0.
[INFO DRT-0179] Init gr pin query.
[INFO DRT-0245] skipped writing guide updates to database.
[INFO DRT-0185] Post process initialize RPin region query.
[INFO DRT-0181] Start track assignment.
[INFO DRT-0184] Done with 28 vertical wires in 1 frboxes and 14 horizontal wires in 1 frboxes.
[INFO DRT-0186] Done with 1 vertical wires in 1 frboxes and 1 horizontal wires in 1 frboxes.
[INFO DRT-0182] Complete track assignment.
[INFO DRT-0267] cpu time = 00:00:00, elapsed time = 00:00:00, memory = 134.19 (MB), peak = 149.63 (MB)
[INFO DRT-0187] Start routing data preparation.
[INFO DRT-0267] cpu time = 00:00:00, elapsed time = 00:00:00, memory = 134.19 (MB), peak = 149.63 (MB)
[INFO DRT-0194] Start detail routing.
[INFO DRT-0195] Start 0th optimization iteration.
    Completing 10% with 0 violations.
    elapsed time = 00:00:00, memory = 164.72 (MB).
    Completing 20% with 0 violations.
    elapsed time = 00:00:00, memory = 191.98 (MB).
    Completing 30% with 0 violations.
    elapsed time = 00:00:00, memory = 180.18 (MB).
    Completing 40% with 0 violations.
    elapsed time = 00:00:00, memory = 196.43 (MB).
    Completing 50% with 0 violations.
    elapsed time = 00:00:00, memory = 208.30 (MB).
    Completing 60% with 0 violations.
    elapsed time = 00:00:01, memory = 190.53 (MB).
    Completing 70% with 0 violations.
    elapsed time = 00:00:01, memory = 199.29 (MB).
    Completing 80% with 0 violations.
    elapsed time = 00:00:01, memory = 199.30 (MB).
    Completing 90% with 0 violations.
    elapsed time = 00:00:01, memory = 199.64 (MB).
    Completing 100% with 0 violations.
    elapsed time = 00:00:01, memory = 201.11 (MB).
[INFO DRT-0199]   Number of violations = 0.
[INFO DRT-0267] cpu time = 00:00:03, elapsed time = 00:00:01, memory = 200.86 (MB), peak = 520.69 (MB)
Total wire length = 462 um.
Total wire length on LAYER li1 = 0 um.
Total wire length on LAYER met1 = 149 um.
Total wire length on LAYER met2 = 311 um.
Total wire length on LAYER met3 = 1 um.
Total wire length on LAYER met4 = 0 um.
Total wire length on LAYER met5 = 0 um.
Total number of vias = 51.
Up-via summary (total 51):.

---------------------
 FR_MASTERSLICE     0
            li1    29
           met1    21
           met2     1
           met3     0
           met4     0
---------------------
                   51


[INFO DRT-0198] Complete detail routing.
Total wire length = 462 um.
Total wire length on LAYER li1 = 0 um.
Total wire length on LAYER met1 = 149 um.
Total wire length on LAYER met2 = 311 um.
Total wire length on LAYER met3 = 1 um.
Total wire length on LAYER met4 = 0 um.
Total wire length on LAYER met5 = 0 um.
Total number of vias = 51.
Up-via summary (total 51):.

---------------------
 FR_MASTERSLICE     0
            li1    29
           met1    21
           met2     1
           met3     0
           met4     0
---------------------
                   51


[INFO DRT-0267] cpu time = 00:00:03, elapsed time = 00:00:01, memory = 200.86 (MB), peak = 520.69 (MB)

[INFO DRT-0180] Post processing.
Setting global connections for newly added cells…
Writing OpenROAD database to '/openlane/designs/buffer_chain/runs/RUN_2023.05.14_23.26.21/results/routing/buff_chain.odb'…
Writing netlist to '/openlane/designs/buffer_chain/runs/RUN_2023.05.14_23.26.21/results/routing/buff_chain.nl.v'…
Writing powered netlist to '/openlane/designs/buffer_chain/runs/RUN_2023.05.14_23.26.21/results/routing/buff_chain.pnl.v'…
Writing layout to '/openlane/designs/buffer_chain/runs/RUN_2023.05.14_23.26.21/results/routing/buff_chain.def'…
