OpenROAD 7f6c37aa57467242807155c654deb350022d75c1 
This program is licensed under the BSD-3 license. See the LICENSE file for details.
Components of this program may be licensed under more restrictive licenses which must be honored.
[INFO ODB-0222] Reading LEF file: /openlane/designs/peripheral_unit_4/runs/RUN_2023.06.13_18.49.51/tmp/merged.nom.lef
[WARNING ODB-0220] WARNING (LEFPARS-2036): SOURCE statement is obsolete in version 5.6 and later.
The LEF parser will ignore this statement.
To avoid this warning in the future, remove this statement from the LEF file with version 5.6 or later. See file /openlane/designs/peripheral_unit_4/runs/RUN_2023.06.13_18.49.51/tmp/merged.nom.lef at line 68353.

[INFO ODB-0223]     Created 13 technology layers
[INFO ODB-0224]     Created 25 technology vias
[INFO ODB-0225]     Created 441 library cells
[INFO ODB-0226] Finished LEF file:  /openlane/designs/peripheral_unit_4/runs/RUN_2023.06.13_18.49.51/tmp/merged.nom.lef
[INFO ODB-0127] Reading DEF file: /openlane/designs/peripheral_unit_4/runs/RUN_2023.06.13_18.49.51/results/routing/peripheral_unit.def
[INFO ODB-0128] Design: peripheral_unit
[INFO ODB-0130]     Created 288 pins.
[INFO ODB-0131]     Created 95159 components and 485426 component-terminals.
[INFO ODB-0132]     Created 2 special nets and 360292 connections.
[INFO ODB-0133]     Created 36374 nets and 125121 connections.
[INFO ODB-0134] Finished DEF file: /openlane/designs/peripheral_unit_4/runs/RUN_2023.06.13_18.49.51/results/routing/peripheral_unit.def
Top-level design name: peripheral_unit
Found default power net 'VPWR'
Found default ground net 'VGND'
Found 1 power ports.
Found 1 ground ports.
Modified power connections of 95159/95159 cells.
