CVC: Circuit Validation Check  Version 1.1.4
CVC: Log output to /openlane/designs/peripheral_unit_4/runs/RUN_2023.06.13_18.49.51/reports/signoff/peripheral_unit.rpt
CVC: Error output to /openlane/designs/peripheral_unit_4/runs/RUN_2023.06.13_18.49.51/reports/signoff/peripheral_unit.rpt.error.gz
CVC: Debug output to /openlane/designs/peripheral_unit_4/runs/RUN_2023.06.13_18.49.51/reports/signoff/peripheral_unit.rpt.debug.gz
CVC: Start: Tue Jun 13 20:30:27 2023

Using the following parameters for CVC (Circuit Validation Check) from /root/.volare/sky130A/libs.tech/openlane/cvc/cvcrc
CVC_TOP = 'peripheral_unit'
CVC_NETLIST = '/openlane/designs/peripheral_unit_4/runs/RUN_2023.06.13_18.49.51/tmp/signoff/peripheral_unit.cdl'
CVC_MODE = 'peripheral_unit'
CVC_MODEL_FILE = '/root/.volare/sky130A/libs.tech/openlane/cvc/models'
CVC_POWER_FILE = '/openlane/designs/peripheral_unit_4/runs/RUN_2023.06.13_18.49.51/tmp/signoff/peripheral_unit.power'
CVC_FUSE_FILE = ''
CVC_REPORT_FILE = '/openlane/designs/peripheral_unit_4/runs/RUN_2023.06.13_18.49.51/reports/signoff/peripheral_unit.rpt'
CVC_REPORT_TITLE = 'CVC $CVC_TOP'
CVC_CIRCUIT_ERROR_LIMIT = '100'
CVC_SEARCH_LIMIT = '100'
CVC_LEAK_LIMIT = '0.0002'
CVC_SOI = 'false'
CVC_SCRC = 'false'
CVC_VTH_GATES = 'false'
CVC_MIN_VTH_GATES = 'false'
CVC_IGNORE_VTH_FLOATING = 'false'
CVC_IGNORE_NO_LEAK_FLOATING = 'false'
CVC_LEAK_OVERVOLTAGE = 'true'
CVC_LOGIC_DIODES = 'false'
CVC_ANALOG_GATES = 'true'
CVC_BACKUP_RESULTS = 'false'
CVC_MOS_DIODE_ERROR_THRESHOLD = '0'
CVC_SHORT_ERROR_THRESHOLD = '0'
CVC_BIAS_ERROR_THRESHOLD = '0'
CVC_FORWARD_ERROR_THRESHOLD = '0'
CVC_FLOATING_ERROR_THRESHOLD = '0'
CVC_GATE_ERROR_THRESHOLD = '0'
CVC_LEAK?_ERROR_THRESHOLD = '0'
CVC_EXPECTED_ERROR_THRESHOLD = '0'
CVC_OVERVOLTAGE_ERROR_THRESHOLD = '0'
CVC_PARALLEL_CIRCUIT_PORT_LIMIT = '0'
CVC_CELL_ERROR_LIMIT_FILE = ''
CVC_CELL_CHECKSUM_FILE = ''
CVC_LARGE_CIRCUIT_SIZE = '10000000'
CVC_NET_CHECK_FILE = ''
CVC_MODEL_CHECK_FILE = ''
End of parameters

CVC: Reading device model settings...
CVC: Reading power settings...
CVC: Parsing netlist /openlane/designs/peripheral_unit_4/runs/RUN_2023.06.13_18.49.51/tmp/signoff/peripheral_unit.cdl

Cdl fixed data size 1789996
Usage CDL: Time: 1  Memory: 93256  I/O: 8  Swap: 0
CVC: Counting and linking...
Fatal error:could not find subcircuit: XFILLER_0_78_1821(sky130_ef_sc_hd__decap_12) in peripheral_unit

