OpenROAD 7f6c37aa57467242807155c654deb350022d75c1 
This program is licensed under the BSD-3 license. See the LICENSE file for details.
Components of this program may be licensed under more restrictive licenses which must be honored.
[INFO]: Reading ODB at '/openlane/designs/sv_core/runs/RUN_2023.05.14_22.42.33/results/cts/core.odb'…
define_corners Typical
read_liberty -corner Typical /openlane/designs/sv_core/runs/RUN_2023.05.14_22.42.33/tmp/synthesis/resizer_sky130_fd_sc_hd__tt_025C_1v80.lib
[INFO]: Setting RC values...
[INFO RSZ-0046] Found 77 endpoints with hold violations.
[INFO RSZ-0032] Inserted 77 hold buffers.
Placement Analysis
---------------------------------
total displacement        557.5 u
average displacement        0.1 u
max displacement           20.7 u
original HPWL          119466.2 u
legalized HPWL         123257.4 u
delta HPWL                    3 %

[INFO DPL-0020] Mirrored 1553 instances
[INFO DPL-0021] HPWL before          123257.4 u
[INFO DPL-0022] HPWL after           119932.1 u
[INFO DPL-0023] HPWL delta               -2.7 %
Setting global connections for newly added cells…
Writing OpenROAD database to '/openlane/designs/sv_core/runs/RUN_2023.05.14_22.42.33/tmp/cts/14-core.resized.odb'…
Writing netlist to '/openlane/designs/sv_core/runs/RUN_2023.05.14_22.42.33/tmp/cts/14-core.resized.nl.v'…
Writing powered netlist to '/openlane/designs/sv_core/runs/RUN_2023.05.14_22.42.33/tmp/cts/14-core.resized.pnl.v'…
Writing layout to '/openlane/designs/sv_core/runs/RUN_2023.05.14_22.42.33/tmp/cts/14-core.resized.def'…
Writing timing constraints to '/openlane/designs/sv_core/runs/RUN_2023.05.14_22.42.33/tmp/cts/14-core.resized.sdc'…
area_report

===========================================================================
report_design_area
============================================================================
Design area 37416 u^2 56% utilization.
area_report_end
