2023-05-13 07:02 | START  | sv_core    | matrix_config_1
2023-05-13 07:02 | START  | sv_core    | matrix_config_0
2023-05-13 07:11 | SUCCESS| sv_core    | 
2023-05-13 07:11 | DONE   | sv_core    | matrix_config_0: Writing report...
2023-05-13 07:11 | SUCCESS| sv_core    | 
2023-05-13 07:11 | DONE   | sv_core    | matrix_config_1: Writing report...
2023-05-13 07:11 | DONE   | sv_core    | Deleting run directory...
2023-05-13 07:11 | DONE   | sv_core    | Deleted run directory.
2023-05-13 07:11 | START  | sv_core    | matrix_config_2
2023-05-13 07:11 | DONE   | sv_core    | Deleting run directory...
2023-05-13 07:11 | DONE   | sv_core    | Deleted run directory.
2023-05-13 07:11 | START  | sv_core    | matrix_config_3
2023-05-13 07:20 | SUCCESS| sv_core    | 
2023-05-13 07:20 | DONE   | sv_core    | matrix_config_2: Writing report...
2023-05-13 07:20 | SUCCESS| sv_core    | 
2023-05-13 07:20 | DONE   | sv_core    | matrix_config_3: Writing report...
2023-05-13 07:20 | DONE   | sv_core    | Deleting run directory...
2023-05-13 07:20 | DONE   | sv_core    | Deleted run directory.
2023-05-13 07:20 | Exiting thread 0...
2023-05-13 07:20 | DONE   | sv_core    | Deleting run directory...
2023-05-13 07:20 | DONE   | sv_core    | Deleted run directory.
2023-05-13 07:20 | Exiting thread 1...
2023-05-13 07:20 | Getting top results...
2023-05-13 07:20 | Done.
