
120. Printing statistics.

=== user_project_wrapper ===

   Number of wires:              61217
   Number of wire bits:          61835
   Number of public wires:        9202
   Number of public wire bits:    9820
   Number of memories:               0
   Number of memory bits:            0
   Number of processes:              0
   Number of cells:              61954
     sky130_fd_sc_hd__a2111o_2      97
     sky130_fd_sc_hd__a2111oi_2     13
     sky130_fd_sc_hd__a2111oi_4      1
     sky130_fd_sc_hd__a211o_2      881
     sky130_fd_sc_hd__a211oi_2      79
     sky130_fd_sc_hd__a211oi_4       2
     sky130_fd_sc_hd__a21bo_2      283
     sky130_fd_sc_hd__a21boi_2     130
     sky130_fd_sc_hd__a21o_2      1298
     sky130_fd_sc_hd__a21oi_2     1713
     sky130_fd_sc_hd__a21oi_4        1
     sky130_fd_sc_hd__a221o_2      624
     sky130_fd_sc_hd__a221oi_2      42
     sky130_fd_sc_hd__a22o_2       980
     sky130_fd_sc_hd__a22o_4         1
     sky130_fd_sc_hd__a22oi_2       46
     sky130_fd_sc_hd__a2bb2o_2     341
     sky130_fd_sc_hd__a2bb2oi_2      2
     sky130_fd_sc_hd__a311o_2      159
     sky130_fd_sc_hd__a311o_4        1
     sky130_fd_sc_hd__a311oi_2       5
     sky130_fd_sc_hd__a311oi_4       1
     sky130_fd_sc_hd__a31o_2      1101
     sky130_fd_sc_hd__a31o_4         1
     sky130_fd_sc_hd__a31oi_2       73
     sky130_fd_sc_hd__a32o_2       450
     sky130_fd_sc_hd__a32oi_2        5
     sky130_fd_sc_hd__a41o_2        39
     sky130_fd_sc_hd__a41oi_4        1
     sky130_fd_sc_hd__and2_2      1420
     sky130_fd_sc_hd__and2_4         3
     sky130_fd_sc_hd__and2b_2      729
     sky130_fd_sc_hd__and3_2      2362
     sky130_fd_sc_hd__and3_4         8
     sky130_fd_sc_hd__and3b_2      333
     sky130_fd_sc_hd__and4_2       103
     sky130_fd_sc_hd__and4_4         3
     sky130_fd_sc_hd__and4b_2       64
     sky130_fd_sc_hd__and4bb_2      33
     sky130_fd_sc_hd__buf_1       6200
     sky130_fd_sc_hd__buf_2         84
     sky130_fd_sc_hd__buf_4         34
     sky130_fd_sc_hd__buf_6         18
     sky130_fd_sc_hd__buf_8          2
     sky130_fd_sc_hd__bufbuf_8       1
     sky130_fd_sc_hd__conb_1        75
     sky130_fd_sc_hd__dfxtp_2     9612
     sky130_fd_sc_hd__ebufn_2        4
     sky130_fd_sc_hd__inv_2       2767
     sky130_fd_sc_hd__inv_4          2
     sky130_fd_sc_hd__inv_6          2
     sky130_fd_sc_hd__mux2_1        29
     sky130_fd_sc_hd__mux2_2      3847
     sky130_fd_sc_hd__mux2_4         6
     sky130_fd_sc_hd__mux4_2        38
     sky130_fd_sc_hd__nand2_2     2910
     sky130_fd_sc_hd__nand2b_2      38
     sky130_fd_sc_hd__nand3_2      169
     sky130_fd_sc_hd__nand3b_2      51
     sky130_fd_sc_hd__nand4_2       30
     sky130_fd_sc_hd__nand4b_2       7
     sky130_fd_sc_hd__nand4bb_2      1
     sky130_fd_sc_hd__nor2_2      3649
     sky130_fd_sc_hd__nor2_4         1
     sky130_fd_sc_hd__nor2b_2       49
     sky130_fd_sc_hd__nor3_2       114
     sky130_fd_sc_hd__nor3b_2      104
     sky130_fd_sc_hd__nor4_2        26
     sky130_fd_sc_hd__nor4b_2        6
     sky130_fd_sc_hd__o2111a_2      55
     sky130_fd_sc_hd__o2111ai_2      5
     sky130_fd_sc_hd__o211a_2     3409
     sky130_fd_sc_hd__o211ai_2      66
     sky130_fd_sc_hd__o21a_2       924
     sky130_fd_sc_hd__o21ai_2     1612
     sky130_fd_sc_hd__o21ba_2      197
     sky130_fd_sc_hd__o21bai_2     148
     sky130_fd_sc_hd__o221a_2      733
     sky130_fd_sc_hd__o221ai_2      26
     sky130_fd_sc_hd__o22a_2       786
     sky130_fd_sc_hd__o22ai_2       53
     sky130_fd_sc_hd__o2bb2a_2     281
     sky130_fd_sc_hd__o2bb2ai_2      1
     sky130_fd_sc_hd__o311a_2      105
     sky130_fd_sc_hd__o311a_4        1
     sky130_fd_sc_hd__o311ai_2       2
     sky130_fd_sc_hd__o311ai_4       5
     sky130_fd_sc_hd__o31a_2       268
     sky130_fd_sc_hd__o31ai_2       94
     sky130_fd_sc_hd__o31ai_4        1
     sky130_fd_sc_hd__o32a_2        94
     sky130_fd_sc_hd__o41a_2         7
     sky130_fd_sc_hd__o41a_4         1
     sky130_fd_sc_hd__or2_2       6005
     sky130_fd_sc_hd__or2b_2       683
     sky130_fd_sc_hd__or3_2        679
     sky130_fd_sc_hd__or3_4          2
     sky130_fd_sc_hd__or3b_2       275
     sky130_fd_sc_hd__or3b_4         1
     sky130_fd_sc_hd__or4_2        457
     sky130_fd_sc_hd__or4_4         27
     sky130_fd_sc_hd__or4b_2       101
     sky130_fd_sc_hd__or4b_4         4
     sky130_fd_sc_hd__or4bb_2       28
     sky130_fd_sc_hd__or4bb_4        1
     sky130_fd_sc_hd__xnor2_2     1123
     sky130_fd_sc_hd__xnor2_4       17
     sky130_fd_sc_hd__xor2_2       369
     sky130_fd_sc_hd__xor2_4         4

   Chip area for module '\user_project_wrapper': 623840.812800

