%Warning-REDEFMACRO: /openlane/designs/CARPSoC/clam-soc/peripherals/Peripheral_Unit/Peripheral_Unit_Defs.svh:12:28: Redefining existing define: 'NUM_SPI_REGS', with different value: '5'
                     designs/CARPSoC/clam-soc/peripherals/include/Peripheral_Unit_Defs.svh:39:1: ... Location of previous definition, with value: '6'
                     ... For warning description see https://verilator.org/warn/REDEFMACRO?v=5.009
                     ... Use "/* verilator lint_off REDEFMACRO */" and lint_on around source to disable this message.
%Warning-PINCONNECTEMPTY: designs/CARPSoC/src/user_project_wrapper.v:149:6: Cell pin connected by name with empty reference: 'caravel_interrupt_o'
  149 |     .caravel_interrupt_o()
      |      ^~~~~~~~~~~~~~~~~~~
%Warning-PINCONNECTEMPTY: designs/CARPSoC/clam-soc/core/rtl/wrapper_modules/wrapper.sv:98:10: Cell pin connected by name with empty reference: 'p_int_read_o'
   98 |         .p_int_read_o   (),
      |          ^~~~~~~~~~~~
%Warning-PINCONNECTEMPTY: designs/CARPSoC/clam-soc/core/rtl/wrapper_modules/wrapper.sv:99:10: Cell pin connected by name with empty reference: 'csr_busy_o'
   99 |         .csr_busy_o     (),
      |          ^~~~~~~~~~
%Warning-PINCONNECTEMPTY: designs/CARPSoC/clam-soc/core/rtl/wrapper_modules/wrapper.sv:108:10: Cell pin connected by name with empty reference: 'imem_we_o'
  108 |         .imem_we_o      (),
      |          ^~~~~~~~~
%Warning-PINCONNECTEMPTY: designs/CARPSoC/clam-soc/core/rtl/wrapper_modules/wrapper.sv:110:10: Cell pin connected by name with empty reference: 'imem_be_o'
  110 |         .imem_be_o      (),
      |          ^~~~~~~~~
%Warning-PINCONNECTEMPTY: designs/CARPSoC/clam-soc/core/rtl/wrapper_modules/wrapper.sv:111:10: Cell pin connected by name with empty reference: 'imem_wdata_o'
  111 |         .imem_wdata_o   (),
      |          ^~~~~~~~~~~~
%Warning-PINCONNECTEMPTY: designs/CARPSoC/clam-soc/core/rtl/wrapper_modules/wrapper.sv:121:10: Cell pin connected by name with empty reference: 'dmem_req_o'
  121 |         .dmem_req_o         (),
      |          ^~~~~~~~~~
%Warning-PINCONNECTEMPTY: designs/CARPSoC/clam-soc/peripherals/Peripheral_Unit/peripheral_unit.sv:91:15: Cell pin connected by name with empty reference: 'o_RX_Count'
   91 |              .o_RX_Count(),
      |               ^~~~~~~~~~
%Warning-PINCONNECTEMPTY: designs/CARPSoC/clam-soc/peripherals/Peripheral_Unit/peripheral_unit.sv:186:16: Cell pin connected by name with empty reference: 'busy'
  186 |               .busy());
      |                ^~~~
%Warning-VARHIDDEN: designs/CARPSoC/clam-soc/peripherals/Peripheral_Unit/peripheral_unit.sv:513:22: Declaration of signal hides declaration in upper scope: 'i'
  513 |         for (integer i = 0; i < 24; i++) begin
      |                      ^
                    designs/CARPSoC/clam-soc/peripherals/Peripheral_Unit/peripheral_unit.sv:68:11: ... Location of original declaration
   68 |    genvar i;
      |           ^
%Warning-VARHIDDEN: designs/CARPSoC/clam-soc/peripherals/Peripheral_Unit/peripheral_unit.sv:602:22: Declaration of signal hides declaration in upper scope: 'i'
  602 |         for (integer i = 0; i < 24; i++) begin
      |                      ^
                    designs/CARPSoC/clam-soc/peripherals/Peripheral_Unit/peripheral_unit.sv:68:11: ... Location of original declaration
   68 |    genvar i;
      |           ^
%Warning-WIDTHEXPAND: designs/CARPSoC/src/user_project_wrapper.v:132:6: Input port connection 'caravel_wbs_sel_i' expects 4 bits on the pin connection, but pin connection's VARREF 'wbs_cyc_i' generates 1 bits.
                                                                      : ... In instance user_project_wrapper
  132 |     .caravel_wbs_sel_i(wbs_cyc_i),
      |      ^~~~~~~~~~~~~~~~~
%Warning-UNUSEDPARAM: designs/CARPSoC/src/user_project_wrapper.v:33:15: Parameter is not used: 'BITS'
                                                                      : ... In instance user_project_wrapper
   33 |     parameter BITS = 32
      |               ^~~~
%Warning-UNUSEDSIGNAL: designs/CARPSoC/src/user_project_wrapper.v:52:17: Signal is not used: 'wbs_sel_i'
                                                                       : ... In instance user_project_wrapper
   52 |     input [3:0] wbs_sel_i,
      |                 ^~~~~~~~~
%Warning-UNUSEDSIGNAL: designs/CARPSoC/src/user_project_wrapper.v:75:13: Signal is not used: 'user_clock2'
                                                                       : ... In instance user_project_wrapper
   75 |     input   user_clock2,
      |             ^~~~~~~~~~~
%Warning-UNDRIVEN: designs/CARPSoC/src/user_project_wrapper.v:78:18: Signal is not driven: 'user_irq'
                                                                   : ... In instance user_project_wrapper
   78 |     output [2:0] user_irq
      |                  ^~~~~~~~
%Warning-UNUSEDSIGNAL: designs/CARPSoC/clam-soc/rtl/soc/soc.sv:85:30: Signal is not used: 'rst_soft_n'
                                                                    : ... In instance user_project_wrapper.soc_i
   85 |     logic rst_n, rst_hard_n, rst_soft_n;
      |                              ^~~~~~~~~~
%Warning-UNUSEDSIGNAL: designs/CARPSoC/clam-soc/rtl/soc/soc.sv:146:18: Bits of signal are not used: 'mcause'[31]
                                                                     : ... In instance user_project_wrapper.soc_i
  146 |     logic [31:0] mcause; 
      |                  ^~~~~~
%Warning-UNUSEDPARAM: designs/CARPSoC/clam-soc/rtl/soc/modules/sram_wrap.sv:5:15: Parameter is not used: 'SRAM_BASE_ADDR'
                                                                                : ... In instance user_project_wrapper.soc_i.sram
    5 |     parameter SRAM_BASE_ADDR    = 32'h8000_0000,
      |               ^~~~~~~~~~~~~~
%Warning-UNUSEDPARAM: designs/CARPSoC/clam-soc/rtl/soc/modules/sram_wrap.sv:6:15: Parameter is not used: 'SRAM_END_ADDR'
                                                                                : ... In instance user_project_wrapper.soc_i.sram
    6 |     parameter SRAM_END_ADDR     = 32'h8000_C000,
      |               ^~~~~~~~~~~~~
%Warning-UNUSEDSIGNAL: designs/CARPSoC/clam-soc/rtl/soc/modules/sram_wrap.sv:12:20: Signal is not used: 'rst_ni'
                                                                                  : ... In instance user_project_wrapper.soc_i.sram
   12 |     input  logic   rst_ni,
      |                    ^~~~~~
%Warning-UNUSEDSIGNAL: designs/CARPSoC/clam-soc/rtl/soc/modules/sram_wrap.sv:17:25: Bits of signal are not used: 'sram_d_addr_i'[31:16,1:0]
                                                                                  : ... In instance user_project_wrapper.soc_i.sram
   17 |     input  logic [31:0] sram_d_addr_i,
      |                         ^~~~~~~~~~~~~
%Warning-UNUSEDSIGNAL: designs/CARPSoC/clam-soc/rtl/soc/modules/sram_wrap.sv:27:25: Bits of signal are not used: 'sram_i_addr_i'[31:16,1:0]
                                                                                  : ... In instance user_project_wrapper.soc_i.sram
   27 |     input  logic [31:0] sram_i_addr_i,
      |                         ^~~~~~~~~~~~~
%Warning-UNUSEDSIGNAL: designs/CARPSoC/clam-soc/rtl/soc/modules/sram_wrap.sv:28:25: Signal is not used: 'sram_i_we_i'
                                                                                  : ... In instance user_project_wrapper.soc_i.sram
   28 |     input  logic        sram_i_we_i,
      |                         ^~~~~~~~~~~
%Warning-UNUSEDSIGNAL: designs/CARPSoC/clam-soc/rtl/soc/modules/sram_wrap.sv:29:25: Signal is not used: 'sram_i_be_i'
                                                                                  : ... In instance user_project_wrapper.soc_i.sram
   29 |     input  logic [3:0]  sram_i_be_i,
      |                         ^~~~~~~~~~~
%Warning-UNUSEDSIGNAL: designs/CARPSoC/clam-soc/rtl/soc/modules/sram_wrap.sv:30:25: Signal is not used: 'sram_i_wdata_i'
                                                                                  : ... In instance user_project_wrapper.soc_i.sram
   30 |     input  logic [31:0] sram_i_wdata_i,
      |                         ^~~~~~~~~~~~~~
%Warning-UNUSEDPARAM: designs/CARPSoC/clam-soc/peripherals/Peripheral_Unit/PWM_modulator.sv:34:3: Parameter is not used: 'CLK_HZ'
                                                                                                : ... In instance user_project_wrapper.soc_i.i_peripheral_unit.genblk6[3].PWM_b
   34 |   CLK_HZ = 100_000_000,
      |   ^~~~~~
%Warning-UNUSEDSIGNAL: designs/CARPSoC/clam-soc/peripherals/Peripheral_Unit/Quad_Enc_Man.sv:54:7: Signal is not driven, nor used: 'clk'
                                                                                                : ... In instance user_project_wrapper.soc_i.i_peripheral_unit.genblk13[3].QEM_b
   54 | logic clk;
      |       ^~~
%Warning-UNUSEDSIGNAL: designs/CARPSoC/clam-soc/peripherals/Peripheral_Unit/Quad_Enc_Man.sv:55:14: Signal is not used: 'clk_div'
                                                                                                 : ... In instance user_project_wrapper.soc_i.i_peripheral_unit.genblk13[3].QEM_b
   55 | logic [15:0] clk_div = 16'd2;
      |              ^~~~~~~
%Warning-UNUSEDPARAM: designs/CARPSoC/macros/sky130_sram_2kbyte_1rw1r_32x512_8.v:22:13: Parameter is not used: 'DELAY'
                                                                                      : ... In instance user_project_wrapper.soc_i.sram.genblk1[0].sram1
   22 |   parameter DELAY = 3 ;
      |             ^~~~~
%Warning-UNUSEDPARAM: designs/CARPSoC/macros/sky130_sram_2kbyte_1rw1r_32x512_8.v:24:13: Parameter is not used: 'T_HOLD'
                                                                                      : ... In instance user_project_wrapper.soc_i.sram.genblk1[0].sram1
   24 |   parameter T_HOLD = 1 ;  
      |             ^~~~~~
%Warning-UNUSEDSIGNAL: designs/CARPSoC/clam-soc/peripherals/Peripheral_Unit/PeriphControlRegFile.sv:293:17: Signal is not used: 'BE'
                                                                                                          : ... In instance user_project_wrapper.soc_i.i_peripheral_unit.P_REG_FILE
  293 |     input [3:0] BE;
      |                 ^~
%Warning-UNDRIVEN: designs/CARPSoC/clam-soc/peripherals/Peripheral_Unit/PeriphControlRegFile.sv:297:18: Signal is not driven: 'GNT'
                                                                                                      : ... In instance user_project_wrapper.soc_i.i_peripheral_unit.P_REG_FILE
  297 |     output logic GNT;
      |                  ^~~
%Warning-UNDRIVEN: designs/CARPSoC/clam-soc/peripherals/Peripheral_Unit/PeriphControlRegFile.sv:298:18: Signal is not driven: 'RVALID'
                                                                                                      : ... In instance user_project_wrapper.soc_i.i_peripheral_unit.P_REG_FILE
  298 |     output logic RVALID;
      |                  ^~~~~~
%Warning-UNUSEDSIGNAL: designs/CARPSoC/clam-soc/peripherals/Peripheral_Unit/pulse_gen.sv:72:7: Signal is not used: 'en_r'
                                                                                             : ... In instance user_project_wrapper.soc_i.i_peripheral_unit.genblk6[3].PWM_b.pg1
   72 | logic en_r = 0;
      |       ^~~~
%Warning-BLKSEQ: designs/CARPSoC/clam-soc/peripherals/Peripheral_Unit/clk_div_gen.sv:12:18: Blocking assignment '=' in sequential logic process
                                                                                          : ... Suggest using delayed assignment '<='
   12 |             sclk = ~sclk;
      |                  ^
%Warning-BLKSEQ: designs/CARPSoC/clam-soc/peripherals/Peripheral_Unit/clk_div_gen.sv:13:21: Blocking assignment '=' in sequential logic process
                                                                                          : ... Suggest using delayed assignment '<='
   13 |             div_cnt = 0;
      |                     ^
%Warning-BLKSEQ: designs/CARPSoC/clam-soc/peripherals/Peripheral_Unit/clk_div_gen.sv:15:21: Blocking assignment '=' in sequential logic process
                                                                                          : ... Suggest using delayed assignment '<='
   15 |             div_cnt = div_cnt + 1;  
      |                     ^
%Warning-BLKSEQ: designs/CARPSoC/clam-soc/peripherals/peripheral_interrupt_queue.sv:76:21: Blocking assignment '=' in sequential logic process
                                                                                         : ... Suggest using delayed assignment '<='
   76 |                 cnt = 0;
      |                     ^
%Warning-BLKSEQ: designs/CARPSoC/clam-soc/peripherals/peripheral_interrupt_queue.sv:77:24: Blocking assignment '=' in sequential logic process
                                                                                         : ... Suggest using delayed assignment '<='
   77 |                 full_q = 0;
      |                        ^
%Warning-BLKSEQ: designs/CARPSoC/clam-soc/peripherals/peripheral_interrupt_queue.sv:78:30: Blocking assignment '=' in sequential logic process
                                                                                         : ... Suggest using delayed assignment '<='
   78 |                 temp_end_ind = end_ind;
      |                              ^
%Warning-BLKSEQ: designs/CARPSoC/clam-soc/peripherals/peripheral_interrupt_queue.sv:80:34: Blocking assignment '=' in sequential logic process
                                                                                         : ... Suggest using delayed assignment '<='
   80 |                     temp_end_ind += NUM_INTER;
      |                                  ^~
%Warning-BLKSEQ: designs/CARPSoC/clam-soc/peripherals/peripheral_interrupt_queue.sv:83:25: Blocking assignment '=' in sequential logic process
                                                                                         : ... Suggest using delayed assignment '<='
   83 |                     cnt += 1;
      |                         ^~
%Warning-BLKSEQ: designs/CARPSoC/clam-soc/peripherals/peripheral_interrupt_queue.sv:85:32: Blocking assignment '=' in sequential logic process
                                                                                         : ... Suggest using delayed assignment '<='
   85 |                         full_q = 1;
      |                                ^
%Warning-BLKSEQ: designs/CARPSoC/clam-soc/peripherals/peripheral_interrupt_queue.sv:90:40: Blocking assignment '=' in sequential logic process
                                                                                         : ... Suggest using delayed assignment '<='
   90 |                             inter_queue[end_ind + cnt] = 13 + i;
      |                                        ^
%Warning-BLKSEQ: designs/CARPSoC/clam-soc/peripherals/peripheral_interrupt_queue.sv:91:33: Blocking assignment '=' in sequential logic process
                                                                                         : ... Suggest using delayed assignment '<='
   91 |                             cnt += 1;
      |                                 ^~
%Warning-BLKSEQ: designs/CARPSoC/clam-soc/peripherals/peripheral_interrupt_queue.sv:93:40: Blocking assignment '=' in sequential logic process
                                                                                         : ... Suggest using delayed assignment '<='
   93 |                                 full_q = 1;
      |                                        ^
%Warning-BLKSEQ: designs/CARPSoC/clam-soc/peripherals/peripheral_interrupt_queue.sv:67:28: Blocking assignment '=' in sequential logic process
                                                                                         : ... Suggest using delayed assignment '<='
   67 |                 inter_queue[i] = 0;
      |                            ^
%Warning-BLKSEQ: designs/CARPSoC/macros/sky130_sram_2kbyte_1rw1r_32x512_8.v:52:14: Blocking assignment '=' in sequential logic process
                                                                                 : ... In instance user_project_wrapper.soc_i.sram.genblk1[0].sram1
                                                                                 : ... Suggest using delayed assignment '<='
   52 |     csb0_reg = csb0;
      |              ^
%Warning-BLKSEQ: designs/CARPSoC/macros/sky130_sram_2kbyte_1rw1r_32x512_8.v:53:14: Blocking assignment '=' in sequential logic process
                                                                                 : ... In instance user_project_wrapper.soc_i.sram.genblk1[0].sram1
                                                                                 : ... Suggest using delayed assignment '<='
   53 |     web0_reg = web0;
      |              ^
%Warning-BLKSEQ: designs/CARPSoC/macros/sky130_sram_2kbyte_1rw1r_32x512_8.v:54:16: Blocking assignment '=' in sequential logic process
                                                                                 : ... In instance user_project_wrapper.soc_i.sram.genblk1[0].sram1
                                                                                 : ... Suggest using delayed assignment '<='
   54 |     wmask0_reg = wmask0;
      |                ^
%Warning-BLKSEQ: designs/CARPSoC/macros/sky130_sram_2kbyte_1rw1r_32x512_8.v:55:15: Blocking assignment '=' in sequential logic process
                                                                                 : ... In instance user_project_wrapper.soc_i.sram.genblk1[0].sram1
                                                                                 : ... Suggest using delayed assignment '<='
   55 |     addr0_reg = addr0;
      |               ^
%Warning-BLKSEQ: designs/CARPSoC/macros/sky130_sram_2kbyte_1rw1r_32x512_8.v:56:14: Blocking assignment '=' in sequential logic process
                                                                                 : ... In instance user_project_wrapper.soc_i.sram.genblk1[0].sram1
                                                                                 : ... Suggest using delayed assignment '<='
   56 |     din0_reg = din0;
      |              ^
%Warning-BLKSEQ: designs/CARPSoC/macros/sky130_sram_2kbyte_1rw1r_32x512_8.v:71:14: Blocking assignment '=' in sequential logic process
                                                                                 : ... In instance user_project_wrapper.soc_i.sram.genblk1[0].sram1
                                                                                 : ... Suggest using delayed assignment '<='
   71 |     csb1_reg = csb1;
      |              ^
%Warning-BLKSEQ: designs/CARPSoC/macros/sky130_sram_2kbyte_1rw1r_32x512_8.v:72:15: Blocking assignment '=' in sequential logic process
                                                                                 : ... In instance user_project_wrapper.soc_i.sram.genblk1[0].sram1
                                                                                 : ... Suggest using delayed assignment '<='
   72 |     addr1_reg = addr1;
      |               ^
%Warning-BLKSEQ: designs/CARPSoC/macros/sky130_sram_2kbyte_1rw1r_32x512_8.v:88:37: Blocking assignment '=' in sequential logic process
                                                                                 : ... In instance user_project_wrapper.soc_i.sram.genblk1[0].sram1
                                                                                 : ... Suggest using delayed assignment '<='
   88 |                 mem[addr0_reg][7:0] = din0_reg[7:0];
      |                                     ^
%Warning-BLKSEQ: designs/CARPSoC/macros/sky130_sram_2kbyte_1rw1r_32x512_8.v:90:38: Blocking assignment '=' in sequential logic process
                                                                                 : ... In instance user_project_wrapper.soc_i.sram.genblk1[0].sram1
                                                                                 : ... Suggest using delayed assignment '<='
   90 |                 mem[addr0_reg][15:8] = din0_reg[15:8];
      |                                      ^
%Warning-BLKSEQ: designs/CARPSoC/macros/sky130_sram_2kbyte_1rw1r_32x512_8.v:92:39: Blocking assignment '=' in sequential logic process
                                                                                 : ... In instance user_project_wrapper.soc_i.sram.genblk1[0].sram1
                                                                                 : ... Suggest using delayed assignment '<='
   92 |                 mem[addr0_reg][23:16] = din0_reg[23:16];
      |                                       ^
%Warning-BLKSEQ: designs/CARPSoC/macros/sky130_sram_2kbyte_1rw1r_32x512_8.v:94:39: Blocking assignment '=' in sequential logic process
                                                                                 : ... In instance user_project_wrapper.soc_i.sram.genblk1[0].sram1
                                                                                 : ... Suggest using delayed assignment '<='
   94 |                 mem[addr0_reg][31:24] = din0_reg[31:24];
      |                                       ^
%Warning-MULTIDRIVEN: designs/CARPSoC/macros/sky130_sram_2kbyte_1rw1r_32x512_8.v:36:27: Signal has multiple driving blocks with different clocking: 'dout0'
                                                                                      : ... In instance user_project_wrapper.soc_i.sram.genblk1[0].sram1
                      designs/CARPSoC/macros/sky130_sram_2kbyte_1rw1r_32x512_8.v:103:8: ... Location of first driving block
  103 |        dout0 <= mem[addr0_reg];
      |        ^~~~~
                      designs/CARPSoC/macros/sky130_sram_2kbyte_1rw1r_32x512_8.v:57:5: ... Location of other driving block
   57 |     dout0 <= 32'bx;
      |     ^~~~~
%Warning-MULTIDRIVEN: designs/CARPSoC/macros/sky130_sram_2kbyte_1rw1r_32x512_8.v:40:27: Signal has multiple driving blocks with different clocking: 'dout1'
                                                                                      : ... In instance user_project_wrapper.soc_i.sram.genblk1[0].sram1
                      designs/CARPSoC/macros/sky130_sram_2kbyte_1rw1r_32x512_8.v:111:8: ... Location of first driving block
  111 |        dout1 <= mem[addr1_reg];
      |        ^~~~~
                      designs/CARPSoC/macros/sky130_sram_2kbyte_1rw1r_32x512_8.v:75:5: ... Location of other driving block
   75 |     dout1 <= 32'bx;
      |     ^~~~~
