2023-05-13 05:16 | START  | sv_core    | matrix_config_0
2023-05-13 05:16 | START  | sv_core    | matrix_config_1
2023-05-13 05:25 | SUCCESS| sv_core    | 
2023-05-13 05:25 | DONE   | sv_core    | matrix_config_1: Writing report...
2023-05-13 05:25 | DONE   | sv_core    | Deleting run directory...
2023-05-13 05:25 | DONE   | sv_core    | Deleted run directory.
2023-05-13 05:25 | START  | sv_core    | matrix_config_2
2023-05-13 05:25 | FAIL   | sv_core    | Check designs/sv_core/runs/matrix_config_2/openlane.log
2023-05-13 05:25 | DONE   | sv_core    | matrix_config_2: Writing report...
2023-05-13 05:25 | DONE   | sv_core    | Deleting run directory...
2023-05-13 05:25 | DONE   | sv_core    | Deleted run directory.
2023-05-13 05:25 | START  | sv_core    | matrix_config_3
2023-05-13 05:25 | SUCCESS| sv_core    | 
2023-05-13 05:25 | DONE   | sv_core    | matrix_config_0: Writing report...
2023-05-13 05:26 | DONE   | sv_core    | Deleting run directory...
2023-05-13 05:26 | DONE   | sv_core    | Deleted run directory.
2023-05-13 05:26 | Exiting thread 0...
2023-05-13 05:26 | FAIL   | sv_core    | Check designs/sv_core/runs/matrix_config_3/openlane.log
2023-05-13 05:26 | DONE   | sv_core    | matrix_config_3: Writing report...
2023-05-13 05:26 | DONE   | sv_core    | Deleting run directory...
2023-05-13 05:26 | DONE   | sv_core    | Deleted run directory.
2023-05-13 05:26 | Exiting thread 1...
2023-05-13 05:26 | Getting top results...
2023-05-13 05:26 | Done.
