OpenROAD 7f6c37aa57467242807155c654deb350022d75c1 
This program is licensed under the BSD-3 license. See the LICENSE file for details.
Components of this program may be licensed under more restrictive licenses which must be honored.
Top-level design name: core
Block boundaries: 0 0 250000 300000
Horizontal Tracks Origin: 340, Count: 441, Step: 680
Vertical Tracks Origin: 230, Count: 543, Step: 460
Placement details for the #N side
Virtual pin count:  0
Actual pin count:  2
Total pin count:  2
Tracks count:  543
Tracks per pin:  271
Used tracks count:  272
Unused track count:  271
Starting track index:  135
Placement Map:
[230, 690, 1150, 1610, 2070, 2530, 2990, 3450, 3910, 4370, 4830, 5290, 5750, 6210, 6670, 7130, 7590, 8050, 8510, 8970, 9430, 9890, 10350, 10810, 11270, 11730, 12190, 12650, 13110, 13570, 14030, 14490, 14950, 15410, 15870, 16330, 16790, 17250, 17710, 18170, 18630, 19090, 19550, 20010, 20470, 20930, 21390, 21850, 22310, 22770, 23230, 23690, 24150, 24610, 25070, 25530, 25990, 26450, 26910, 27370, 27830, 28290, 28750, 29210, 29670, 30130, 30590, 31050, 31510, 31970, 32430, 32890, 33350, 33810, 34270, 34730, 35190, 35650, 36110, 36570, 37030, 37490, 37950, 38410, 38870, 39330, 39790, 40250, 40710, 41170, 41630, 42090, 42550, 43010, 43470, 43930, 44390, 44850, 45310, 45770, 46230, 46690, 47150, 47610, 48070, 48530, 48990, 49450, 49910, 50370, 50830, 51290, 51750, 52210, 52670, 53130, 53590, 54050, 54510, 54970, 55430, 55890, 56350, 56810, 57270, 57730, 58190, 58650, 59110, 59570, 60030, 60490, 60950, 61410, 61870, [91m62330[0m, 62790, 63250, 63710, 64170, 64630, 65090, 65550, 66010, 66470, 66930, 67390, 67850, 68310, 68770, 69230, 69690, 70150, 70610, 71070, 71530, 71990, 72450, 72910, 73370, 73830, 74290, 74750, 75210, 75670, 76130, 76590, 77050, 77510, 77970, 78430, 78890, 79350, 79810, 80270, 80730, 81190, 81650, 82110, 82570, 83030, 83490, 83950, 84410, 84870, 85330, 85790, 86250, 86710, 87170, 87630, 88090, 88550, 89010, 89470, 89930, 90390, 90850, 91310, 91770, 92230, 92690, 93150, 93610, 94070, 94530, 94990, 95450, 95910, 96370, 96830, 97290, 97750, 98210, 98670, 99130, 99590, 100050, 100510, 100970, 101430, 101890, 102350, 102810, 103270, 103730, 104190, 104650, 105110, 105570, 106030, 106490, 106950, 107410, 107870, 108330, 108790, 109250, 109710, 110170, 110630, 111090, 111550, 112010, 112470, 112930, 113390, 113850, 114310, 114770, 115230, 115690, 116150, 116610, 117070, 117530, 117990, 118450, 118910, 119370, 119830, 120290, 120750, 121210, 121670, 122130, 122590, 123050, 123510, 123970, 124430, 124890, 125350, 125810, 126270, 126730, 127190, 127650, 128110, 128570, 129030, 129490, 129950, 130410, 130870, 131330, 131790, 132250, 132710, 133170, 133630, 134090, 134550, 135010, 135470, 135930, 136390, 136850, 137310, 137770, 138230, 138690, 139150, 139610, 140070, 140530, 140990, 141450, 141910, 142370, 142830, 143290, 143750, 144210, 144670, 145130, 145590, 146050, 146510, 146970, 147430, 147890, 148350, 148810, 149270, 149730, 150190, 150650, 151110, 151570, 152030, 152490, 152950, 153410, 153870, 154330, 154790, 155250, 155710, 156170, 156630, 157090, 157550, 158010, 158470, 158930, 159390, 159850, 160310, 160770, 161230, 161690, 162150, 162610, 163070, 163530, 163990, 164450, 164910, 165370, 165830, 166290, 166750, 167210, 167670, 168130, 168590, 169050, 169510, 169970, 170430, 170890, 171350, 171810, 172270, 172730, 173190, 173650, 174110, 174570, 175030, 175490, 175950, 176410, 176870, 177330, 177790, 178250, 178710, 179170, 179630, 180090, 180550, 181010, 181470, 181930, 182390, 182850, 183310, 183770, 184230, 184690, 185150, 185610, 186070, 186530, [91m186990[0m, 187450, 187910, 188370, 188830, 189290, 189750, 190210, 190670, 191130, 191590, 192050, 192510, 192970, 193430, 193890, 194350, 194810, 195270, 195730, 196190, 196650, 197110, 197570, 198030, 198490, 198950, 199410, 199870, 200330, 200790, 201250, 201710, 202170, 202630, 203090, 203550, 204010, 204470, 204930, 205390, 205850, 206310, 206770, 207230, 207690, 208150, 208610, 209070, 209530, 209990, 210450, 210910, 211370, 211830, 212290, 212750, 213210, 213670, 214130, 214590, 215050, 215510, 215970, 216430, 216890, 217350, 217810, 218270, 218730, 219190, 219650, 220110, 220570, 221030, 221490, 221950, 222410, 222870, 223330, 223790, 224250, 224710, 225170, 225630, 226090, 226550, 227010, 227470, 227930, 228390, 228850, 229310, 229770, 230230, 230690, 231150, 231610, 232070, 232530, 232990, 233450, 233910, 234370, 234830, 235290, 235750, 236210, 236670, 237130, 237590, 238050, 238510, 238970, 239430, 239890, 240350, 240810, 241270, 241730, 242190, 242650, 243110, 243570, 244030, 244490, 244950, 245410, 245870, 246330, 246790, 247250, 247710, 248170, 248630, 249090, 249550, ]
Indices of used tracks: [135, 406]
---
Placement details for the #E side
Virtual pin count:  0
Actual pin count:  104
Total pin count:  104
Tracks count:  221
Tracks per pin:  2
Used tracks count:  207
Unused track count:  14
Starting track index:  7
Placement Map:
[340, 1700, 3060, 4420, 5780, 7140, 8500, [91m9860[0m, 11220, [91m12580[0m, 13940, [91m15300[0m, 16660, [91m18020[0m, 19380, [91m20740[0m, 22100, [91m23460[0m, 24820, [91m26180[0m, 27540, [91m28900[0m, 30260, [91m31620[0m, 32980, [91m34340[0m, 35700, [91m37060[0m, 38420, [91m39780[0m, 41140, [91m42500[0m, 43860, [91m45220[0m, 46580, [91m47940[0m, 49300, [91m50660[0m, 52020, [91m53380[0m, 54740, [91m56100[0m, 57460, [91m58820[0m, 60180, [91m61540[0m, 62900, [91m64260[0m, 65620, [91m66980[0m, 68340, [91m69700[0m, 71060, [91m72420[0m, 73780, [91m75140[0m, 76500, [91m77860[0m, 79220, [91m80580[0m, 81940, [91m83300[0m, 84660, [91m86020[0m, 87380, [91m88740[0m, 90100, [91m91460[0m, 92820, [91m94180[0m, 95540, [91m96900[0m, 98260, [91m99620[0m, 100980, [91m102340[0m, 103700, [91m105060[0m, 106420, [91m107780[0m, 109140, [91m110500[0m, 111860, [91m113220[0m, 114580, [91m115940[0m, 117300, [91m118660[0m, 120020, [91m121380[0m, 122740, [91m124100[0m, 125460, [91m126820[0m, 128180, [91m129540[0m, 130900, [91m132260[0m, 133620, [91m134980[0m, 136340, [91m137700[0m, 139060, [91m140420[0m, 141780, [91m143140[0m, 144500, [91m145860[0m, 147220, [91m148580[0m, 149940, [91m151300[0m, 152660, [91m154020[0m, 155380, [91m156740[0m, 158100, [91m159460[0m, 160820, [91m162180[0m, 163540, [91m164900[0m, 166260, [91m167620[0m, 168980, [91m170340[0m, 171700, [91m173060[0m, 174420, [91m175780[0m, 177140, [91m178500[0m, 179860, [91m181220[0m, 182580, [91m183940[0m, 185300, [91m186660[0m, 188020, [91m189380[0m, 190740, [91m192100[0m, 193460, [91m194820[0m, 196180, [91m197540[0m, 198900, [91m200260[0m, 201620, [91m202980[0m, 204340, [91m205700[0m, 207060, [91m208420[0m, 209780, [91m211140[0m, 212500, [91m213860[0m, 215220, [91m216580[0m, 217940, [91m219300[0m, 220660, [91m222020[0m, 223380, [91m224740[0m, 226100, [91m227460[0m, 228820, [91m230180[0m, 231540, [91m232900[0m, 234260, [91m235620[0m, 236980, [91m238340[0m, 239700, [91m241060[0m, 242420, [91m243780[0m, 245140, [91m246500[0m, 247860, [91m249220[0m, 250580, [91m251940[0m, 253300, [91m254660[0m, 256020, [91m257380[0m, 258740, [91m260100[0m, 261460, [91m262820[0m, 264180, [91m265540[0m, 266900, [91m268260[0m, 269620, [91m270980[0m, 272340, [91m273700[0m, 275060, [91m276420[0m, 277780, [91m279140[0m, 280500, [91m281860[0m, 283220, [91m284580[0m, 285940, [91m287300[0m, 288660, [91m290020[0m, 291380, 292740, 294100, 295460, 296820, 298180, 299540, ]
Indices of used tracks: [7, 9, 11, 13, 15, 17, 19, 21, 23, 25, 27, 29, 31, 33, 35, 37, 39, 41, 43, 45, 47, 49, 51, 53, 55, 57, 59, 61, 63, 65, 67, 69, 71, 73, 75, 77, 79, 81, 83, 85, 87, 89, 91, 93, 95, 97, 99, 101, 103, 105, 107, 109, 111, 113, 115, 117, 119, 121, 123, 125, 127, 129, 131, 133, 135, 137, 139, 141, 143, 145, 147, 149, 151, 153, 155, 157, 159, 161, 163, 165, 167, 169, 171, 173, 175, 177, 179, 181, 183, 185, 187, 189, 191, 193, 195, 197, 199, 201, 203, 205, 207, 209, 211, 213]
---
Placement details for the #W side
Virtual pin count:  0
Actual pin count:  216
Total pin count:  216
Tracks count:  221
Tracks per pin:  1
Used tracks count:  216
Unused track count:  5
Starting track index:  2
Placement Map:
[340, 1700, [91m3060[0m, [91m4420[0m, [91m5780[0m, [91m7140[0m, [91m8500[0m, [91m9860[0m, [91m11220[0m, [91m12580[0m, [91m13940[0m, [91m15300[0m, [91m16660[0m, [91m18020[0m, [91m19380[0m, [91m20740[0m, [91m22100[0m, [91m23460[0m, [91m24820[0m, [91m26180[0m, [91m27540[0m, [91m28900[0m, [91m30260[0m, [91m31620[0m, [91m32980[0m, [91m34340[0m, [91m35700[0m, [91m37060[0m, [91m38420[0m, [91m39780[0m, [91m41140[0m, [91m42500[0m, [91m43860[0m, [91m45220[0m, [91m46580[0m, [91m47940[0m, [91m49300[0m, [91m50660[0m, [91m52020[0m, [91m53380[0m, [91m54740[0m, [91m56100[0m, [91m57460[0m, [91m58820[0m, [91m60180[0m, [91m61540[0m, [91m62900[0m, [91m64260[0m, [91m65620[0m, [91m66980[0m, [91m68340[0m, [91m69700[0m, [91m71060[0m, [91m72420[0m, [91m73780[0m, [91m75140[0m, [91m76500[0m, [91m77860[0m, [91m79220[0m, [91m80580[0m, [91m81940[0m, [91m83300[0m, [91m84660[0m, [91m86020[0m, [91m87380[0m, [91m88740[0m, [91m90100[0m, [91m91460[0m, [91m92820[0m, [91m94180[0m, [91m95540[0m, [91m96900[0m, [91m98260[0m, [91m99620[0m, [91m100980[0m, [91m102340[0m, [91m103700[0m, [91m105060[0m, [91m106420[0m, [91m107780[0m, [91m109140[0m, [91m110500[0m, [91m111860[0m, [91m113220[0m, [91m114580[0m, [91m115940[0m, [91m117300[0m, [91m118660[0m, [91m120020[0m, [91m121380[0m, [91m122740[0m, [91m124100[0m, [91m125460[0m, [91m126820[0m, [91m128180[0m, [91m129540[0m, [91m130900[0m, [91m132260[0m, [91m133620[0m, [91m134980[0m, [91m136340[0m, [91m137700[0m, [91m139060[0m, [91m140420[0m, [91m141780[0m, [91m143140[0m, [91m144500[0m, [91m145860[0m, [91m147220[0m, [91m148580[0m, [91m149940[0m, [91m151300[0m, [91m152660[0m, [91m154020[0m, [91m155380[0m, [91m156740[0m, [91m158100[0m, [91m159460[0m, [91m160820[0m, [91m162180[0m, [91m163540[0m, [91m164900[0m, [91m166260[0m, [91m167620[0m, [91m168980[0m, [91m170340[0m, [91m171700[0m, [91m173060[0m, [91m174420[0m, [91m175780[0m, [91m177140[0m, [91m178500[0m, [91m179860[0m, [91m181220[0m, [91m182580[0m, [91m183940[0m, [91m185300[0m, [91m186660[0m, [91m188020[0m, [91m189380[0m, [91m190740[0m, [91m192100[0m, [91m193460[0m, [91m194820[0m, [91m196180[0m, [91m197540[0m, [91m198900[0m, [91m200260[0m, [91m201620[0m, [91m202980[0m, [91m204340[0m, [91m205700[0m, [91m207060[0m, [91m208420[0m, [91m209780[0m, [91m211140[0m, [91m212500[0m, [91m213860[0m, [91m215220[0m, [91m216580[0m, [91m217940[0m, [91m219300[0m, [91m220660[0m, [91m222020[0m, [91m223380[0m, [91m224740[0m, [91m226100[0m, [91m227460[0m, [91m228820[0m, [91m230180[0m, [91m231540[0m, [91m232900[0m, [91m234260[0m, [91m235620[0m, [91m236980[0m, [91m238340[0m, [91m239700[0m, [91m241060[0m, [91m242420[0m, [91m243780[0m, [91m245140[0m, [91m246500[0m, [91m247860[0m, [91m249220[0m, [91m250580[0m, [91m251940[0m, [91m253300[0m, [91m254660[0m, [91m256020[0m, [91m257380[0m, [91m258740[0m, [91m260100[0m, [91m261460[0m, [91m262820[0m, [91m264180[0m, [91m265540[0m, [91m266900[0m, [91m268260[0m, [91m269620[0m, [91m270980[0m, [91m272340[0m, [91m273700[0m, [91m275060[0m, [91m276420[0m, [91m277780[0m, [91m279140[0m, [91m280500[0m, [91m281860[0m, [91m283220[0m, [91m284580[0m, [91m285940[0m, [91m287300[0m, [91m288660[0m, [91m290020[0m, [91m291380[0m, [91m292740[0m, [91m294100[0m, [91m295460[0m, 296820, 298180, 299540, ]
Indices of used tracks: [2, 3, 4, 5, 6, 7, 8, 9, 10, 11, 12, 13, 14, 15, 16, 17, 18, 19, 20, 21, 22, 23, 24, 25, 26, 27, 28, 29, 30, 31, 32, 33, 34, 35, 36, 37, 38, 39, 40, 41, 42, 43, 44, 45, 46, 47, 48, 49, 50, 51, 52, 53, 54, 55, 56, 57, 58, 59, 60, 61, 62, 63, 64, 65, 66, 67, 68, 69, 70, 71, 72, 73, 74, 75, 76, 77, 78, 79, 80, 81, 82, 83, 84, 85, 86, 87, 88, 89, 90, 91, 92, 93, 94, 95, 96, 97, 98, 99, 100, 101, 102, 103, 104, 105, 106, 107, 108, 109, 110, 111, 112, 113, 114, 115, 116, 117, 118, 119, 120, 121, 122, 123, 124, 125, 126, 127, 128, 129, 130, 131, 132, 133, 134, 135, 136, 137, 138, 139, 140, 141, 142, 143, 144, 145, 146, 147, 148, 149, 150, 151, 152, 153, 154, 155, 156, 157, 158, 159, 160, 161, 162, 163, 164, 165, 166, 167, 168, 169, 170, 171, 172, 173, 174, 175, 176, 177, 178, 179, 180, 181, 182, 183, 184, 185, 186, 187, 188, 189, 190, 191, 192, 193, 194, 195, 196, 197, 198, 199, 200, 201, 202, 203, 204, 205, 206, 207, 208, 209, 210, 211, 212, 213, 214, 215, 216, 217]
---
