OpenROAD 7f6c37aa57467242807155c654deb350022d75c1 
This program is licensed under the BSD-3 license. See the LICENSE file for details.
Components of this program may be licensed under more restrictive licenses which must be honored.
[INFO]: Reading ODB at '/openlane/designs/buffer_chain/runs/RUN_2023.05.14_23.26.21/results/cts/buff_chain.odb'…
define_corners Typical
read_liberty -corner Typical /openlane/designs/buffer_chain/runs/RUN_2023.05.14_23.26.21/tmp/synthesis/resizer_sky130_fd_sc_hd__tt_025C_1v80.lib
[INFO]: Setting RC values...
[INFO RSZ-0033] No hold violations found.
Placement Analysis
---------------------------------
total displacement          0.0 u
average displacement        0.0 u
max displacement            0.0 u
original HPWL             477.3 u
legalized HPWL            485.9 u
delta HPWL                    2 %

[INFO DPL-0020] Mirrored 3 instances
[INFO DPL-0021] HPWL before             485.9 u
[INFO DPL-0022] HPWL after              477.3 u
[INFO DPL-0023] HPWL delta               -1.8 %
Setting global connections for newly added cells…
Writing OpenROAD database to '/openlane/designs/buffer_chain/runs/RUN_2023.05.14_23.26.21/tmp/cts/14-buff_chain.resized.odb'…
Writing netlist to '/openlane/designs/buffer_chain/runs/RUN_2023.05.14_23.26.21/tmp/cts/14-buff_chain.resized.nl.v'…
Writing powered netlist to '/openlane/designs/buffer_chain/runs/RUN_2023.05.14_23.26.21/tmp/cts/14-buff_chain.resized.pnl.v'…
Writing layout to '/openlane/designs/buffer_chain/runs/RUN_2023.05.14_23.26.21/tmp/cts/14-buff_chain.resized.def'…
Writing timing constraints to '/openlane/designs/buffer_chain/runs/RUN_2023.05.14_23.26.21/tmp/cts/14-buff_chain.resized.sdc'…
area_report

===========================================================================
report_design_area
============================================================================
Design area 1274 u^2 2% utilization.
area_report_end
