
===========================================================================
 report_power
============================================================================
======================= Fastest Corner ===================================

Group                  Internal  Switching    Leakage      Total
                          Power      Power      Power      Power (Watts)
----------------------------------------------------------------
Sequential             2.37e-03   7.31e-04   2.15e-06   3.10e-03  33.1%
Combinational          2.36e-03   3.92e-03   3.30e-08   6.28e-03  66.9%
Macro                  0.00e+00   0.00e+00   0.00e+00   0.00e+00   0.0%
Pad                    0.00e+00   0.00e+00   0.00e+00   0.00e+00   0.0%
----------------------------------------------------------------
Total                  4.73e-03   4.65e-03   2.18e-06   9.39e-03 100.0%
                          50.4%      49.5%       0.0%

======================= Slowest Corner ===================================

Group                  Internal  Switching    Leakage      Total
                          Power      Power      Power      Power (Watts)
----------------------------------------------------------------
Sequential             1.59e-03   4.84e-04   9.16e-06   2.08e-03  32.4%
Combinational          1.74e-03   2.59e-03   1.45e-05   4.34e-03  67.6%
Macro                  0.00e+00   0.00e+00   0.00e+00   0.00e+00   0.0%
Pad                    0.00e+00   0.00e+00   0.00e+00   0.00e+00   0.0%
----------------------------------------------------------------
Total                  3.32e-03   3.07e-03   2.36e-05   6.42e-03 100.0%
                          51.8%      47.8%       0.4%

======================= Typical Corner ===================================

Group                  Internal  Switching    Leakage      Total
                          Power      Power      Power      Power (Watts)
----------------------------------------------------------------
Sequential             2.05e-03   6.17e-04   2.14e-06   2.67e-03  32.9%
Combinational          2.13e-03   3.31e-03   2.16e-08   5.44e-03  67.1%
Macro                  0.00e+00   0.00e+00   0.00e+00   0.00e+00   0.0%
Pad                    0.00e+00   0.00e+00   0.00e+00   0.00e+00   0.0%
----------------------------------------------------------------
Total                  4.18e-03   3.93e-03   2.17e-06   8.11e-03 100.0%
                          51.6%      48.4%       0.0%

