
===========================================================================
report_checks -unconstrained
===========================================================================
======================= Fastest Corner ===================================

Startpoint: rst_ni (input port clocked by clk_i)
Endpoint: _5033_ (recovery check against rising-edge clock clk_i)
Path Group: asynchronous
Path Type: max
Corner: Fastest

Fanout     Cap    Slew   Delay    Time   Description
-----------------------------------------------------------------------------
                          0.00    0.00   clock clk_i (rise edge)
                          0.00    0.00   clock network delay (propagated)
                          2.40    2.40 ^ input external delay
                  0.03    0.02    2.42 ^ rst_ni (in)
     1    0.01                           rst_ni (net)
                  0.03    0.00    2.42 ^ input131/A (sky130_fd_sc_hd__buf_8)
                  0.17    0.17    2.59 ^ input131/X (sky130_fd_sc_hd__buf_8)
    12    0.14                           net131 (net)
                  0.17    0.00    2.59 ^ fanout297/A (sky130_fd_sc_hd__clkbuf_16)
                  0.12    0.19    2.78 ^ fanout297/X (sky130_fd_sc_hd__clkbuf_16)
    17    0.15                           net297 (net)
                  0.12    0.00    2.79 ^ fanout295/A (sky130_fd_sc_hd__buf_6)
                  0.13    0.16    2.94 ^ fanout295/X (sky130_fd_sc_hd__buf_6)
    16    0.08                           net295 (net)
                  0.13    0.00    2.94 ^ fanout294/A (sky130_fd_sc_hd__buf_12)
                  0.13    0.16    3.10 ^ fanout294/X (sky130_fd_sc_hd__buf_12)
    30    0.15                           net294 (net)
                  0.13    0.01    3.11 ^ fanout293/A (sky130_fd_sc_hd__buf_12)
                  0.12    0.15    3.26 ^ fanout293/X (sky130_fd_sc_hd__buf_12)
    30    0.14                           net293 (net)
                  0.13    0.01    3.27 ^ _5033_/RESET_B (sky130_fd_sc_hd__dfrtp_4)
                                  3.27   data arrival time

                         12.00   12.00   clock clk_i (rise edge)
                          0.00   12.00   clock source latency
                  0.15    0.10   12.10 ^ clk_i (in)
     1    0.04                           clk_i (net)
                  0.15    0.00   12.10 ^ clkbuf_0_clk_i/A (sky130_fd_sc_hd__clkbuf_16)
                  0.07    0.14   12.24 ^ clkbuf_0_clk_i/X (sky130_fd_sc_hd__clkbuf_16)
     4    0.08                           clknet_0_clk_i (net)
                  0.07    0.00   12.24 ^ clkbuf_2_2__f_clk_i/A (sky130_fd_sc_hd__clkbuf_16)
                  0.12    0.16   12.40 ^ clkbuf_2_2__f_clk_i/X (sky130_fd_sc_hd__clkbuf_16)
    12    0.15                           clknet_2_2__leaf_clk_i (net)
                  0.12    0.01   12.40 ^ clkbuf_leaf_13_clk_i/A (sky130_fd_sc_hd__clkbuf_16)
                  0.04    0.11   12.52 ^ clkbuf_leaf_13_clk_i/X (sky130_fd_sc_hd__clkbuf_16)
    12    0.03                           clknet_leaf_13_clk_i (net)
                  0.04    0.00   12.52 ^ _5033_/CLK (sky130_fd_sc_hd__dfrtp_4)
                         -0.25   12.27   clock uncertainty
                          0.00   12.27   clock reconvergence pessimism
                          0.10   12.37   library recovery time
                                 12.37   data required time
-----------------------------------------------------------------------------
                                 12.37   data required time
                                 -3.27   data arrival time
-----------------------------------------------------------------------------
                                  9.10   slack (MET)


Startpoint: _5200_ (rising edge-triggered flip-flop clocked by clk_i)
Endpoint: dmem_be_o[2] (output port clocked by clk_i)
Path Group: clk_i
Path Type: max
Corner: Fastest

Fanout     Cap    Slew   Delay    Time   Description
-----------------------------------------------------------------------------
                          0.00    0.00   clock clk_i (rise edge)
                          0.00    0.00   clock source latency
                  0.15    0.11    0.11 ^ clk_i (in)
     1    0.04                           clk_i (net)
                  0.15    0.00    0.11 ^ clkbuf_0_clk_i/A (sky130_fd_sc_hd__clkbuf_16)
                  0.07    0.15    0.26 ^ clkbuf_0_clk_i/X (sky130_fd_sc_hd__clkbuf_16)
     4    0.08                           clknet_0_clk_i (net)
                  0.07    0.00    0.27 ^ clkbuf_2_0__f_clk_i/A (sky130_fd_sc_hd__clkbuf_16)
                  0.14    0.18    0.45 ^ clkbuf_2_0__f_clk_i/X (sky130_fd_sc_hd__clkbuf_16)
    14    0.17                           clknet_2_0__leaf_clk_i (net)
                  0.14    0.00    0.45 ^ clkbuf_leaf_38_clk_i/A (sky130_fd_sc_hd__clkbuf_16)
                  0.06    0.14    0.60 ^ clkbuf_leaf_38_clk_i/X (sky130_fd_sc_hd__clkbuf_16)
    21    0.06                           clknet_leaf_38_clk_i (net)
                  0.06    0.00    0.60 ^ _5200_/CLK (sky130_fd_sc_hd__dfrtp_4)
                  0.08    0.36    0.96 v _5200_/Q (sky130_fd_sc_hd__dfrtp_4)
     4    0.04                           net279 (net)
                  0.08    0.00    0.96 v _2347_/B (sky130_fd_sc_hd__xor2_2)
                  0.05    0.12    1.08 v _2347_/X (sky130_fd_sc_hd__xor2_2)
     2    0.01                           _2337_ (net)
                  0.05    0.00    1.08 v _2351_/A (sky130_fd_sc_hd__nor4b_4)
                  0.99    0.86    1.94 ^ _2351_/Y (sky130_fd_sc_hd__nor4b_4)
    28    0.11                           _2341_ (net)
                  0.99    0.00    1.94 ^ _2575_/A2 (sky130_fd_sc_hd__a21o_1)
                  0.08    0.09    2.04 ^ _2575_/X (sky130_fd_sc_hd__a21o_1)
     1    0.01                           _0515_ (net)
                  0.08    0.00    2.04 ^ _2580_/A2 (sky130_fd_sc_hd__a31oi_4)
                  0.14    0.13    2.16 v _2580_/Y (sky130_fd_sc_hd__a31oi_4)
     8    0.05                           _0519_ (net)
                  0.14    0.00    2.17 v _2586_/A2 (sky130_fd_sc_hd__a21oi_4)
                  0.62    0.54    2.71 ^ _2586_/Y (sky130_fd_sc_hd__a21oi_4)
    25    0.12                           _0525_ (net)
                  0.62    0.00    2.72 ^ _2978_/A (sky130_fd_sc_hd__and2_1)
                  0.06    0.12    2.84 ^ _2978_/X (sky130_fd_sc_hd__and2_1)
     1    0.01                           _0890_ (net)
                  0.06    0.00    2.84 ^ _2980_/A (sky130_fd_sc_hd__nor2_2)
                  0.07    0.05    2.88 v _2980_/Y (sky130_fd_sc_hd__nor2_2)
     5    0.02                           _0892_ (net)
                  0.07    0.00    2.88 v _2984_/A3 (sky130_fd_sc_hd__o311a_1)
                  0.06    0.23    3.11 v _2984_/X (sky130_fd_sc_hd__o311a_1)
     3    0.01                           _0896_ (net)
                  0.06    0.00    3.11 v _2985_/D (sky130_fd_sc_hd__or4_2)
                  0.09    0.36    3.47 v _2985_/X (sky130_fd_sc_hd__or4_2)
     3    0.01                           _0897_ (net)
                  0.09    0.00    3.47 v _3026_/A1 (sky130_fd_sc_hd__a21oi_2)
                  0.21    0.22    3.69 ^ _3026_/Y (sky130_fd_sc_hd__a21oi_2)
     2    0.02                           _0938_ (net)
                  0.21    0.00    3.69 ^ _3046_/A2 (sky130_fd_sc_hd__a21oi_4)
                  0.06    0.07    3.76 v _3046_/Y (sky130_fd_sc_hd__a21oi_4)
     5    0.02                           _0958_ (net)
                  0.06    0.00    3.76 v _3091_/A1 (sky130_fd_sc_hd__o21ai_2)
                  0.14    0.16    3.92 ^ _3091_/Y (sky130_fd_sc_hd__o21ai_2)
     4    0.01                           _1003_ (net)
                  0.14    0.00    3.92 ^ _3092_/D_N (sky130_fd_sc_hd__or4bb_2)
                  0.09    0.36    4.27 v _3092_/X (sky130_fd_sc_hd__or4bb_2)
     3    0.02                           _1004_ (net)
                  0.09    0.00    4.27 v _3105_/A1 (sky130_fd_sc_hd__a211o_1)
                  0.06    0.21    4.49 v _3105_/X (sky130_fd_sc_hd__a211o_1)
     3    0.01                           _1017_ (net)
                  0.06    0.00    4.49 v _3114_/A2 (sky130_fd_sc_hd__a21o_1)
                  0.04    0.15    4.64 v _3114_/X (sky130_fd_sc_hd__a21o_1)
     3    0.01                           _1026_ (net)
                  0.04    0.00    4.64 v _3124_/A1 (sky130_fd_sc_hd__a21o_1)
                  0.03    0.11    4.75 v _3124_/X (sky130_fd_sc_hd__a21o_1)
     2    0.01                           _1036_ (net)
                  0.03    0.00    4.75 v _3192_/A2 (sky130_fd_sc_hd__a31o_1)
                  0.03    0.14    4.89 v _3192_/X (sky130_fd_sc_hd__a31o_1)
     1    0.00                           _1104_ (net)
                  0.03    0.00    4.89 v _3193_/A (sky130_fd_sc_hd__buf_4)
                  0.08    0.16    5.04 v _3193_/X (sky130_fd_sc_hd__buf_4)
    12    0.09                           i_exec_stage.alu_out[0] (net)
                  0.08    0.00    5.05 v _3202_/D (sky130_fd_sc_hd__or4_1)
                  0.08    0.28    5.33 v _3202_/X (sky130_fd_sc_hd__or4_1)
     2    0.01                           _1111_ (net)
                  0.08    0.00    5.33 v _3203_/A2 (sky130_fd_sc_hd__a21oi_1)
                  0.13    0.16    5.49 ^ _3203_/Y (sky130_fd_sc_hd__a21oi_1)
     1    0.01                           net164 (net)
                  0.13    0.00    5.49 ^ output164/A (sky130_fd_sc_hd__clkbuf_4)
                  0.09    0.16    5.65 ^ output164/X (sky130_fd_sc_hd__clkbuf_4)
     1    0.04                           dmem_be_o[2] (net)
                  0.09    0.00    5.65 ^ dmem_be_o[2] (out)
                                  5.65   data arrival time

                         12.00   12.00   clock clk_i (rise edge)
                          0.00   12.00   clock network delay (propagated)
                         -0.25   11.75   clock uncertainty
                          0.00   11.75   clock reconvergence pessimism
                         -2.40    9.35   output external delay
                                  9.35   data required time
-----------------------------------------------------------------------------
                                  9.35   data required time
                                 -5.65   data arrival time
-----------------------------------------------------------------------------
                                  3.70   slack (MET)



======================= Slowest Corner ===================================

Startpoint: rst_ni (input port clocked by clk_i)
Endpoint: _5033_ (recovery check against rising-edge clock clk_i)
Path Group: asynchronous
Path Type: max
Corner: Slowest

Fanout     Cap    Slew   Delay    Time   Description
-----------------------------------------------------------------------------
                          0.00    0.00   clock clk_i (rise edge)
                          0.00    0.00   clock network delay (propagated)
                          2.40    2.40 ^ input external delay
                  0.07    0.04    2.44 ^ rst_ni (in)
     1    0.01                           rst_ni (net)
                  0.07    0.00    2.44 ^ input131/A (sky130_fd_sc_hd__buf_8)
                  0.35    0.40    2.84 ^ input131/X (sky130_fd_sc_hd__buf_8)
    12    0.14                           net131 (net)
                  0.35    0.00    2.84 ^ fanout297/A (sky130_fd_sc_hd__clkbuf_16)
                  0.24    0.50    3.34 ^ fanout297/X (sky130_fd_sc_hd__clkbuf_16)
    17    0.14                           net297 (net)
                  0.24    0.00    3.35 ^ fanout295/A (sky130_fd_sc_hd__buf_6)
                  0.25    0.41    3.76 ^ fanout295/X (sky130_fd_sc_hd__buf_6)
    16    0.08                           net295 (net)
                  0.25    0.00    3.76 ^ fanout294/A (sky130_fd_sc_hd__buf_12)
                  0.25    0.42    4.17 ^ fanout294/X (sky130_fd_sc_hd__buf_12)
    30    0.14                           net294 (net)
                  0.25    0.01    4.18 ^ fanout293/A (sky130_fd_sc_hd__buf_12)
                  0.24    0.40    4.58 ^ fanout293/X (sky130_fd_sc_hd__buf_12)
    30    0.13                           net293 (net)
                  0.24    0.01    4.59 ^ _5033_/RESET_B (sky130_fd_sc_hd__dfrtp_4)
                                  4.59   data arrival time

                         12.00   12.00   clock clk_i (rise edge)
                          0.00   12.00   clock source latency
                  0.32    0.21   12.21 ^ clk_i (in)
     1    0.04                           clk_i (net)
                  0.32    0.00   12.21 ^ clkbuf_0_clk_i/A (sky130_fd_sc_hd__clkbuf_16)
                  0.14    0.38   12.59 ^ clkbuf_0_clk_i/X (sky130_fd_sc_hd__clkbuf_16)
     4    0.08                           clknet_0_clk_i (net)
                  0.14    0.00   12.59 ^ clkbuf_2_2__f_clk_i/A (sky130_fd_sc_hd__clkbuf_16)
                  0.24    0.38   12.97 ^ clkbuf_2_2__f_clk_i/X (sky130_fd_sc_hd__clkbuf_16)
    12    0.15                           clknet_2_2__leaf_clk_i (net)
                  0.24    0.01   12.98 ^ clkbuf_leaf_13_clk_i/A (sky130_fd_sc_hd__clkbuf_16)
                  0.08    0.30   13.28 ^ clkbuf_leaf_13_clk_i/X (sky130_fd_sc_hd__clkbuf_16)
    12    0.03                           clknet_leaf_13_clk_i (net)
                  0.08    0.00   13.28 ^ _5033_/CLK (sky130_fd_sc_hd__dfrtp_4)
                         -0.25   13.03   clock uncertainty
                          0.00   13.03   clock reconvergence pessimism
                          0.37   13.40   library recovery time
                                 13.40   data required time
-----------------------------------------------------------------------------
                                 13.40   data required time
                                 -4.59   data arrival time
-----------------------------------------------------------------------------
                                  8.81   slack (MET)


Startpoint: _5200_ (rising edge-triggered flip-flop clocked by clk_i)
Endpoint: dmem_be_o[2] (output port clocked by clk_i)
Path Group: clk_i
Path Type: max
Corner: Slowest

Fanout     Cap    Slew   Delay    Time   Description
-----------------------------------------------------------------------------
                          0.00    0.00   clock clk_i (rise edge)
                          0.00    0.00   clock source latency
                  0.32    0.23    0.23 ^ clk_i (in)
     1    0.04                           clk_i (net)
                  0.32    0.00    0.23 ^ clkbuf_0_clk_i/A (sky130_fd_sc_hd__clkbuf_16)
                  0.14    0.42    0.65 ^ clkbuf_0_clk_i/X (sky130_fd_sc_hd__clkbuf_16)
     4    0.08                           clknet_0_clk_i (net)
                  0.14    0.00    0.65 ^ clkbuf_2_0__f_clk_i/A (sky130_fd_sc_hd__clkbuf_16)
                  0.27    0.44    1.10 ^ clkbuf_2_0__f_clk_i/X (sky130_fd_sc_hd__clkbuf_16)
    14    0.17                           clknet_2_0__leaf_clk_i (net)
                  0.27    0.00    1.10 ^ clkbuf_leaf_38_clk_i/A (sky130_fd_sc_hd__clkbuf_16)
                  0.12    0.38    1.48 ^ clkbuf_leaf_38_clk_i/X (sky130_fd_sc_hd__clkbuf_16)
    21    0.06                           clknet_leaf_38_clk_i (net)
                  0.12    0.00    1.48 ^ _5200_/CLK (sky130_fd_sc_hd__dfrtp_4)
                  0.20    1.19    2.67 v _5200_/Q (sky130_fd_sc_hd__dfrtp_4)
     4    0.04                           net279 (net)
                  0.20    0.00    2.67 v _2347_/B (sky130_fd_sc_hd__xor2_2)
                  0.14    0.36    3.03 v _2347_/X (sky130_fd_sc_hd__xor2_2)
     2    0.01                           _2337_ (net)
                  0.14    0.00    3.03 v _2371_/A (sky130_fd_sc_hd__or4b_1)
                  0.23    1.38    4.41 v _2371_/X (sky130_fd_sc_hd__or4b_1)
     1    0.01                           _0325_ (net)
                  0.23    0.00    4.41 v _2372_/A (sky130_fd_sc_hd__buf_4)
                  0.14    0.43    4.84 v _2372_/X (sky130_fd_sc_hd__buf_4)
    15    0.05                           _0326_ (net)
                  0.14    0.00    4.84 v _2438_/A2 (sky130_fd_sc_hd__o21a_1)
                  0.12    0.41    5.25 v _2438_/X (sky130_fd_sc_hd__o21a_1)
     1    0.01                           _0389_ (net)
                  0.12    0.00    5.25 v _2440_/A3 (sky130_fd_sc_hd__o31ai_4)
                  0.58    0.58    5.83 ^ _2440_/Y (sky130_fd_sc_hd__o31ai_4)
     4    0.03                           _0391_ (net)
                  0.58    0.00    5.83 ^ _2441_/A (sky130_fd_sc_hd__inv_2)
                  0.25    0.43    6.25 v _2441_/Y (sky130_fd_sc_hd__inv_2)
     4    0.04                           net178 (net)
                  0.25    0.00    6.25 v _2587_/A2 (sky130_fd_sc_hd__mux4_2)
                  0.24    1.30    7.56 v _2587_/X (sky130_fd_sc_hd__mux4_2)
     2    0.02                           _0526_ (net)
                  0.24    0.00    7.56 v _2588_/A (sky130_fd_sc_hd__buf_2)
                  0.16    0.44    8.00 v _2588_/X (sky130_fd_sc_hd__buf_2)
     6    0.03                           _0527_ (net)
                  0.16    0.00    8.00 v _2976_/A (sky130_fd_sc_hd__nor2_1)
                  0.23    0.27    8.26 ^ _2976_/Y (sky130_fd_sc_hd__nor2_1)
     1    0.01                           _0888_ (net)
                  0.23    0.00    8.26 ^ _2977_/B1 (sky130_fd_sc_hd__a21oi_2)
                  0.15    0.16    8.43 v _2977_/Y (sky130_fd_sc_hd__a21oi_2)
     5    0.01                           _0889_ (net)
                  0.15    0.00    8.43 v _2984_/A2 (sky130_fd_sc_hd__o311a_1)
                  0.16    0.77    9.19 v _2984_/X (sky130_fd_sc_hd__o311a_1)
     3    0.01                           _0896_ (net)
                  0.16    0.00    9.20 v _2985_/D (sky130_fd_sc_hd__or4_2)
                  0.28    1.53   10.73 v _2985_/X (sky130_fd_sc_hd__or4_2)
     3    0.01                           _0897_ (net)
                  0.28    0.00   10.73 v _3026_/A1 (sky130_fd_sc_hd__a21oi_2)
                  0.47    0.57   11.30 ^ _3026_/Y (sky130_fd_sc_hd__a21oi_2)
     2    0.02                           _0938_ (net)
                  0.47    0.00   11.30 ^ _3046_/A2 (sky130_fd_sc_hd__a21oi_4)
                  0.15    0.30   11.60 v _3046_/Y (sky130_fd_sc_hd__a21oi_4)
     5    0.02                           _0958_ (net)
                  0.15    0.00   11.60 v _3091_/A1 (sky130_fd_sc_hd__o21ai_2)
                  0.31    0.39   12.00 ^ _3091_/Y (sky130_fd_sc_hd__o21ai_2)
     4    0.01                           _1003_ (net)
                  0.31    0.00   12.00 ^ _3092_/D_N (sky130_fd_sc_hd__or4bb_2)
                  0.30    1.56   13.55 v _3092_/X (sky130_fd_sc_hd__or4bb_2)
     3    0.02                           _1004_ (net)
                  0.30    0.00   13.55 v _3105_/A1 (sky130_fd_sc_hd__a211o_1)
                  0.15    0.68   14.24 v _3105_/X (sky130_fd_sc_hd__a211o_1)
     3    0.01                           _1017_ (net)
                  0.15    0.00   14.24 v _3114_/A2 (sky130_fd_sc_hd__a21o_1)
                  0.11    0.42   14.66 v _3114_/X (sky130_fd_sc_hd__a21o_1)
     3    0.01                           _1026_ (net)
                  0.11    0.00   14.66 v _3124_/A1 (sky130_fd_sc_hd__a21o_1)
                  0.08    0.35   15.00 v _3124_/X (sky130_fd_sc_hd__a21o_1)
     2    0.01                           _1036_ (net)
                  0.08    0.00   15.00 v _3192_/A2 (sky130_fd_sc_hd__a31o_1)
                  0.07    0.39   15.40 v _3192_/X (sky130_fd_sc_hd__a31o_1)
     1    0.00                           _1104_ (net)
                  0.07    0.00   15.40 v _3193_/A (sky130_fd_sc_hd__buf_4)
                  0.21    0.42   15.82 v _3193_/X (sky130_fd_sc_hd__buf_4)
    12    0.09                           i_exec_stage.alu_out[0] (net)
                  0.21    0.00   15.82 v _3202_/D (sky130_fd_sc_hd__or4_1)
                  0.26    1.18   17.00 v _3202_/X (sky130_fd_sc_hd__or4_1)
     2    0.01                           _1111_ (net)
                  0.26    0.00   17.00 v _3203_/A2 (sky130_fd_sc_hd__a21oi_1)
                  0.29    0.42   17.42 ^ _3203_/Y (sky130_fd_sc_hd__a21oi_1)
     1    0.01                           net164 (net)
                  0.29    0.00   17.42 ^ output164/A (sky130_fd_sc_hd__clkbuf_4)
                  0.19    0.45   17.87 ^ output164/X (sky130_fd_sc_hd__clkbuf_4)
     1    0.04                           dmem_be_o[2] (net)
                  0.19    0.00   17.87 ^ dmem_be_o[2] (out)
                                 17.87   data arrival time

                         12.00   12.00   clock clk_i (rise edge)
                          0.00   12.00   clock network delay (propagated)
                         -0.25   11.75   clock uncertainty
                          0.00   11.75   clock reconvergence pessimism
                         -2.40    9.35   output external delay
                                  9.35   data required time
-----------------------------------------------------------------------------
                                  9.35   data required time
                                -17.87   data arrival time
-----------------------------------------------------------------------------
                                 -8.52   slack (VIOLATED)



======================= Typical Corner ===================================

Startpoint: rst_ni (input port clocked by clk_i)
Endpoint: _5033_ (recovery check against rising-edge clock clk_i)
Path Group: asynchronous
Path Type: max
Corner: Typical

Fanout     Cap    Slew   Delay    Time   Description
-----------------------------------------------------------------------------
                          0.00    0.00   clock clk_i (rise edge)
                          0.00    0.00   clock network delay (propagated)
                          2.40    2.40 ^ input external delay
                  0.04    0.03    2.43 ^ rst_ni (in)
     1    0.01                           rst_ni (net)
                  0.04    0.00    2.43 ^ input131/A (sky130_fd_sc_hd__buf_8)
                  0.23    0.24    2.67 ^ input131/X (sky130_fd_sc_hd__buf_8)
    12    0.14                           net131 (net)
                  0.23    0.00    2.67 ^ fanout297/A (sky130_fd_sc_hd__clkbuf_16)
                  0.16    0.29    2.96 ^ fanout297/X (sky130_fd_sc_hd__clkbuf_16)
    17    0.15                           net297 (net)
                  0.16    0.00    2.96 ^ fanout295/A (sky130_fd_sc_hd__buf_6)
                  0.17    0.24    3.20 ^ fanout295/X (sky130_fd_sc_hd__buf_6)
    16    0.08                           net295 (net)
                  0.17    0.00    3.20 ^ fanout294/A (sky130_fd_sc_hd__buf_12)
                  0.17    0.24    3.44 ^ fanout294/X (sky130_fd_sc_hd__buf_12)
    30    0.15                           net294 (net)
                  0.17    0.01    3.44 ^ fanout293/A (sky130_fd_sc_hd__buf_12)
                  0.16    0.24    3.68 ^ fanout293/X (sky130_fd_sc_hd__buf_12)
    30    0.14                           net293 (net)
                  0.17    0.01    3.68 ^ _5033_/RESET_B (sky130_fd_sc_hd__dfrtp_4)
                                  3.68   data arrival time

                         12.00   12.00   clock clk_i (rise edge)
                          0.00   12.00   clock source latency
                  0.20    0.13   12.13 ^ clk_i (in)
     1    0.04                           clk_i (net)
                  0.20    0.00   12.13 ^ clkbuf_0_clk_i/A (sky130_fd_sc_hd__clkbuf_16)
                  0.09    0.21   12.34 ^ clkbuf_0_clk_i/X (sky130_fd_sc_hd__clkbuf_16)
     4    0.08                           clknet_0_clk_i (net)
                  0.09    0.00   12.35 ^ clkbuf_2_2__f_clk_i/A (sky130_fd_sc_hd__clkbuf_16)
                  0.16    0.22   12.57 ^ clkbuf_2_2__f_clk_i/X (sky130_fd_sc_hd__clkbuf_16)
    12    0.15                           clknet_2_2__leaf_clk_i (net)
                  0.16    0.01   12.58 ^ clkbuf_leaf_13_clk_i/A (sky130_fd_sc_hd__clkbuf_16)
                  0.06    0.17   12.74 ^ clkbuf_leaf_13_clk_i/X (sky130_fd_sc_hd__clkbuf_16)
    12    0.03                           clknet_leaf_13_clk_i (net)
                  0.06    0.00   12.74 ^ _5033_/CLK (sky130_fd_sc_hd__dfrtp_4)
                         -0.25   12.49   clock uncertainty
                          0.00   12.49   clock reconvergence pessimism
                          0.18   12.68   library recovery time
                                 12.68   data required time
-----------------------------------------------------------------------------
                                 12.68   data required time
                                 -3.68   data arrival time
-----------------------------------------------------------------------------
                                  8.99   slack (MET)


Startpoint: _5200_ (rising edge-triggered flip-flop clocked by clk_i)
Endpoint: dmem_be_o[2] (output port clocked by clk_i)
Path Group: clk_i
Path Type: max
Corner: Typical

Fanout     Cap    Slew   Delay    Time   Description
-----------------------------------------------------------------------------
                          0.00    0.00   clock clk_i (rise edge)
                          0.00    0.00   clock source latency
                  0.20    0.15    0.15 ^ clk_i (in)
     1    0.04                           clk_i (net)
                  0.20    0.00    0.15 ^ clkbuf_0_clk_i/A (sky130_fd_sc_hd__clkbuf_16)
                  0.09    0.23    0.38 ^ clkbuf_0_clk_i/X (sky130_fd_sc_hd__clkbuf_16)
     4    0.08                           clknet_0_clk_i (net)
                  0.09    0.00    0.38 ^ clkbuf_2_0__f_clk_i/A (sky130_fd_sc_hd__clkbuf_16)
                  0.18    0.26    0.64 ^ clkbuf_2_0__f_clk_i/X (sky130_fd_sc_hd__clkbuf_16)
    14    0.17                           clknet_2_0__leaf_clk_i (net)
                  0.18    0.00    0.65 ^ clkbuf_leaf_38_clk_i/A (sky130_fd_sc_hd__clkbuf_16)
                  0.08    0.21    0.86 ^ clkbuf_leaf_38_clk_i/X (sky130_fd_sc_hd__clkbuf_16)
    21    0.06                           clknet_leaf_38_clk_i (net)
                  0.08    0.00    0.86 ^ _5200_/CLK (sky130_fd_sc_hd__dfrtp_4)
                  0.11    0.57    1.43 v _5200_/Q (sky130_fd_sc_hd__dfrtp_4)
     4    0.04                           net279 (net)
                  0.11    0.00    1.43 v _2347_/B (sky130_fd_sc_hd__xor2_2)
                  0.08    0.19    1.62 v _2347_/X (sky130_fd_sc_hd__xor2_2)
     2    0.01                           _2337_ (net)
                  0.08    0.00    1.62 v _2351_/A (sky130_fd_sc_hd__nor4b_4)
                  1.36    1.21    2.83 ^ _2351_/Y (sky130_fd_sc_hd__nor4b_4)
    28    0.10                           _2341_ (net)
                  1.36    0.00    2.84 ^ _2575_/A2 (sky130_fd_sc_hd__a21o_1)
                  0.10    0.30    3.14 ^ _2575_/X (sky130_fd_sc_hd__a21o_1)
     1    0.01                           _0515_ (net)
                  0.10    0.00    3.14 ^ _2580_/A2 (sky130_fd_sc_hd__a31oi_4)
                  0.21    0.21    3.35 v _2580_/Y (sky130_fd_sc_hd__a31oi_4)
     8    0.05                           _0519_ (net)
                  0.21    0.00    3.35 v _2586_/A2 (sky130_fd_sc_hd__a21oi_4)
                  0.82    0.76    4.11 ^ _2586_/Y (sky130_fd_sc_hd__a21oi_4)
    25    0.12                           _0525_ (net)
                  0.82    0.00    4.11 ^ _2978_/A (sky130_fd_sc_hd__and2_1)
                  0.09    0.26    4.38 ^ _2978_/X (sky130_fd_sc_hd__and2_1)
     1    0.01                           _0890_ (net)
                  0.09    0.00    4.38 ^ _2980_/A (sky130_fd_sc_hd__nor2_2)
                  0.09    0.07    4.45 v _2980_/Y (sky130_fd_sc_hd__nor2_2)
     5    0.02                           _0892_ (net)
                  0.09    0.00    4.45 v _2984_/A3 (sky130_fd_sc_hd__o311a_1)
                  0.09    0.36    4.81 v _2984_/X (sky130_fd_sc_hd__o311a_1)
     3    0.01                           _0896_ (net)
                  0.09    0.00    4.81 v _2985_/D (sky130_fd_sc_hd__or4_2)
                  0.14    0.64    5.45 v _2985_/X (sky130_fd_sc_hd__or4_2)
     3    0.01                           _0897_ (net)
                  0.14    0.00    5.45 v _3026_/A1 (sky130_fd_sc_hd__a21oi_2)
                  0.29    0.32    5.78 ^ _3026_/Y (sky130_fd_sc_hd__a21oi_2)
     2    0.02                           _0938_ (net)
                  0.29    0.00    5.78 ^ _3046_/A2 (sky130_fd_sc_hd__a21oi_4)
                  0.09    0.13    5.91 v _3046_/Y (sky130_fd_sc_hd__a21oi_4)
     5    0.02                           _0958_ (net)
                  0.09    0.00    5.91 v _3091_/A1 (sky130_fd_sc_hd__o21ai_2)
                  0.19    0.23    6.14 ^ _3091_/Y (sky130_fd_sc_hd__o21ai_2)
     4    0.01                           _1003_ (net)
                  0.19    0.00    6.14 ^ _3092_/D_N (sky130_fd_sc_hd__or4bb_2)
                  0.14    0.65    6.79 v _3092_/X (sky130_fd_sc_hd__or4bb_2)
     3    0.02                           _1004_ (net)
                  0.14    0.00    6.79 v _3105_/A1 (sky130_fd_sc_hd__a211o_1)
                  0.08    0.34    7.13 v _3105_/X (sky130_fd_sc_hd__a211o_1)
     3    0.01                           _1017_ (net)
                  0.08    0.00    7.13 v _3114_/A2 (sky130_fd_sc_hd__a21o_1)
                  0.06    0.23    7.36 v _3114_/X (sky130_fd_sc_hd__a21o_1)
     3    0.01                           _1026_ (net)
                  0.06    0.00    7.36 v _3124_/A1 (sky130_fd_sc_hd__a21o_1)
                  0.05    0.18    7.54 v _3124_/X (sky130_fd_sc_hd__a21o_1)
     2    0.01                           _1036_ (net)
                  0.05    0.00    7.54 v _3192_/A2 (sky130_fd_sc_hd__a31o_1)
                  0.04    0.21    7.75 v _3192_/X (sky130_fd_sc_hd__a31o_1)
     1    0.00                           _1104_ (net)
                  0.04    0.00    7.75 v _3193_/A (sky130_fd_sc_hd__buf_4)
                  0.12    0.23    7.98 v _3193_/X (sky130_fd_sc_hd__buf_4)
    12    0.09                           i_exec_stage.alu_out[0] (net)
                  0.12    0.00    7.98 v _3202_/D (sky130_fd_sc_hd__or4_1)
                  0.13    0.50    8.48 v _3202_/X (sky130_fd_sc_hd__or4_1)
     2    0.01                           _1111_ (net)
                  0.13    0.00    8.48 v _3203_/A2 (sky130_fd_sc_hd__a21oi_1)
                  0.18    0.23    8.71 ^ _3203_/Y (sky130_fd_sc_hd__a21oi_1)
     1    0.01                           net164 (net)
                  0.18    0.00    8.71 ^ output164/A (sky130_fd_sc_hd__clkbuf_4)
                  0.12    0.25    8.96 ^ output164/X (sky130_fd_sc_hd__clkbuf_4)
     1    0.04                           dmem_be_o[2] (net)
                  0.12    0.00    8.96 ^ dmem_be_o[2] (out)
                                  8.96   data arrival time

                         12.00   12.00   clock clk_i (rise edge)
                          0.00   12.00   clock network delay (propagated)
                         -0.25   11.75   clock uncertainty
                          0.00   11.75   clock reconvergence pessimism
                         -2.40    9.35   output external delay
                                  9.35   data required time
-----------------------------------------------------------------------------
                                  9.35   data required time
                                 -8.96   data arrival time
-----------------------------------------------------------------------------
                                  0.39   slack (MET)




===========================================================================
report_checks --slack_max -0.01
============================================================================
======================= Fastest Corner ===================================

No paths found.

======================= Slowest Corner ===================================

Startpoint: _5200_ (rising edge-triggered flip-flop clocked by clk_i)
Endpoint: dmem_be_o[2] (output port clocked by clk_i)
Path Group: clk_i
Path Type: max
Corner: Slowest

Fanout     Cap    Slew   Delay    Time   Description
-----------------------------------------------------------------------------
                          0.00    0.00   clock clk_i (rise edge)
                          0.00    0.00   clock source latency
                  0.32    0.23    0.23 ^ clk_i (in)
     1    0.04                           clk_i (net)
                  0.32    0.00    0.23 ^ clkbuf_0_clk_i/A (sky130_fd_sc_hd__clkbuf_16)
                  0.14    0.42    0.65 ^ clkbuf_0_clk_i/X (sky130_fd_sc_hd__clkbuf_16)
     4    0.08                           clknet_0_clk_i (net)
                  0.14    0.00    0.65 ^ clkbuf_2_0__f_clk_i/A (sky130_fd_sc_hd__clkbuf_16)
                  0.27    0.44    1.10 ^ clkbuf_2_0__f_clk_i/X (sky130_fd_sc_hd__clkbuf_16)
    14    0.17                           clknet_2_0__leaf_clk_i (net)
                  0.27    0.00    1.10 ^ clkbuf_leaf_38_clk_i/A (sky130_fd_sc_hd__clkbuf_16)
                  0.12    0.38    1.48 ^ clkbuf_leaf_38_clk_i/X (sky130_fd_sc_hd__clkbuf_16)
    21    0.06                           clknet_leaf_38_clk_i (net)
                  0.12    0.00    1.48 ^ _5200_/CLK (sky130_fd_sc_hd__dfrtp_4)
                  0.20    1.19    2.67 v _5200_/Q (sky130_fd_sc_hd__dfrtp_4)
     4    0.04                           net279 (net)
                  0.20    0.00    2.67 v _2347_/B (sky130_fd_sc_hd__xor2_2)
                  0.14    0.36    3.03 v _2347_/X (sky130_fd_sc_hd__xor2_2)
     2    0.01                           _2337_ (net)
                  0.14    0.00    3.03 v _2371_/A (sky130_fd_sc_hd__or4b_1)
                  0.23    1.38    4.41 v _2371_/X (sky130_fd_sc_hd__or4b_1)
     1    0.01                           _0325_ (net)
                  0.23    0.00    4.41 v _2372_/A (sky130_fd_sc_hd__buf_4)
                  0.14    0.43    4.84 v _2372_/X (sky130_fd_sc_hd__buf_4)
    15    0.05                           _0326_ (net)
                  0.14    0.00    4.84 v _2438_/A2 (sky130_fd_sc_hd__o21a_1)
                  0.12    0.41    5.25 v _2438_/X (sky130_fd_sc_hd__o21a_1)
     1    0.01                           _0389_ (net)
                  0.12    0.00    5.25 v _2440_/A3 (sky130_fd_sc_hd__o31ai_4)
                  0.58    0.58    5.83 ^ _2440_/Y (sky130_fd_sc_hd__o31ai_4)
     4    0.03                           _0391_ (net)
                  0.58    0.00    5.83 ^ _2441_/A (sky130_fd_sc_hd__inv_2)
                  0.25    0.43    6.25 v _2441_/Y (sky130_fd_sc_hd__inv_2)
     4    0.04                           net178 (net)
                  0.25    0.00    6.25 v _2587_/A2 (sky130_fd_sc_hd__mux4_2)
                  0.24    1.30    7.56 v _2587_/X (sky130_fd_sc_hd__mux4_2)
     2    0.02                           _0526_ (net)
                  0.24    0.00    7.56 v _2588_/A (sky130_fd_sc_hd__buf_2)
                  0.16    0.44    8.00 v _2588_/X (sky130_fd_sc_hd__buf_2)
     6    0.03                           _0527_ (net)
                  0.16    0.00    8.00 v _2976_/A (sky130_fd_sc_hd__nor2_1)
                  0.23    0.27    8.26 ^ _2976_/Y (sky130_fd_sc_hd__nor2_1)
     1    0.01                           _0888_ (net)
                  0.23    0.00    8.26 ^ _2977_/B1 (sky130_fd_sc_hd__a21oi_2)
                  0.15    0.16    8.43 v _2977_/Y (sky130_fd_sc_hd__a21oi_2)
     5    0.01                           _0889_ (net)
                  0.15    0.00    8.43 v _2984_/A2 (sky130_fd_sc_hd__o311a_1)
                  0.16    0.77    9.19 v _2984_/X (sky130_fd_sc_hd__o311a_1)
     3    0.01                           _0896_ (net)
                  0.16    0.00    9.20 v _2985_/D (sky130_fd_sc_hd__or4_2)
                  0.28    1.53   10.73 v _2985_/X (sky130_fd_sc_hd__or4_2)
     3    0.01                           _0897_ (net)
                  0.28    0.00   10.73 v _3026_/A1 (sky130_fd_sc_hd__a21oi_2)
                  0.47    0.57   11.30 ^ _3026_/Y (sky130_fd_sc_hd__a21oi_2)
     2    0.02                           _0938_ (net)
                  0.47    0.00   11.30 ^ _3046_/A2 (sky130_fd_sc_hd__a21oi_4)
                  0.15    0.30   11.60 v _3046_/Y (sky130_fd_sc_hd__a21oi_4)
     5    0.02                           _0958_ (net)
                  0.15    0.00   11.60 v _3091_/A1 (sky130_fd_sc_hd__o21ai_2)
                  0.31    0.39   12.00 ^ _3091_/Y (sky130_fd_sc_hd__o21ai_2)
     4    0.01                           _1003_ (net)
                  0.31    0.00   12.00 ^ _3092_/D_N (sky130_fd_sc_hd__or4bb_2)
                  0.30    1.56   13.55 v _3092_/X (sky130_fd_sc_hd__or4bb_2)
     3    0.02                           _1004_ (net)
                  0.30    0.00   13.55 v _3105_/A1 (sky130_fd_sc_hd__a211o_1)
                  0.15    0.68   14.24 v _3105_/X (sky130_fd_sc_hd__a211o_1)
     3    0.01                           _1017_ (net)
                  0.15    0.00   14.24 v _3114_/A2 (sky130_fd_sc_hd__a21o_1)
                  0.11    0.42   14.66 v _3114_/X (sky130_fd_sc_hd__a21o_1)
     3    0.01                           _1026_ (net)
                  0.11    0.00   14.66 v _3124_/A1 (sky130_fd_sc_hd__a21o_1)
                  0.08    0.35   15.00 v _3124_/X (sky130_fd_sc_hd__a21o_1)
     2    0.01                           _1036_ (net)
                  0.08    0.00   15.00 v _3192_/A2 (sky130_fd_sc_hd__a31o_1)
                  0.07    0.39   15.40 v _3192_/X (sky130_fd_sc_hd__a31o_1)
     1    0.00                           _1104_ (net)
                  0.07    0.00   15.40 v _3193_/A (sky130_fd_sc_hd__buf_4)
                  0.21    0.42   15.82 v _3193_/X (sky130_fd_sc_hd__buf_4)
    12    0.09                           i_exec_stage.alu_out[0] (net)
                  0.21    0.00   15.82 v _3202_/D (sky130_fd_sc_hd__or4_1)
                  0.26    1.18   17.00 v _3202_/X (sky130_fd_sc_hd__or4_1)
     2    0.01                           _1111_ (net)
                  0.26    0.00   17.00 v _3203_/A2 (sky130_fd_sc_hd__a21oi_1)
                  0.29    0.42   17.42 ^ _3203_/Y (sky130_fd_sc_hd__a21oi_1)
     1    0.01                           net164 (net)
                  0.29    0.00   17.42 ^ output164/A (sky130_fd_sc_hd__clkbuf_4)
                  0.19    0.45   17.87 ^ output164/X (sky130_fd_sc_hd__clkbuf_4)
     1    0.04                           dmem_be_o[2] (net)
                  0.19    0.00   17.87 ^ dmem_be_o[2] (out)
                                 17.87   data arrival time

                         12.00   12.00   clock clk_i (rise edge)
                          0.00   12.00   clock network delay (propagated)
                         -0.25   11.75   clock uncertainty
                          0.00   11.75   clock reconvergence pessimism
                         -2.40    9.35   output external delay
                                  9.35   data required time
-----------------------------------------------------------------------------
                                  9.35   data required time
                                -17.87   data arrival time
-----------------------------------------------------------------------------
                                 -8.52   slack (VIOLATED)



======================= Typical Corner ===================================

No paths found.


===========================================================================
 report_check_types -max_slew -max_cap -max_fanout -violators
============================================================================
======================= Fastest Corner ===================================


======================= Slowest Corner ===================================

max slew

Pin                                    Limit    Slew   Slack
------------------------------------------------------------
_2351_/Y                                1.49    2.18   -0.69 (VIOLATED)
_2886_/B                                1.50    2.18   -0.68 (VIOLATED)
_2895_/B                                1.50    2.18   -0.68 (VIOLATED)
_3055_/B                                1.50    2.18   -0.68 (VIOLATED)
_2832_/B                                1.50    2.18   -0.68 (VIOLATED)
_2869_/B                                1.50    2.18   -0.68 (VIOLATED)
_3072_/B                                1.50    2.18   -0.68 (VIOLATED)
_2877_/B                                1.50    2.18   -0.68 (VIOLATED)
_3106_/B                                1.50    2.18   -0.68 (VIOLATED)
_3116_/B                                1.50    2.18   -0.68 (VIOLATED)
_2812_/B                                1.50    2.18   -0.68 (VIOLATED)
_2842_/B                                1.50    2.18   -0.68 (VIOLATED)
_2859_/B                                1.50    2.18   -0.68 (VIOLATED)
_2813_/B                                1.50    2.18   -0.68 (VIOLATED)
_2824_/B                                1.50    2.18   -0.68 (VIOLATED)
_2851_/B                                1.50    2.18   -0.68 (VIOLATED)
_2437_/B                                1.50    2.18   -0.68 (VIOLATED)
_3010_/B                                1.50    2.18   -0.68 (VIOLATED)
_2352_/A2                               1.50    2.18   -0.68 (VIOLATED)
_2642_/A2                               1.50    2.18   -0.68 (VIOLATED)
_2575_/A2                               1.50    2.18   -0.68 (VIOLATED)
_3047_/B                                1.50    2.18   -0.68 (VIOLATED)
_3064_/B                                1.50    2.18   -0.68 (VIOLATED)
_2929_/B                                1.50    2.18   -0.68 (VIOLATED)
_2938_/B                                1.50    2.18   -0.68 (VIOLATED)
_2946_/B                                1.50    2.18   -0.68 (VIOLATED)
_2993_/B                                1.50    2.18   -0.68 (VIOLATED)
_3017_/B                                1.50    2.18   -0.68 (VIOLATED)
_2911_/B                                1.50    2.18   -0.68 (VIOLATED)

max capacitance

Pin                                    Limit     Cap   Slack
------------------------------------------------------------
_2351_/Y                                0.07    0.10   -0.04 (VIOLATED)


======================= Typical Corner ===================================



===========================================================================
report_parasitic_annotation -report_unannotated
============================================================================
Found 42 unannotated drivers.
 dmem_gnt_i
 dmem_rvalid_i
 core_298/HI
 core_299/HI
 core_300/HI
 core_301/HI
 core_302/HI
 core_303/HI
 core_304/HI
 core_305/HI
 core_306/HI
 core_307/HI
 core_308/HI
 core_309/HI
 core_310/HI
 core_311/HI
 core_312/HI
 core_313/HI
 core_314/HI
 core_315/HI
 core_316/HI
 core_317/HI
 core_318/HI
 core_319/HI
 core_320/HI
 core_321/HI
 core_322/HI
 core_323/HI
 core_324/HI
 core_325/HI
 core_326/HI
 core_327/HI
 core_328/HI
 core_329/HI
 core_330/HI
 core_331/HI
 core_332/HI
 core_333/HI
 core_334/HI
 core_335/HI
 core_336/HI
 core_337/LO
Found 0 partially unannotated drivers.

===========================================================================
max slew violation count 29
max fanout violation count 0
max cap violation count 1
============================================================================

===========================================================================
check_setup -verbose -unconstrained_endpoints -multiple_clock -no_clock -no_input_delay -loops -generated_clocks
===========================================================================
Warning: There are 40 unconstrained endpoints.
  dmem_addr_o[0]
  dmem_addr_o[1]
  imem_be_o[0]
  imem_be_o[1]
  imem_be_o[2]
  imem_be_o[3]
  imem_req_o
  imem_wdata_o[0]
  imem_wdata_o[10]
  imem_wdata_o[11]
  imem_wdata_o[12]
  imem_wdata_o[13]
  imem_wdata_o[14]
  imem_wdata_o[15]
  imem_wdata_o[16]
  imem_wdata_o[17]
  imem_wdata_o[18]
  imem_wdata_o[19]
  imem_wdata_o[1]
  imem_wdata_o[20]
  imem_wdata_o[21]
  imem_wdata_o[22]
  imem_wdata_o[23]
  imem_wdata_o[24]
  imem_wdata_o[25]
  imem_wdata_o[26]
  imem_wdata_o[27]
  imem_wdata_o[28]
  imem_wdata_o[29]
  imem_wdata_o[2]
  imem_wdata_o[30]
  imem_wdata_o[31]
  imem_wdata_o[3]
  imem_wdata_o[4]
  imem_wdata_o[5]
  imem_wdata_o[6]
  imem_wdata_o[7]
  imem_wdata_o[8]
  imem_wdata_o[9]
  imem_we_o
