
===========================================================================
 report_power
============================================================================
======================= Fastest Corner ===================================

Group                  Internal  Switching    Leakage      Total
                          Power      Power      Power      Power (Watts)
----------------------------------------------------------------
Sequential             2.38e-03   5.68e-04   2.14e-06   2.95e-03  32.5%
Combinational          2.54e-03   3.60e-03   2.73e-08   6.14e-03  67.5%
Macro                  0.00e+00   0.00e+00   0.00e+00   0.00e+00   0.0%
Pad                    0.00e+00   0.00e+00   0.00e+00   0.00e+00   0.0%
----------------------------------------------------------------
Total                  4.92e-03   4.17e-03   2.16e-06   9.10e-03 100.0%
                          54.1%      45.8%       0.0%

======================= Slowest Corner ===================================

Group                  Internal  Switching    Leakage      Total
                          Power      Power      Power      Power (Watts)
----------------------------------------------------------------
Sequential             1.60e-03   3.74e-04   9.13e-06   1.98e-03  31.8%
Combinational          1.86e-03   2.37e-03   1.47e-05   4.25e-03  68.2%
Macro                  0.00e+00   0.00e+00   0.00e+00   0.00e+00   0.0%
Pad                    0.00e+00   0.00e+00   0.00e+00   0.00e+00   0.0%
----------------------------------------------------------------
Total                  3.46e-03   2.75e-03   2.38e-05   6.23e-03 100.0%
                          55.5%      44.1%       0.4%

======================= Typical Corner ===================================

Group                  Internal  Switching    Leakage      Total
                          Power      Power      Power      Power (Watts)
----------------------------------------------------------------
Sequential             2.06e-03   4.78e-04   2.14e-06   2.54e-03  32.3%
Combinational          2.28e-03   3.04e-03   1.56e-08   5.32e-03  67.7%
Macro                  0.00e+00   0.00e+00   0.00e+00   0.00e+00   0.0%
Pad                    0.00e+00   0.00e+00   0.00e+00   0.00e+00   0.0%
----------------------------------------------------------------
Total                  4.34e-03   3.52e-03   2.15e-06   7.86e-03 100.0%
                          55.3%      44.7%       0.0%

