
===========================================================================
 report_power
============================================================================
======================= Fastest Corner ===================================

Group                  Internal  Switching    Leakage      Total
                          Power      Power      Power      Power (Watts)
----------------------------------------------------------------
Sequential             2.41e-02   4.48e-03   9.13e-08   2.86e-02  41.1%
Combinational          2.01e-02   2.08e-02   2.76e-07   4.09e-02  58.9%
Macro                  0.00e+00   0.00e+00   0.00e+00   0.00e+00   0.0%
Pad                    0.00e+00   0.00e+00   0.00e+00   0.00e+00   0.0%
----------------------------------------------------------------
Total                  4.42e-02   2.53e-02   3.67e-07   6.95e-02 100.0%
                          63.6%      36.4%       0.0%

======================= Slowest Corner ===================================

Group                  Internal  Switching    Leakage      Total
                          Power      Power      Power      Power (Watts)
----------------------------------------------------------------
Sequential             1.63e-02   2.94e-03   9.08e-05   1.93e-02  40.4%
Combinational          1.48e-02   1.36e-02   1.64e-04   2.85e-02  59.6%
Macro                  0.00e+00   0.00e+00   0.00e+00   0.00e+00   0.0%
Pad                    0.00e+00   0.00e+00   0.00e+00   0.00e+00   0.0%
----------------------------------------------------------------
Total                  3.11e-02   1.65e-02   2.55e-04   4.79e-02 100.0%
                          64.9%      34.5%       0.5%

======================= Typical Corner ===================================

Group                  Internal  Switching    Leakage      Total
                          Power      Power      Power      Power (Watts)
----------------------------------------------------------------
Sequential             2.09e-02   3.76e-03   5.21e-08   2.46e-02  40.9%
Combinational          1.81e-02   1.75e-02   1.93e-07   3.56e-02  59.1%
Macro                  0.00e+00   0.00e+00   0.00e+00   0.00e+00   0.0%
Pad                    0.00e+00   0.00e+00   0.00e+00   0.00e+00   0.0%
----------------------------------------------------------------
Total                  3.89e-02   2.13e-02   2.45e-07   6.02e-02 100.0%
                          64.7%      35.3%       0.0%

