
===========================================================================
 report_power
============================================================================
======================= Fastest Corner ===================================

Group                  Internal  Switching    Leakage      Total
                          Power      Power      Power      Power (Watts)
----------------------------------------------------------------
Sequential             2.41e-02   4.59e-03   9.14e-08   2.87e-02  41.6%
Combinational          1.98e-02   2.05e-02   2.72e-07   4.03e-02  58.4%
Macro                  0.00e+00   0.00e+00   0.00e+00   0.00e+00   0.0%
Pad                    0.00e+00   0.00e+00   0.00e+00   0.00e+00   0.0%
----------------------------------------------------------------
Total                  4.39e-02   2.51e-02   3.63e-07   6.90e-02 100.0%
                          63.6%      36.4%       0.0%

======================= Slowest Corner ===================================

Group                  Internal  Switching    Leakage      Total
                          Power      Power      Power      Power (Watts)
----------------------------------------------------------------
Sequential             1.63e-02   3.01e-03   9.08e-05   1.94e-02  40.9%
Combinational          1.45e-02   1.34e-02   1.46e-04   2.81e-02  59.1%
Macro                  0.00e+00   0.00e+00   0.00e+00   0.00e+00   0.0%
Pad                    0.00e+00   0.00e+00   0.00e+00   0.00e+00   0.0%
----------------------------------------------------------------
Total                  3.08e-02   1.64e-02   2.37e-04   4.75e-02 100.0%
                          64.9%      34.6%       0.5%

======================= Typical Corner ===================================

Group                  Internal  Switching    Leakage      Total
                          Power      Power      Power      Power (Watts)
----------------------------------------------------------------
Sequential             2.09e-02   3.86e-03   5.21e-08   2.47e-02  41.4%
Combinational          1.78e-02   1.73e-02   1.82e-07   3.51e-02  58.6%
Macro                  0.00e+00   0.00e+00   0.00e+00   0.00e+00   0.0%
Pad                    0.00e+00   0.00e+00   0.00e+00   0.00e+00   0.0%
----------------------------------------------------------------
Total                  3.86e-02   2.12e-02   2.34e-07   5.98e-02 100.0%
                          64.6%      35.4%       0.0%

