
===========================================================================
 report_power
============================================================================
======================= Fastest Corner ===================================

Group                  Internal  Switching    Leakage      Total
                          Power      Power      Power      Power (Watts)
----------------------------------------------------------------
Sequential             2.41e-02   4.23e-03   9.14e-08   2.84e-02  42.4%
Combinational          1.97e-02   1.88e-02   2.72e-07   3.85e-02  57.6%
Macro                  0.00e+00   0.00e+00   0.00e+00   0.00e+00   0.0%
Pad                    0.00e+00   0.00e+00   0.00e+00   0.00e+00   0.0%
----------------------------------------------------------------
Total                  4.39e-02   2.30e-02   3.63e-07   6.69e-02 100.0%
                          65.6%      34.4%       0.0%

======================= Slowest Corner ===================================

Group                  Internal  Switching    Leakage      Total
                          Power      Power      Power      Power (Watts)
----------------------------------------------------------------
Sequential             1.63e-02   2.77e-03   9.08e-05   1.92e-02  41.7%
Combinational          1.45e-02   1.23e-02   1.46e-04   2.69e-02  58.3%
Macro                  0.00e+00   0.00e+00   0.00e+00   0.00e+00   0.0%
Pad                    0.00e+00   0.00e+00   0.00e+00   0.00e+00   0.0%
----------------------------------------------------------------
Total                  3.08e-02   1.50e-02   2.37e-04   4.61e-02 100.0%
                          66.9%      32.6%       0.5%

======================= Typical Corner ===================================

Group                  Internal  Switching    Leakage      Total
                          Power      Power      Power      Power (Watts)
----------------------------------------------------------------
Sequential             2.09e-02   3.55e-03   5.21e-08   2.44e-02  42.1%
Combinational          1.77e-02   1.58e-02   1.82e-07   3.36e-02  57.9%
Macro                  0.00e+00   0.00e+00   0.00e+00   0.00e+00   0.0%
Pad                    0.00e+00   0.00e+00   0.00e+00   0.00e+00   0.0%
----------------------------------------------------------------
Total                  3.86e-02   1.94e-02   2.34e-07   5.80e-02 100.0%
                          66.6%      33.4%       0.0%

