
===========================================================================
 report_power
============================================================================
======================= Fastest Corner ===================================

Group                  Internal  Switching    Leakage      Total
                          Power      Power      Power      Power (Watts)
----------------------------------------------------------------
Sequential             2.37e-03   6.40e-04   2.14e-06   3.02e-03  31.6%
Combinational          2.55e-03   3.97e-03   2.73e-08   6.52e-03  68.4%
Macro                  0.00e+00   0.00e+00   0.00e+00   0.00e+00   0.0%
Pad                    0.00e+00   0.00e+00   0.00e+00   0.00e+00   0.0%
----------------------------------------------------------------
Total                  4.92e-03   4.61e-03   2.16e-06   9.53e-03 100.0%
                          51.6%      48.4%       0.0%

======================= Slowest Corner ===================================

Group                  Internal  Switching    Leakage      Total
                          Power      Power      Power      Power (Watts)
----------------------------------------------------------------
Sequential             1.59e-03   4.23e-04   9.13e-06   2.02e-03  31.0%
Combinational          1.87e-03   2.62e-03   1.47e-05   4.50e-03  69.0%
Macro                  0.00e+00   0.00e+00   0.00e+00   0.00e+00   0.0%
Pad                    0.00e+00   0.00e+00   0.00e+00   0.00e+00   0.0%
----------------------------------------------------------------
Total                  3.45e-03   3.05e-03   2.38e-05   6.52e-03 100.0%
                          52.9%      46.7%       0.4%

======================= Typical Corner ===================================

Group                  Internal  Switching    Leakage      Total
                          Power      Power      Power      Power (Watts)
----------------------------------------------------------------
Sequential             2.05e-03   5.40e-04   2.14e-06   2.59e-03  31.5%
Combinational          2.29e-03   3.35e-03   1.56e-08   5.64e-03  68.5%
Macro                  0.00e+00   0.00e+00   0.00e+00   0.00e+00   0.0%
Pad                    0.00e+00   0.00e+00   0.00e+00   0.00e+00   0.0%
----------------------------------------------------------------
Total                  4.34e-03   3.89e-03   2.15e-06   8.23e-03 100.0%
                          52.7%      47.3%       0.0%

