
===========================================================================
report_checks -unconstrained
===========================================================================
======================= Fastest Corner ===================================

Startpoint: peripheral_req (input port clocked by clk)
Endpoint: _55516_ (rising edge-triggered flip-flop clocked by clk)
Path Group: clk
Path Type: max
Corner: Fastest

Fanout     Cap    Slew   Delay    Time   Description
-----------------------------------------------------------------------------
                          0.00    0.00   clock clk (rise edge)
                          0.00    0.00   clock network delay (propagated)
                          2.40    2.40 ^ input external delay
                  0.01    0.01    2.41 ^ peripheral_req (in)
     1    0.00                           peripheral_req (net)
                  0.01    0.00    2.41 ^ input60/A (sky130_fd_sc_hd__clkbuf_1)
                  0.07    0.08    2.48 ^ input60/X (sky130_fd_sc_hd__clkbuf_1)
     1    0.01                           net60 (net)
                  0.07    0.00    2.49 ^ wire4741/A (sky130_fd_sc_hd__clkbuf_1)
                  0.11    0.12    2.60 ^ wire4741/X (sky130_fd_sc_hd__clkbuf_1)
     1    0.01                           net4741 (net)
                  0.11    0.00    2.60 ^ wire4740/A (sky130_fd_sc_hd__clkbuf_1)
                  0.11    0.12    2.72 ^ wire4740/X (sky130_fd_sc_hd__clkbuf_1)
     1    0.01                           net4740 (net)
                  0.11    0.00    2.72 ^ wire4739/A (sky130_fd_sc_hd__clkbuf_1)
                  0.12    0.13    2.85 ^ wire4739/X (sky130_fd_sc_hd__clkbuf_1)
     1    0.01                           net4739 (net)
                  0.12    0.00    2.85 ^ wire4738/A (sky130_fd_sc_hd__clkbuf_1)
                  0.11    0.12    2.97 ^ wire4738/X (sky130_fd_sc_hd__clkbuf_1)
     1    0.01                           net4738 (net)
                  0.11    0.00    2.97 ^ wire4737/A (sky130_fd_sc_hd__clkbuf_1)
                  0.12    0.13    3.10 ^ wire4737/X (sky130_fd_sc_hd__clkbuf_1)
     1    0.01                           net4737 (net)
                  0.12    0.00    3.11 ^ wire4736/A (sky130_fd_sc_hd__clkbuf_1)
                  0.13    0.14    3.24 ^ wire4736/X (sky130_fd_sc_hd__clkbuf_1)
     1    0.01                           net4736 (net)
                  0.13    0.00    3.24 ^ wire4735/A (sky130_fd_sc_hd__clkbuf_2)
                  0.07    0.13    3.37 ^ wire4735/X (sky130_fd_sc_hd__clkbuf_2)
     1    0.02                           net4735 (net)
                  0.07    0.00    3.37 ^ wire4734/A (sky130_fd_sc_hd__buf_6)
                  0.03    0.08    3.45 ^ wire4734/X (sky130_fd_sc_hd__buf_6)
     1    0.01                           net4734 (net)
                  0.03    0.00    3.45 ^ _28718_/D (sky130_fd_sc_hd__and4_1)
                  0.07    0.14    3.58 ^ _28718_/X (sky130_fd_sc_hd__and4_1)
     1    0.01                           _07052_ (net)
                  0.07    0.00    3.58 ^ wire4640/A (sky130_fd_sc_hd__clkbuf_1)
                  0.12    0.12    3.71 ^ wire4640/X (sky130_fd_sc_hd__clkbuf_1)
     1    0.01                           net4640 (net)
                  0.12    0.00    3.71 ^ wire4639/A (sky130_fd_sc_hd__clkbuf_1)
                  0.12    0.13    3.83 ^ wire4639/X (sky130_fd_sc_hd__clkbuf_1)
     1    0.01                           net4639 (net)
                  0.12    0.00    3.83 ^ wire4638/A (sky130_fd_sc_hd__clkbuf_1)
                  0.12    0.13    3.97 ^ wire4638/X (sky130_fd_sc_hd__clkbuf_1)
     1    0.01                           net4638 (net)
                  0.12    0.00    3.97 ^ wire4637/A (sky130_fd_sc_hd__clkbuf_2)
                  0.11    0.15    4.12 ^ wire4637/X (sky130_fd_sc_hd__clkbuf_2)
     2    0.03                           net4637 (net)
                  0.11    0.00    4.12 ^ _28719_/B1 (sky130_fd_sc_hd__o311a_1)
                  0.10    0.14    4.26 ^ _28719_/X (sky130_fd_sc_hd__o311a_1)
     1    0.01                           _07053_ (net)
                  0.10    0.00    4.26 ^ wire3761/A (sky130_fd_sc_hd__clkbuf_1)
                  0.14    0.14    4.40 ^ wire3761/X (sky130_fd_sc_hd__clkbuf_1)
     1    0.02                           net3761 (net)
                  0.14    0.00    4.40 ^ wire3760/A (sky130_fd_sc_hd__clkbuf_2)
                  0.09    0.14    4.54 ^ wire3760/X (sky130_fd_sc_hd__clkbuf_2)
     2    0.02                           net3760 (net)
                  0.09    0.00    4.54 ^ _32217_/A (sky130_fd_sc_hd__buf_6)
                  0.03    0.08    4.62 ^ _32217_/X (sky130_fd_sc_hd__buf_6)
     2    0.01                           _10072_ (net)
                  0.03    0.00    4.62 ^ wire2396/A (sky130_fd_sc_hd__clkbuf_2)
                  0.15    0.16    4.78 ^ wire2396/X (sky130_fd_sc_hd__clkbuf_2)
     4    0.04                           net2396 (net)
                  0.15    0.00    4.78 ^ max_length2395/A (sky130_fd_sc_hd__buf_2)
                  0.11    0.16    4.94 ^ max_length2395/X (sky130_fd_sc_hd__buf_2)
     2    0.03                           net2395 (net)
                  0.11    0.00    4.94 ^ wire2394/A (sky130_fd_sc_hd__clkbuf_2)
                  0.14    0.17    5.11 ^ wire2394/X (sky130_fd_sc_hd__clkbuf_2)
     3    0.03                           net2394 (net)
                  0.14    0.00    5.11 ^ wire2393/A (sky130_fd_sc_hd__dlymetal6s2s_1)
                  0.19    0.19    5.30 ^ wire2393/X (sky130_fd_sc_hd__dlymetal6s2s_1)
     3    0.02                           net2393 (net)
                  0.19    0.00    5.31 ^ wire2392/A (sky130_fd_sc_hd__dlymetal6s2s_1)
                  0.18    0.19    5.49 ^ wire2392/X (sky130_fd_sc_hd__dlymetal6s2s_1)
     2    0.02                           net2392 (net)
                  0.18    0.00    5.49 ^ wire2390/A (sky130_fd_sc_hd__dlymetal6s2s_1)
                  0.19    0.20    5.69 ^ wire2390/X (sky130_fd_sc_hd__dlymetal6s2s_1)
     2    0.02                           net2390 (net)
                  0.19    0.00    5.69 ^ _32397_/A (sky130_fd_sc_hd__clkbuf_1)
                  0.03    0.06    5.75 ^ _32397_/X (sky130_fd_sc_hd__clkbuf_1)
     1    0.00                           _10176_ (net)
                  0.03    0.00    5.75 ^ wire2001/A (sky130_fd_sc_hd__dlymetal6s2s_1)
                  0.19    0.18    5.93 ^ wire2001/X (sky130_fd_sc_hd__dlymetal6s2s_1)
     2    0.02                           net2001 (net)
                  0.19    0.00    5.93 ^ wire1998/A (sky130_fd_sc_hd__clkbuf_4)
                  0.11    0.19    6.12 ^ wire1998/X (sky130_fd_sc_hd__clkbuf_4)
     3    0.05                           net1998 (net)
                  0.11    0.00    6.13 ^ max_length1997/A (sky130_fd_sc_hd__clkbuf_1)
                  0.13    0.13    6.26 ^ max_length1997/X (sky130_fd_sc_hd__clkbuf_1)
     1    0.01                           net1997 (net)
                  0.13    0.00    6.26 ^ wire1995/A (sky130_fd_sc_hd__clkbuf_2)
                  0.11    0.15    6.41 ^ wire1995/X (sky130_fd_sc_hd__clkbuf_2)
     2    0.03                           net1995 (net)
                  0.11    0.00    6.41 ^ wire1994/A (sky130_fd_sc_hd__clkbuf_2)
                  0.14    0.17    6.58 ^ wire1994/X (sky130_fd_sc_hd__clkbuf_2)
     3    0.03                           net1994 (net)
                  0.14    0.00    6.59 ^ _32398_/A (sky130_fd_sc_hd__buf_6)
                  0.04    0.09    6.68 ^ _32398_/X (sky130_fd_sc_hd__buf_6)
     3    0.02                           _10177_ (net)
                  0.04    0.00    6.68 ^ max_length1591/A (sky130_fd_sc_hd__clkbuf_2)
                  0.10    0.12    6.79 ^ max_length1591/X (sky130_fd_sc_hd__clkbuf_2)
     3    0.02                           net1591 (net)
                  0.10    0.00    6.80 ^ wire1589/A (sky130_fd_sc_hd__clkbuf_2)
                  0.11    0.14    6.94 ^ wire1589/X (sky130_fd_sc_hd__clkbuf_2)
     3    0.03                           net1589 (net)
                  0.11    0.00    6.94 ^ max_length1588/A (sky130_fd_sc_hd__clkbuf_2)
                  0.12    0.16    7.10 ^ max_length1588/X (sky130_fd_sc_hd__clkbuf_2)
     5    0.03                           net1588 (net)
                  0.12    0.00    7.10 ^ wire1584/A (sky130_fd_sc_hd__clkbuf_2)
                  0.17    0.19    7.29 ^ wire1584/X (sky130_fd_sc_hd__clkbuf_2)
     3    0.04                           net1584 (net)
                  0.17    0.00    7.29 ^ wire1583/A (sky130_fd_sc_hd__clkbuf_2)
                  0.13    0.17    7.46 ^ wire1583/X (sky130_fd_sc_hd__clkbuf_2)
     3    0.03                           net1583 (net)
                  0.13    0.00    7.46 ^ max_length1582/A (sky130_fd_sc_hd__clkbuf_2)
                  0.08    0.13    7.60 ^ max_length1582/X (sky130_fd_sc_hd__clkbuf_2)
     2    0.02                           net1582 (net)
                  0.08    0.00    7.60 ^ wire1581/A (sky130_fd_sc_hd__clkbuf_2)
                  0.13    0.16    7.76 ^ wire1581/X (sky130_fd_sc_hd__clkbuf_2)
     3    0.03                           net1581 (net)
                  0.13    0.00    7.76 ^ _32484_/B (sky130_fd_sc_hd__nand2_2)
                  0.06    0.08    7.83 v _32484_/Y (sky130_fd_sc_hd__nand2_2)
     6    0.02                           _10224_ (net)
                  0.06    0.00    7.83 v _32494_/A2 (sky130_fd_sc_hd__o211a_1)
                  0.03    0.15    7.98 v _32494_/X (sky130_fd_sc_hd__o211a_1)
     1    0.00                           _00702_ (net)
                  0.03    0.00    7.98 v _55516_/D (sky130_fd_sc_hd__dfxtp_1)
                                  7.98   data arrival time

                         12.00   12.00   clock clk (rise edge)
                          0.00   12.00   clock source latency
                  0.42    0.28   12.28 ^ clk (in)
     2    0.13                           clk (net)
                  0.42    0.00   12.28 ^ clkbuf_0_clk/A (sky130_fd_sc_hd__clkbuf_16)
                  0.16    0.22   12.50 ^ clkbuf_0_clk/X (sky130_fd_sc_hd__clkbuf_16)
     5    0.19                           clknet_0_clk (net)
                  0.16    0.01   12.51 ^ clkbuf_2_0_0_clk/A (sky130_fd_sc_hd__clkbuf_8)
                  0.32    0.30   12.82 ^ clkbuf_2_0_0_clk/X (sky130_fd_sc_hd__clkbuf_8)
    16    0.25                           clknet_2_0_0_clk (net)
                  0.32    0.01   12.82 ^ clkbuf_6_3_0_clk/A (sky130_fd_sc_hd__clkbuf_8)
                  0.10    0.18   13.00 ^ clkbuf_6_3_0_clk/X (sky130_fd_sc_hd__clkbuf_8)
     6    0.07                           clknet_6_3_0_clk (net)
                  0.10    0.00   13.00 ^ clkbuf_leaf_9_clk/A (sky130_fd_sc_hd__clkbuf_16)
                  0.05    0.11   13.11 ^ clkbuf_leaf_9_clk/X (sky130_fd_sc_hd__clkbuf_16)
    13    0.04                           clknet_leaf_9_clk (net)
                  0.05    0.00   13.11 ^ _55516_/CLK (sky130_fd_sc_hd__dfxtp_1)
                         -0.25   12.86   clock uncertainty
                          0.00   12.86   clock reconvergence pessimism
                         -0.07   12.79   library setup time
                                 12.79   data required time
-----------------------------------------------------------------------------
                                 12.79   data required time
                                 -7.98   data arrival time
-----------------------------------------------------------------------------
                                  4.81   slack (MET)



======================= Slowest Corner ===================================

Startpoint: _60069_ (rising edge-triggered flip-flop clocked by clk)
Endpoint: _60554_ (rising edge-triggered flip-flop clocked by clk)
Path Group: clk
Path Type: max
Corner: Slowest

Fanout     Cap    Slew   Delay    Time   Description
-----------------------------------------------------------------------------
                          0.00    0.00   clock clk (rise edge)
                          0.00    0.00   clock source latency
                  0.90    0.67    0.67 ^ clk (in)
     2    0.13                           clk (net)
                  0.90    0.00    0.67 ^ clkbuf_0_clk/A (sky130_fd_sc_hd__clkbuf_16)
                  0.31    0.76    1.43 ^ clkbuf_0_clk/X (sky130_fd_sc_hd__clkbuf_16)
     5    0.19                           clknet_0_clk (net)
                  0.31    0.02    1.45 ^ clkbuf_2_0_0_clk/A (sky130_fd_sc_hd__clkbuf_8)
                  0.65    0.80    2.25 ^ clkbuf_2_0_0_clk/X (sky130_fd_sc_hd__clkbuf_8)
    16    0.25                           clknet_2_0_0_clk (net)
                  0.65    0.00    2.25 ^ clkbuf_6_14_0_clk/A (sky130_fd_sc_hd__clkbuf_8)
                  0.29    0.67    2.93 ^ clkbuf_6_14_0_clk/X (sky130_fd_sc_hd__clkbuf_8)
     9    0.10                           clknet_6_14_0_clk (net)
                  0.29    0.00    2.93 ^ clkbuf_leaf_52_clk/A (sky130_fd_sc_hd__clkbuf_16)
                  0.08    0.35    3.28 ^ clkbuf_leaf_52_clk/X (sky130_fd_sc_hd__clkbuf_16)
    11    0.03                           clknet_leaf_52_clk (net)
                  0.08    0.00    3.28 ^ _60069_/CLK (sky130_fd_sc_hd__dfxtp_4)
                  0.12    0.77    4.05 v _60069_/Q (sky130_fd_sc_hd__dfxtp_4)
    11    0.04                           genblk4[1].I2C_b.state[3] (net)
                  0.12    0.00    4.05 v _27361_/A (sky130_fd_sc_hd__or2_1)
                  0.09    0.53    4.57 v _27361_/X (sky130_fd_sc_hd__or2_1)
     1    0.00                           _05944_ (net)
                  0.09    0.00    4.57 v _27362_/A (sky130_fd_sc_hd__buf_2)
                  0.14    0.35    4.93 v _27362_/X (sky130_fd_sc_hd__buf_2)
     7    0.03                           _05945_ (net)
                  0.14    0.00    4.93 v _27363_/C (sky130_fd_sc_hd__nor3_4)
                  0.72    0.65    5.57 ^ _27363_/Y (sky130_fd_sc_hd__nor3_4)
     9    0.04                           _05946_ (net)
                  0.72    0.00    5.57 ^ _28570_/A (sky130_fd_sc_hd__or2_1)
                  0.08    0.41    5.98 ^ _28570_/X (sky130_fd_sc_hd__or2_1)
     1    0.00                           _06929_ (net)
                  0.08    0.00    5.98 ^ _28571_/A (sky130_fd_sc_hd__dlymetal6s2s_1)
                  0.23    0.30    6.28 ^ _28571_/X (sky130_fd_sc_hd__dlymetal6s2s_1)
     1    0.01                           _27336_ (net)
                  0.23    0.00    6.28 ^ _61000_/TE_B (sky130_fd_sc_hd__ebufn_8)
                  0.20    0.07    6.34 v _61000_/Z (sky130_fd_sc_hd__ebufn_8)
     8    0.07                           genblk4[1].I2C_b.o_scl (net)
                  0.20    0.00    6.34 v _27393_/A1 (sky130_fd_sc_hd__mux4_1)
                  0.16    1.25    7.59 v _27393_/X (sky130_fd_sc_hd__mux4_1)
     1    0.00                           _05973_ (net)
                  0.16    0.00    7.59 v _27394_/A (sky130_fd_sc_hd__clkbuf_1)
                  0.08    0.24    7.83 v _27394_/X (sky130_fd_sc_hd__clkbuf_1)
     2    0.01                           net135 (net)
                  0.08    0.00    7.84 v _27396_/B (sky130_fd_sc_hd__or2_1)
                  0.09    0.48    8.31 v _27396_/X (sky130_fd_sc_hd__or2_1)
     1    0.00                           _05975_ (net)
                  0.09    0.00    8.31 v _27397_/A1 (sky130_fd_sc_hd__mux2_1)
                  0.11    0.69    9.00 v _27397_/X (sky130_fd_sc_hd__mux2_1)
     1    0.00                           _05976_ (net)
                  0.11    0.00    9.00 v _27398_/A (sky130_fd_sc_hd__clkbuf_1)
                  0.09    0.22    9.23 v _27398_/X (sky130_fd_sc_hd__clkbuf_1)
     2    0.01                           net111 (net)
                  0.09    0.00    9.23 v _51846_/D (sky130_fd_sc_hd__nand4_1)
                  0.29    0.27    9.50 ^ _51846_/Y (sky130_fd_sc_hd__nand4_1)
     1    0.01                           _24897_ (net)
                  0.29    0.00    9.50 ^ wire835/A (sky130_fd_sc_hd__clkbuf_1)
                  0.37    0.47    9.97 ^ wire835/X (sky130_fd_sc_hd__clkbuf_1)
     1    0.02                           net835 (net)
                  0.37    0.00    9.97 ^ wire834/A (sky130_fd_sc_hd__clkbuf_1)
                  0.31    0.45   10.42 ^ wire834/X (sky130_fd_sc_hd__clkbuf_1)
     1    0.02                           net834 (net)
                  0.31    0.00   10.42 ^ wire833/A (sky130_fd_sc_hd__clkbuf_1)
                  0.36    0.47   10.89 ^ wire833/X (sky130_fd_sc_hd__clkbuf_1)
     1    0.02                           net833 (net)
                  0.36    0.00   10.89 ^ wire832/A (sky130_fd_sc_hd__clkbuf_1)
                  0.37    0.49   11.38 ^ wire832/X (sky130_fd_sc_hd__clkbuf_1)
     2    0.02                           net832 (net)
                  0.37    0.00   11.38 ^ wire831/A (sky130_fd_sc_hd__buf_4)
                  0.14    0.41   11.80 ^ wire831/X (sky130_fd_sc_hd__buf_4)
     4    0.03                           net831 (net)
                  0.14    0.00   11.80 ^ _52272_/B (sky130_fd_sc_hd__xor2_1)
                  0.11    0.17   11.97 v _52272_/X (sky130_fd_sc_hd__xor2_1)
     1    0.00                           _25238_ (net)
                  0.11    0.00   11.97 v wire814/A (sky130_fd_sc_hd__buf_4)
                  0.17    0.39   12.36 v wire814/X (sky130_fd_sc_hd__buf_4)
    14    0.07                           net814 (net)
                  0.17    0.01   12.37 v _52284_/B (sky130_fd_sc_hd__and2_1)
                  0.10    0.42   12.79 v _52284_/X (sky130_fd_sc_hd__and2_1)
     2    0.01                           _25249_ (net)
                  0.10    0.00   12.79 v _52285_/B (sky130_fd_sc_hd__nor2_1)
                  0.36    0.34   13.13 ^ _52285_/Y (sky130_fd_sc_hd__nor2_1)
     2    0.01                           _25250_ (net)
                  0.36    0.00   13.13 ^ _52296_/A1 (sky130_fd_sc_hd__a21oi_2)
                  0.16    0.28   13.40 v _52296_/Y (sky130_fd_sc_hd__a21oi_2)
     3    0.01                           _25260_ (net)
                  0.16    0.00   13.40 v _52312_/A2 (sky130_fd_sc_hd__a2111oi_2)
                  0.56    0.77   14.18 ^ _52312_/Y (sky130_fd_sc_hd__a2111oi_2)
     2    0.01                           _25274_ (net)
                  0.56    0.00   14.18 ^ _52321_/A (sky130_fd_sc_hd__nand2_1)
                  0.23    0.38   14.56 v _52321_/Y (sky130_fd_sc_hd__nand2_1)
     3    0.01                           _25282_ (net)
                  0.23    0.00   14.56 v _52338_/A2 (sky130_fd_sc_hd__o311a_1)
                  0.13    0.76   15.32 v _52338_/X (sky130_fd_sc_hd__o311a_1)
     2    0.01                           _25297_ (net)
                  0.13    0.00   15.32 v _52342_/A (sky130_fd_sc_hd__or2_1)
                  0.15    0.61   15.93 v _52342_/X (sky130_fd_sc_hd__or2_1)
     3    0.01                           _25301_ (net)
                  0.15    0.00   15.93 v _52358_/A (sky130_fd_sc_hd__nor2_1)
                  0.25    0.30   16.23 ^ _52358_/Y (sky130_fd_sc_hd__nor2_1)
     2    0.01                           _25315_ (net)
                  0.25    0.00   16.23 ^ _52376_/B (sky130_fd_sc_hd__and3b_1)
                  0.18    0.46   16.69 ^ _52376_/X (sky130_fd_sc_hd__and3b_1)
     3    0.01                           _25331_ (net)
                  0.18    0.00   16.69 ^ _52414_/A1 (sky130_fd_sc_hd__a21o_1)
                  0.19    0.36   17.05 ^ _52414_/X (sky130_fd_sc_hd__a21o_1)
     3    0.01                           _25365_ (net)
                  0.19    0.00   17.05 ^ _52432_/C_N (sky130_fd_sc_hd__or3b_1)
                  0.24    1.03   18.09 v _52432_/X (sky130_fd_sc_hd__or3b_1)
     4    0.01                           _25381_ (net)
                  0.24    0.00   18.09 v _52488_/B (sky130_fd_sc_hd__nor4_1)
                  0.40    0.55   18.64 ^ _52488_/Y (sky130_fd_sc_hd__nor4_1)
     1    0.00                           _25431_ (net)
                  0.40    0.00   18.64 ^ _52490_/B (sky130_fd_sc_hd__or3_1)
                  0.23    0.45   19.09 ^ _52490_/X (sky130_fd_sc_hd__or3_1)
     3    0.02                           _25433_ (net)
                  0.23    0.00   19.09 ^ _52507_/C_N (sky130_fd_sc_hd__or3b_1)
                  0.22    1.01   20.10 v _52507_/X (sky130_fd_sc_hd__or3b_1)
     3    0.01                           _25448_ (net)
                  0.22    0.00   20.10 v _52525_/A2 (sky130_fd_sc_hd__o311a_1)
                  0.15    0.79   20.89 v _52525_/X (sky130_fd_sc_hd__o311a_1)
     2    0.01                           _25464_ (net)
                  0.15    0.00   20.89 v _52534_/A2 (sky130_fd_sc_hd__o21ai_1)
                  0.35    0.39   21.27 ^ _52534_/Y (sky130_fd_sc_hd__o21ai_1)
     3    0.01                           _25472_ (net)
                  0.35    0.00   21.27 ^ _52543_/A (sky130_fd_sc_hd__or2b_1)
                  0.07    0.28   21.55 ^ _52543_/X (sky130_fd_sc_hd__or2b_1)
     1    0.00                           _25480_ (net)
                  0.07    0.00   21.55 ^ _52544_/B (sky130_fd_sc_hd__nand2_1)
                  0.16    0.18   21.73 v _52544_/Y (sky130_fd_sc_hd__nand2_1)
     2    0.01                           _25481_ (net)
                  0.16    0.00   21.73 v _52550_/A2 (sky130_fd_sc_hd__o21ai_1)
                  0.25    0.30   22.03 ^ _52550_/Y (sky130_fd_sc_hd__o21ai_1)
     2    0.01                           _25486_ (net)
                  0.25    0.00   22.03 ^ _52552_/A1 (sky130_fd_sc_hd__a21boi_1)
                  0.11    0.20   22.24 v _52552_/Y (sky130_fd_sc_hd__a21boi_1)
     1    0.00                           _25488_ (net)
                  0.11    0.00   22.24 v _52553_/B1 (sky130_fd_sc_hd__o21ai_1)
                  0.21    0.17   22.41 ^ _52553_/Y (sky130_fd_sc_hd__o21ai_1)
     1    0.00                           _25489_ (net)
                  0.21    0.00   22.41 ^ _52554_/B1 (sky130_fd_sc_hd__o211a_1)
                  0.09    0.38   22.79 ^ _52554_/X (sky130_fd_sc_hd__o211a_1)
     1    0.00                           _25490_ (net)
                  0.09    0.00   22.79 ^ _52556_/B1 (sky130_fd_sc_hd__o221a_1)
                  0.09    0.39   23.17 ^ _52556_/X (sky130_fd_sc_hd__o221a_1)
     1    0.00                           _05502_ (net)
                  0.09    0.00   23.17 ^ _60554_/D (sky130_fd_sc_hd__dfxtp_2)
                                 23.17   data arrival time

                         12.00   12.00   clock clk (rise edge)
                          0.00   12.00   clock source latency
                  0.90    0.60   12.60 ^ clk (in)
     2    0.13                           clk (net)
                  0.90    0.00   12.60 ^ clkbuf_0_clk/A (sky130_fd_sc_hd__clkbuf_16)
                  0.31    0.69   13.29 ^ clkbuf_0_clk/X (sky130_fd_sc_hd__clkbuf_16)
     5    0.19                           clknet_0_clk (net)
                  0.31    0.01   13.30 ^ clkbuf_2_3_0_clk/A (sky130_fd_sc_hd__clkbuf_8)
                  0.61    0.70   14.00 ^ clkbuf_2_3_0_clk/X (sky130_fd_sc_hd__clkbuf_8)
    16    0.23                           clknet_2_3_0_clk (net)
                  0.61    0.01   14.01 ^ clkbuf_6_52_0_clk/A (sky130_fd_sc_hd__clkbuf_8)
                  0.23    0.56   14.57 ^ clkbuf_6_52_0_clk/X (sky130_fd_sc_hd__clkbuf_8)
     7    0.08                           clknet_6_52_0_clk (net)
                  0.23    0.00   14.57 ^ clkbuf_leaf_226_clk/A (sky130_fd_sc_hd__clkbuf_16)
                  0.10    0.31   14.88 ^ clkbuf_leaf_226_clk/X (sky130_fd_sc_hd__clkbuf_16)
    15    0.04                           clknet_leaf_226_clk (net)
                  0.10    0.00   14.88 ^ _60554_/CLK (sky130_fd_sc_hd__dfxtp_2)
                         -0.25   14.63   clock uncertainty
                          0.14   14.77   clock reconvergence pessimism
                         -0.14   14.63   library setup time
                                 14.63   data required time
-----------------------------------------------------------------------------
                                 14.63   data required time
                                -23.17   data arrival time
-----------------------------------------------------------------------------
                                 -8.55   slack (VIOLATED)



======================= Typical Corner ===================================

Startpoint: _60069_ (rising edge-triggered flip-flop clocked by clk)
Endpoint: _60554_ (rising edge-triggered flip-flop clocked by clk)
Path Group: clk
Path Type: max
Corner: Typical

Fanout     Cap    Slew   Delay    Time   Description
-----------------------------------------------------------------------------
                          0.00    0.00   clock clk (rise edge)
                          0.00    0.00   clock source latency
                  0.57    0.41    0.41 ^ clk (in)
     2    0.13                           clk (net)
                  0.57    0.00    0.41 ^ clkbuf_0_clk/A (sky130_fd_sc_hd__clkbuf_16)
                  0.21    0.40    0.81 ^ clkbuf_0_clk/X (sky130_fd_sc_hd__clkbuf_16)
     5    0.19                           clknet_0_clk (net)
                  0.21    0.02    0.83 ^ clkbuf_2_0_0_clk/A (sky130_fd_sc_hd__clkbuf_8)
                  0.42    0.48    1.30 ^ clkbuf_2_0_0_clk/X (sky130_fd_sc_hd__clkbuf_8)
    16    0.25                           clknet_2_0_0_clk (net)
                  0.42    0.00    1.31 ^ clkbuf_6_14_0_clk/A (sky130_fd_sc_hd__clkbuf_8)
                  0.18    0.35    1.66 ^ clkbuf_6_14_0_clk/X (sky130_fd_sc_hd__clkbuf_8)
     9    0.10                           clknet_6_14_0_clk (net)
                  0.18    0.00    1.66 ^ clkbuf_leaf_52_clk/A (sky130_fd_sc_hd__clkbuf_16)
                  0.06    0.19    1.85 ^ clkbuf_leaf_52_clk/X (sky130_fd_sc_hd__clkbuf_16)
    11    0.03                           clknet_leaf_52_clk (net)
                  0.06    0.00    1.85 ^ _60069_/CLK (sky130_fd_sc_hd__dfxtp_4)
                  0.07    0.40    2.25 v _60069_/Q (sky130_fd_sc_hd__dfxtp_4)
    11    0.04                           genblk4[1].I2C_b.state[3] (net)
                  0.07    0.00    2.26 v _27361_/A (sky130_fd_sc_hd__or2_1)
                  0.04    0.23    2.49 v _27361_/X (sky130_fd_sc_hd__or2_1)
     1    0.00                           _05944_ (net)
                  0.04    0.00    2.49 v _27362_/A (sky130_fd_sc_hd__buf_2)
                  0.08    0.18    2.67 v _27362_/X (sky130_fd_sc_hd__buf_2)
     7    0.03                           _05945_ (net)
                  0.08    0.00    2.67 v _27363_/C (sky130_fd_sc_hd__nor3_4)
                  0.45    0.38    3.05 ^ _27363_/Y (sky130_fd_sc_hd__nor3_4)
     9    0.04                           _05946_ (net)
                  0.45    0.00    3.05 ^ _28570_/A (sky130_fd_sc_hd__or2_1)
                  0.05    0.18    3.23 ^ _28570_/X (sky130_fd_sc_hd__or2_1)
     1    0.00                           _06929_ (net)
                  0.05    0.00    3.23 ^ _28571_/A (sky130_fd_sc_hd__dlymetal6s2s_1)
                  0.15    0.17    3.40 ^ _28571_/X (sky130_fd_sc_hd__dlymetal6s2s_1)
     1    0.01                           _27336_ (net)
                  0.15    0.00    3.40 ^ _61000_/TE_B (sky130_fd_sc_hd__ebufn_8)
                  0.11    0.05    3.45 v _61000_/Z (sky130_fd_sc_hd__ebufn_8)
     8    0.07                           genblk4[1].I2C_b.o_scl (net)
                  0.11    0.00    3.45 v _27393_/A1 (sky130_fd_sc_hd__mux4_1)
                  0.09    0.55    4.00 v _27393_/X (sky130_fd_sc_hd__mux4_1)
     1    0.00                           _05973_ (net)
                  0.09    0.00    4.00 v _27394_/A (sky130_fd_sc_hd__clkbuf_1)
                  0.04    0.13    4.13 v _27394_/X (sky130_fd_sc_hd__clkbuf_1)
     2    0.01                           net135 (net)
                  0.04    0.00    4.13 v _27396_/B (sky130_fd_sc_hd__or2_1)
                  0.05    0.21    4.34 v _27396_/X (sky130_fd_sc_hd__or2_1)
     1    0.00                           _05975_ (net)
                  0.05    0.00    4.34 v _27397_/A1 (sky130_fd_sc_hd__mux2_1)
                  0.05    0.30    4.64 v _27397_/X (sky130_fd_sc_hd__mux2_1)
     1    0.00                           _05976_ (net)
                  0.05    0.00    4.64 v _27398_/A (sky130_fd_sc_hd__clkbuf_1)
                  0.05    0.12    4.75 v _27398_/X (sky130_fd_sc_hd__clkbuf_1)
     2    0.01                           net111 (net)
                  0.05    0.00    4.75 v _51846_/D (sky130_fd_sc_hd__nand4_1)
                  0.18    0.16    4.92 ^ _51846_/Y (sky130_fd_sc_hd__nand4_1)
     1    0.01                           _24897_ (net)
                  0.18    0.00    4.92 ^ wire835/A (sky130_fd_sc_hd__clkbuf_1)
                  0.23    0.25    5.17 ^ wire835/X (sky130_fd_sc_hd__clkbuf_1)
     1    0.02                           net835 (net)
                  0.23    0.00    5.17 ^ wire834/A (sky130_fd_sc_hd__clkbuf_1)
                  0.19    0.23    5.41 ^ wire834/X (sky130_fd_sc_hd__clkbuf_1)
     1    0.02                           net834 (net)
                  0.19    0.00    5.41 ^ wire833/A (sky130_fd_sc_hd__clkbuf_1)
                  0.22    0.25    5.66 ^ wire833/X (sky130_fd_sc_hd__clkbuf_1)
     1    0.02                           net833 (net)
                  0.22    0.00    5.66 ^ wire832/A (sky130_fd_sc_hd__clkbuf_1)
                  0.23    0.26    5.92 ^ wire832/X (sky130_fd_sc_hd__clkbuf_1)
     2    0.02                           net832 (net)
                  0.23    0.00    5.92 ^ wire831/A (sky130_fd_sc_hd__buf_4)
                  0.09    0.21    6.13 ^ wire831/X (sky130_fd_sc_hd__buf_4)
     4    0.03                           net831 (net)
                  0.09    0.00    6.14 ^ _52272_/B (sky130_fd_sc_hd__xor2_1)
                  0.13    0.17    6.31 ^ _52272_/X (sky130_fd_sc_hd__xor2_1)
     1    0.00                           _25238_ (net)
                  0.13    0.00    6.31 ^ wire814/A (sky130_fd_sc_hd__buf_4)
                  0.19    0.26    6.57 ^ wire814/X (sky130_fd_sc_hd__buf_4)
    14    0.07                           net814 (net)
                  0.19    0.01    6.57 ^ _52283_/B (sky130_fd_sc_hd__nor2_1)
                  0.05    0.06    6.64 v _52283_/Y (sky130_fd_sc_hd__nor2_1)
     1    0.00                           _25248_ (net)
                  0.05    0.00    6.64 v _52285_/A (sky130_fd_sc_hd__nor2_1)
                  0.21    0.21    6.85 ^ _52285_/Y (sky130_fd_sc_hd__nor2_1)
     2    0.01                           _25250_ (net)
                  0.21    0.00    6.85 ^ _52296_/A1 (sky130_fd_sc_hd__a21oi_2)
                  0.09    0.12    6.97 v _52296_/Y (sky130_fd_sc_hd__a21oi_2)
     3    0.01                           _25260_ (net)
                  0.09    0.00    6.97 v _52312_/A2 (sky130_fd_sc_hd__a2111oi_2)
                  0.34    0.44    7.41 ^ _52312_/Y (sky130_fd_sc_hd__a2111oi_2)
     2    0.01                           _25274_ (net)
                  0.34    0.00    7.41 ^ _52321_/A (sky130_fd_sc_hd__nand2_1)
                  0.12    0.16    7.57 v _52321_/Y (sky130_fd_sc_hd__nand2_1)
     3    0.01                           _25282_ (net)
                  0.12    0.00    7.57 v _52338_/A2 (sky130_fd_sc_hd__o311a_1)
                  0.07    0.39    7.97 v _52338_/X (sky130_fd_sc_hd__o311a_1)
     2    0.01                           _25297_ (net)
                  0.07    0.00    7.97 v _52342_/A (sky130_fd_sc_hd__or2_1)
                  0.07    0.28    8.24 v _52342_/X (sky130_fd_sc_hd__or2_1)
     3    0.01                           _25301_ (net)
                  0.07    0.00    8.24 v _52358_/A (sky130_fd_sc_hd__nor2_1)
                  0.15    0.17    8.41 ^ _52358_/Y (sky130_fd_sc_hd__nor2_1)
     2    0.01                           _25315_ (net)
                  0.15    0.00    8.41 ^ _52376_/B (sky130_fd_sc_hd__and3b_1)
                  0.11    0.23    8.64 ^ _52376_/X (sky130_fd_sc_hd__and3b_1)
     3    0.01                           _25331_ (net)
                  0.11    0.00    8.64 ^ _52414_/A1 (sky130_fd_sc_hd__a21o_1)
                  0.12    0.19    8.83 ^ _52414_/X (sky130_fd_sc_hd__a21o_1)
     3    0.01                           _25365_ (net)
                  0.12    0.00    8.83 ^ _52432_/C_N (sky130_fd_sc_hd__or3b_1)
                  0.12    0.45    9.28 v _52432_/X (sky130_fd_sc_hd__or3b_1)
     4    0.01                           _25381_ (net)
                  0.12    0.00    9.28 v _52488_/B (sky130_fd_sc_hd__nor4_1)
                  0.23    0.30    9.58 ^ _52488_/Y (sky130_fd_sc_hd__nor4_1)
     1    0.00                           _25431_ (net)
                  0.23    0.00    9.58 ^ _52490_/B (sky130_fd_sc_hd__or3_1)
                  0.15    0.24    9.81 ^ _52490_/X (sky130_fd_sc_hd__or3_1)
     3    0.02                           _25433_ (net)
                  0.15    0.00    9.81 ^ _52507_/C_N (sky130_fd_sc_hd__or3b_1)
                  0.11    0.44   10.25 v _52507_/X (sky130_fd_sc_hd__or3b_1)
     3    0.01                           _25448_ (net)
                  0.11    0.00   10.25 v _52525_/A2 (sky130_fd_sc_hd__o311a_1)
                  0.08    0.40   10.66 v _52525_/X (sky130_fd_sc_hd__o311a_1)
     2    0.01                           _25464_ (net)
                  0.08    0.00   10.66 v _52534_/A2 (sky130_fd_sc_hd__o21ai_1)
                  0.21    0.22   10.88 ^ _52534_/Y (sky130_fd_sc_hd__o21ai_1)
     3    0.01                           _25472_ (net)
                  0.21    0.00   10.88 ^ _52543_/A (sky130_fd_sc_hd__or2b_1)
                  0.04    0.14   11.02 ^ _52543_/X (sky130_fd_sc_hd__or2b_1)
     1    0.00                           _25480_ (net)
                  0.04    0.00   11.02 ^ _52544_/B (sky130_fd_sc_hd__nand2_1)
                  0.07    0.08   11.10 v _52544_/Y (sky130_fd_sc_hd__nand2_1)
     2    0.01                           _25481_ (net)
                  0.07    0.00   11.10 v _52550_/A2 (sky130_fd_sc_hd__o21ai_1)
                  0.15    0.16   11.26 ^ _52550_/Y (sky130_fd_sc_hd__o21ai_1)
     2    0.01                           _25486_ (net)
                  0.15    0.00   11.26 ^ _52552_/A1 (sky130_fd_sc_hd__a21boi_1)
                  0.06    0.09   11.35 v _52552_/Y (sky130_fd_sc_hd__a21boi_1)
     1    0.00                           _25488_ (net)
                  0.06    0.00   11.35 v _52553_/B1 (sky130_fd_sc_hd__o21ai_1)
                  0.12    0.09   11.45 ^ _52553_/Y (sky130_fd_sc_hd__o21ai_1)
     1    0.00                           _25489_ (net)
                  0.12    0.00   11.45 ^ _52554_/B1 (sky130_fd_sc_hd__o211a_1)
                  0.05    0.17   11.62 ^ _52554_/X (sky130_fd_sc_hd__o211a_1)
     1    0.00                           _25490_ (net)
                  0.05    0.00   11.62 ^ _52556_/B1 (sky130_fd_sc_hd__o221a_1)
                  0.05    0.17   11.79 ^ _52556_/X (sky130_fd_sc_hd__o221a_1)
     1    0.00                           _05502_ (net)
                  0.05    0.00   11.79 ^ _60554_/D (sky130_fd_sc_hd__dfxtp_2)
                                 11.79   data arrival time

                         12.00   12.00   clock clk (rise edge)
                          0.00   12.00   clock source latency
                  0.57    0.37   12.37 ^ clk (in)
     2    0.13                           clk (net)
                  0.57    0.00   12.37 ^ clkbuf_0_clk/A (sky130_fd_sc_hd__clkbuf_16)
                  0.21    0.36   12.73 ^ clkbuf_0_clk/X (sky130_fd_sc_hd__clkbuf_16)
     5    0.19                           clknet_0_clk (net)
                  0.21    0.01   12.74 ^ clkbuf_2_3_0_clk/A (sky130_fd_sc_hd__clkbuf_8)
                  0.40    0.41   13.15 ^ clkbuf_2_3_0_clk/X (sky130_fd_sc_hd__clkbuf_8)
    16    0.23                           clknet_2_3_0_clk (net)
                  0.40    0.01   13.16 ^ clkbuf_6_52_0_clk/A (sky130_fd_sc_hd__clkbuf_8)
                  0.15    0.29   13.45 ^ clkbuf_6_52_0_clk/X (sky130_fd_sc_hd__clkbuf_8)
     7    0.08                           clknet_6_52_0_clk (net)
                  0.15    0.00   13.45 ^ clkbuf_leaf_226_clk/A (sky130_fd_sc_hd__clkbuf_16)
                  0.07    0.17   13.63 ^ clkbuf_leaf_226_clk/X (sky130_fd_sc_hd__clkbuf_16)
    15    0.05                           clknet_leaf_226_clk (net)
                  0.07    0.00   13.63 ^ _60554_/CLK (sky130_fd_sc_hd__dfxtp_2)
                         -0.25   13.38   clock uncertainty
                          0.08   13.45   clock reconvergence pessimism
                         -0.06   13.40   library setup time
                                 13.40   data required time
-----------------------------------------------------------------------------
                                 13.40   data required time
                                -11.79   data arrival time
-----------------------------------------------------------------------------
                                  1.61   slack (MET)




===========================================================================
report_checks --slack_max -0.01
============================================================================
======================= Fastest Corner ===================================

No paths found.

======================= Slowest Corner ===================================

Startpoint: _60069_ (rising edge-triggered flip-flop clocked by clk)
Endpoint: _60554_ (rising edge-triggered flip-flop clocked by clk)
Path Group: clk
Path Type: max
Corner: Slowest

Fanout     Cap    Slew   Delay    Time   Description
-----------------------------------------------------------------------------
                          0.00    0.00   clock clk (rise edge)
                          0.00    0.00   clock source latency
                  0.90    0.67    0.67 ^ clk (in)
     2    0.13                           clk (net)
                  0.90    0.00    0.67 ^ clkbuf_0_clk/A (sky130_fd_sc_hd__clkbuf_16)
                  0.31    0.76    1.43 ^ clkbuf_0_clk/X (sky130_fd_sc_hd__clkbuf_16)
     5    0.19                           clknet_0_clk (net)
                  0.31    0.02    1.45 ^ clkbuf_2_0_0_clk/A (sky130_fd_sc_hd__clkbuf_8)
                  0.65    0.80    2.25 ^ clkbuf_2_0_0_clk/X (sky130_fd_sc_hd__clkbuf_8)
    16    0.25                           clknet_2_0_0_clk (net)
                  0.65    0.00    2.25 ^ clkbuf_6_14_0_clk/A (sky130_fd_sc_hd__clkbuf_8)
                  0.29    0.67    2.93 ^ clkbuf_6_14_0_clk/X (sky130_fd_sc_hd__clkbuf_8)
     9    0.10                           clknet_6_14_0_clk (net)
                  0.29    0.00    2.93 ^ clkbuf_leaf_52_clk/A (sky130_fd_sc_hd__clkbuf_16)
                  0.08    0.35    3.28 ^ clkbuf_leaf_52_clk/X (sky130_fd_sc_hd__clkbuf_16)
    11    0.03                           clknet_leaf_52_clk (net)
                  0.08    0.00    3.28 ^ _60069_/CLK (sky130_fd_sc_hd__dfxtp_4)
                  0.12    0.77    4.05 v _60069_/Q (sky130_fd_sc_hd__dfxtp_4)
    11    0.04                           genblk4[1].I2C_b.state[3] (net)
                  0.12    0.00    4.05 v _27361_/A (sky130_fd_sc_hd__or2_1)
                  0.09    0.53    4.57 v _27361_/X (sky130_fd_sc_hd__or2_1)
     1    0.00                           _05944_ (net)
                  0.09    0.00    4.57 v _27362_/A (sky130_fd_sc_hd__buf_2)
                  0.14    0.35    4.93 v _27362_/X (sky130_fd_sc_hd__buf_2)
     7    0.03                           _05945_ (net)
                  0.14    0.00    4.93 v _27363_/C (sky130_fd_sc_hd__nor3_4)
                  0.72    0.65    5.57 ^ _27363_/Y (sky130_fd_sc_hd__nor3_4)
     9    0.04                           _05946_ (net)
                  0.72    0.00    5.57 ^ _28570_/A (sky130_fd_sc_hd__or2_1)
                  0.08    0.41    5.98 ^ _28570_/X (sky130_fd_sc_hd__or2_1)
     1    0.00                           _06929_ (net)
                  0.08    0.00    5.98 ^ _28571_/A (sky130_fd_sc_hd__dlymetal6s2s_1)
                  0.23    0.30    6.28 ^ _28571_/X (sky130_fd_sc_hd__dlymetal6s2s_1)
     1    0.01                           _27336_ (net)
                  0.23    0.00    6.28 ^ _61000_/TE_B (sky130_fd_sc_hd__ebufn_8)
                  0.20    0.07    6.34 v _61000_/Z (sky130_fd_sc_hd__ebufn_8)
     8    0.07                           genblk4[1].I2C_b.o_scl (net)
                  0.20    0.00    6.34 v _27393_/A1 (sky130_fd_sc_hd__mux4_1)
                  0.16    1.25    7.59 v _27393_/X (sky130_fd_sc_hd__mux4_1)
     1    0.00                           _05973_ (net)
                  0.16    0.00    7.59 v _27394_/A (sky130_fd_sc_hd__clkbuf_1)
                  0.08    0.24    7.83 v _27394_/X (sky130_fd_sc_hd__clkbuf_1)
     2    0.01                           net135 (net)
                  0.08    0.00    7.84 v _27396_/B (sky130_fd_sc_hd__or2_1)
                  0.09    0.48    8.31 v _27396_/X (sky130_fd_sc_hd__or2_1)
     1    0.00                           _05975_ (net)
                  0.09    0.00    8.31 v _27397_/A1 (sky130_fd_sc_hd__mux2_1)
                  0.11    0.69    9.00 v _27397_/X (sky130_fd_sc_hd__mux2_1)
     1    0.00                           _05976_ (net)
                  0.11    0.00    9.00 v _27398_/A (sky130_fd_sc_hd__clkbuf_1)
                  0.09    0.22    9.23 v _27398_/X (sky130_fd_sc_hd__clkbuf_1)
     2    0.01                           net111 (net)
                  0.09    0.00    9.23 v _51846_/D (sky130_fd_sc_hd__nand4_1)
                  0.29    0.27    9.50 ^ _51846_/Y (sky130_fd_sc_hd__nand4_1)
     1    0.01                           _24897_ (net)
                  0.29    0.00    9.50 ^ wire835/A (sky130_fd_sc_hd__clkbuf_1)
                  0.37    0.47    9.97 ^ wire835/X (sky130_fd_sc_hd__clkbuf_1)
     1    0.02                           net835 (net)
                  0.37    0.00    9.97 ^ wire834/A (sky130_fd_sc_hd__clkbuf_1)
                  0.31    0.45   10.42 ^ wire834/X (sky130_fd_sc_hd__clkbuf_1)
     1    0.02                           net834 (net)
                  0.31    0.00   10.42 ^ wire833/A (sky130_fd_sc_hd__clkbuf_1)
                  0.36    0.47   10.89 ^ wire833/X (sky130_fd_sc_hd__clkbuf_1)
     1    0.02                           net833 (net)
                  0.36    0.00   10.89 ^ wire832/A (sky130_fd_sc_hd__clkbuf_1)
                  0.37    0.49   11.38 ^ wire832/X (sky130_fd_sc_hd__clkbuf_1)
     2    0.02                           net832 (net)
                  0.37    0.00   11.38 ^ wire831/A (sky130_fd_sc_hd__buf_4)
                  0.14    0.41   11.80 ^ wire831/X (sky130_fd_sc_hd__buf_4)
     4    0.03                           net831 (net)
                  0.14    0.00   11.80 ^ _52272_/B (sky130_fd_sc_hd__xor2_1)
                  0.11    0.17   11.97 v _52272_/X (sky130_fd_sc_hd__xor2_1)
     1    0.00                           _25238_ (net)
                  0.11    0.00   11.97 v wire814/A (sky130_fd_sc_hd__buf_4)
                  0.17    0.39   12.36 v wire814/X (sky130_fd_sc_hd__buf_4)
    14    0.07                           net814 (net)
                  0.17    0.01   12.37 v _52284_/B (sky130_fd_sc_hd__and2_1)
                  0.10    0.42   12.79 v _52284_/X (sky130_fd_sc_hd__and2_1)
     2    0.01                           _25249_ (net)
                  0.10    0.00   12.79 v _52285_/B (sky130_fd_sc_hd__nor2_1)
                  0.36    0.34   13.13 ^ _52285_/Y (sky130_fd_sc_hd__nor2_1)
     2    0.01                           _25250_ (net)
                  0.36    0.00   13.13 ^ _52296_/A1 (sky130_fd_sc_hd__a21oi_2)
                  0.16    0.28   13.40 v _52296_/Y (sky130_fd_sc_hd__a21oi_2)
     3    0.01                           _25260_ (net)
                  0.16    0.00   13.40 v _52312_/A2 (sky130_fd_sc_hd__a2111oi_2)
                  0.56    0.77   14.18 ^ _52312_/Y (sky130_fd_sc_hd__a2111oi_2)
     2    0.01                           _25274_ (net)
                  0.56    0.00   14.18 ^ _52321_/A (sky130_fd_sc_hd__nand2_1)
                  0.23    0.38   14.56 v _52321_/Y (sky130_fd_sc_hd__nand2_1)
     3    0.01                           _25282_ (net)
                  0.23    0.00   14.56 v _52338_/A2 (sky130_fd_sc_hd__o311a_1)
                  0.13    0.76   15.32 v _52338_/X (sky130_fd_sc_hd__o311a_1)
     2    0.01                           _25297_ (net)
                  0.13    0.00   15.32 v _52342_/A (sky130_fd_sc_hd__or2_1)
                  0.15    0.61   15.93 v _52342_/X (sky130_fd_sc_hd__or2_1)
     3    0.01                           _25301_ (net)
                  0.15    0.00   15.93 v _52358_/A (sky130_fd_sc_hd__nor2_1)
                  0.25    0.30   16.23 ^ _52358_/Y (sky130_fd_sc_hd__nor2_1)
     2    0.01                           _25315_ (net)
                  0.25    0.00   16.23 ^ _52376_/B (sky130_fd_sc_hd__and3b_1)
                  0.18    0.46   16.69 ^ _52376_/X (sky130_fd_sc_hd__and3b_1)
     3    0.01                           _25331_ (net)
                  0.18    0.00   16.69 ^ _52414_/A1 (sky130_fd_sc_hd__a21o_1)
                  0.19    0.36   17.05 ^ _52414_/X (sky130_fd_sc_hd__a21o_1)
     3    0.01                           _25365_ (net)
                  0.19    0.00   17.05 ^ _52432_/C_N (sky130_fd_sc_hd__or3b_1)
                  0.24    1.03   18.09 v _52432_/X (sky130_fd_sc_hd__or3b_1)
     4    0.01                           _25381_ (net)
                  0.24    0.00   18.09 v _52488_/B (sky130_fd_sc_hd__nor4_1)
                  0.40    0.55   18.64 ^ _52488_/Y (sky130_fd_sc_hd__nor4_1)
     1    0.00                           _25431_ (net)
                  0.40    0.00   18.64 ^ _52490_/B (sky130_fd_sc_hd__or3_1)
                  0.23    0.45   19.09 ^ _52490_/X (sky130_fd_sc_hd__or3_1)
     3    0.02                           _25433_ (net)
                  0.23    0.00   19.09 ^ _52507_/C_N (sky130_fd_sc_hd__or3b_1)
                  0.22    1.01   20.10 v _52507_/X (sky130_fd_sc_hd__or3b_1)
     3    0.01                           _25448_ (net)
                  0.22    0.00   20.10 v _52525_/A2 (sky130_fd_sc_hd__o311a_1)
                  0.15    0.79   20.89 v _52525_/X (sky130_fd_sc_hd__o311a_1)
     2    0.01                           _25464_ (net)
                  0.15    0.00   20.89 v _52534_/A2 (sky130_fd_sc_hd__o21ai_1)
                  0.35    0.39   21.27 ^ _52534_/Y (sky130_fd_sc_hd__o21ai_1)
     3    0.01                           _25472_ (net)
                  0.35    0.00   21.27 ^ _52543_/A (sky130_fd_sc_hd__or2b_1)
                  0.07    0.28   21.55 ^ _52543_/X (sky130_fd_sc_hd__or2b_1)
     1    0.00                           _25480_ (net)
                  0.07    0.00   21.55 ^ _52544_/B (sky130_fd_sc_hd__nand2_1)
                  0.16    0.18   21.73 v _52544_/Y (sky130_fd_sc_hd__nand2_1)
     2    0.01                           _25481_ (net)
                  0.16    0.00   21.73 v _52550_/A2 (sky130_fd_sc_hd__o21ai_1)
                  0.25    0.30   22.03 ^ _52550_/Y (sky130_fd_sc_hd__o21ai_1)
     2    0.01                           _25486_ (net)
                  0.25    0.00   22.03 ^ _52552_/A1 (sky130_fd_sc_hd__a21boi_1)
                  0.11    0.20   22.24 v _52552_/Y (sky130_fd_sc_hd__a21boi_1)
     1    0.00                           _25488_ (net)
                  0.11    0.00   22.24 v _52553_/B1 (sky130_fd_sc_hd__o21ai_1)
                  0.21    0.17   22.41 ^ _52553_/Y (sky130_fd_sc_hd__o21ai_1)
     1    0.00                           _25489_ (net)
                  0.21    0.00   22.41 ^ _52554_/B1 (sky130_fd_sc_hd__o211a_1)
                  0.09    0.38   22.79 ^ _52554_/X (sky130_fd_sc_hd__o211a_1)
     1    0.00                           _25490_ (net)
                  0.09    0.00   22.79 ^ _52556_/B1 (sky130_fd_sc_hd__o221a_1)
                  0.09    0.39   23.17 ^ _52556_/X (sky130_fd_sc_hd__o221a_1)
     1    0.00                           _05502_ (net)
                  0.09    0.00   23.17 ^ _60554_/D (sky130_fd_sc_hd__dfxtp_2)
                                 23.17   data arrival time

                         12.00   12.00   clock clk (rise edge)
                          0.00   12.00   clock source latency
                  0.90    0.60   12.60 ^ clk (in)
     2    0.13                           clk (net)
                  0.90    0.00   12.60 ^ clkbuf_0_clk/A (sky130_fd_sc_hd__clkbuf_16)
                  0.31    0.69   13.29 ^ clkbuf_0_clk/X (sky130_fd_sc_hd__clkbuf_16)
     5    0.19                           clknet_0_clk (net)
                  0.31    0.01   13.30 ^ clkbuf_2_3_0_clk/A (sky130_fd_sc_hd__clkbuf_8)
                  0.61    0.70   14.00 ^ clkbuf_2_3_0_clk/X (sky130_fd_sc_hd__clkbuf_8)
    16    0.23                           clknet_2_3_0_clk (net)
                  0.61    0.01   14.01 ^ clkbuf_6_52_0_clk/A (sky130_fd_sc_hd__clkbuf_8)
                  0.23    0.56   14.57 ^ clkbuf_6_52_0_clk/X (sky130_fd_sc_hd__clkbuf_8)
     7    0.08                           clknet_6_52_0_clk (net)
                  0.23    0.00   14.57 ^ clkbuf_leaf_226_clk/A (sky130_fd_sc_hd__clkbuf_16)
                  0.10    0.31   14.88 ^ clkbuf_leaf_226_clk/X (sky130_fd_sc_hd__clkbuf_16)
    15    0.04                           clknet_leaf_226_clk (net)
                  0.10    0.00   14.88 ^ _60554_/CLK (sky130_fd_sc_hd__dfxtp_2)
                         -0.25   14.63   clock uncertainty
                          0.14   14.77   clock reconvergence pessimism
                         -0.14   14.63   library setup time
                                 14.63   data required time
-----------------------------------------------------------------------------
                                 14.63   data required time
                                -23.17   data arrival time
-----------------------------------------------------------------------------
                                 -8.55   slack (VIOLATED)



======================= Typical Corner ===================================

No paths found.


===========================================================================
 report_check_types -max_slew -max_cap -max_fanout -violators
============================================================================
======================= Fastest Corner ===================================


======================= Slowest Corner ===================================


======================= Typical Corner ===================================



===========================================================================
report_parasitic_annotation -report_unannotated
============================================================================
Found 15 unannotated drivers.
 peripheral_addr[0]
 peripheral_addr[1]
 peripheral_unit_4870/HI
 peripheral_unit_4871/HI
 peripheral_unit_4872/HI
 peripheral_unit_4873/HI
 peripheral_unit_4874/HI
 peripheral_unit_4875/HI
 peripheral_unit_4876/HI
 peripheral_unit_4877/HI
 peripheral_unit_4878/HI
 peripheral_unit_4879/HI
 peripheral_unit_4880/HI
 peripheral_unit_4881/HI
 peripheral_unit_4882/LO
Found 0 partially unannotated drivers.

===========================================================================
max slew violation count 0
max fanout violation count 0
max cap violation count 0
============================================================================

===========================================================================
check_setup -verbose -unconstrained_endpoints -multiple_clock -no_clock -no_input_delay -loops -generated_clocks
===========================================================================
Warning: There are 1020 unclocked register/latch pins.
  _54953_/CLK
  _54954_/CLK
  _54955_/CLK
  _54956_/CLK
  _54957_/CLK
  _54958_/CLK
  _54959_/CLK
  _54960_/CLK
  _54961_/CLK
  _54962_/CLK
  _54963_/CLK
  _54964_/CLK
  _54965_/CLK
  _54966_/CLK
  _54967_/CLK
  _54968_/CLK
  _54969_/CLK
  _54970_/CLK
  _54971_/CLK
  _54972_/CLK
  _54973_/CLK
  _54974_/CLK
  _54975_/CLK
  _54976_/CLK
  _54977_/CLK
  _54978_/CLK
  _54979_/CLK
  _54980_/CLK
  _54981_/CLK
  _54982_/CLK
  _54983_/CLK
  _54984_/CLK
  _54985_/CLK
  _54986_/CLK
  _54987_/CLK
  _54988_/CLK
  _54989_/CLK
  _54990_/CLK
  _54991_/CLK
  _54992_/CLK
  _54993_/CLK
  _54994_/CLK
  _54995_/CLK
  _54996_/CLK
  _54997_/CLK
  _54998_/CLK
  _54999_/CLK
  _55000_/CLK
  _55001_/CLK
  _55002_/CLK
  _55003_/CLK
  _55004_/CLK
  _55005_/CLK
  _55006_/CLK
  _55007_/CLK
  _55008_/CLK
  _55009_/CLK
  _55010_/CLK
  _55011_/CLK
  _55012_/CLK
  _55013_/CLK
  _55014_/CLK
  _55015_/CLK
  _55016_/CLK
  _55017_/CLK
  _55018_/CLK
  _55019_/CLK
  _55020_/CLK
  _55021_/CLK
  _55022_/CLK
  _55023_/CLK
  _55024_/CLK
  _55025_/CLK
  _55026_/CLK
  _55027_/CLK
  _55028_/CLK
  _55029_/CLK
  _55030_/CLK
  _55031_/CLK
  _55032_/CLK
  _55033_/CLK
  _55034_/CLK
  _55035_/CLK
  _55036_/CLK
  _55037_/CLK
  _55038_/CLK
  _55039_/CLK
  _55040_/CLK
  _55041_/CLK
  _55042_/CLK
  _55043_/CLK
  _55044_/CLK
  _55045_/CLK
  _55046_/CLK
  _55047_/CLK
  _55048_/CLK
  _55049_/CLK
  _55050_/CLK
  _55051_/CLK
  _55052_/CLK
  _55053_/CLK
  _55054_/CLK
  _55055_/CLK
  _55056_/CLK
  _55057_/CLK
  _55058_/CLK
  _55059_/CLK
  _55060_/CLK
  _55061_/CLK
  _55062_/CLK
  _55063_/CLK
  _55064_/CLK
  _55065_/CLK
  _55066_/CLK
  _55067_/CLK
  _55068_/CLK
  _55069_/CLK
  _55070_/CLK
  _55071_/CLK
  _55072_/CLK
  _55073_/CLK
  _55074_/CLK
  _55075_/CLK
  _55076_/CLK
  _55077_/CLK
  _55078_/CLK
  _55079_/CLK
  _55080_/CLK
  _55081_/CLK
  _55082_/CLK
  _55083_/CLK
  _55084_/CLK
  _55085_/CLK
  _55086_/CLK
  _55087_/CLK
  _55088_/CLK
  _55089_/CLK
  _55090_/CLK
  _55091_/CLK
  _55092_/CLK
  _55093_/CLK
  _55094_/CLK
  _55095_/CLK
  _55096_/CLK
  _55097_/CLK
  _55098_/CLK
  _55099_/CLK
  _55100_/CLK
  _55101_/CLK
  _55102_/CLK
  _55103_/CLK
  _55104_/CLK
  _55105_/CLK
  _55106_/CLK
  _55107_/CLK
  _55108_/CLK
  _55109_/CLK
  _55110_/CLK
  _55111_/CLK
  _55112_/CLK
  _55113_/CLK
  _55114_/CLK
  _55115_/CLK
  _55116_/CLK
  _55117_/CLK
  _55118_/CLK
  _55119_/CLK
  _55120_/CLK
  _55121_/CLK
  _55122_/CLK
  _55123_/CLK
  _55124_/CLK
  _55125_/CLK
  _55126_/CLK
  _55127_/CLK
  _55128_/CLK
  _55129_/CLK
  _55130_/CLK
  _55131_/CLK
  _55132_/CLK
  _55133_/CLK
  _55134_/CLK
  _55135_/CLK
  _55136_/CLK
  _55137_/CLK
  _55138_/CLK
  _55139_/CLK
  _55140_/CLK
  _55295_/CLK
  _55296_/CLK
  _55297_/CLK
  _57423_/CLK
  _57424_/CLK
  _57425_/CLK
  _57426_/CLK
  _57427_/CLK
  _57428_/CLK
  _57429_/CLK
  _57430_/CLK
  _57431_/CLK
  _57432_/CLK
  _57433_/CLK
  _57434_/CLK
  _57435_/CLK
  _57436_/CLK
  _57437_/CLK
  _57438_/CLK
  _57439_/CLK
  _57440_/CLK
  _57441_/CLK
  _57442_/CLK
  _57443_/CLK
  _57591_/CLK
  _57633_/CLK
  _57634_/CLK
  _57635_/CLK
  _57636_/CLK
  _57637_/CLK
  _57638_/CLK
  _57639_/CLK
  _57640_/CLK
  _57641_/CLK
  _57642_/CLK
  _57723_/CLK
  _57724_/CLK
  _57725_/CLK
  _57726_/CLK
  _57727_/CLK
  _57728_/CLK
  _57729_/CLK
  _57730_/CLK
  _57731_/CLK
  _57732_/CLK
  _57755_/CLK
  _57788_/CLK
  _57789_/CLK
  _57790_/CLK
  _57791_/CLK
  _57792_/CLK
  _57793_/CLK
  _57794_/CLK
  _57795_/CLK
  _57796_/CLK
  _57797_/CLK
  _57820_/CLK
  _57853_/CLK
  _57854_/CLK
  _57855_/CLK
  _57856_/CLK
  _57857_/CLK
  _57858_/CLK
  _57859_/CLK
  _57860_/CLK
  _57861_/CLK
  _57862_/CLK
  _57885_/CLK
  _57988_/CLK
  _57989_/CLK
  _57990_/CLK
  _57991_/CLK
  _57992_/CLK
  _57993_/CLK
  _57994_/CLK
  _57995_/CLK
  _58305_/CLK
  _58306_/CLK
  _58307_/CLK
  _58308_/CLK
  _58309_/CLK
  _58310_/CLK
  _58311_/CLK
  _58312_/CLK
  _58313_/CLK
  _58314_/CLK
  _58315_/CLK
  _58316_/CLK
  _58317_/CLK
  _58350_/CLK
  _58351_/CLK
  _58352_/CLK
  _58353_/CLK
  _58354_/CLK
  _58355_/CLK
  _58356_/CLK
  _58357_/CLK
  _58358_/CLK
  _58477_/CLK
  _58478_/CLK
  _58479_/CLK
  _58480_/CLK
  _58481_/CLK
  _58482_/CLK
  _58483_/CLK
  _58484_/CLK
  _58485_/CLK
  _58486_/CLK
  _58487_/CLK
  _58488_/CLK
  _58489_/CLK
  _58522_/CLK
  _58523_/CLK
  _58524_/CLK
  _58525_/CLK
  _58526_/CLK
  _58527_/CLK
  _58528_/CLK
  _58529_/CLK
  _58530_/CLK
  _58648_/CLK
  _58649_/CLK
  _58650_/CLK
  _58651_/CLK
  _58652_/CLK
  _58653_/CLK
  _58654_/CLK
  _58655_/CLK
  _58656_/CLK
  _58657_/CLK
  _58658_/CLK
  _58659_/CLK
  _58660_/CLK
  _58661_/CLK
  _58662_/CLK
  _58663_/CLK
  _58664_/CLK
  _58665_/CLK
  _58666_/CLK
  _58667_/CLK
  _58668_/CLK
  _58701_/CLK
  _58702_/CLK
  _58703_/CLK
  _58704_/CLK
  _58705_/CLK
  _58706_/CLK
  _58707_/CLK
  _58708_/CLK
  _58709_/CLK
  _58827_/CLK
  _58828_/CLK
  _58829_/CLK
  _58830_/CLK
  _58831_/CLK
  _58832_/CLK
  _58833_/CLK
  _58834_/CLK
  _58835_/CLK
  _58836_/CLK
  _58837_/CLK
  _58838_/CLK
  _58839_/CLK
  _58840_/CLK
  _58841_/CLK
  _58842_/CLK
  _58843_/CLK
  _58844_/CLK
  _58845_/CLK
  _58846_/CLK
  _58847_/CLK
  _58881_/CLK
  _58882_/CLK
  _58883_/CLK
  _58884_/CLK
  _58885_/CLK
  _58886_/CLK
  _59004_/CLK
  _59005_/CLK
  _59006_/CLK
  _59007_/CLK
  _59008_/CLK
  _59009_/CLK
  _59010_/CLK
  _59011_/CLK
  _59050_/CLK
  _59051_/CLK
  _59052_/CLK
  _59053_/CLK
  _59054_/CLK
  _59055_/CLK
  _59056_/CLK
  _59057_/CLK
  _59058_/CLK
  _59059_/CLK
  _59060_/CLK
  _59061_/CLK
  _59062_/CLK
  _59063_/CLK
  _59064_/CLK
  _59065_/CLK
  _59066_/CLK
  _59067_/CLK
  _59068_/CLK
  _59069_/CLK
  _59070_/CLK
  _59226_/CLK
  _59227_/CLK
  _59228_/CLK
  _59229_/CLK
  _59230_/CLK
  _59231_/CLK
  _59232_/CLK
  _59233_/CLK
  _59234_/CLK
  _59235_/CLK
  _59236_/CLK
  _59237_/CLK
  _59238_/CLK
  _59239_/CLK
  _59240_/CLK
  _59241_/CLK
  _59242_/CLK
  _59243_/CLK
  _59244_/CLK
  _59245_/CLK
  _59246_/CLK
  _59247_/CLK
  _59248_/CLK
  _59249_/CLK
  _59250_/CLK
  _59251_/CLK
  _59252_/CLK
  _59253_/CLK
  _59254_/CLK
  _59255_/CLK
  _59256_/CLK
  _59257_/CLK
  _59258_/CLK
  _59259_/CLK
  _59260_/CLK
  _59261_/CLK
  _59262_/CLK
  _59263_/CLK
  _59264_/CLK
  _59265_/CLK
  _59266_/CLK
  _59267_/CLK
  _59268_/CLK
  _59269_/CLK
  _59270_/CLK
  _59271_/CLK
  _59272_/CLK
  _59273_/CLK
  _59274_/CLK
  _59275_/CLK
  _59276_/CLK
  _59277_/CLK
  _59278_/CLK
  _59279_/CLK
  _59280_/CLK
  _59281_/CLK
  _59282_/CLK
  _59283_/CLK
  _59284_/CLK
  _59285_/CLK
  _59286_/CLK
  _59287_/CLK
  _59288_/CLK
  _59289_/CLK
  _59290_/CLK
  _59291_/CLK
  _59292_/CLK
  _59293_/CLK
  _59294_/CLK
  _59295_/CLK
  _59296_/CLK
  _59297_/CLK
  _59298_/CLK
  _59299_/CLK
  _59300_/CLK
  _59301_/CLK
  _59302_/CLK
  _59303_/CLK
  _59304_/CLK
  _59305_/CLK
  _59306_/CLK
  _59307_/CLK
  _59308_/CLK
  _59309_/CLK
  _59310_/CLK
  _59311_/CLK
  _59312_/CLK
  _59313_/CLK
  _59314_/CLK
  _59315_/CLK
  _59316_/CLK
  _59317_/CLK
  _59318_/CLK
  _59319_/CLK
  _59320_/CLK
  _59321_/CLK
  _59322_/CLK
  _59323_/CLK
  _59324_/CLK
  _59325_/CLK
  _59326_/CLK
  _59327_/CLK
  _59328_/CLK
  _59329_/CLK
  _59330_/CLK
  _59331_/CLK
  _59332_/CLK
  _59333_/CLK
  _59334_/CLK
  _59335_/CLK
  _59336_/CLK
  _59337_/CLK
  _59338_/CLK
  _59339_/CLK
  _59340_/CLK
  _59341_/CLK
  _59342_/CLK
  _59343_/CLK
  _59344_/CLK
  _59345_/CLK
  _59346_/CLK
  _59347_/CLK
  _59348_/CLK
  _59349_/CLK
  _59350_/CLK
  _59351_/CLK
  _59352_/CLK
  _59353_/CLK
  _59354_/CLK
  _59355_/CLK
  _59356_/CLK
  _59357_/CLK
  _59358_/CLK
  _59359_/CLK
  _59384_/CLK
  _59394_/CLK
  _59395_/CLK
  _59402_/CLK
  _59403_/CLK
  _59404_/CLK
  _59405_/CLK
  _59406_/CLK
  _59407_/CLK
  _59408_/CLK
  _59409_/CLK
  _59410_/CLK
  _59411_/CLK
  _59412_/CLK
  _59413_/CLK
  _59414_/CLK
  _59415_/CLK
  _59416_/CLK
  _59417_/CLK
  _59418_/CLK
  _59419_/CLK
  _59420_/CLK
  _59421_/CLK
  _59422_/CLK
  _59578_/CLK
  _59579_/CLK
  _59580_/CLK
  _59581_/CLK
  _59582_/CLK
  _59583_/CLK
  _59584_/CLK
  _59585_/CLK
  _59586_/CLK
  _59587_/CLK
  _59588_/CLK
  _59589_/CLK
  _59590_/CLK
  _59591_/CLK
  _59592_/CLK
  _59593_/CLK
  _59594_/CLK
  _59595_/CLK
  _59596_/CLK
  _59597_/CLK
  _59598_/CLK
  _59599_/CLK
  _59600_/CLK
  _59601_/CLK
  _59602_/CLK
  _59603_/CLK
  _59604_/CLK
  _59605_/CLK
  _59606_/CLK
  _59607_/CLK
  _59608_/CLK
  _59609_/CLK
  _59610_/CLK
  _59611_/CLK
  _59612_/CLK
  _59613_/CLK
  _59614_/CLK
  _59615_/CLK
  _59616_/CLK
  _59617_/CLK
  _59618_/CLK
  _59619_/CLK
  _59620_/CLK
  _59621_/CLK
  _59622_/CLK
  _59623_/CLK
  _59624_/CLK
  _59625_/CLK
  _59626_/CLK
  _59627_/CLK
  _59628_/CLK
  _59629_/CLK
  _59630_/CLK
  _59631_/CLK
  _59632_/CLK
  _59633_/CLK
  _59634_/CLK
  _59635_/CLK
  _59636_/CLK
  _59637_/CLK
  _59638_/CLK
  _59639_/CLK
  _59640_/CLK
  _59641_/CLK
  _59642_/CLK
  _59643_/CLK
  _59644_/CLK
  _59645_/CLK
  _59646_/CLK
  _59647_/CLK
  _59648_/CLK
  _59649_/CLK
  _59650_/CLK
  _59651_/CLK
  _59652_/CLK
  _59653_/CLK
  _59654_/CLK
  _59655_/CLK
  _59656_/CLK
  _59657_/CLK
  _59658_/CLK
  _59659_/CLK
  _59660_/CLK
  _59661_/CLK
  _59662_/CLK
  _59663_/CLK
  _59664_/CLK
  _59665_/CLK
  _59666_/CLK
  _59667_/CLK
  _59668_/CLK
  _59669_/CLK
  _59670_/CLK
  _59671_/CLK
  _59672_/CLK
  _59673_/CLK
  _59674_/CLK
  _59675_/CLK
  _59676_/CLK
  _59677_/CLK
  _59678_/CLK
  _59679_/CLK
  _59680_/CLK
  _59681_/CLK
  _59682_/CLK
  _59683_/CLK
  _59684_/CLK
  _59685_/CLK
  _59686_/CLK
  _59687_/CLK
  _59688_/CLK
  _59689_/CLK
  _59690_/CLK
  _59691_/CLK
  _59692_/CLK
  _59693_/CLK
  _59694_/CLK
  _59695_/CLK
  _59696_/CLK
  _59697_/CLK
  _59698_/CLK
  _59699_/CLK
  _59700_/CLK
  _59701_/CLK
  _59702_/CLK
  _59703_/CLK
  _59704_/CLK
  _59705_/CLK
  _59706_/CLK
  _59707_/CLK
  _59708_/CLK
  _59709_/CLK
  _59710_/CLK
  _59711_/CLK
  _59728_/CLK
  _59737_/CLK
  _59738_/CLK
  _59739_/CLK
  _59740_/CLK
  _59741_/CLK
  _59742_/CLK
  _59743_/CLK
  _59744_/CLK
  _59745_/CLK
  _59746_/CLK
  _59747_/CLK
  _59748_/CLK
  _59749_/CLK
  _59750_/CLK
  _59751_/CLK
  _59752_/CLK
  _59753_/CLK
  _59754_/CLK
  _59755_/CLK
  _59756_/CLK
  _59757_/CLK
  _59758_/CLK
  _59759_/CLK
  _59915_/CLK
  _59916_/CLK
  _59917_/CLK
  _59918_/CLK
  _59919_/CLK
  _59920_/CLK
  _59921_/CLK
  _59922_/CLK
  _59923_/CLK
  _59924_/CLK
  _59925_/CLK
  _59926_/CLK
  _59927_/CLK
  _59928_/CLK
  _59929_/CLK
  _59930_/CLK
  _59931_/CLK
  _59932_/CLK
  _59933_/CLK
  _59934_/CLK
  _59935_/CLK
  _59936_/CLK
  _59937_/CLK
  _59938_/CLK
  _59939_/CLK
  _59940_/CLK
  _59941_/CLK
  _59942_/CLK
  _59943_/CLK
  _59944_/CLK
  _59945_/CLK
  _59946_/CLK
  _59947_/CLK
  _59948_/CLK
  _59949_/CLK
  _59950_/CLK
  _59951_/CLK
  _59952_/CLK
  _59953_/CLK
  _59954_/CLK
  _59955_/CLK
  _59956_/CLK
  _59957_/CLK
  _59958_/CLK
  _59959_/CLK
  _59960_/CLK
  _59961_/CLK
  _59962_/CLK
  _59963_/CLK
  _59964_/CLK
  _59965_/CLK
  _59966_/CLK
  _59967_/CLK
  _59968_/CLK
  _59969_/CLK
  _59970_/CLK
  _59971_/CLK
  _59972_/CLK
  _59973_/CLK
  _59974_/CLK
  _59975_/CLK
  _59976_/CLK
  _59977_/CLK
  _59978_/CLK
  _59979_/CLK
  _59980_/CLK
  _59981_/CLK
  _59982_/CLK
  _59983_/CLK
  _59984_/CLK
  _59985_/CLK
  _59986_/CLK
  _59987_/CLK
  _59988_/CLK
  _59989_/CLK
  _59990_/CLK
  _59991_/CLK
  _59992_/CLK
  _59993_/CLK
  _59994_/CLK
  _59995_/CLK
  _59996_/CLK
  _59997_/CLK
  _59998_/CLK
  _59999_/CLK
  _60000_/CLK
  _60001_/CLK
  _60002_/CLK
  _60003_/CLK
  _60004_/CLK
  _60005_/CLK
  _60006_/CLK
  _60007_/CLK
  _60008_/CLK
  _60009_/CLK
  _60010_/CLK
  _60011_/CLK
  _60012_/CLK
  _60013_/CLK
  _60014_/CLK
  _60015_/CLK
  _60016_/CLK
  _60017_/CLK
  _60018_/CLK
  _60019_/CLK
  _60020_/CLK
  _60021_/CLK
  _60022_/CLK
  _60023_/CLK
  _60024_/CLK
  _60025_/CLK
  _60026_/CLK
  _60027_/CLK
  _60028_/CLK
  _60029_/CLK
  _60030_/CLK
  _60031_/CLK
  _60032_/CLK
  _60033_/CLK
  _60034_/CLK
  _60035_/CLK
  _60036_/CLK
  _60037_/CLK
  _60038_/CLK
  _60039_/CLK
  _60040_/CLK
  _60041_/CLK
  _60042_/CLK
  _60043_/CLK
  _60044_/CLK
  _60045_/CLK
  _60046_/CLK
  _60047_/CLK
  _60048_/CLK
  _60065_/CLK
  _60070_/CLK
  _60071_/CLK
  _60072_/CLK
  _60073_/CLK
  _60074_/CLK
  _60075_/CLK
  _60076_/CLK
  _60077_/CLK
  _60078_/CLK
  _60079_/CLK
  _60080_/CLK
  _60081_/CLK
  _60082_/CLK
  _60083_/CLK
  _60084_/CLK
  _60085_/CLK
  _60094_/CLK
  _60095_/CLK
  _60096_/CLK
  _60252_/CLK
  _60253_/CLK
  _60254_/CLK
  _60255_/CLK
  _60256_/CLK
  _60257_/CLK
  _60258_/CLK
  _60259_/CLK
  _60260_/CLK
  _60261_/CLK
  _60262_/CLK
  _60263_/CLK
  _60264_/CLK
  _60265_/CLK
  _60266_/CLK
  _60267_/CLK
  _60268_/CLK
  _60269_/CLK
  _60270_/CLK
  _60271_/CLK
  _60272_/CLK
  _60273_/CLK
  _60274_/CLK
  _60275_/CLK
  _60276_/CLK
  _60277_/CLK
  _60278_/CLK
  _60279_/CLK
  _60280_/CLK
  _60281_/CLK
  _60282_/CLK
  _60283_/CLK
  _60284_/CLK
  _60285_/CLK
  _60286_/CLK
  _60287_/CLK
  _60288_/CLK
  _60289_/CLK
  _60290_/CLK
  _60291_/CLK
  _60292_/CLK
  _60293_/CLK
  _60294_/CLK
  _60295_/CLK
  _60296_/CLK
  _60297_/CLK
  _60298_/CLK
  _60299_/CLK
  _60300_/CLK
  _60301_/CLK
  _60302_/CLK
  _60303_/CLK
  _60304_/CLK
  _60305_/CLK
  _60306_/CLK
  _60307_/CLK
  _60308_/CLK
  _60309_/CLK
  _60310_/CLK
  _60311_/CLK
  _60312_/CLK
  _60313_/CLK
  _60314_/CLK
  _60315_/CLK
  _60316_/CLK
  _60317_/CLK
  _60318_/CLK
  _60319_/CLK
  _60320_/CLK
  _60321_/CLK
  _60322_/CLK
  _60323_/CLK
  _60324_/CLK
  _60325_/CLK
  _60326_/CLK
  _60327_/CLK
  _60328_/CLK
  _60329_/CLK
  _60330_/CLK
  _60331_/CLK
  _60332_/CLK
  _60333_/CLK
  _60334_/CLK
  _60335_/CLK
  _60336_/CLK
  _60337_/CLK
  _60338_/CLK
  _60339_/CLK
  _60340_/CLK
  _60341_/CLK
  _60342_/CLK
  _60343_/CLK
  _60344_/CLK
  _60345_/CLK
  _60346_/CLK
  _60347_/CLK
  _60348_/CLK
  _60349_/CLK
  _60350_/CLK
  _60351_/CLK
  _60352_/CLK
  _60353_/CLK
  _60354_/CLK
  _60355_/CLK
  _60356_/CLK
  _60357_/CLK
  _60358_/CLK
  _60359_/CLK
  _60360_/CLK
  _60361_/CLK
  _60362_/CLK
  _60363_/CLK
  _60364_/CLK
  _60365_/CLK
  _60366_/CLK
  _60367_/CLK
  _60368_/CLK
  _60369_/CLK
  _60370_/CLK
  _60371_/CLK
  _60372_/CLK
  _60373_/CLK
  _60374_/CLK
  _60375_/CLK
  _60376_/CLK
  _60377_/CLK
  _60378_/CLK
  _60379_/CLK
  _60380_/CLK
  _60381_/CLK
  _60382_/CLK
  _60383_/CLK
  _60384_/CLK
  _60385_/CLK
  _60402_/CLK
  _60403_/CLK
  _60404_/CLK
  _60405_/CLK
  _60406_/CLK
  _60407_/CLK
  _60408_/CLK
  _60409_/CLK
  _60410_/CLK
  _60411_/CLK
  _60412_/CLK
  _60413_/CLK
  _60414_/CLK
  _60415_/CLK
  _60416_/CLK
  _60417_/CLK
  _60418_/CLK
  _60419_/CLK
  _60420_/CLK
  _60421_/CLK
  _60430_/CLK
  _60431_/CLK
Warning: There are 1033 unconstrained endpoints.
  peripheral_gnt
  peripheral_rdata[10]
  peripheral_rdata[11]
  peripheral_rdata[12]
  peripheral_rdata[13]
  peripheral_rdata[14]
  peripheral_rdata[15]
  peripheral_rdata[26]
  peripheral_rdata[27]
  peripheral_rdata[28]
  peripheral_rdata[29]
  peripheral_rdata[30]
  peripheral_rdata[31]
  _54953_/D
  _54954_/D
  _54955_/D
  _54956_/D
  _54957_/D
  _54958_/D
  _54959_/D
  _54960_/D
  _54961_/D
  _54962_/D
  _54963_/D
  _54964_/D
  _54965_/D
  _54966_/D
  _54967_/D
  _54968_/D
  _54969_/D
  _54970_/D
  _54971_/D
  _54972_/D
  _54973_/D
  _54974_/D
  _54975_/D
  _54976_/D
  _54977_/D
  _54978_/D
  _54979_/D
  _54980_/D
  _54981_/D
  _54982_/D
  _54983_/D
  _54984_/D
  _54985_/D
  _54986_/D
  _54987_/D
  _54988_/D
  _54989_/D
  _54990_/D
  _54991_/D
  _54992_/D
  _54993_/D
  _54994_/D
  _54995_/D
  _54996_/D
  _54997_/D
  _54998_/D
  _54999_/D
  _55000_/D
  _55001_/D
  _55002_/D
  _55003_/D
  _55004_/D
  _55005_/D
  _55006_/D
  _55007_/D
  _55008_/D
  _55009_/D
  _55010_/D
  _55011_/D
  _55012_/D
  _55013_/D
  _55014_/D
  _55015_/D
  _55016_/D
  _55017_/D
  _55018_/D
  _55019_/D
  _55020_/D
  _55021_/D
  _55022_/D
  _55023_/D
  _55024_/D
  _55025_/D
  _55026_/D
  _55027_/D
  _55028_/D
  _55029_/D
  _55030_/D
  _55031_/D
  _55032_/D
  _55033_/D
  _55034_/D
  _55035_/D
  _55036_/D
  _55037_/D
  _55038_/D
  _55039_/D
  _55040_/D
  _55041_/D
  _55042_/D
  _55043_/D
  _55044_/D
  _55045_/D
  _55046_/D
  _55047_/D
  _55048_/D
  _55049_/D
  _55050_/D
  _55051_/D
  _55052_/D
  _55053_/D
  _55054_/D
  _55055_/D
  _55056_/D
  _55057_/D
  _55058_/D
  _55059_/D
  _55060_/D
  _55061_/D
  _55062_/D
  _55063_/D
  _55064_/D
  _55065_/D
  _55066_/D
  _55067_/D
  _55068_/D
  _55069_/D
  _55070_/D
  _55071_/D
  _55072_/D
  _55073_/D
  _55074_/D
  _55075_/D
  _55076_/D
  _55077_/D
  _55078_/D
  _55079_/D
  _55080_/D
  _55081_/D
  _55082_/D
  _55083_/D
  _55084_/D
  _55085_/D
  _55086_/D
  _55087_/D
  _55088_/D
  _55089_/D
  _55090_/D
  _55091_/D
  _55092_/D
  _55093_/D
  _55094_/D
  _55095_/D
  _55096_/D
  _55097_/D
  _55098_/D
  _55099_/D
  _55100_/D
  _55101_/D
  _55102_/D
  _55103_/D
  _55104_/D
  _55105_/D
  _55106_/D
  _55107_/D
  _55108_/D
  _55109_/D
  _55110_/D
  _55111_/D
  _55112_/D
  _55113_/D
  _55114_/D
  _55115_/D
  _55116_/D
  _55117_/D
  _55118_/D
  _55119_/D
  _55120_/D
  _55121_/D
  _55122_/D
  _55123_/D
  _55124_/D
  _55125_/D
  _55126_/D
  _55127_/D
  _55128_/D
  _55129_/D
  _55130_/D
  _55131_/D
  _55132_/D
  _55133_/D
  _55134_/D
  _55135_/D
  _55136_/D
  _55137_/D
  _55138_/D
  _55139_/D
  _55140_/D
  _55295_/D
  _55296_/D
  _55297_/D
  _57423_/D
  _57424_/D
  _57425_/D
  _57426_/D
  _57427_/D
  _57428_/D
  _57429_/D
  _57430_/D
  _57431_/D
  _57432_/D
  _57433_/D
  _57434_/D
  _57435_/D
  _57436_/D
  _57437_/D
  _57438_/D
  _57439_/D
  _57440_/D
  _57441_/D
  _57442_/D
  _57443_/D
  _57591_/D
  _57633_/D
  _57634_/D
  _57635_/D
  _57636_/D
  _57637_/D
  _57638_/D
  _57639_/D
  _57640_/D
  _57641_/D
  _57642_/D
  _57723_/D
  _57724_/D
  _57725_/D
  _57726_/D
  _57727_/D
  _57728_/D
  _57729_/D
  _57730_/D
  _57731_/D
  _57732_/D
  _57755_/D
  _57788_/D
  _57789_/D
  _57790_/D
  _57791_/D
  _57792_/D
  _57793_/D
  _57794_/D
  _57795_/D
  _57796_/D
  _57797_/D
  _57820_/D
  _57853_/D
  _57854_/D
  _57855_/D
  _57856_/D
  _57857_/D
  _57858_/D
  _57859_/D
  _57860_/D
  _57861_/D
  _57862_/D
  _57885_/D
  _57988_/D
  _57989_/D
  _57990_/D
  _57991_/D
  _57992_/D
  _57993_/D
  _57994_/D
  _57995_/D
  _58305_/D
  _58306_/D
  _58307_/D
  _58308_/D
  _58309_/D
  _58310_/D
  _58311_/D
  _58312_/D
  _58313_/D
  _58314_/D
  _58315_/D
  _58316_/D
  _58317_/D
  _58350_/D
  _58351_/D
  _58352_/D
  _58353_/D
  _58354_/D
  _58355_/D
  _58356_/D
  _58357_/D
  _58358_/D
  _58477_/D
  _58478_/D
  _58479_/D
  _58480_/D
  _58481_/D
  _58482_/D
  _58483_/D
  _58484_/D
  _58485_/D
  _58486_/D
  _58487_/D
  _58488_/D
  _58489_/D
  _58522_/D
  _58523_/D
  _58524_/D
  _58525_/D
  _58526_/D
  _58527_/D
  _58528_/D
  _58529_/D
  _58530_/D
  _58648_/D
  _58649_/D
  _58650_/D
  _58651_/D
  _58652_/D
  _58653_/D
  _58654_/D
  _58655_/D
  _58656_/D
  _58657_/D
  _58658_/D
  _58659_/D
  _58660_/D
  _58661_/D
  _58662_/D
  _58663_/D
  _58664_/D
  _58665_/D
  _58666_/D
  _58667_/D
  _58668_/D
  _58701_/D
  _58702_/D
  _58703_/D
  _58704_/D
  _58705_/D
  _58706_/D
  _58707_/D
  _58708_/D
  _58709_/D
  _58827_/D
  _58828_/D
  _58829_/D
  _58830_/D
  _58831_/D
  _58832_/D
  _58833_/D
  _58834_/D
  _58835_/D
  _58836_/D
  _58837_/D
  _58838_/D
  _58839_/D
  _58840_/D
  _58841_/D
  _58842_/D
  _58843_/D
  _58844_/D
  _58845_/D
  _58846_/D
  _58847_/D
  _58881_/D
  _58882_/D
  _58883_/D
  _58884_/D
  _58885_/D
  _58886_/D
  _59004_/D
  _59005_/D
  _59006_/D
  _59007_/D
  _59008_/D
  _59009_/D
  _59010_/D
  _59011_/D
  _59050_/D
  _59051_/D
  _59052_/D
  _59053_/D
  _59054_/D
  _59055_/D
  _59056_/D
  _59057_/D
  _59058_/D
  _59059_/D
  _59060_/D
  _59061_/D
  _59062_/D
  _59063_/D
  _59064_/D
  _59065_/D
  _59066_/D
  _59067_/D
  _59068_/D
  _59069_/D
  _59070_/D
  _59226_/D
  _59227_/D
  _59228_/D
  _59229_/D
  _59230_/D
  _59231_/D
  _59232_/D
  _59233_/D
  _59234_/D
  _59235_/D
  _59236_/D
  _59237_/D
  _59238_/D
  _59239_/D
  _59240_/D
  _59241_/D
  _59242_/D
  _59243_/D
  _59244_/D
  _59245_/D
  _59246_/D
  _59247_/D
  _59248_/D
  _59249_/D
  _59250_/D
  _59251_/D
  _59252_/D
  _59253_/D
  _59254_/D
  _59255_/D
  _59256_/D
  _59257_/D
  _59258_/D
  _59259_/D
  _59260_/D
  _59261_/D
  _59262_/D
  _59263_/D
  _59264_/D
  _59265_/D
  _59266_/D
  _59267_/D
  _59268_/D
  _59269_/D
  _59270_/D
  _59271_/D
  _59272_/D
  _59273_/D
  _59274_/D
  _59275_/D
  _59276_/D
  _59277_/D
  _59278_/D
  _59279_/D
  _59280_/D
  _59281_/D
  _59282_/D
  _59283_/D
  _59284_/D
  _59285_/D
  _59286_/D
  _59287_/D
  _59288_/D
  _59289_/D
  _59290_/D
  _59291_/D
  _59292_/D
  _59293_/D
  _59294_/D
  _59295_/D
  _59296_/D
  _59297_/D
  _59298_/D
  _59299_/D
  _59300_/D
  _59301_/D
  _59302_/D
  _59303_/D
  _59304_/D
  _59305_/D
  _59306_/D
  _59307_/D
  _59308_/D
  _59309_/D
  _59310_/D
  _59311_/D
  _59312_/D
  _59313_/D
  _59314_/D
  _59315_/D
  _59316_/D
  _59317_/D
  _59318_/D
  _59319_/D
  _59320_/D
  _59321_/D
  _59322_/D
  _59323_/D
  _59324_/D
  _59325_/D
  _59326_/D
  _59327_/D
  _59328_/D
  _59329_/D
  _59330_/D
  _59331_/D
  _59332_/D
  _59333_/D
  _59334_/D
  _59335_/D
  _59336_/D
  _59337_/D
  _59338_/D
  _59339_/D
  _59340_/D
  _59341_/D
  _59342_/D
  _59343_/D
  _59344_/D
  _59345_/D
  _59346_/D
  _59347_/D
  _59348_/D
  _59349_/D
  _59350_/D
  _59351_/D
  _59352_/D
  _59353_/D
  _59354_/D
  _59355_/D
  _59356_/D
  _59357_/D
  _59358_/D
  _59359_/D
  _59384_/D
  _59394_/D
  _59395_/D
  _59402_/D
  _59403_/D
  _59404_/D
  _59405_/D
  _59406_/D
  _59407_/D
  _59408_/D
  _59409_/D
  _59410_/D
  _59411_/D
  _59412_/D
  _59413_/D
  _59414_/D
  _59415_/D
  _59416_/D
  _59417_/D
  _59418_/D
  _59419_/D
  _59420_/D
  _59421_/D
  _59422_/D
  _59578_/D
  _59579_/D
  _59580_/D
  _59581_/D
  _59582_/D
  _59583_/D
  _59584_/D
  _59585_/D
  _59586_/D
  _59587_/D
  _59588_/D
  _59589_/D
  _59590_/D
  _59591_/D
  _59592_/D
  _59593_/D
  _59594_/D
  _59595_/D
  _59596_/D
  _59597_/D
  _59598_/D
  _59599_/D
  _59600_/D
  _59601_/D
  _59602_/D
  _59603_/D
  _59604_/D
  _59605_/D
  _59606_/D
  _59607_/D
  _59608_/D
  _59609_/D
  _59610_/D
  _59611_/D
  _59612_/D
  _59613_/D
  _59614_/D
  _59615_/D
  _59616_/D
  _59617_/D
  _59618_/D
  _59619_/D
  _59620_/D
  _59621_/D
  _59622_/D
  _59623_/D
  _59624_/D
  _59625_/D
  _59626_/D
  _59627_/D
  _59628_/D
  _59629_/D
  _59630_/D
  _59631_/D
  _59632_/D
  _59633_/D
  _59634_/D
  _59635_/D
  _59636_/D
  _59637_/D
  _59638_/D
  _59639_/D
  _59640_/D
  _59641_/D
  _59642_/D
  _59643_/D
  _59644_/D
  _59645_/D
  _59646_/D
  _59647_/D
  _59648_/D
  _59649_/D
  _59650_/D
  _59651_/D
  _59652_/D
  _59653_/D
  _59654_/D
  _59655_/D
  _59656_/D
  _59657_/D
  _59658_/D
  _59659_/D
  _59660_/D
  _59661_/D
  _59662_/D
  _59663_/D
  _59664_/D
  _59665_/D
  _59666_/D
  _59667_/D
  _59668_/D
  _59669_/D
  _59670_/D
  _59671_/D
  _59672_/D
  _59673_/D
  _59674_/D
  _59675_/D
  _59676_/D
  _59677_/D
  _59678_/D
  _59679_/D
  _59680_/D
  _59681_/D
  _59682_/D
  _59683_/D
  _59684_/D
  _59685_/D
  _59686_/D
  _59687_/D
  _59688_/D
  _59689_/D
  _59690_/D
  _59691_/D
  _59692_/D
  _59693_/D
  _59694_/D
  _59695_/D
  _59696_/D
  _59697_/D
  _59698_/D
  _59699_/D
  _59700_/D
  _59701_/D
  _59702_/D
  _59703_/D
  _59704_/D
  _59705_/D
  _59706_/D
  _59707_/D
  _59708_/D
  _59709_/D
  _59710_/D
  _59711_/D
  _59728_/D
  _59737_/D
  _59738_/D
  _59739_/D
  _59740_/D
  _59741_/D
  _59742_/D
  _59743_/D
  _59744_/D
  _59745_/D
  _59746_/D
  _59747_/D
  _59748_/D
  _59749_/D
  _59750_/D
  _59751_/D
  _59752_/D
  _59753_/D
  _59754_/D
  _59755_/D
  _59756_/D
  _59757_/D
  _59758_/D
  _59759_/D
  _59915_/D
  _59916_/D
  _59917_/D
  _59918_/D
  _59919_/D
  _59920_/D
  _59921_/D
  _59922_/D
  _59923_/D
  _59924_/D
  _59925_/D
  _59926_/D
  _59927_/D
  _59928_/D
  _59929_/D
  _59930_/D
  _59931_/D
  _59932_/D
  _59933_/D
  _59934_/D
  _59935_/D
  _59936_/D
  _59937_/D
  _59938_/D
  _59939_/D
  _59940_/D
  _59941_/D
  _59942_/D
  _59943_/D
  _59944_/D
  _59945_/D
  _59946_/D
  _59947_/D
  _59948_/D
  _59949_/D
  _59950_/D
  _59951_/D
  _59952_/D
  _59953_/D
  _59954_/D
  _59955_/D
  _59956_/D
  _59957_/D
  _59958_/D
  _59959_/D
  _59960_/D
  _59961_/D
  _59962_/D
  _59963_/D
  _59964_/D
  _59965_/D
  _59966_/D
  _59967_/D
  _59968_/D
  _59969_/D
  _59970_/D
  _59971_/D
  _59972_/D
  _59973_/D
  _59974_/D
  _59975_/D
  _59976_/D
  _59977_/D
  _59978_/D
  _59979_/D
  _59980_/D
  _59981_/D
  _59982_/D
  _59983_/D
  _59984_/D
  _59985_/D
  _59986_/D
  _59987_/D
  _59988_/D
  _59989_/D
  _59990_/D
  _59991_/D
  _59992_/D
  _59993_/D
  _59994_/D
  _59995_/D
  _59996_/D
  _59997_/D
  _59998_/D
  _59999_/D
  _60000_/D
  _60001_/D
  _60002_/D
  _60003_/D
  _60004_/D
  _60005_/D
  _60006_/D
  _60007_/D
  _60008_/D
  _60009_/D
  _60010_/D
  _60011_/D
  _60012_/D
  _60013_/D
  _60014_/D
  _60015_/D
  _60016_/D
  _60017_/D
  _60018_/D
  _60019_/D
  _60020_/D
  _60021_/D
  _60022_/D
  _60023_/D
  _60024_/D
  _60025_/D
  _60026_/D
  _60027_/D
  _60028_/D
  _60029_/D
  _60030_/D
  _60031_/D
  _60032_/D
  _60033_/D
  _60034_/D
  _60035_/D
  _60036_/D
  _60037_/D
  _60038_/D
  _60039_/D
  _60040_/D
  _60041_/D
  _60042_/D
  _60043_/D
  _60044_/D
  _60045_/D
  _60046_/D
  _60047_/D
  _60048_/D
  _60065_/D
  _60070_/D
  _60071_/D
  _60072_/D
  _60073_/D
  _60074_/D
  _60075_/D
  _60076_/D
  _60077_/D
  _60078_/D
  _60079_/D
  _60080_/D
  _60081_/D
  _60082_/D
  _60083_/D
  _60084_/D
  _60085_/D
  _60094_/D
  _60095_/D
  _60096_/D
  _60252_/D
  _60253_/D
  _60254_/D
  _60255_/D
  _60256_/D
  _60257_/D
  _60258_/D
  _60259_/D
  _60260_/D
  _60261_/D
  _60262_/D
  _60263_/D
  _60264_/D
  _60265_/D
  _60266_/D
  _60267_/D
  _60268_/D
  _60269_/D
  _60270_/D
  _60271_/D
  _60272_/D
  _60273_/D
  _60274_/D
  _60275_/D
  _60276_/D
  _60277_/D
  _60278_/D
  _60279_/D
  _60280_/D
  _60281_/D
  _60282_/D
  _60283_/D
  _60284_/D
  _60285_/D
  _60286_/D
  _60287_/D
  _60288_/D
  _60289_/D
  _60290_/D
  _60291_/D
  _60292_/D
  _60293_/D
  _60294_/D
  _60295_/D
  _60296_/D
  _60297_/D
  _60298_/D
  _60299_/D
  _60300_/D
  _60301_/D
  _60302_/D
  _60303_/D
  _60304_/D
  _60305_/D
  _60306_/D
  _60307_/D
  _60308_/D
  _60309_/D
  _60310_/D
  _60311_/D
  _60312_/D
  _60313_/D
  _60314_/D
  _60315_/D
  _60316_/D
  _60317_/D
  _60318_/D
  _60319_/D
  _60320_/D
  _60321_/D
  _60322_/D
  _60323_/D
  _60324_/D
  _60325_/D
  _60326_/D
  _60327_/D
  _60328_/D
  _60329_/D
  _60330_/D
  _60331_/D
  _60332_/D
  _60333_/D
  _60334_/D
  _60335_/D
  _60336_/D
  _60337_/D
  _60338_/D
  _60339_/D
  _60340_/D
  _60341_/D
  _60342_/D
  _60343_/D
  _60344_/D
  _60345_/D
  _60346_/D
  _60347_/D
  _60348_/D
  _60349_/D
  _60350_/D
  _60351_/D
  _60352_/D
  _60353_/D
  _60354_/D
  _60355_/D
  _60356_/D
  _60357_/D
  _60358_/D
  _60359_/D
  _60360_/D
  _60361_/D
  _60362_/D
  _60363_/D
  _60364_/D
  _60365_/D
  _60366_/D
  _60367_/D
  _60368_/D
  _60369_/D
  _60370_/D
  _60371_/D
  _60372_/D
  _60373_/D
  _60374_/D
  _60375_/D
  _60376_/D
  _60377_/D
  _60378_/D
  _60379_/D
  _60380_/D
  _60381_/D
  _60382_/D
  _60383_/D
  _60384_/D
  _60385_/D
  _60402_/D
  _60403_/D
  _60404_/D
  _60405_/D
  _60406_/D
  _60407_/D
  _60408_/D
  _60409_/D
  _60410_/D
  _60411_/D
  _60412_/D
  _60413_/D
  _60414_/D
  _60415_/D
  _60416_/D
  _60417_/D
  _60418_/D
  _60419_/D
  _60420_/D
  _60421_/D
  _60430_/D
  _60431_/D
