Sun May 14 22:42:33 UTC 2023 - Executing "openroad -exit -no_init -python /openlane/scripts/odbpy/lefutil.py get_metal_layers -o /openlane/designs/sv_core/runs/RUN_2023.05.14_22.42.33/tmp/layers.list /root/.volare/sky130A/libs.ref/sky130_fd_sc_hd/techlef/sky130_fd_sc_hd__nom.tlef"

Sun May 14 22:42:34 UTC 2023 - Executing "/openlane/scripts/mergeLef.py -o /openlane/designs/sv_core/runs/RUN_2023.05.14_22.42.33/tmp/merged.nom.lef -i /root/.volare/sky130A/libs.ref/sky130_fd_sc_hd/techlef/sky130_fd_sc_hd__nom.tlef {/root/.volare/sky130A/libs.ref/sky130_fd_sc_hd/lef/sky130_fd_sc_hd.lef /root/.volare/sky130A/libs.ref/sky130_fd_sc_hd/lef/sky130_ef_sc_hd.lef} |& tee /dev/null"

Sun May 14 22:42:34 UTC 2023 - Executing "/openlane/scripts/mergeLef.py -o /openlane/designs/sv_core/runs/RUN_2023.05.14_22.42.33/tmp/merged.min.lef -i /root/.volare/sky130A/libs.ref/sky130_fd_sc_hd/techlef/sky130_fd_sc_hd__min.tlef {/root/.volare/sky130A/libs.ref/sky130_fd_sc_hd/lef/sky130_fd_sc_hd.lef /root/.volare/sky130A/libs.ref/sky130_fd_sc_hd/lef/sky130_ef_sc_hd.lef} |& tee /dev/null"

Sun May 14 22:42:34 UTC 2023 - Executing "/openlane/scripts/mergeLef.py -o /openlane/designs/sv_core/runs/RUN_2023.05.14_22.42.33/tmp/merged.max.lef -i /root/.volare/sky130A/libs.ref/sky130_fd_sc_hd/techlef/sky130_fd_sc_hd__max.tlef {/root/.volare/sky130A/libs.ref/sky130_fd_sc_hd/lef/sky130_fd_sc_hd.lef /root/.volare/sky130A/libs.ref/sky130_fd_sc_hd/lef/sky130_ef_sc_hd.lef} |& tee /dev/null"

Sun May 14 22:42:34 UTC 2023 - Executing "python3 /openlane/scripts/mergeLib.py --output /openlane/designs/sv_core/runs/RUN_2023.05.14_22.42.33/tmp/synthesis/merged.lib --name sky130A_merged /root/.volare/sky130A/libs.ref/sky130_fd_sc_hd/lib/sky130_fd_sc_hd__tt_025C_1v80.lib"

Sun May 14 22:42:35 UTC 2023 - Executing "python3 /openlane/scripts/libtrim.py --cell-file /openlane/designs/sv_core/runs/RUN_2023.05.14_22.42.33/tmp/synthesis/trimmed.lib.exclude.list --output /openlane/designs/sv_core/runs/RUN_2023.05.14_22.42.33/tmp/synthesis/trimmed.lib /openlane/designs/sv_core/runs/RUN_2023.05.14_22.42.33/tmp/synthesis/merged.lib"

Sun May 14 22:42:35 UTC 2023 - Executing "python3 /openlane/scripts/libtrim.py --cell-file /openlane/designs/sv_core/runs/RUN_2023.05.14_22.42.33/tmp/cts/cts.lib.exclude.list --output /openlane/designs/sv_core/runs/RUN_2023.05.14_22.42.33/tmp/cts/cts.lib /root/.volare/sky130A/libs.ref/sky130_fd_sc_hd/lib/sky130_fd_sc_hd__tt_025C_1v80.lib"

Sun May 14 22:42:35 UTC 2023 - Executing "python3 /openlane/scripts/new_tracks.py -i /root/.volare/sky130A/libs.tech/openlane/sky130_fd_sc_hd/tracks.info -o /openlane/designs/sv_core/runs/RUN_2023.05.14_22.42.33/tmp/routing/config.tracks"

Sun May 14 22:42:36 UTC 2023 - Executing "echo {OpenLane e545bc4cefa75523c7cc7145ecae9bf3269a7f06} > /openlane/designs/sv_core/runs/RUN_2023.05.14_22.42.33/OPENLANE_VERSION"

Sun May 14 22:42:36 UTC 2023 - Executing "bash -c {verilator  --lint-only  -Wall  --Wno-DECLFILENAME  --top-module core  -I /root/.volare/sky130A/libs.ref/sky130_fd_sc_hd/verilog/primitives.v -I /root/.volare/sky130A/libs.ref/sky130_fd_sc_hd/verilog/sky130_fd_sc_hd.v /openlane/designs/sv_core/src/exec_stage.sv /openlane/designs/sv_core/src/prog_cntr.sv /openlane/designs/sv_core/src/decode_stage.sv /openlane/designs/sv_core/src/mem_slice_stage.sv /openlane/designs/sv_core/src/fetch_stage.sv /openlane/designs/sv_core/src/alu.sv /openlane/designs/sv_core/src/immed_gen.sv /openlane/designs/sv_core/src/branch_gen.sv /openlane/designs/sv_core/src/wb_stage.sv /openlane/designs/sv_core/src/core.sv /openlane/designs/sv_core/src/mem_prep.sv /openlane/designs/sv_core/src/reg_forwarder.sv /openlane/designs/sv_core/src/fwd_unit.sv /openlane/designs/sv_core/src/hazard_unit.sv /openlane/designs/sv_core/src/reg_file.sv /openlane/designs/sv_core/src/decoder.sv -Wno-fatal --relative-includes |& tee /openlane/designs/sv_core/runs/RUN_2023.05.14_22.42.33/logs/synthesis/verilator.log /dev/null}"

Sun May 14 22:42:36 UTC 2023 - Executing "sed -E {s/^([[:space:]]+)pg_pin(.*)/\1pin\2\n\1    direction : "inout";/g} /root/.volare/sky130A/libs.ref/sky130_fd_sc_hd/lib/sky130_fd_sc_hd__tt_025C_1v80.lib > /openlane/designs/sv_core/runs/RUN_2023.05.14_22.42.33/tmp/synthesis/1-sky130_fd_sc_hd__tt_025C_1v80.no_pg.lib"

Sun May 14 22:42:37 UTC 2023 - Executing "sed -E {s/^([[:space:]]+)pg_pin(.*)/\1pin\2\n\1    direction : "inout";/g} /openlane/designs/sv_core/runs/RUN_2023.05.14_22.42.33/tmp/synthesis/trimmed.lib > /openlane/designs/sv_core/runs/RUN_2023.05.14_22.42.33/tmp/synthesis/1-trimmed.no_pg.lib"

Sun May 14 22:42:37 UTC 2023 - Executing "yosys -c /openlane/scripts/yosys/synth.tcl |& tee /dev/null /openlane/designs/sv_core/runs/RUN_2023.05.14_22.42.33/logs/synthesis/1-synthesis.log"

Sun May 14 22:42:49 UTC 2023 - Executing "sed -i.bak -e {s/\(set ::env(CURRENT_NETLIST)\).*/\1 \/openlane\/designs\/sv_core\/runs\/RUN_2023.05.14_22.42.33\/results\/synthesis\/core.v/} /openlane/designs/sv_core/runs/RUN_2023.05.14_22.42.33/config.tcl"

Sun May 14 22:42:49 UTC 2023 - Executing "sed -i.bak /defparam/d /openlane/designs/sv_core/runs/RUN_2023.05.14_22.42.33/results/synthesis/core.v"

Sun May 14 22:42:50 UTC 2023 - Executing "sta -exit -no_init /openlane/scripts/openroad/sta/multi_corner.tcl |& tee /dev/null /openlane/designs/sv_core/runs/RUN_2023.05.14_22.42.33/logs/synthesis/2-sta.log"

Sun May 14 22:42:51 UTC 2023 - Executing "openroad -exit /openlane/scripts/openroad/floorplan.tcl |& tee /dev/null /openlane/designs/sv_core/runs/RUN_2023.05.14_22.42.33/logs/floorplan/3-initial_fp.log"

Sun May 14 22:42:52 UTC 2023 - Executing "openroad -exit -no_init -python /openlane/scripts/odbpy/defutil.py extract_core_dims --output-data /openlane/designs/sv_core/runs/RUN_2023.05.14_22.42.33/tmp/dimensions.txt --input-lef /openlane/designs/sv_core/runs/RUN_2023.05.14_22.42.33/tmp/merged.nom.lef /openlane/designs/sv_core/runs/RUN_2023.05.14_22.42.33/tmp/floorplan/3-initial_fp.def"

Sun May 14 22:42:52 UTC 2023 - Executing "openroad -exit -no_init -python /openlane/scripts/odbpy/io_place.py --config /openlane/designs/sv_core/pin_order.cfg --hor-layer met3 --ver-layer met2 --ver-width-mult 2 --hor-width-mult 2 --hor-extension 0 --ver-extension 0 --length 4 --unmatched-error --input-lef /openlane/designs/sv_core/runs/RUN_2023.05.14_22.42.33/tmp/merged.nom.lef --output-def /openlane/designs/sv_core/runs/RUN_2023.05.14_22.42.33/tmp/floorplan/4-io.def --output /openlane/designs/sv_core/runs/RUN_2023.05.14_22.42.33/tmp/floorplan/4-io.odb /openlane/designs/sv_core/runs/RUN_2023.05.14_22.42.33/tmp/floorplan/3-initial_fp.odb |& tee /dev/null /openlane/designs/sv_core/runs/RUN_2023.05.14_22.42.33/logs/floorplan/4-place_io.log"

Sun May 14 22:42:53 UTC 2023 - Executing "openroad -exit /openlane/scripts/openroad/tapcell.tcl |& tee /dev/null /openlane/designs/sv_core/runs/RUN_2023.05.14_22.42.33/logs/floorplan/5-tap.log"

Sun May 14 22:42:54 UTC 2023 - Executing "openroad -exit /openlane/scripts/openroad/pdn.tcl |& tee /dev/null /openlane/designs/sv_core/runs/RUN_2023.05.14_22.42.33/logs/floorplan/6-pdn.log"

Sun May 14 22:42:55 UTC 2023 - Executing "openroad -exit /openlane/scripts/openroad/gpl.tcl |& tee /dev/null /openlane/designs/sv_core/runs/RUN_2023.05.14_22.42.33/logs/placement/7-global.log"

Sun May 14 22:43:03 UTC 2023 - Executing "sed -i.bak -e {s/\(set ::env(CURRENT_NETLIST)\).*/\1 \/openlane\/designs\/sv_core\/runs\/RUN_2023.05.14_22.42.33\/tmp\/placement\/7-global.nl.v/} /openlane/designs/sv_core/runs/RUN_2023.05.14_22.42.33/config.tcl"

Sun May 14 22:43:03 UTC 2023 - Executing "openroad -exit /openlane/scripts/openroad/sta/multi_corner.tcl |& tee /dev/null /openlane/designs/sv_core/runs/RUN_2023.05.14_22.42.33/logs/placement/8-gpl_sta.log"

Sun May 14 22:43:05 UTC 2023 - Executing "openroad -exit /openlane/scripts/openroad/resizer.tcl |& tee /dev/null /openlane/designs/sv_core/runs/RUN_2023.05.14_22.42.33/logs/placement/9-resizer.log"

Sun May 14 22:43:07 UTC 2023 - Executing "sed -i.bak -e {s/\(set ::env(CURRENT_NETLIST)\).*/\1 \/openlane\/designs\/sv_core\/runs\/RUN_2023.05.14_22.42.33\/tmp\/placement\/9-resizer.nl.v/} /openlane/designs/sv_core/runs/RUN_2023.05.14_22.42.33/config.tcl"

Sun May 14 22:43:07 UTC 2023 - Executing "openroad -exit /openlane/scripts/openroad/dpl.tcl |& tee /dev/null /openlane/designs/sv_core/runs/RUN_2023.05.14_22.42.33/logs/placement/10-detailed.log"

Sun May 14 22:43:08 UTC 2023 - Executing "sed -i.bak -e {s/\(set ::env(CURRENT_NETLIST)\).*/\1 \/openlane\/designs\/sv_core\/runs\/RUN_2023.05.14_22.42.33\/results\/placement\/core.nl.v/} /openlane/designs/sv_core/runs/RUN_2023.05.14_22.42.33/config.tcl"

Sun May 14 22:43:08 UTC 2023 - Executing "openroad -exit /openlane/scripts/openroad/sta/multi_corner.tcl |& tee /dev/null /openlane/designs/sv_core/runs/RUN_2023.05.14_22.42.33/logs/placement/11-dpl_sta.log"

Sun May 14 22:43:10 UTC 2023 - Executing "openroad -exit /openlane/scripts/openroad/cts.tcl |& tee /dev/null /openlane/designs/sv_core/runs/RUN_2023.05.14_22.42.33/logs/cts/12-cts.log"

Sun May 14 22:43:55 UTC 2023 - Executing "openroad -exit /openlane/scripts/openroad/sta/multi_corner.tcl |& tee /dev/null /openlane/designs/sv_core/runs/RUN_2023.05.14_22.42.33/logs/cts/13-cts_sta.log"

Sun May 14 22:43:57 UTC 2023 - Executing "openroad -exit /openlane/scripts/openroad/resizer_timing.tcl |& tee /dev/null /openlane/designs/sv_core/runs/RUN_2023.05.14_22.42.33/logs/cts/14-resizer.log"

Sun May 14 22:43:59 UTC 2023 - Executing "sed -i.bak -e {s/\(set ::env(CURRENT_NETLIST)\).*/\1 \/openlane\/designs\/sv_core\/runs\/RUN_2023.05.14_22.42.33\/tmp\/cts\/14-core.resized.nl.v/} /openlane/designs/sv_core/runs/RUN_2023.05.14_22.42.33/config.tcl"

Sun May 14 22:43:59 UTC 2023 - Executing "openroad -exit /openlane/scripts/openroad/resizer_routing_design.tcl |& tee /dev/null /openlane/designs/sv_core/runs/RUN_2023.05.14_22.42.33/logs/routing/15-resizer_design.log"

Sun May 14 22:44:22 UTC 2023 - Executing "sed -i.bak -e {s/\(set ::env(CURRENT_NETLIST)\).*/\1 \/openlane\/designs\/sv_core\/runs\/RUN_2023.05.14_22.42.33\/tmp\/15-core.nl.v/} /openlane/designs/sv_core/runs/RUN_2023.05.14_22.42.33/config.tcl"

Sun May 14 22:44:23 UTC 2023 - Executing "openroad -exit /openlane/scripts/openroad/sta/multi_corner.tcl |& tee /dev/null /openlane/designs/sv_core/runs/RUN_2023.05.14_22.42.33/logs/routing/16-rsz_design_sta.log"

Sun May 14 22:44:25 UTC 2023 - Executing "openroad -exit /openlane/scripts/openroad/resizer_routing_timing.tcl |& tee /dev/null /openlane/designs/sv_core/runs/RUN_2023.05.14_22.42.33/logs/routing/17-resizer_timing.log"

Sun May 14 22:44:27 UTC 2023 - Executing "sed -i.bak -e {s/\(set ::env(CURRENT_NETLIST)\).*/\1 \/openlane\/designs\/sv_core\/runs\/RUN_2023.05.14_22.42.33\/tmp\/17-core.nl.v/} /openlane/designs/sv_core/runs/RUN_2023.05.14_22.42.33/config.tcl"

Sun May 14 22:44:27 UTC 2023 - Executing "openroad -exit /openlane/scripts/openroad/sta/multi_corner.tcl |& tee /dev/null /openlane/designs/sv_core/runs/RUN_2023.05.14_22.42.33/logs/routing/18-rsz_timing_sta.log"

Sun May 14 22:44:30 UTC 2023 - Executing "openroad -exit /openlane/scripts/openroad/groute.tcl |& tee /dev/null /openlane/designs/sv_core/runs/RUN_2023.05.14_22.42.33/logs/routing/19-global.log"

Sun May 14 22:44:33 UTC 2023 - Executing "openroad -exit /openlane/scripts/openroad/write_views.tcl |& tee /dev/null /openlane/designs/sv_core/runs/RUN_2023.05.14_22.42.33/logs/routing/19-global_write_netlist.log"

Sun May 14 22:44:34 UTC 2023 - Executing "sed -i.bak -e {s/\(set ::env(CURRENT_NETLIST)\).*/\1 \/openlane\/designs\/sv_core\/runs\/RUN_2023.05.14_22.42.33\/tmp\/routing\/global.nl.v/} /openlane/designs/sv_core/runs/RUN_2023.05.14_22.42.33/config.tcl"

Sun May 14 22:44:34 UTC 2023 - Executing "openroad -exit /openlane/scripts/openroad/sta/multi_corner.tcl |& tee /dev/null /openlane/designs/sv_core/runs/RUN_2023.05.14_22.42.33/logs/routing/21-grt_sta.log"

Sun May 14 22:44:36 UTC 2023 - Executing "openroad -exit /openlane/scripts/openroad/fill.tcl |& tee /dev/null /openlane/designs/sv_core/runs/RUN_2023.05.14_22.42.33/logs/routing/22-fill.log"

Sun May 14 22:44:37 UTC 2023 - Executing "sed -i.bak -e {s/\(set ::env(CURRENT_NETLIST)\).*/\1 \/openlane\/designs\/sv_core\/runs\/RUN_2023.05.14_22.42.33\/tmp\/routing\/22-fill.nl.v/} /openlane/designs/sv_core/runs/RUN_2023.05.14_22.42.33/config.tcl"

Sun May 14 22:44:37 UTC 2023 - Executing "openroad -exit /openlane/scripts/openroad/droute.tcl |& tee /dev/null /openlane/designs/sv_core/runs/RUN_2023.05.14_22.42.33/logs/routing/23-detailed.log"

Sun May 14 22:49:36 UTC 2023 - Executing "sed -i.bak -e {s/\(set ::env(CURRENT_NETLIST)\).*/\1 \/openlane\/designs\/sv_core\/runs\/RUN_2023.05.14_22.42.33\/results\/routing\/core.nl.v/} /openlane/designs/sv_core/runs/RUN_2023.05.14_22.42.33/config.tcl"

Sun May 14 22:49:36 UTC 2023 - Executing "python3 /openlane/scripts/drc_rosetta.py tr to_klayout -o /openlane/designs/sv_core/runs/RUN_2023.05.14_22.42.33/reports/routing/drt.klayout.xml --design-name core /openlane/designs/sv_core/runs/RUN_2023.05.14_22.42.33/reports/routing/drt.drc"

Sun May 14 22:49:36 UTC 2023 - Executing "openroad -exit -no_init -python /openlane/scripts/odbpy/wire_lengths.py --report-out /openlane/designs/sv_core/runs/RUN_2023.05.14_22.42.33/reports/routing/24-wire_lengths.csv --input-lef /openlane/designs/sv_core/runs/RUN_2023.05.14_22.42.33/tmp/merged.nom.lef --output-def /dev/null --output /openlane/designs/sv_core/runs/RUN_2023.05.14_22.42.33/results/routing/core.odb /openlane/designs/sv_core/runs/RUN_2023.05.14_22.42.33/results/routing/core.odb |& tee /dev/null /openlane/designs/sv_core/runs/RUN_2023.05.14_22.42.33/logs/routing/24-wire_lengths.log"

Sun May 14 22:49:37 UTC 2023 - Executing "openroad -exit /openlane/scripts/openroad/rcx.tcl |& tee /dev/null /openlane/designs/sv_core/runs/RUN_2023.05.14_22.42.33/logs/signoff/25-parasitics_extraction.min.log"

Sun May 14 22:49:40 UTC 2023 - Executing "sta -exit -no_init /openlane/scripts/openroad/sta/multi_corner.tcl |& tee /dev/null /openlane/designs/sv_core/runs/RUN_2023.05.14_22.42.33/logs/signoff/26-rcx_mcsta.min.log"

Sun May 14 22:49:51 UTC 2023 - Executing "openroad -exit /openlane/scripts/openroad/rcx.tcl |& tee /dev/null /openlane/designs/sv_core/runs/RUN_2023.05.14_22.42.33/logs/signoff/27-parasitics_extraction.max.log"

Sun May 14 22:49:54 UTC 2023 - Executing "sta -exit -no_init /openlane/scripts/openroad/sta/multi_corner.tcl |& tee /dev/null /openlane/designs/sv_core/runs/RUN_2023.05.14_22.42.33/logs/signoff/28-rcx_mcsta.max.log"

Sun May 14 22:50:06 UTC 2023 - Executing "openroad -exit /openlane/scripts/openroad/rcx.tcl |& tee /dev/null /openlane/designs/sv_core/runs/RUN_2023.05.14_22.42.33/logs/signoff/29-parasitics_extraction.nom.log"

Sun May 14 22:50:09 UTC 2023 - Executing "sta -exit -no_init /openlane/scripts/openroad/sta/multi_corner.tcl |& tee /dev/null /openlane/designs/sv_core/runs/RUN_2023.05.14_22.42.33/logs/signoff/30-rcx_mcsta.nom.log"

Sun May 14 22:50:20 UTC 2023 - Executing "sta -exit -no_init /openlane/scripts/openroad/sta/multi_corner.tcl |& tee /dev/null /openlane/designs/sv_core/runs/RUN_2023.05.14_22.42.33/logs/signoff/31-rcx_sta.log"

Sun May 14 22:50:24 UTC 2023 - Executing "openroad -exit /openlane/scripts/openroad/irdrop.tcl |& tee /dev/null /openlane/designs/sv_core/runs/RUN_2023.05.14_22.42.33/logs/signoff/32-irdrop.log"

Sun May 14 22:50:25 UTC 2023 - Executing "magic -noconsole -dnull -rcfile /root/.volare/sky130A/libs.tech/magic/sky130A.magicrc < /openlane/scripts/magic/wrapper.tcl |& tee /dev/null /openlane/designs/sv_core/runs/RUN_2023.05.14_22.42.33/logs/signoff/33-gdsii.log"

Sun May 14 22:50:28 UTC 2023 - Executing "magic -noconsole -dnull -rcfile /root/.volare/sky130A/libs.tech/magic/sky130A.magicrc < /openlane/scripts/magic/wrapper.tcl |& tee /dev/null /openlane/designs/sv_core/runs/RUN_2023.05.14_22.42.33/logs/signoff/33-gds_ptrs.log"

Sun May 14 22:50:31 UTC 2023 - Executing "sed -i.bak -n {/^<< properties >>/,/^<< end >>/p} /openlane/designs/sv_core/runs/RUN_2023.05.14_22.42.33/tmp/signoff/gds_ptrs.mag"

Sun May 14 22:50:31 UTC 2023 - Executing "magic -noconsole -dnull -rcfile /root/.volare/sky130A/libs.tech/magic/sky130A.magicrc < /openlane/scripts/magic/wrapper.tcl |& tee /dev/null /openlane/designs/sv_core/runs/RUN_2023.05.14_22.42.33/logs/signoff/33-lef.log"

Sun May 14 22:50:36 UTC 2023 - Executing "magic -noconsole -dnull -rcfile /root/.volare/sky130A/libs.tech/magic/sky130A.magicrc < /openlane/scripts/magic/wrapper.tcl |& tee /dev/null /openlane/designs/sv_core/runs/RUN_2023.05.14_22.42.33/logs/signoff/33-maglef.log"

Sun May 14 22:50:37 UTC 2023 - Executing "python3 /openlane/scripts/klayout/stream_out.py --output /openlane/designs/sv_core/runs/RUN_2023.05.14_22.42.33/results/signoff/core.klayout.gds --lyt /root/.volare/sky130A/libs.tech/klayout/tech/sky130A.lyt --lym /root/.volare/sky130A/libs.tech/klayout/tech/sky130A.map --lyp /root/.volare/sky130A/libs.tech/klayout/tech/sky130A.lyp --top core --with-gds-file /root/.volare/sky130A/libs.ref/sky130_fd_sc_hd/gds/sky130_fd_sc_hd.gds --input-lef /openlane/designs/sv_core/runs/RUN_2023.05.14_22.42.33/tmp/merged.nom.lef /openlane/designs/sv_core/runs/RUN_2023.05.14_22.42.33/results/routing/core.def |& tee /dev/null /openlane/designs/sv_core/runs/RUN_2023.05.14_22.42.33/logs/signoff/34-gdsii-klayout.log"

Sun May 14 22:50:38 UTC 2023 - Executing "klayout -b -r /openlane/scripts/klayout/xor.drc -rd a=/openlane/designs/sv_core/runs/RUN_2023.05.14_22.42.33/results/signoff/core.gds -rd b=/openlane/designs/sv_core/runs/RUN_2023.05.14_22.42.33/results/signoff/core.klayout.gds -rd jobs=1 -rd rdb_out=/openlane/designs/sv_core/runs/RUN_2023.05.14_22.42.33/reports/signoff/35-xor.xml -rd ignore=81/14 -rd rpt_out=/openlane/designs/sv_core/runs/RUN_2023.05.14_22.42.33/reports/signoff/35-xor.rpt |& tee /dev/null /openlane/designs/sv_core/runs/RUN_2023.05.14_22.42.33/logs/signoff/35-xor.log"

Sun May 14 22:50:46 UTC 2023 - Executing "magic -noconsole -dnull -rcfile /root/.volare/sky130A/libs.tech/magic/sky130A.magicrc < /openlane/scripts/magic/wrapper.tcl |& tee /dev/null /openlane/designs/sv_core/runs/RUN_2023.05.14_22.42.33/logs/signoff/36-spice.log"

Sun May 14 22:50:54 UTC 2023 - Executing "openroad -exit -no_init -python /openlane/scripts/odbpy/power_utils.py write_powered_def --output /openlane/designs/sv_core/runs/RUN_2023.05.14_22.42.33/tmp/signoff/36-core.p.def --input-lef /openlane/designs/sv_core/runs/RUN_2023.05.14_22.42.33/tmp/merged.nom.lef --power-port VPWR --ground-port VGND --powered-netlist {} /openlane/designs/sv_core/runs/RUN_2023.05.14_22.42.33/results/routing/core.def |& tee /dev/null /openlane/designs/sv_core/runs/RUN_2023.05.14_22.42.33/logs/signoff/37-write_powered_def.log"

Sun May 14 22:50:55 UTC 2023 - Executing "openroad -exit /openlane/scripts/openroad/write_views.tcl |& tee /dev/null /openlane/designs/sv_core/runs/RUN_2023.05.14_22.42.33/logs/signoff/37-write_powered_verilog.log"

Sun May 14 22:50:57 UTC 2023 - Executing "sed -i.bak -e {s/\(set ::env(CURRENT_NETLIST)\).*/\1 \/openlane\/designs\/sv_core\/runs\/RUN_2023.05.14_22.42.33\/tmp\/signoff\/36-core.nl.v/} /openlane/designs/sv_core/runs/RUN_2023.05.14_22.42.33/config.tcl"

Sun May 14 22:50:57 UTC 2023 - Executing "netgen -batch source /openlane/designs/sv_core/runs/RUN_2023.05.14_22.42.33/tmp/signoff/39-setup_file.lef.lvs |& tee /dev/null /openlane/designs/sv_core/runs/RUN_2023.05.14_22.42.33/logs/signoff/39-lvs.lef.log"

Sun May 14 22:50:58 UTC 2023 - Executing "magic -noconsole -dnull -rcfile /root/.volare/sky130A/libs.tech/magic/sky130A.magicrc < /openlane/scripts/magic/wrapper.tcl |& tee /dev/null /openlane/designs/sv_core/runs/RUN_2023.05.14_22.42.33/logs/signoff/40-drc.log"

Sun May 14 22:51:26 UTC 2023 - Executing "python3 /openlane/scripts/drc_rosetta.py magic to_tcl -o /openlane/designs/sv_core/runs/RUN_2023.05.14_22.42.33/reports/signoff/drc.tcl /openlane/designs/sv_core/runs/RUN_2023.05.14_22.42.33/reports/signoff/drc.rpt"

Sun May 14 22:51:26 UTC 2023 - Executing "python3 /openlane/scripts/drc_rosetta.py magic to_tr -o /openlane/designs/sv_core/runs/RUN_2023.05.14_22.42.33/reports/signoff/drc.tr /openlane/designs/sv_core/runs/RUN_2023.05.14_22.42.33/reports/signoff/drc.rpt"

Sun May 14 22:51:26 UTC 2023 - Executing "python3 /openlane/scripts/drc_rosetta.py tr to_klayout -o /openlane/designs/sv_core/runs/RUN_2023.05.14_22.42.33/reports/signoff/drc.klayout.xml --design-name core /openlane/designs/sv_core/runs/RUN_2023.05.14_22.42.33/reports/signoff/drc.tr"

Sun May 14 22:51:26 UTC 2023 - Executing "python3 /openlane/scripts/drc_rosetta.py magic to_rdb -o /openlane/designs/sv_core/runs/RUN_2023.05.14_22.42.33/reports/signoff/drc.rdb /openlane/designs/sv_core/runs/RUN_2023.05.14_22.42.33/reports/signoff/drc.rpt"

Sun May 14 22:51:26 UTC 2023 - Executing "openroad -exit /openlane/scripts/openroad/antenna_check.tcl |& tee /dev/null /openlane/designs/sv_core/runs/RUN_2023.05.14_22.42.33/logs/signoff/41-antenna.log"

Sun May 14 22:51:28 UTC 2023 - Executing "python3 /openlane/scripts/extract_antenna_violators.py --output /openlane/designs/sv_core/runs/RUN_2023.05.14_22.42.33/reports/signoff/41-antenna_violators.rpt /openlane/designs/sv_core/runs/RUN_2023.05.14_22.42.33/logs/signoff/41-antenna.log"

Sun May 14 22:51:28 UTC 2023 - Executing "awk -v vdd=VPWR -v gnd=VGND -f /root/.volare/sky130A/libs.tech/openlane/cvc/power.awk /openlane/designs/sv_core/runs/RUN_2023.05.14_22.42.33/tmp/signoff/36-core.nl.v > /openlane/designs/sv_core/runs/RUN_2023.05.14_22.42.33/tmp/signoff/core.power"

Sun May 14 22:51:28 UTC 2023 - Executing "awk -f /root/.volare/sky130A/libs.tech/openlane/cvc/cdl.awk /root/.volare/sky130A/libs.ref/sky130_fd_sc_hd/cdl/sky130_fd_sc_hd.cdl /openlane/designs/sv_core/runs/RUN_2023.05.14_22.42.33/results/signoff/core.lef.spice > /openlane/designs/sv_core/runs/RUN_2023.05.14_22.42.33/tmp/signoff/core.cdl"

Sun May 14 22:51:28 UTC 2023 - Executing "cvc_rv /root/.volare/sky130A/libs.tech/openlane/cvc/cvcrc |& tee /dev/null /openlane/designs/sv_core/runs/RUN_2023.05.14_22.42.33/logs/signoff/42-erc_screen.log"

