
81. Executing CHECK pass (checking for obvious problems).
Checking module peripheral_unit...
Warning: Wire peripheral_unit.\timer_intr is used but has no driver.
Warning: Wire peripheral_unit.\peripheral_rvalid is used but has no driver.
Warning: Wire peripheral_unit.\peripheral_rdata [31] is used but has no driver.
Warning: Wire peripheral_unit.\peripheral_rdata [30] is used but has no driver.
Warning: Wire peripheral_unit.\peripheral_rdata [29] is used but has no driver.
Warning: Wire peripheral_unit.\peripheral_rdata [28] is used but has no driver.
Warning: Wire peripheral_unit.\peripheral_rdata [27] is used but has no driver.
Warning: Wire peripheral_unit.\peripheral_rdata [26] is used but has no driver.
Warning: Wire peripheral_unit.\peripheral_rdata [25] is used but has no driver.
Warning: Wire peripheral_unit.\peripheral_rdata [24] is used but has no driver.
Warning: Wire peripheral_unit.\peripheral_rdata [23] is used but has no driver.
Warning: Wire peripheral_unit.\peripheral_rdata [22] is used but has no driver.
Warning: Wire peripheral_unit.\peripheral_rdata [21] is used but has no driver.
Warning: Wire peripheral_unit.\peripheral_rdata [20] is used but has no driver.
Warning: Wire peripheral_unit.\peripheral_rdata [19] is used but has no driver.
Warning: Wire peripheral_unit.\peripheral_rdata [18] is used but has no driver.
Warning: Wire peripheral_unit.\peripheral_rdata [17] is used but has no driver.
Warning: Wire peripheral_unit.\peripheral_rdata [16] is used but has no driver.
Warning: Wire peripheral_unit.\peripheral_rdata [15] is used but has no driver.
Warning: Wire peripheral_unit.\peripheral_rdata [14] is used but has no driver.
Warning: Wire peripheral_unit.\peripheral_rdata [13] is used but has no driver.
Warning: Wire peripheral_unit.\peripheral_rdata [12] is used but has no driver.
Warning: Wire peripheral_unit.\peripheral_rdata [11] is used but has no driver.
Warning: Wire peripheral_unit.\peripheral_rdata [10] is used but has no driver.
Warning: Wire peripheral_unit.\peripheral_rdata [9] is used but has no driver.
Warning: Wire peripheral_unit.\peripheral_rdata [8] is used but has no driver.
Warning: Wire peripheral_unit.\peripheral_rdata [7] is used but has no driver.
Warning: Wire peripheral_unit.\peripheral_rdata [6] is used but has no driver.
Warning: Wire peripheral_unit.\peripheral_rdata [5] is used but has no driver.
Warning: Wire peripheral_unit.\peripheral_rdata [4] is used but has no driver.
Warning: Wire peripheral_unit.\peripheral_rdata [3] is used but has no driver.
Warning: Wire peripheral_unit.\peripheral_rdata [2] is used but has no driver.
Warning: Wire peripheral_unit.\peripheral_rdata [1] is used but has no driver.
Warning: Wire peripheral_unit.\peripheral_rdata [0] is used but has no driver.
Warning: Wire peripheral_unit.\peripheral_gnt is used but has no driver.
Warning: Wire peripheral_unit.\p_interrupts [51] is used but has no driver.
Warning: Wire peripheral_unit.\p_interrupts [50] is used but has no driver.
Warning: Wire peripheral_unit.\p_interrupts [49] is used but has no driver.
Warning: Wire peripheral_unit.\p_interrupts [48] is used but has no driver.
Warning: Wire peripheral_unit.\p_interrupts [47] is used but has no driver.
Warning: Wire peripheral_unit.\p_interrupts [46] is used but has no driver.
Warning: Wire peripheral_unit.\p_interrupts [45] is used but has no driver.
Warning: Wire peripheral_unit.\p_interrupts [44] is used but has no driver.
Warning: Wire peripheral_unit.\p_interrupts [43] is used but has no driver.
Warning: Wire peripheral_unit.\p_interrupts [42] is used but has no driver.
Warning: Wire peripheral_unit.\p_interrupts [41] is used but has no driver.
Warning: Wire peripheral_unit.\p_interrupts [40] is used but has no driver.
Warning: Wire peripheral_unit.\p_interrupts [39] is used but has no driver.
Warning: Wire peripheral_unit.\p_interrupts [38] is used but has no driver.
Warning: Wire peripheral_unit.\p_interrupts [37] is used but has no driver.
Warning: Wire peripheral_unit.\p_interrupts [36] is used but has no driver.
Warning: Wire peripheral_unit.\p_interrupts [35] is used but has no driver.
Warning: Wire peripheral_unit.\p_interrupts [34] is used but has no driver.
Warning: Wire peripheral_unit.\p_interrupts [33] is used but has no driver.
Warning: Wire peripheral_unit.\p_interrupts [32] is used but has no driver.
Warning: Wire peripheral_unit.\p_interrupts [31] is used but has no driver.
Warning: Wire peripheral_unit.\p_interrupts [30] is used but has no driver.
Warning: Wire peripheral_unit.\p_interrupts [29] is used but has no driver.
Warning: Wire peripheral_unit.\p_interrupts [28] is used but has no driver.
Warning: Wire peripheral_unit.\p_interrupts [27] is used but has no driver.
Warning: Wire peripheral_unit.\p_interrupts [26] is used but has no driver.
Warning: Wire peripheral_unit.\p_interrupts [25] is used but has no driver.
Warning: Wire peripheral_unit.\p_interrupts [24] is used but has no driver.
Warning: Wire peripheral_unit.\p_interrupts [23] is used but has no driver.
Warning: Wire peripheral_unit.\p_interrupts [22] is used but has no driver.
Warning: Wire peripheral_unit.\p_interrupts [21] is used but has no driver.
Warning: Wire peripheral_unit.\p_interrupts [20] is used but has no driver.
Warning: Wire peripheral_unit.\p_interrupts [19] is used but has no driver.
Warning: Wire peripheral_unit.\p_interrupts [18] is used but has no driver.
Warning: Wire peripheral_unit.\p_interrupts [17] is used but has no driver.
Warning: Wire peripheral_unit.\p_interrupts [16] is used but has no driver.
Warning: Wire peripheral_unit.\p_interrupts [15] is used but has no driver.
Warning: Wire peripheral_unit.\p_interrupts [14] is used but has no driver.
Warning: Wire peripheral_unit.\p_interrupts [13] is used but has no driver.
Warning: Wire peripheral_unit.\p_interrupts [12] is used but has no driver.
Warning: Wire peripheral_unit.\p_interrupts [11] is used but has no driver.
Warning: Wire peripheral_unit.\p_interrupts [10] is used but has no driver.
Warning: Wire peripheral_unit.\p_interrupts [9] is used but has no driver.
Warning: Wire peripheral_unit.\p_interrupts [8] is used but has no driver.
Warning: Wire peripheral_unit.\p_interrupts [7] is used but has no driver.
Warning: Wire peripheral_unit.\p_interrupts [6] is used but has no driver.
Warning: Wire peripheral_unit.\p_interrupts [5] is used but has no driver.
Warning: Wire peripheral_unit.\p_interrupts [4] is used but has no driver.
Warning: Wire peripheral_unit.\p_interrupts [3] is used but has no driver.
Warning: Wire peripheral_unit.\p_interrupts [2] is used but has no driver.
Warning: Wire peripheral_unit.\p_interrupts [1] is used but has no driver.
Warning: Wire peripheral_unit.\p_interrupts [0] is used but has no driver.
Warning: Wire peripheral_unit.\p_i_enable [51] is used but has no driver.
Warning: Wire peripheral_unit.\p_i_enable [50] is used but has no driver.
Warning: Wire peripheral_unit.\p_i_enable [49] is used but has no driver.
Warning: Wire peripheral_unit.\p_i_enable [48] is used but has no driver.
Warning: Wire peripheral_unit.\p_i_enable [47] is used but has no driver.
Warning: Wire peripheral_unit.\p_i_enable [46] is used but has no driver.
Warning: Wire peripheral_unit.\p_i_enable [45] is used but has no driver.
Warning: Wire peripheral_unit.\p_i_enable [44] is used but has no driver.
Warning: Wire peripheral_unit.\p_i_enable [43] is used but has no driver.
Warning: Wire peripheral_unit.\p_i_enable [42] is used but has no driver.
Warning: Wire peripheral_unit.\p_i_enable [41] is used but has no driver.
Warning: Wire peripheral_unit.\p_i_enable [40] is used but has no driver.
Warning: Wire peripheral_unit.\p_i_enable [39] is used but has no driver.
Warning: Wire peripheral_unit.\p_i_enable [38] is used but has no driver.
Warning: Wire peripheral_unit.\p_i_enable [37] is used but has no driver.
Warning: Wire peripheral_unit.\p_i_enable [36] is used but has no driver.
Warning: Wire peripheral_unit.\p_i_enable [35] is used but has no driver.
Warning: Wire peripheral_unit.\p_i_enable [34] is used but has no driver.
Warning: Wire peripheral_unit.\p_i_enable [33] is used but has no driver.
Warning: Wire peripheral_unit.\p_i_enable [32] is used but has no driver.
Warning: Wire peripheral_unit.\p_i_enable [31] is used but has no driver.
Warning: Wire peripheral_unit.\p_i_enable [30] is used but has no driver.
Warning: Wire peripheral_unit.\p_i_enable [29] is used but has no driver.
Warning: Wire peripheral_unit.\p_i_enable [28] is used but has no driver.
Warning: Wire peripheral_unit.\p_i_enable [27] is used but has no driver.
Warning: Wire peripheral_unit.\p_i_enable [26] is used but has no driver.
Warning: Wire peripheral_unit.\p_i_enable [25] is used but has no driver.
Warning: Wire peripheral_unit.\p_i_enable [24] is used but has no driver.
Warning: Wire peripheral_unit.\p_i_enable [23] is used but has no driver.
Warning: Wire peripheral_unit.\p_i_enable [22] is used but has no driver.
Warning: Wire peripheral_unit.\p_i_enable [21] is used but has no driver.
Warning: Wire peripheral_unit.\p_i_enable [20] is used but has no driver.
Warning: Wire peripheral_unit.\p_i_enable [19] is used but has no driver.
Warning: Wire peripheral_unit.\p_i_enable [18] is used but has no driver.
Warning: Wire peripheral_unit.\p_i_enable [17] is used but has no driver.
Warning: Wire peripheral_unit.\p_i_enable [16] is used but has no driver.
Warning: Wire peripheral_unit.\p_i_enable [15] is used but has no driver.
Warning: Wire peripheral_unit.\p_i_enable [14] is used but has no driver.
Warning: Wire peripheral_unit.\p_i_enable [13] is used but has no driver.
Warning: Wire peripheral_unit.\p_i_enable [12] is used but has no driver.
Warning: Wire peripheral_unit.\p_i_enable [11] is used but has no driver.
Warning: Wire peripheral_unit.\p_i_enable [10] is used but has no driver.
Warning: Wire peripheral_unit.\p_i_enable [9] is used but has no driver.
Warning: Wire peripheral_unit.\p_i_enable [8] is used but has no driver.
Warning: Wire peripheral_unit.\p_i_enable [7] is used but has no driver.
Warning: Wire peripheral_unit.\p_i_enable [6] is used but has no driver.
Warning: Wire peripheral_unit.\p_i_enable [5] is used but has no driver.
Warning: Wire peripheral_unit.\p_i_enable [4] is used but has no driver.
Warning: Wire peripheral_unit.\p_i_enable [3] is used but has no driver.
Warning: Wire peripheral_unit.\p_i_enable [2] is used but has no driver.
Warning: Wire peripheral_unit.\p_i_enable [1] is used but has no driver.
Warning: Wire peripheral_unit.\p_i_enable [0] is used but has no driver.
Warning: Wire peripheral_unit.\mem_err_int is used but has no driver.
Warning: Wire peripheral_unit.\me_i_en is used but has no driver.
Warning: Wire peripheral_unit.\io_out [23] is used but has no driver.
Warning: Wire peripheral_unit.\io_out [22] is used but has no driver.
Warning: Wire peripheral_unit.\io_out [21] is used but has no driver.
Warning: Wire peripheral_unit.\io_out [20] is used but has no driver.
Warning: Wire peripheral_unit.\io_out [19] is used but has no driver.
Warning: Wire peripheral_unit.\io_out [18] is used but has no driver.
Warning: Wire peripheral_unit.\io_out [17] is used but has no driver.
Warning: Wire peripheral_unit.\io_out [16] is used but has no driver.
Warning: Wire peripheral_unit.\io_out [15] is used but has no driver.
Warning: Wire peripheral_unit.\io_out [14] is used but has no driver.
Warning: Wire peripheral_unit.\io_out [13] is used but has no driver.
Warning: Wire peripheral_unit.\io_out [12] is used but has no driver.
Warning: Wire peripheral_unit.\io_out [11] is used but has no driver.
Warning: Wire peripheral_unit.\io_out [10] is used but has no driver.
Warning: Wire peripheral_unit.\io_out [9] is used but has no driver.
Warning: Wire peripheral_unit.\io_out [8] is used but has no driver.
Warning: Wire peripheral_unit.\io_out [7] is used but has no driver.
Warning: Wire peripheral_unit.\io_out [6] is used but has no driver.
Warning: Wire peripheral_unit.\io_out [5] is used but has no driver.
Warning: Wire peripheral_unit.\io_out [4] is used but has no driver.
Warning: Wire peripheral_unit.\io_out [3] is used but has no driver.
Warning: Wire peripheral_unit.\io_out [2] is used but has no driver.
Warning: Wire peripheral_unit.\io_out [1] is used but has no driver.
Warning: Wire peripheral_unit.\io_out [0] is used but has no driver.
Warning: Wire peripheral_unit.\io_oeb_no [23] is used but has no driver.
Warning: Wire peripheral_unit.\io_oeb_no [22] is used but has no driver.
Warning: Wire peripheral_unit.\io_oeb_no [21] is used but has no driver.
Warning: Wire peripheral_unit.\io_oeb_no [20] is used but has no driver.
Warning: Wire peripheral_unit.\io_oeb_no [19] is used but has no driver.
Warning: Wire peripheral_unit.\io_oeb_no [18] is used but has no driver.
Warning: Wire peripheral_unit.\io_oeb_no [17] is used but has no driver.
Warning: Wire peripheral_unit.\io_oeb_no [16] is used but has no driver.
Warning: Wire peripheral_unit.\io_oeb_no [15] is used but has no driver.
Warning: Wire peripheral_unit.\io_oeb_no [14] is used but has no driver.
Warning: Wire peripheral_unit.\io_oeb_no [13] is used but has no driver.
Warning: Wire peripheral_unit.\io_oeb_no [12] is used but has no driver.
Warning: Wire peripheral_unit.\io_oeb_no [11] is used but has no driver.
Warning: Wire peripheral_unit.\io_oeb_no [10] is used but has no driver.
Warning: Wire peripheral_unit.\io_oeb_no [9] is used but has no driver.
Warning: Wire peripheral_unit.\io_oeb_no [8] is used but has no driver.
Warning: Wire peripheral_unit.\io_oeb_no [7] is used but has no driver.
Warning: Wire peripheral_unit.\io_oeb_no [6] is used but has no driver.
Warning: Wire peripheral_unit.\io_oeb_no [5] is used but has no driver.
Warning: Wire peripheral_unit.\io_oeb_no [4] is used but has no driver.
Warning: Wire peripheral_unit.\io_oeb_no [3] is used but has no driver.
Warning: Wire peripheral_unit.\io_oeb_no [2] is used but has no driver.
Warning: Wire peripheral_unit.\io_oeb_no [1] is used but has no driver.
Warning: Wire peripheral_unit.\io_oeb_no [0] is used but has no driver.
Found and reported 189 problems.
