
82. Printing statistics.

=== peripheral_unit ===

   Number of wires:              33494
   Number of wire bits:          33761
   Number of public wires:        6157
   Number of public wire bits:    6424
   Number of memories:               0
   Number of memory bits:            0
   Number of processes:              0
   Number of cells:              33664
     sky130_fd_sc_hd__a2111o_2      35
     sky130_fd_sc_hd__a2111oi_2      9
     sky130_fd_sc_hd__a211o_2      423
     sky130_fd_sc_hd__a211oi_2      53
     sky130_fd_sc_hd__a21bo_2      131
     sky130_fd_sc_hd__a21boi_2      58
     sky130_fd_sc_hd__a21o_2       728
     sky130_fd_sc_hd__a21oi_2      816
     sky130_fd_sc_hd__a221o_2      422
     sky130_fd_sc_hd__a221oi_2      17
     sky130_fd_sc_hd__a22o_2       200
     sky130_fd_sc_hd__a22oi_2       17
     sky130_fd_sc_hd__a2bb2o_2     193
     sky130_fd_sc_hd__a2bb2oi_2      1
     sky130_fd_sc_hd__a311o_2       69
     sky130_fd_sc_hd__a311oi_2      10
     sky130_fd_sc_hd__a31o_2       494
     sky130_fd_sc_hd__a31oi_2       36
     sky130_fd_sc_hd__a32o_2        97
     sky130_fd_sc_hd__a41o_2        14
     sky130_fd_sc_hd__a41oi_2        1
     sky130_fd_sc_hd__and2_2       660
     sky130_fd_sc_hd__and2b_2      759
     sky130_fd_sc_hd__and3_2       661
     sky130_fd_sc_hd__and3b_2      205
     sky130_fd_sc_hd__and4_2       114
     sky130_fd_sc_hd__and4b_2       26
     sky130_fd_sc_hd__and4bb_2      14
     sky130_fd_sc_hd__buf_1       2237
     sky130_fd_sc_hd__buf_2         10
     sky130_fd_sc_hd__conb_1        13
     sky130_fd_sc_hd__dfxtp_2     6169
     sky130_fd_sc_hd__ebufn_2        4
     sky130_fd_sc_hd__inv_2       1364
     sky130_fd_sc_hd__mux2_2      1064
     sky130_fd_sc_hd__mux4_2        48
     sky130_fd_sc_hd__nand2_2     1770
     sky130_fd_sc_hd__nand2b_2      43
     sky130_fd_sc_hd__nand3_2       66
     sky130_fd_sc_hd__nand3b_2      10
     sky130_fd_sc_hd__nand4_2       11
     sky130_fd_sc_hd__nor2_2      1720
     sky130_fd_sc_hd__nor2b_2       37
     sky130_fd_sc_hd__nor3_2        98
     sky130_fd_sc_hd__nor3b_2        5
     sky130_fd_sc_hd__nor4_2        21
     sky130_fd_sc_hd__o2111a_2       6
     sky130_fd_sc_hd__o2111ai_2      5
     sky130_fd_sc_hd__o211a_2     3188
     sky130_fd_sc_hd__o211ai_2      34
     sky130_fd_sc_hd__o21a_2       673
     sky130_fd_sc_hd__o21ai_2     1001
     sky130_fd_sc_hd__o21ba_2       89
     sky130_fd_sc_hd__o21bai_2      58
     sky130_fd_sc_hd__o221a_2      513
     sky130_fd_sc_hd__o221ai_2      40
     sky130_fd_sc_hd__o22a_2       225
     sky130_fd_sc_hd__o22ai_2       48
     sky130_fd_sc_hd__o2bb2a_2     132
     sky130_fd_sc_hd__o2bb2ai_2      3
     sky130_fd_sc_hd__o311a_2       89
     sky130_fd_sc_hd__o311ai_2      11
     sky130_fd_sc_hd__o31a_2       155
     sky130_fd_sc_hd__o31ai_2       33
     sky130_fd_sc_hd__o32a_2        60
     sky130_fd_sc_hd__o32ai_2        1
     sky130_fd_sc_hd__o41a_2        23
     sky130_fd_sc_hd__o41ai_2        1
     sky130_fd_sc_hd__or2_2       3631
     sky130_fd_sc_hd__or2b_2       623
     sky130_fd_sc_hd__or3_2        325
     sky130_fd_sc_hd__or3b_2       140
     sky130_fd_sc_hd__or4_2        306
     sky130_fd_sc_hd__or4b_2        63
     sky130_fd_sc_hd__or4bb_2        8
     sky130_fd_sc_hd__xnor2_2      874
     sky130_fd_sc_hd__xor2_2       353

   Chip area for module '\peripheral_unit': 359056.864000

